<?xml version="1.0" encoding="utf-8"?>
<Root CoveredStatements="1216" TotalStatements="1819" CoveragePercent="67" ReportType="DetailedXml" DotCoverVersion="2024.1">
  <FileIndices>
    <File Index="1" Name="D:\Codes\CoffeeSpace\CoffeeSpace.ProductApi\Application\Contracts\Requests\CreateProductRequest.cs" ChecksumAlgorithm="SHA256" Checksum="065CECAE59C1CF6FF52A4734542A19324FB0CC599070A852021F9ABC1B05C86E" />
    <File Index="2" Name="D:\Codes\CoffeeSpace\CoffeeSpace.ProductApi\Application\Contracts\Requests\DeleteProductByIdRequest.cs" ChecksumAlgorithm="SHA256" Checksum="E9B2E948891540AAE97C54315CE46697357C31A04AA28EFB076BD6691284AE9E" />
    <File Index="3" Name="D:\Codes\CoffeeSpace\CoffeeSpace.ProductApi\Application\Contracts\Requests\GetPagedProductsRequest.cs" ChecksumAlgorithm="SHA256" Checksum="7D72376308BA4ED70EE74AF4D500FC97EF83038EDF53E2B1AD5D5B301E49FB29" />
    <File Index="4" Name="D:\Codes\CoffeeSpace\CoffeeSpace.ProductApi\Application\Contracts\Requests\GetProductByIdRequest.cs" ChecksumAlgorithm="SHA256" Checksum="0C5C6308C7237CC7B06C26D16454E2B073EE83227AEA155C5B3DA0A3D848A014" />
    <File Index="5" Name="D:\Codes\CoffeeSpace\CoffeeSpace.ProductApi\Application\Contracts\Requests\UpdateProductRequest.cs" ChecksumAlgorithm="SHA256" Checksum="4BF91A0E9A0B63D2D03E75A8D12238291CD142BF25DA071A8DC3B79A2D27C04C" />
    <File Index="6" Name="D:\Codes\CoffeeSpace\CoffeeSpace.ProductApi\Application\Contracts\Responses\ProductResponse.cs" ChecksumAlgorithm="SHA256" Checksum="6AE6F96AADE85631454B1640A1EBBD791ECFDE1AA4F634E5A00366E7FF6716A9" />
    <File Index="7" Name="D:\Codes\CoffeeSpace\CoffeeSpace.ProductApi\Application\Extensions\ApiVersionExtensions.cs" ChecksumAlgorithm="SHA256" Checksum="D70F53C8EF5D9614A8A3C4E671AE6B7D13AB2442D08A6FCD609F44DBF02CEB76" />
    <File Index="8" Name="D:\Codes\CoffeeSpace\CoffeeSpace.ProductApi\Application\Extensions\HealthChecksExtensions.cs" ChecksumAlgorithm="SHA256" Checksum="5AEFB4BB5FC78476479BB225CA36E8B316A75914460DE63D4A58A89A4C768622" />
    <File Index="9" Name="D:\Codes\CoffeeSpace\CoffeeSpace.ProductApi\Application\Helpers\ApiEndpoints.cs" ChecksumAlgorithm="SHA256" Checksum="6B8356D40914E47CC7A0BDDE1808A35E8DB7E18204957E9AFAE05CD004523508" />
    <File Index="10" Name="D:\Codes\CoffeeSpace\CoffeeSpace.ProductApi\Application\Helpers\CacheKeys.cs" ChecksumAlgorithm="SHA256" Checksum="CD3BD6A78861D92ADA2DA269BAE5544CEDECA77E42B8AA669D0AD8AD4D06D8FB" />
    <File Index="11" Name="D:\Codes\CoffeeSpace\CoffeeSpace.ProductApi\Application\Mapping\ProductMapper.cs" ChecksumAlgorithm="SHA256" Checksum="D87DACCACA222B11D43EAA9A72814DFC7612937FFF129A5289C19C73BA3674E0" />
    <File Index="12" Name="D:\Codes\CoffeeSpace\CoffeeSpace.ProductApi\Application\Messages\Consumers\OrderStockValidationConsumer.cs" ChecksumAlgorithm="SHA256" Checksum="39E1AF07BB771A479CC110B8CC318DA89D3563AF3ABEDA6188B6D0CCC14D1D54" />
    <File Index="13" Name="D:\Codes\CoffeeSpace\CoffeeSpace.ProductApi\Application\Repositories\Abstractions\IProductRepository.cs" ChecksumAlgorithm="SHA256" Checksum="3D4117624CD91E38B832F8B05E6D4D88D982179640B11C3B29FAF343DB05F734" />
    <File Index="14" Name="D:\Codes\CoffeeSpace\CoffeeSpace.ProductApi\Application\Repositories\CachedProductRepository.cs" ChecksumAlgorithm="SHA256" Checksum="8EEB8C6173AF8F13583C8962FFA5D37BB154F894818FD3B2B02C1ADDBB3F3B76" />
    <File Index="15" Name="D:\Codes\CoffeeSpace\CoffeeSpace.ProductApi\Application\Repositories\ProductRepository.cs" ChecksumAlgorithm="SHA256" Checksum="1CE7A5EF187F2593A7C560DBF1A1C9E2514B2791DF82367BD17768FA204B42A3" />
    <File Index="16" Name="D:\Codes\CoffeeSpace\CoffeeSpace.ProductApi\Application\Validators\CreateProductRequestValidator.cs" ChecksumAlgorithm="SHA256" Checksum="812C467BC921F661160A43DEFA5DE743110F10C38EA12C29B793B2E1CF3F4B44" />
    <File Index="17" Name="D:\Codes\CoffeeSpace\CoffeeSpace.ProductApi\Application\Validators\ProductResponseValidator.cs" ChecksumAlgorithm="SHA256" Checksum="4BA0C034FC01A51B80EA2F0EDECB3EBFA29FC622D8559DBB406D01022C4D80A0" />
    <File Index="18" Name="D:\Codes\CoffeeSpace\CoffeeSpace.ProductApi\Application\Validators\UpdateProductRequestValidator.cs" ChecksumAlgorithm="SHA256" Checksum="614BA10E054C3EF982FD985D3CEB22E65E1D2F88F046012BAE8EC640AB0FE01F" />
    <File Index="19" Name="D:\Codes\CoffeeSpace\CoffeeSpace.ProductApi\Application\Validators\ValidationErrorMessages.cs" ChecksumAlgorithm="SHA256" Checksum="696AE1940293403DB9262DE67572BA022181531E87548B0D3B341E9B97624641" />
    <File Index="20" Name="D:\Codes\CoffeeSpace\CoffeeSpace.ProductApi\Controllers\ProductsController.cs" ChecksumAlgorithm="SHA256" Checksum="8AEF4E8DDE4E57E50BB12DAD806F131C07EB388047B0A5DAB0617D9CA7670336" />
    <File Index="21" Name="D:\Codes\CoffeeSpace\CoffeeSpace.ProductApi\Persistence\Abstractions\IProductDbContext.cs" ChecksumAlgorithm="SHA256" Checksum="5EDC665E8BEB6077F0350BB4E2287985F9BEE3E9212ED0DFC0AA33620FB1287D" />
    <File Index="22" Name="D:\Codes\CoffeeSpace\CoffeeSpace.ProductApi\Persistence\Configurations\ProductConfiguration.cs" ChecksumAlgorithm="SHA256" Checksum="CC7E560EB7F17E6BF526ED9633C8742803EC301C01697D1C12400C3F9D8FB65E" />
    <File Index="23" Name="D:\Codes\CoffeeSpace\CoffeeSpace.ProductApi\Persistence\Migrations\20230617104041_Init.cs" ChecksumAlgorithm="SHA256" Checksum="DCD8B4555F4ED8621101020721988C05486A146C59A733347AAC73F6B829347F" />
    <File Index="24" Name="D:\Codes\CoffeeSpace\CoffeeSpace.ProductApi\Persistence\Migrations\20230617104041_Init.Designer.cs" ChecksumAlgorithm="SHA256" Checksum="87D9384B7E4D9680D2EC58433CCE1D7CB0BABA2AC32CE24EC270A82A1876F595" />
    <File Index="25" Name="D:\Codes\CoffeeSpace\CoffeeSpace.ProductApi\Persistence\Migrations\20230621203400_Increased_MaxSizeOf_Description.cs" ChecksumAlgorithm="SHA256" Checksum="3DB56F203350305798C2B3029B1342C77BDB08D9C0D087959DDC7E374F475AFC" />
    <File Index="26" Name="D:\Codes\CoffeeSpace\CoffeeSpace.ProductApi\Persistence\Migrations\20230621203400_Increased_MaxSizeOf_Description.Designer.cs" ChecksumAlgorithm="SHA256" Checksum="1A1DBC36484F6A48CD6DA4162DBB35D68D58F07E63D4245ADCCA186713783C6A" />
    <File Index="27" Name="D:\Codes\CoffeeSpace\CoffeeSpace.ProductApi\Persistence\Migrations\20231204212700_Add_ProductImage_Column.cs" ChecksumAlgorithm="SHA256" Checksum="97AE724620B6418D9B98FEBCAE20C08D8370574C25786A7214CD43BBCD54EED5" />
    <File Index="28" Name="D:\Codes\CoffeeSpace\CoffeeSpace.ProductApi\Persistence\Migrations\20231204212700_Add_ProductImage_Column.Designer.cs" ChecksumAlgorithm="SHA256" Checksum="D7BA0A88FD04913BDCB99AEEF4FF6B3F283FEA40161FAB78B06435C2291B2FD2" />
    <File Index="29" Name="D:\Codes\CoffeeSpace\CoffeeSpace.ProductApi\Persistence\Migrations\20240325165239_Change_Id_Type_To_UUID.cs" ChecksumAlgorithm="SHA256" Checksum="A5BAFC1242FD4BA4297F0F05FC5D44FA09F9EF4E5197893EDE605D191AAFC168" />
    <File Index="30" Name="D:\Codes\CoffeeSpace\CoffeeSpace.ProductApi\Persistence\Migrations\20240325165239_Change_Id_Type_To_UUID.Designer.cs" ChecksumAlgorithm="SHA256" Checksum="6B8CB45108CA85D2A488066DC8E124BC964354279ADDF7D90B9F2AE77152975A" />
    <File Index="31" Name="D:\Codes\CoffeeSpace\CoffeeSpace.ProductApi\Persistence\Migrations\ProductDbContextModelSnapshot.cs" ChecksumAlgorithm="SHA256" Checksum="E2E07025A02879E9574E2773197F68570247F3F9F063A498E838620DF465A735" />
    <File Index="32" Name="D:\Codes\CoffeeSpace\CoffeeSpace.ProductApi\Persistence\ProductDbContext.cs" ChecksumAlgorithm="SHA256" Checksum="30B4C046AABC8B8C2AFF5864AF67F588D3A85480F75F0B2F1F34140CA6D6A242" />
    <File Index="33" Name="D:\Codes\CoffeeSpace\CoffeeSpace.ProductApi\Program.cs" ChecksumAlgorithm="SHA256" Checksum="453E4B797884D0C5B85E79AA01B0685D2DA78D9D18CAE270FF53A36189EC8E1F" />
    <File Index="34" Name="D:\Codes\CoffeeSpace\CoffeeSpace.ProductApi\obj\Debug\net8.0\CoffeeSpace.ProductApi.GlobalUsings.g.cs" ChecksumAlgorithm="SHA256" Checksum="1BC1691037C29525F4B104FE05A77BBEF040A27CCE2AB784ED28226F8C8B5E35" />
    <File Index="35" Name="D:\Codes\CoffeeSpace\CoffeeSpace.ProductApi\obj\Debug\net8.0\.NETCoreApp,Version=v8.0.AssemblyAttributes.cs" ChecksumAlgorithm="SHA256" Checksum="F7A5D9789C863625E139FF99E1113A503830F6B85A88F6129916DF83AC76B49E" />
    <File Index="36" Name="D:\Codes\CoffeeSpace\CoffeeSpace.ProductApi\obj\Debug\net8.0\CoffeeSpace.ProductApi.AssemblyInfo.cs" ChecksumAlgorithm="SHA256" Checksum="7C1FA2D588DE12A94ACFB1DA4E82AE44173837B9DA04F1B58645AF243F3957B8" />
    <File Index="37" Name="D:\Codes\CoffeeSpace\CoffeeSpace.ProductApi\obj\Debug\net8.0\CoffeeSpace.ProductApi.MvcApplicationPartsAssemblyInfo.cs" ChecksumAlgorithm="SHA256" Checksum="0B6E1C4E084E0661F3BF479E465C541FDEE446D43CB33B832910DA0F01D77388" />
    <File Index="38" Name="D:\Codes\CoffeeSpace\CoffeeSpace.ProductApi\Riok.Mapperly\Riok.Mapperly.MapperGenerator\ProductMapper.g.cs" ChecksumAlgorithm="SHA1" Checksum="4CFB2C218A3BA2A8B6678BC1EB48ED1F1519070F" />
    <File Index="39" Name="D:\Codes\CoffeeSpace\CoffeeSpace.PaymentService\Application\Contracts\Requests\CapturePaypalPaymentRequest.cs" ChecksumAlgorithm="SHA256" Checksum="C588444252ECB73C4E406CB5FA04C0BCF0F91E314616D9E3D7D8980ECEF2EEFB" />
    <File Index="40" Name="D:\Codes\CoffeeSpace\CoffeeSpace.PaymentService\Application\Contracts\Requests\GetPaypalOrderByOrderIdRequest.cs" ChecksumAlgorithm="SHA256" Checksum="439C8BE439B97994153A6E49457F479234ADC82FC0A7387C7A2A4874EBF9B6F1" />
    <File Index="41" Name="D:\Codes\CoffeeSpace\CoffeeSpace.PaymentService\Application\Contracts\Requests\GetPaypalOrderByPaypalOrderIdRequest.cs" ChecksumAlgorithm="SHA256" Checksum="4FB0A2F66BD39873308820F23100F22EFC67983F75A0030A439331BC46157A5A" />
    <File Index="42" Name="D:\Codes\CoffeeSpace\CoffeeSpace.PaymentService\Application\Contracts\Responses\PaypalOrderInformationResponse.cs" ChecksumAlgorithm="SHA256" Checksum="3F0600F84DCAF2D3A02FF0D487305CB27D47393C8744003A889C8CBAB47DDE1A" />
    <File Index="43" Name="D:\Codes\CoffeeSpace\CoffeeSpace.PaymentService\Application\Extensions\HealthChecksExtensions.cs" ChecksumAlgorithm="SHA256" Checksum="D1EF38994CE58A845FC6EA632DE3A8F2381A2EA869B7CBB55EF31A996CA57B59" />
    <File Index="44" Name="D:\Codes\CoffeeSpace\CoffeeSpace.PaymentService\Application\Extensions\PayPalOrderRequestBuilder.cs" ChecksumAlgorithm="SHA256" Checksum="B7317C3912DB495CCE4783DC11B17FB6E3936F961B95381C083569E697BFD7D8" />
    <File Index="45" Name="D:\Codes\CoffeeSpace\CoffeeSpace.PaymentService\Application\Helpers\ApiEndpoints.cs" ChecksumAlgorithm="SHA256" Checksum="1393017C4DA29472721AEF995B9719E6434C566B4C8C62AF0E301AB92183DD56" />
    <File Index="46" Name="D:\Codes\CoffeeSpace\CoffeeSpace.PaymentService\Application\Helpers\CacheKeys.cs" ChecksumAlgorithm="SHA256" Checksum="3EA0457E32C166D97C4D06EE80A59334E6B6FE122AA747D8332548BA38ECC9B9" />
    <File Index="47" Name="D:\Codes\CoffeeSpace\CoffeeSpace.PaymentService\Application\Helpers\PaymentConstants.cs" ChecksumAlgorithm="SHA256" Checksum="3288BE0D3CFF1B6676E507E3DDAA8E760B55A61BB6FCB1E5BB5BF3CC384AB3E9" />
    <File Index="48" Name="D:\Codes\CoffeeSpace\CoffeeSpace.PaymentService\Application\Mappers\PaypalOrderInformationMapper.cs" ChecksumAlgorithm="SHA256" Checksum="FDD686E366C2EC69ACB811C595F703B143E8125AFEC26D556489C6A19FAEC19B" />
    <File Index="49" Name="D:\Codes\CoffeeSpace\CoffeeSpace.PaymentService\Application\Messages\Commands\CapturePaypalOrderCommand.cs" ChecksumAlgorithm="SHA256" Checksum="8434E5C1AD5767EEE794B2E4D642C32E46E9557F51910DD4AA1A6C8C38A176A6" />
    <File Index="50" Name="D:\Codes\CoffeeSpace\CoffeeSpace.PaymentService\Application\Messages\Commands\CreatePaypalOrderCommand.cs" ChecksumAlgorithm="SHA256" Checksum="5FF210FFFDFF556DF4BBE516F5F8C171A408CBC8BB541CFFD0F40F4AF0338423" />
    <File Index="51" Name="D:\Codes\CoffeeSpace\CoffeeSpace.PaymentService\Application\Messages\Commands\Handlers\CapturePaypalOrderCommandHandler.cs" ChecksumAlgorithm="SHA256" Checksum="295E80F57B869CC9DFF8E77A82B32864F587C449FD5ADFCB2222650AA68ADCD3" />
    <File Index="52" Name="D:\Codes\CoffeeSpace\CoffeeSpace.PaymentService\Application\Messages\Commands\Handlers\CreatePaypalOrderCommandHandler.cs" ChecksumAlgorithm="SHA256" Checksum="8F8D8BFD7CFBB8B89C9B6252C67B4CF09F25C9BF11343DB34755F12293053EB8" />
    <File Index="53" Name="D:\Codes\CoffeeSpace\CoffeeSpace.PaymentService\Application\Messages\Consumers\OrderPaymentValidationConsumer.cs" ChecksumAlgorithm="SHA256" Checksum="4785D4309853680F04609084ED3AD7CD8407A60F9AE7AEBC40E9186D4ADFA7B9" />
    <File Index="54" Name="D:\Codes\CoffeeSpace\CoffeeSpace.PaymentService\Application\Messages\Notifications\Handlers\OrderPaymentCapturedNotificationHandler.cs" ChecksumAlgorithm="SHA256" Checksum="E29991957F8288BD8D3F10B3D38993659EDAF2DF28613A082577B9AFDE336ABD" />
    <File Index="55" Name="D:\Codes\CoffeeSpace\CoffeeSpace.PaymentService\Application\Messages\Notifications\OrderPaymentCapturedNotification.cs" ChecksumAlgorithm="SHA256" Checksum="B4CBFA57ECC642C192C957BA7AE50B1AE197EA86AF19E0B1C1FE21842B7AD0D9" />
    <File Index="56" Name="D:\Codes\CoffeeSpace\CoffeeSpace.PaymentService\Application\Messages\PipelineBehaviours\CapturePaypalOrderPipelineBehaviour.cs" ChecksumAlgorithm="SHA256" Checksum="B3FFAC4FFBFBCE859F6905BAD6A7EA35CA02ED5E8647B075533C6AB185E7DA3A" />
    <File Index="57" Name="D:\Codes\CoffeeSpace\CoffeeSpace.PaymentService\Application\Messages\PipelineBehaviours\CreateOrderInformationPipelineBehaviour.cs" ChecksumAlgorithm="SHA256" Checksum="8297E85D262CD8DFEE7654565B4BBE629A1FCFD4C0A8069DCBD4BE75210BFA58" />
    <File Index="58" Name="D:\Codes\CoffeeSpace\CoffeeSpace.PaymentService\Application\Messages\PipelineBehaviours\IPipelineAssemblyMarker.cs" ChecksumAlgorithm="SHA256" Checksum="B6989049849C5029167C4CC4F5641651B94F3A07D53BA139ACB74A0EDC55D50B" />
    <File Index="59" Name="D:\Codes\CoffeeSpace\CoffeeSpace.PaymentService\Application\Messages\Queries\GetPaypalOrderInformationByOrderIdQuery.cs" ChecksumAlgorithm="SHA256" Checksum="6C95137F493845D6DF4530C746A62A46F5DB9714D40C0BC05B17AA3BBBF72BC1" />
    <File Index="60" Name="D:\Codes\CoffeeSpace\CoffeeSpace.PaymentService\Application\Messages\Queries\Handlers\GetPaypalOrderInformationByIdQueryHandler.cs" ChecksumAlgorithm="SHA256" Checksum="512B09C5312D4A909D5E3A75110D528525AA3144E321BAC3BCF9EADF4A392527" />
    <File Index="61" Name="D:\Codes\CoffeeSpace\CoffeeSpace.PaymentService\Application\Models\PaypalOrderInformation.cs" ChecksumAlgorithm="SHA256" Checksum="674A3F45916091121F6EC29C1E07F7CA12C6485F547A28A6B4A031C9C6C7294F" />
    <File Index="62" Name="D:\Codes\CoffeeSpace\CoffeeSpace.PaymentService\Application\Repositories\Abstractions\IPaymentRepository.cs" ChecksumAlgorithm="SHA256" Checksum="FF33EF6533D1160AA978C407D22C7F084748E772EAFF9D9EA3FA1BABC2599826" />
    <File Index="63" Name="D:\Codes\CoffeeSpace\CoffeeSpace.PaymentService\Application\Repositories\PaymentRepository.cs" ChecksumAlgorithm="SHA256" Checksum="918FE238259E100305099F61F745AF98B5974C6CD22D9D14C8977F94C5081E8F" />
    <File Index="64" Name="D:\Codes\CoffeeSpace\CoffeeSpace.PaymentService\Application\Services\Abstractions\IPaymentService.cs" ChecksumAlgorithm="SHA256" Checksum="8527B9CF97BE50AACB0357F20AC720D98812816C954FDD0C338A512971259171" />
    <File Index="65" Name="D:\Codes\CoffeeSpace\CoffeeSpace.PaymentService\Application\Services\PaymentService.cs" ChecksumAlgorithm="SHA256" Checksum="FFB02299801CF656F8E2FFA4B0B012ED2673EBF045D92E7BFB1026477FAC2C80" />
    <File Index="66" Name="D:\Codes\CoffeeSpace\CoffeeSpace.PaymentService\Application\Settings\PaypalAuthenticationSettings.cs" ChecksumAlgorithm="SHA256" Checksum="4AB1BAE6133C152E9B3E9F79F38B4B1FFF1B2E12379C9CEB80808D02C9F3A7CD" />
    <File Index="67" Name="D:\Codes\CoffeeSpace\CoffeeSpace.PaymentService\Endpoints\CapturePaypalPaymentEndpoint.cs" ChecksumAlgorithm="SHA256" Checksum="A33F8B8F39D8107571845E0657D770B4A050128C0B95149338B835D435D1E8B6" />
    <File Index="68" Name="D:\Codes\CoffeeSpace\CoffeeSpace.PaymentService\Endpoints\GetPaypalOrderByOrderIdEndpoint.cs" ChecksumAlgorithm="SHA256" Checksum="3681372B1A2B3AC9AA357922AA301394A82519B4E3A030DC58C342AC476F94AB" />
    <File Index="69" Name="D:\Codes\CoffeeSpace\CoffeeSpace.PaymentService\MediatorConfiguration.cs" ChecksumAlgorithm="SHA256" Checksum="C35D38E1901E19C68467B77C1390D9883E1544B4AEDA7153EBA2F5E7E51F4071" />
    <File Index="70" Name="D:\Codes\CoffeeSpace\CoffeeSpace.PaymentService\Persistence\Abstractions\IPaymentDbContext.cs" ChecksumAlgorithm="SHA256" Checksum="BFD3C02604A28E753F42B4C8EC5273CA74AF67D40C0627E0633E721767A222E0" />
    <File Index="71" Name="D:\Codes\CoffeeSpace\CoffeeSpace.PaymentService\Persistence\Configurations\OrderConfiguration.cs" ChecksumAlgorithm="SHA256" Checksum="F94F9096FD4AFC85BE9CD2BB6A7EDB504FE3043BEA8197A2609654BA9B43933F" />
    <File Index="72" Name="D:\Codes\CoffeeSpace\CoffeeSpace.PaymentService\Persistence\Configurations\PaypalOrderInformationConfiguration.cs" ChecksumAlgorithm="SHA256" Checksum="5D7376E0BC8E9DD4090A270DA8CFAE30BFD20E7288CDB3BC7D7FD667EE302115" />
    <File Index="73" Name="D:\Codes\CoffeeSpace\CoffeeSpace.PaymentService\Persistence\Configurations\PurchaseUnitConfiguration.cs" ChecksumAlgorithm="SHA256" Checksum="EA105E6DBC76CC101B8370DB28216C883CDF142BF8CC4E76D7A3141AAB1028A2" />
    <File Index="74" Name="D:\Codes\CoffeeSpace\CoffeeSpace.PaymentService\Persistence\Migrations\20231004154239_Added_PaypalOrder_Model.cs" ChecksumAlgorithm="SHA256" Checksum="E3B0C44298FC1C149AFBF4C8996FB92427AE41E4649B934CA495991B7852B855" />
    <File Index="75" Name="D:\Codes\CoffeeSpace\CoffeeSpace.PaymentService\Persistence\Migrations\20231004154239_Added_PaypalOrder_Model.Designer.cs" ChecksumAlgorithm="SHA256" Checksum="E3B0C44298FC1C149AFBF4C8996FB92427AE41E4649B934CA495991B7852B855" />
    <File Index="76" Name="D:\Codes\CoffeeSpace\CoffeeSpace.PaymentService\Persistence\Migrations\20231004161937_Updated_PaypalOrder_Model.cs" ChecksumAlgorithm="SHA256" Checksum="E3B0C44298FC1C149AFBF4C8996FB92427AE41E4649B934CA495991B7852B855" />
    <File Index="77" Name="D:\Codes\CoffeeSpace\CoffeeSpace.PaymentService\Persistence\Migrations\20231004161937_Updated_PaypalOrder_Model.Designer.cs" ChecksumAlgorithm="SHA256" Checksum="E3B0C44298FC1C149AFBF4C8996FB92427AE41E4649B934CA495991B7852B855" />
    <File Index="78" Name="D:\Codes\CoffeeSpace\CoffeeSpace.PaymentService\Persistence\Migrations\20231004201513_Removed_Required_Constraint.cs" ChecksumAlgorithm="SHA256" Checksum="E3B0C44298FC1C149AFBF4C8996FB92427AE41E4649B934CA495991B7852B855" />
    <File Index="79" Name="D:\Codes\CoffeeSpace\CoffeeSpace.PaymentService\Persistence\Migrations\20231004201513_Removed_Required_Constraint.Designer.cs" ChecksumAlgorithm="SHA256" Checksum="E3B0C44298FC1C149AFBF4C8996FB92427AE41E4649B934CA495991B7852B855" />
    <File Index="80" Name="D:\Codes\CoffeeSpace\CoffeeSpace.PaymentService\Persistence\Migrations\20240325164902_Change_Id_Type_To_UUID.cs" ChecksumAlgorithm="SHA256" Checksum="EE220C0A0CAB5245F69D019ADFE6DDE91316BF8D77E55CD3853B7D6FF6FC846D" />
    <File Index="81" Name="D:\Codes\CoffeeSpace\CoffeeSpace.PaymentService\Persistence\Migrations\20240325164902_Change_Id_Type_To_UUID.Designer.cs" ChecksumAlgorithm="SHA256" Checksum="E3B0C44298FC1C149AFBF4C8996FB92427AE41E4649B934CA495991B7852B855" />
    <File Index="82" Name="D:\Codes\CoffeeSpace\CoffeeSpace.PaymentService\Persistence\Migrations\20240325165755_Initial.cs" ChecksumAlgorithm="SHA256" Checksum="009D0014DD2782E0A206987C89760913ACF7609E48F22F3581BB019D82AC91E7" />
    <File Index="83" Name="D:\Codes\CoffeeSpace\CoffeeSpace.PaymentService\Persistence\Migrations\20240325165755_Initial.Designer.cs" ChecksumAlgorithm="SHA256" Checksum="45CAB518B4846AC1F9B259C85EB1E1FD877905B4EC60A2B545A837444D0850D6" />
    <File Index="84" Name="D:\Codes\CoffeeSpace\CoffeeSpace.PaymentService\Persistence\Migrations\PaymentDbContextModelSnapshot.cs" ChecksumAlgorithm="SHA256" Checksum="3D7877046081CDCCD5376C9AE5241D02C97C615A9592CB72BCB78E013149CFE9" />
    <File Index="85" Name="D:\Codes\CoffeeSpace\CoffeeSpace.PaymentService\Persistence\PaymentDbContext.cs" ChecksumAlgorithm="SHA256" Checksum="C6C9571324A2912C343E1C66B21F33D84C079BEA527D8950B8D50A8B30AA5D7B" />
    <File Index="86" Name="D:\Codes\CoffeeSpace\CoffeeSpace.PaymentService\Program.cs" ChecksumAlgorithm="SHA256" Checksum="8169E36D3F7538966D62951A915350209BF7C99DA85BC8523445A03350E067EE" />
    <File Index="87" Name="D:\Codes\CoffeeSpace\CoffeeSpace.PaymentService\obj\Debug\net8.0\CoffeeSpace.PaymentService.GlobalUsings.g.cs" ChecksumAlgorithm="SHA256" Checksum="1BC1691037C29525F4B104FE05A77BBEF040A27CCE2AB784ED28226F8C8B5E35" />
    <File Index="88" Name="D:\Codes\CoffeeSpace\CoffeeSpace.PaymentService\obj\Debug\net8.0\.NETCoreApp,Version=v8.0.AssemblyAttributes.cs" ChecksumAlgorithm="SHA256" Checksum="F7A5D9789C863625E139FF99E1113A503830F6B85A88F6129916DF83AC76B49E" />
    <File Index="89" Name="D:\Codes\CoffeeSpace\CoffeeSpace.PaymentService\obj\Debug\net8.0\CoffeeSpace.PaymentService.AssemblyInfo.cs" ChecksumAlgorithm="SHA256" Checksum="2D2DD25AC50A90CD045DF18A3925685F1DFEC7380A33CA87B57CFC61279FFF93" />
    <File Index="90" Name="D:\Codes\CoffeeSpace\CoffeeSpace.PaymentService\obj\Debug\net8.0\CoffeeSpace.PaymentService.MvcApplicationPartsAssemblyInfo.cs" ChecksumAlgorithm="SHA256" Checksum="237D079A36A41BB14545D1BAAA8ACD4CC8E1B52390991D753A002AF1413E4E64" />
    <File Index="91" Name="D:\Codes\CoffeeSpace\CoffeeSpace.PaymentService\Mediator.SourceGenerator.Roslyn40\Mediator.SourceGenerator.IncrementalMediatorGenerator\MediatorOptions.g.cs" ChecksumAlgorithm="SHA1" Checksum="BF4A591AC4A81F66D61D617E9717779D6CE42DA3" />
    <File Index="92" Name="D:\Codes\CoffeeSpace\CoffeeSpace.PaymentService\Mediator.SourceGenerator.Roslyn40\Mediator.SourceGenerator.IncrementalMediatorGenerator\MediatorOptionsAttribute.g.cs" ChecksumAlgorithm="SHA1" Checksum="4A401E4F4372D559DD005B1492DCBCE7B56F5736" />
    <File Index="93" Name="D:\Codes\CoffeeSpace\CoffeeSpace.PaymentService\Mediator.SourceGenerator.Roslyn40\Mediator.SourceGenerator.IncrementalMediatorGenerator\Mediator.g.cs" ChecksumAlgorithm="SHA1" Checksum="EA8FED0F5A14814FC210287072E0091D04A1370A" />
    <File Index="94" Name="D:\Codes\CoffeeSpace\CoffeeSpace.ShipmentService\Consumers\RequestOrderShipmentConsumer.cs" ChecksumAlgorithm="SHA256" Checksum="B469EDD83C36B87548AEA53B3AEFB3A7A51440FFCE2A8E9008A2A9370740DB6D" />
    <File Index="95" Name="D:\Codes\CoffeeSpace\CoffeeSpace.ShipmentService\Program.cs" ChecksumAlgorithm="SHA256" Checksum="607DE35DBB240BD6CCB7158636635012DEEAEEDA03123EBFF0AF360C250910F8" />
    <File Index="96" Name="D:\Codes\CoffeeSpace\CoffeeSpace.ShipmentService\obj\Debug\net8.0\CoffeeSpace.ShipmentService.GlobalUsings.g.cs" ChecksumAlgorithm="SHA256" Checksum="1BC1691037C29525F4B104FE05A77BBEF040A27CCE2AB784ED28226F8C8B5E35" />
    <File Index="97" Name="D:\Codes\CoffeeSpace\CoffeeSpace.ShipmentService\obj\Debug\net8.0\.NETCoreApp,Version=v8.0.AssemblyAttributes.cs" ChecksumAlgorithm="SHA256" Checksum="F7A5D9789C863625E139FF99E1113A503830F6B85A88F6129916DF83AC76B49E" />
    <File Index="98" Name="D:\Codes\CoffeeSpace\CoffeeSpace.ShipmentService\obj\Debug\net8.0\CoffeeSpace.ShipmentService.AssemblyInfo.cs" ChecksumAlgorithm="SHA256" Checksum="A911BDC74C1102E6A14B8583611CCC5EF31C1B0D8A00DBAF724C6E099A127560" />
    <File Index="99" Name="D:\Codes\CoffeeSpace\CoffeeSpace.IdentityApi\Application\Contracts\Requests\Login\LoginRequest.cs" ChecksumAlgorithm="SHA256" Checksum="4B8A678546A81D097CE5680B853767632D5CC6AF2BF8C4A4FA3D1EAA422DC0CB" />
    <File Index="100" Name="D:\Codes\CoffeeSpace\CoffeeSpace.IdentityApi\Application\Contracts\Requests\Register\RegisterRequest.cs" ChecksumAlgorithm="SHA256" Checksum="D00B4CB0406CC8E5E5D67A748368FEE06F6F68B69274190C48895461839CBE5A" />
    <File Index="101" Name="D:\Codes\CoffeeSpace\CoffeeSpace.IdentityApi\Application\Extensions\ApiVersionExtensions.cs" ChecksumAlgorithm="SHA256" Checksum="3888E2485A0C5CD2D5787F4F36E284C02C40CBCF2C993C2C0E9DEBDFF72AE2CE" />
    <File Index="102" Name="D:\Codes\CoffeeSpace\CoffeeSpace.IdentityApi\Application\Extensions\HealthChecksExtensions.cs" ChecksumAlgorithm="SHA256" Checksum="E5617F3748053E0CC17E70ABA514CDEBF3C36F6F5FADB9F13DDBF9B0A60A1512" />
    <File Index="103" Name="D:\Codes\CoffeeSpace\CoffeeSpace.IdentityApi\Application\Extensions\IdentityExtensions.cs" ChecksumAlgorithm="SHA256" Checksum="EEC1102FEF60DD93155061426077622F476AB15E6CC3D48F5C704AF5E6F80C62" />
    <File Index="104" Name="D:\Codes\CoffeeSpace\CoffeeSpace.IdentityApi\Application\Helpers\ApiEndpoints.cs" ChecksumAlgorithm="SHA256" Checksum="E32B56FC36B45E5B9E2A3128F76531A8B298E398871A0691EC93450B73ECA9A3" />
    <File Index="105" Name="D:\Codes\CoffeeSpace\CoffeeSpace.IdentityApi\Application\Mapping\ApplicationUserMappingProfile.cs" ChecksumAlgorithm="SHA256" Checksum="50D08E406F3F81413211A784F7F2A6DED3B46230C8681983E170270C8CF40673" />
    <File Index="106" Name="D:\Codes\CoffeeSpace\CoffeeSpace.IdentityApi\Application\Messages\Consumers\DeleteBuyerConsumer.cs" ChecksumAlgorithm="SHA256" Checksum="4ACE37A02B113E2757E817EE1B7562E5642DD398D59A81D8AA460A48F4E99593" />
    <File Index="107" Name="D:\Codes\CoffeeSpace\CoffeeSpace.IdentityApi\Application\Messages\Consumers\UpdateBuyerConsumer.cs" ChecksumAlgorithm="SHA256" Checksum="AACE881864F58DF84E887D58664145D495D4E53A43C4EE58267E22626618E6A2" />
    <File Index="108" Name="D:\Codes\CoffeeSpace\CoffeeSpace.IdentityApi\Application\Models\ApplicationUser.cs" ChecksumAlgorithm="SHA256" Checksum="243C2E4A0F06014151BD3C0C0B53322B30A3FEB502BD85E22D407F467B3F4A21" />
    <File Index="109" Name="D:\Codes\CoffeeSpace\CoffeeSpace.IdentityApi\Application\Services\Abstractions\IAuthService.cs" ChecksumAlgorithm="SHA256" Checksum="4C55C15680018D2AA2F107E6A604BAAE393EBDA1E4EDA6F77282221FC3F6F192" />
    <File Index="110" Name="D:\Codes\CoffeeSpace\CoffeeSpace.IdentityApi\Application\Services\Abstractions\ITokenWriter.cs" ChecksumAlgorithm="SHA256" Checksum="41252868936400711D1FC2707BCD8C6F6FCC72D32DA0C7DF170BB5A22EB059BC" />
    <File Index="111" Name="D:\Codes\CoffeeSpace\CoffeeSpace.IdentityApi\Application\Services\AuthService.cs" ChecksumAlgorithm="SHA256" Checksum="84A398600D909214778B0DFA10A9FE01E1836369E2A6682F45099EA14E39A530" />
    <File Index="112" Name="D:\Codes\CoffeeSpace\CoffeeSpace.IdentityApi\Application\Services\TokenWriter.cs" ChecksumAlgorithm="SHA256" Checksum="871E350B0A84466B02ABDBC941D8BAF18922153E0A290B08C8A6E34903C951FE" />
    <File Index="113" Name="D:\Codes\CoffeeSpace\CoffeeSpace.IdentityApi\Application\Validators\LoginRequestValidator.cs" ChecksumAlgorithm="SHA256" Checksum="3A90F177C3FA39CB37D9CBE739714BA4F5B7A854B82CD68131AD903E730F668F" />
    <File Index="114" Name="D:\Codes\CoffeeSpace\CoffeeSpace.IdentityApi\Application\Validators\RegisterRequestValidator.cs" ChecksumAlgorithm="SHA256" Checksum="02816E9E2E048C4D13E9A7319B7CFC9D9EA4D78A0C6823969202A0AA4C71DA0D" />
    <File Index="115" Name="D:\Codes\CoffeeSpace\CoffeeSpace.IdentityApi\Controllers\AuthController.cs" ChecksumAlgorithm="SHA256" Checksum="D96D6AC3930918D856E9DA73E8C03558A2C6C04016587BA1636EE13095DE51E3" />
    <File Index="116" Name="D:\Codes\CoffeeSpace\CoffeeSpace.IdentityApi\Filters\ApiKeyAuthorizationFilter.cs" ChecksumAlgorithm="SHA256" Checksum="4C011DF8ED6F5ADCB314F2C20DB20E2B1F32388F6BBC83AA51A91C6D38D906CC" />
    <File Index="117" Name="D:\Codes\CoffeeSpace\CoffeeSpace.IdentityApi\Persistence\ApplicationUsersDbContext.cs" ChecksumAlgorithm="SHA256" Checksum="1711D2FE20DA08D711110E7104C8FE4DFB25BF4DAB24656C65271036487B3CF8" />
    <File Index="118" Name="D:\Codes\CoffeeSpace\CoffeeSpace.IdentityApi\Persistence\Migrations\20240119175415_Initial.cs" ChecksumAlgorithm="SHA256" Checksum="B40F9912879A16D3714183B356BB01F026672A4CAFCB4D1F4E52580E6F46B0C7" />
    <File Index="119" Name="D:\Codes\CoffeeSpace\CoffeeSpace.IdentityApi\Persistence\Migrations\20240119175415_Initial.Designer.cs" ChecksumAlgorithm="SHA256" Checksum="537022B46D1E46F62268CA61C942A3D83847FAC39AED2D63416D4C33EE25756A" />
    <File Index="120" Name="D:\Codes\CoffeeSpace\CoffeeSpace.IdentityApi\Persistence\Migrations\ApplicationUsersDbContextModelSnapshot.cs" ChecksumAlgorithm="SHA256" Checksum="9983686A0BAB330CF97E0E982A0C49FA3744092EC3020761FEB69991F859062C" />
    <File Index="121" Name="D:\Codes\CoffeeSpace\CoffeeSpace.IdentityApi\Program.cs" ChecksumAlgorithm="SHA256" Checksum="B15DFDACB7D043063FD3EB69692F29119E31E5CE9EFE20A05EAB93DBFF713BFD" />
    <File Index="122" Name="D:\Codes\CoffeeSpace\CoffeeSpace.IdentityApi\Settings\ApiKeySettings.cs" ChecksumAlgorithm="SHA256" Checksum="C5F485C8500C8C1AD9A679B7BA222A640A2172374909CADAEDCBE5677738DD9D" />
    <File Index="123" Name="D:\Codes\CoffeeSpace\CoffeeSpace.IdentityApi\obj\Debug\net8.0\CoffeeSpace.IdentityApi.GlobalUsings.g.cs" ChecksumAlgorithm="SHA256" Checksum="1BC1691037C29525F4B104FE05A77BBEF040A27CCE2AB784ED28226F8C8B5E35" />
    <File Index="124" Name="D:\Codes\CoffeeSpace\CoffeeSpace.IdentityApi\obj\Debug\net8.0\.NETCoreApp,Version=v8.0.AssemblyAttributes.cs" ChecksumAlgorithm="SHA256" Checksum="F7A5D9789C863625E139FF99E1113A503830F6B85A88F6129916DF83AC76B49E" />
    <File Index="125" Name="D:\Codes\CoffeeSpace\CoffeeSpace.IdentityApi\obj\Debug\net8.0\CoffeeSpace.IdentityApi.AssemblyInfo.cs" ChecksumAlgorithm="SHA256" Checksum="2D784241ED91817C7A50F2ACBED2C90FC5771E9E957B646DC1FF1D29547A8228" />
    <File Index="126" Name="D:\Codes\CoffeeSpace\CoffeeSpace.IdentityApi\obj\Debug\net8.0\CoffeeSpace.IdentityApi.MvcApplicationPartsAssemblyInfo.cs" ChecksumAlgorithm="SHA256" Checksum="0B6E1C4E084E0661F3BF479E465C541FDEE446D43CB33B832910DA0F01D77388" />
    <File Index="127" Name="D:\Codes\CoffeeSpace\CoffeeSpace.IdentityApi\Riok.Mapperly\Riok.Mapperly.MapperGenerator\ApplicationUserMappingProfile.g.cs" ChecksumAlgorithm="SHA1" Checksum="D9A90791CC1F4CB7E839279724C4ACC1F8DB5ED9" />
    <File Index="128" Name="D:\Codes\CoffeeSpace\CoffeeSpace.Shared\Attributes\Decorator.cs" ChecksumAlgorithm="SHA256" Checksum="471B9C592C42AB8624CCF1D47FB64E0671BE8FCF94127B6327B8B3767FEADD14" />
    <File Index="129" Name="D:\Codes\CoffeeSpace\CoffeeSpace.Shared\Extensions\ApplicationDbExtensions.cs" ChecksumAlgorithm="SHA256" Checksum="D5B40F935A757BBD769355C3A5EE0E25F1BABD1EC6D9A8E364678977EEB6C3D6" />
    <File Index="130" Name="D:\Codes\CoffeeSpace\CoffeeSpace.Shared\Extensions\ApplicationServiceExtensions.cs" ChecksumAlgorithm="SHA256" Checksum="D3D011ACCF10E76C95D0B2C5294ECA3748934E2C68E2FDCF428B0348F93FA6A3" />
    <File Index="131" Name="D:\Codes\CoffeeSpace\CoffeeSpace.Shared\Extensions\AzureKeyVaultExtensions.cs" ChecksumAlgorithm="SHA256" Checksum="2662C33D5B73550F9666DCFEC3A3FE3EB8EA9508B768A68065728515D5F33195" />
    <File Index="132" Name="D:\Codes\CoffeeSpace\CoffeeSpace.Shared\Extensions\DbContextSettingsExtensions.cs" ChecksumAlgorithm="SHA256" Checksum="520C5BBA6C13207C762DF9206C5140F71D92F2FEE96E788D9362C8AA96BD550B" />
    <File Index="133" Name="D:\Codes\CoffeeSpace\CoffeeSpace.Shared\Extensions\JwtBearerExtensions.cs" ChecksumAlgorithm="SHA256" Checksum="F7FAA1D4D0E11658F603C33C0F00B9DA4E3A8379D1A3BD2DEB661EAA9738FCBF" />
    <File Index="134" Name="D:\Codes\CoffeeSpace\CoffeeSpace.Shared\Extensions\MasstransitKafkaConfiguratorExtensions.cs" ChecksumAlgorithm="SHA256" Checksum="A32C209E53D338A6CEB32AB4D41C04C188CD5D52732204DC6F8D33B232D6695C" />
    <File Index="135" Name="D:\Codes\CoffeeSpace\CoffeeSpace.Shared\Extensions\OpenTelemetryExtensions.cs" ChecksumAlgorithm="SHA256" Checksum="6B518DC0B242A24FAC60974A96C20500B51B4E1FB3F0AB3247E3731E266E7652" />
    <File Index="136" Name="D:\Codes\CoffeeSpace\CoffeeSpace.Shared\Extensions\SerilogExtensions.cs" ChecksumAlgorithm="SHA256" Checksum="BE24131FB5881E42C41372917C0A82BF9D9667B913AA93BF8BF806F8CA9E32BE" />
    <File Index="137" Name="D:\Codes\CoffeeSpace\CoffeeSpace.Shared\Managers\PrefixKeyVaultSecretManager.cs" ChecksumAlgorithm="SHA256" Checksum="86DFDDF889DE5770E2AEB7DD609EDD39FD227B599572B84AB1AC012B526D7EC6" />
    <File Index="138" Name="D:\Codes\CoffeeSpace\CoffeeSpace.Shared\Services\Abstractions\ICacheService.cs" ChecksumAlgorithm="SHA256" Checksum="A4C8493BB63417963DA4B38AFFDFA916B931F7B17E0161E0CC01E04FFEBF7CF1" />
    <File Index="139" Name="D:\Codes\CoffeeSpace\CoffeeSpace.Shared\Services\CacheService.cs" ChecksumAlgorithm="SHA256" Checksum="5825EB0A8A98E34DE2CD7FDC9135459BE7A28508A3620F47D5964304DD43D7DA" />
    <File Index="140" Name="D:\Codes\CoffeeSpace\CoffeeSpace.Shared\Settings\AwsMessagingSettings.cs" ChecksumAlgorithm="SHA256" Checksum="3ECEC99B191C23C9711708C929649DD1DC15A20609130FA4208FEB43CFF82E3C" />
    <File Index="141" Name="D:\Codes\CoffeeSpace\CoffeeSpace.Shared\Settings\CacheSettings.cs" ChecksumAlgorithm="SHA256" Checksum="19B2F2B2D2E246A964DD104A988C7B2F583F88186F6F4688916730528DC66829" />
    <File Index="142" Name="D:\Codes\CoffeeSpace\CoffeeSpace.Shared\Settings\JwtSettings.cs" ChecksumAlgorithm="SHA256" Checksum="CE56A7A8244ACD088991CFF7CE9111E4D09A1B901F66CB1ACB039702CA63E565" />
    <File Index="143" Name="D:\Codes\CoffeeSpace\CoffeeSpace.Shared\Settings\PostgresDbContextSettings.cs" ChecksumAlgorithm="SHA256" Checksum="03F54FA2A5819093D0013D4D9A94E117CDA1473B15FF2994A575BE730AD8B747" />
    <File Index="144" Name="D:\Codes\CoffeeSpace\CoffeeSpace.Shared\obj\Debug\net8.0\CoffeeSpace.Shared.GlobalUsings.g.cs" ChecksumAlgorithm="SHA256" Checksum="F3F134E9E825E3E7268090F58B1AF2BDA2DE513F61A09C56F48B9B8D08612ABC" />
    <File Index="145" Name="D:\Codes\CoffeeSpace\CoffeeSpace.Shared\obj\Debug\net8.0\.NETCoreApp,Version=v8.0.AssemblyAttributes.cs" ChecksumAlgorithm="SHA256" Checksum="F7A5D9789C863625E139FF99E1113A503830F6B85A88F6129916DF83AC76B49E" />
    <File Index="146" Name="D:\Codes\CoffeeSpace\CoffeeSpace.Shared\obj\Debug\net8.0\CoffeeSpace.Shared.AssemblyInfo.cs" ChecksumAlgorithm="SHA256" Checksum="0396BEABE3AB0523AF23F992ACD9EF7E608769ABD3F690F523BCFEC81964C1FC" />
    <File Index="147" Name="D:\Codes\CoffeeSpace\tests\Unit Tests\CoffeeSpace.IdentityApi.Tests\Consumers\DeleteBuyerConsumerTests.cs" ChecksumAlgorithm="SHA256" Checksum="C3C26A863AB5373B6A5CA4DEDA18D0C80DE424B040ED27241BC496BBE023A4C4" />
    <File Index="148" Name="D:\Codes\CoffeeSpace\tests\Unit Tests\CoffeeSpace.IdentityApi.Tests\Consumers\UpdateBuyerConsumerTests.cs" ChecksumAlgorithm="SHA256" Checksum="540854AFCE9026C82583DB8A6805E487B98B2CCEA9112ED1741F51097E5F8F98" />
    <File Index="149" Name="D:\Codes\CoffeeSpace\tests\Unit Tests\CoffeeSpace.IdentityApi.Tests\Services\AuthServiceTests.cs" ChecksumAlgorithm="SHA256" Checksum="33EFACB340051932B650C8F2A2CD477B6D32F32F073DE9085BF5C9574BB49D7C" />
    <File Index="150" Name="D:\Codes\CoffeeSpace\tests\Unit Tests\CoffeeSpace.IdentityApi.Tests\Services\TokenWriterTests.cs" ChecksumAlgorithm="SHA256" Checksum="8D5CECD67A7FA063121A4FF36BB0A43E1CA6F3AEA685DA8CBD1522457EE77944" />
    <File Index="151" Name="D:\Codes\CoffeeSpace\tests\Unit Tests\CoffeeSpace.IdentityApi.Tests\Validators\LoginRequestValidatorTests.cs" ChecksumAlgorithm="SHA256" Checksum="6F43F3A6935479BA9DC32FC2D2F3F7E634FE01F19DB500D1469C4A944D6DFF19" />
    <File Index="152" Name="D:\Codes\CoffeeSpace\tests\Unit Tests\CoffeeSpace.IdentityApi.Tests\Validators\RegisterRequestValidatorTests.cs" ChecksumAlgorithm="SHA256" Checksum="6D88214712DAF61A630E72559D772362938C60626E9F0E3A2971230C229070D8" />
    <File Index="153" Name="C:\Users\nikit\.nuget\packages\microsoft.net.test.sdk\17.9.0\build\netcoreapp3.1\Microsoft.NET.Test.Sdk.Program.cs" ChecksumAlgorithm="SHA256" Checksum="D66F12F9433816A8C7DC1B2ACB9E1010F5418F5EEB51E80F1DF57AA1DCAB8D8A" />
    <File Index="154" Name="D:\Codes\CoffeeSpace\tests\Unit Tests\CoffeeSpace.IdentityApi.Tests\obj\Debug\net8.0\CoffeeSpace.IdentityApi.Tests.GlobalUsings.g.cs" ChecksumAlgorithm="SHA256" Checksum="F3F134E9E825E3E7268090F58B1AF2BDA2DE513F61A09C56F48B9B8D08612ABC" />
    <File Index="155" Name="D:\Codes\CoffeeSpace\tests\Unit Tests\CoffeeSpace.IdentityApi.Tests\obj\Debug\net8.0\.NETCoreApp,Version=v8.0.AssemblyAttributes.cs" ChecksumAlgorithm="SHA256" Checksum="F7A5D9789C863625E139FF99E1113A503830F6B85A88F6129916DF83AC76B49E" />
    <File Index="156" Name="D:\Codes\CoffeeSpace\tests\Unit Tests\CoffeeSpace.IdentityApi.Tests\obj\Debug\net8.0\CoffeeSpace.IdentityApi.Tests.AssemblyInfo.cs" ChecksumAlgorithm="SHA256" Checksum="29609C5147CF2DBD4643E8764E435B0294AC3A086F16AA5701865CE4D5759C1E" />
    <File Index="157" Name="D:\Codes\CoffeeSpace\tests\Unit Tests\CoffeeSpace.OrderingApi.Tests\Consumers\RegisterNewBuyerConsumerTests.cs" ChecksumAlgorithm="SHA256" Checksum="DF52CFF92766E37DC023D20AFD295A1DC8C38785481AACFE6F20530D5FBCBA44" />
    <File Index="158" Name="D:\Codes\CoffeeSpace\tests\Unit Tests\CoffeeSpace.OrderingApi.Tests\Repositories\BuyerRepositoryTests.cs" ChecksumAlgorithm="SHA256" Checksum="18AC9093FC5967727AF5B85CD310972DAD54CD4C0664264DC200CB2B688795CC" />
    <File Index="159" Name="D:\Codes\CoffeeSpace\tests\Unit Tests\CoffeeSpace.OrderingApi.Tests\Repositories\OrderRepositoryTests.cs" ChecksumAlgorithm="SHA256" Checksum="104589BE6D642F2EC4D73335E8A60804E0EBC78883BFBFFDCA7934C6BAFA24C6" />
    <File Index="160" Name="D:\Codes\CoffeeSpace\tests\Unit Tests\CoffeeSpace.OrderingApi.Tests\Sagas\OrderStateMachineTests.cs" ChecksumAlgorithm="SHA256" Checksum="9F0F67FECE30EC6DC80690827EF123AACFEEFB227ADCFA15570FA0846C19B0F0" />
    <File Index="161" Name="D:\Codes\CoffeeSpace\tests\Unit Tests\CoffeeSpace.OrderingApi.Tests\Services\BuyerServiceTests.cs" ChecksumAlgorithm="SHA256" Checksum="0BE3F3AC1F1A36D29C56F5497C808B8C5C7EF53098CBDE433FA114BB11D7600F" />
    <File Index="162" Name="D:\Codes\CoffeeSpace\tests\Unit Tests\CoffeeSpace.OrderingApi.Tests\Services\OrderServiceTests.cs" ChecksumAlgorithm="SHA256" Checksum="EC493C2B48DC2F9E44177441B18AD5107DB3C1F4E5AD5ECBA3882CC9EAB125C4" />
    <File Index="163" Name="D:\Codes\CoffeeSpace\tests\Unit Tests\CoffeeSpace.OrderingApi.Tests\Validators\Buyers\BuyerResponseValidatorTests.cs" ChecksumAlgorithm="SHA256" Checksum="A1272DBFE3E9B3AC4DA79641CB9A1858656DA89561A4A88CD695D1FED4F26158" />
    <File Index="164" Name="D:\Codes\CoffeeSpace\tests\Unit Tests\CoffeeSpace.OrderingApi.Tests\Validators\Buyers\CreateBuyerRequestValidatorTests.cs" ChecksumAlgorithm="SHA256" Checksum="711AF36E7FA4DF89DF4342AB9982B6A4DCCD93D0BEC12D79BD231EBB97F970D6" />
    <File Index="165" Name="D:\Codes\CoffeeSpace\tests\Unit Tests\CoffeeSpace.OrderingApi.Tests\Validators\Buyers\UpdateBuyerRequestValidatorTests.cs" ChecksumAlgorithm="SHA256" Checksum="8654BCC11F1D68B9B74C475E3913199E2830765A97BDFCD69AEE39F4E85E9683" />
    <File Index="166" Name="D:\Codes\CoffeeSpace\tests\Unit Tests\CoffeeSpace.OrderingApi.Tests\Validators\Orders\CreateOrderRequestValidatorTests.cs" ChecksumAlgorithm="SHA256" Checksum="F96C6052FC9567098A8382BBDACE2FB6A20DD214A652A03D67085EC2251CB9D8" />
    <File Index="167" Name="D:\Codes\CoffeeSpace\tests\Unit Tests\CoffeeSpace.OrderingApi.Tests\Validators\Orders\OrderResponseValidatorTests.cs" ChecksumAlgorithm="SHA256" Checksum="306BC9B26CA4E5DAF1CC0FA36C5D539F238240148B38FA8B580D5A14664493FF" />
    <File Index="168" Name="D:\Codes\CoffeeSpace\tests\Unit Tests\CoffeeSpace.OrderingApi.Tests\obj\Debug\net8.0\CoffeeSpace.OrderingApi.Tests.GlobalUsings.g.cs" ChecksumAlgorithm="SHA256" Checksum="F3F134E9E825E3E7268090F58B1AF2BDA2DE513F61A09C56F48B9B8D08612ABC" />
    <File Index="169" Name="D:\Codes\CoffeeSpace\tests\Unit Tests\CoffeeSpace.OrderingApi.Tests\obj\Debug\net8.0\.NETCoreApp,Version=v8.0.AssemblyAttributes.cs" ChecksumAlgorithm="SHA256" Checksum="F7A5D9789C863625E139FF99E1113A503830F6B85A88F6129916DF83AC76B49E" />
    <File Index="170" Name="D:\Codes\CoffeeSpace\tests\Unit Tests\CoffeeSpace.OrderingApi.Tests\obj\Debug\net8.0\CoffeeSpace.OrderingApi.Tests.AssemblyInfo.cs" ChecksumAlgorithm="SHA256" Checksum="19C4282423C4293E7C8D20C63ACCF841F02152F512A63FCAB3D6532DBB22A274" />
    <File Index="171" Name="D:\Codes\CoffeeSpace\CoffeeSpace.OrderingApi\Application\Contracts\Requests\Addresses\CreateAddressRequest.cs" ChecksumAlgorithm="SHA256" Checksum="44D1D3EA997D3B3031CF4BD1251F9B90CFC21039A304C0C84244F175392EC838" />
    <File Index="172" Name="D:\Codes\CoffeeSpace\CoffeeSpace.OrderingApi\Application\Contracts\Requests\Addresses\UpdateAddressRequest.cs" ChecksumAlgorithm="SHA256" Checksum="CE64A2EF957B42052352ED1664D63D09C7CB998823BBAFD264440095AC28A9CA" />
    <File Index="173" Name="D:\Codes\CoffeeSpace\CoffeeSpace.OrderingApi\Application\Contracts\Requests\Buyers\CreateBuyerRequest.cs" ChecksumAlgorithm="SHA256" Checksum="C5D6C8B3489772F71F17D771397B7AAA5FC9D74853473ADF77C8D4DF6FEA97E4" />
    <File Index="174" Name="D:\Codes\CoffeeSpace\CoffeeSpace.OrderingApi\Application\Contracts\Requests\Buyers\DeleteBuyerByIdRequest.cs" ChecksumAlgorithm="SHA256" Checksum="AB4C3725BDEF97A6C6E694F26C56C55AB7F4F78B16427DC667BB2788CC11A706" />
    <File Index="175" Name="D:\Codes\CoffeeSpace\CoffeeSpace.OrderingApi\Application\Contracts\Requests\Buyers\GetBuyerByEmailRequest.cs" ChecksumAlgorithm="SHA256" Checksum="86BC59203BFF46D308F4B9CBD861946B5BEFBFBA713403AAD60DB9A84921E86A" />
    <File Index="176" Name="D:\Codes\CoffeeSpace\CoffeeSpace.OrderingApi\Application\Contracts\Requests\Buyers\GetBuyerByIdRequest.cs" ChecksumAlgorithm="SHA256" Checksum="D17526A1D0BC5BB53E0E264F8AF1879AB89247ED034B860F00BD97A2C387E308" />
    <File Index="177" Name="D:\Codes\CoffeeSpace\CoffeeSpace.OrderingApi\Application\Contracts\Requests\Buyers\UpdateBuyerRequest.cs" ChecksumAlgorithm="SHA256" Checksum="68B254A270B67B34023D31DA3B2355164B54CC5CE63553D63BFA0FE7EAFA37E8" />
    <File Index="178" Name="D:\Codes\CoffeeSpace\CoffeeSpace.OrderingApi\Application\Contracts\Requests\Orders\CreateOrderRequest.cs" ChecksumAlgorithm="SHA256" Checksum="1283C751FD23109AA9EAFE8DE9071DCC83E741CAC994B27E9723A59D8BA288DC" />
    <File Index="179" Name="D:\Codes\CoffeeSpace\CoffeeSpace.OrderingApi\Application\Contracts\Requests\Orders\DeleteOrderRequest.cs" ChecksumAlgorithm="SHA256" Checksum="CD81C52441469ED2F6BF896B9B0F63122ED294568F67FAD742408DFA87E65000" />
    <File Index="180" Name="D:\Codes\CoffeeSpace\CoffeeSpace.OrderingApi\Application\Contracts\Requests\Orders\GetAllOrdersByBuyerIdRequest.cs" ChecksumAlgorithm="SHA256" Checksum="E6A04BB1A482083989D0793FD95BAA23573CD0766D3106671C9A2233B0879C5C" />
    <File Index="181" Name="D:\Codes\CoffeeSpace\CoffeeSpace.OrderingApi\Application\Contracts\Requests\Orders\GetOrderByIdRequest.cs" ChecksumAlgorithm="SHA256" Checksum="B7E8253D848D2D822C99DD4E19376AD2C2946FD0F5E2AFB6548A73DB195664B8" />
    <File Index="182" Name="D:\Codes\CoffeeSpace\CoffeeSpace.OrderingApi\Application\Contracts\Responses\Addressses\AddressResponse.cs" ChecksumAlgorithm="SHA256" Checksum="436A8D36A0C377CEA4DE73E66FBF5C32B39AE4163FAFCAAFFDACF70CEF694089" />
    <File Index="183" Name="D:\Codes\CoffeeSpace\CoffeeSpace.OrderingApi\Application\Contracts\Responses\Buyers\BuyerResponse.cs" ChecksumAlgorithm="SHA256" Checksum="E17666274586955FE63A8FFF86197095A673F7C14F7E07358CA7DB95602CE734" />
    <File Index="184" Name="D:\Codes\CoffeeSpace\CoffeeSpace.OrderingApi\Application\Contracts\Responses\Orders\OrderResponse.cs" ChecksumAlgorithm="SHA256" Checksum="1729D1B11EE6E26C140FB74757A491D6B4CC8C600CBF7CAAF6721BDAB4C729BC" />
    <File Index="185" Name="D:\Codes\CoffeeSpace\CoffeeSpace.OrderingApi\Application\Extensions\ApiVersionExtensions.cs" ChecksumAlgorithm="SHA256" Checksum="62E1D79AFE8E309C17967DF07C99CC309843AE8F18F84BC3BC5FFBC3CE8BBE41" />
    <File Index="186" Name="D:\Codes\CoffeeSpace\CoffeeSpace.OrderingApi\Application\Extensions\HealthChecksExtensions.cs" ChecksumAlgorithm="SHA256" Checksum="259C623004C621DE0A60212D7D4690A4C57E3AB26E961EB90608AC1AFC22E8C6" />
    <File Index="187" Name="D:\Codes\CoffeeSpace\CoffeeSpace.OrderingApi\Application\Helpers\ApiEndpoints.cs" ChecksumAlgorithm="SHA256" Checksum="06A62D807AD1C08820BB21BE232CA2F5C04198BE6A3A4A6742DFD269C4852458" />
    <File Index="188" Name="D:\Codes\CoffeeSpace\CoffeeSpace.OrderingApi\Application\Helpers\CacheKeys.cs" ChecksumAlgorithm="SHA256" Checksum="2B45DD69C02D09DD9D20334552E7F36D2AE53B07599A5CDF85A4F3050473DEFD" />
    <File Index="189" Name="D:\Codes\CoffeeSpace\CoffeeSpace.OrderingApi\Application\Mapping\BuyerMappingProfile.cs" ChecksumAlgorithm="SHA256" Checksum="C0DB1DD45FD0779F4289F0335ADC0F7B57BE0C63CC6EAD99141A629C25288352" />
    <File Index="190" Name="D:\Codes\CoffeeSpace\CoffeeSpace.OrderingApi\Application\Mapping\OrderMappingProfile.cs" ChecksumAlgorithm="SHA256" Checksum="7BAD86DE1DB80922E28C8389D2DE5DE7C4692BE15028A5D1EE34F5F298FEF093" />
    <File Index="191" Name="D:\Codes\CoffeeSpace\CoffeeSpace.OrderingApi\Application\Messaging\Masstransit\Activities\UpdateOrderStatusActivity.cs" ChecksumAlgorithm="SHA256" Checksum="C9AC66BA92AAED91D8CDAE6178BDCD8148650A30EE5BB0FB3B04F8299C470634" />
    <File Index="192" Name="D:\Codes\CoffeeSpace\CoffeeSpace.OrderingApi\Application\Messaging\Masstransit\Configurations\MessageCorrelationConfiguration.cs" ChecksumAlgorithm="SHA256" Checksum="A460E9523F7897D4DDEDFFAADAF055B4E0A15A13CB98D66E1B2D2CD3FD671101" />
    <File Index="193" Name="D:\Codes\CoffeeSpace\CoffeeSpace.OrderingApi\Application\Messaging\Masstransit\Consumers\PaymentPageInitializedConsumer.cs" ChecksumAlgorithm="SHA256" Checksum="553133454A3B2BCB4B450200AB296E8E8A19FCB7D5DEAB40590790E9BA1E2298" />
    <File Index="194" Name="D:\Codes\CoffeeSpace\CoffeeSpace.OrderingApi\Application\Messaging\Masstransit\Consumers\RegisterNewBuyerConsumer.cs" ChecksumAlgorithm="SHA256" Checksum="3B9E3125D6D918AE43E508730647AAC5ED364905470A76EBC02E9971012691AD" />
    <File Index="195" Name="D:\Codes\CoffeeSpace\CoffeeSpace.OrderingApi\Application\Messaging\Masstransit\Sagas\OrderStateInstance.cs" ChecksumAlgorithm="SHA256" Checksum="6886E4F55DBC1E315163762A19D4C226112846F119327B4BED27BE8659812D56" />
    <File Index="196" Name="D:\Codes\CoffeeSpace\CoffeeSpace.OrderingApi\Application\Messaging\Masstransit\Sagas\OrderStateMachine.cs" ChecksumAlgorithm="SHA256" Checksum="0D453B3E520F929CBA2B3DAFAAFD72F19EF069666E67926E81B4879E5D70A30B" />
    <File Index="197" Name="D:\Codes\CoffeeSpace\CoffeeSpace.OrderingApi\Application\Messaging\Mediator\Commands\Handlers\UpdateOrderStatusCommandHandler.cs" ChecksumAlgorithm="SHA256" Checksum="D5587A0C30BA56DA2DC2C93318D0E43953C9578789B59F8434375A7FB1AF02FB" />
    <File Index="198" Name="D:\Codes\CoffeeSpace\CoffeeSpace.OrderingApi\Application\Messaging\Mediator\Commands\UpdateOrderStatusCommand.cs" ChecksumAlgorithm="SHA256" Checksum="BCED6A5D51CE4B60326F9FB1A95DF8464AC32945BDCC6BA3939CE921296C0CEC" />
    <File Index="199" Name="D:\Codes\CoffeeSpace\CoffeeSpace.OrderingApi\Application\Messaging\Mediator\Notifications\Buyers\CreateBuyerNotification.cs" ChecksumAlgorithm="SHA256" Checksum="8A66779488593353C9449617EAB5BB4D2FDD2C32F7E6B6D19359B24844B9337B" />
    <File Index="200" Name="D:\Codes\CoffeeSpace\CoffeeSpace.OrderingApi\Application\Messaging\Mediator\Notifications\Buyers\DeleteBuyerNotification.cs" ChecksumAlgorithm="SHA256" Checksum="E6B83306F42C5F9CFDEEC896DCD503641735F1D941523E9F5F0CDA2D8845109B" />
    <File Index="201" Name="D:\Codes\CoffeeSpace\CoffeeSpace.OrderingApi\Application\Messaging\Mediator\Notifications\Buyers\Handlers\BuyerCacheNotificationHandlers.cs" ChecksumAlgorithm="SHA256" Checksum="68C5405524D752A036113664C8426E121714FBADFFAFBB65D47D465B8644BF87" />
    <File Index="202" Name="D:\Codes\CoffeeSpace\CoffeeSpace.OrderingApi\Application\Messaging\Mediator\Notifications\Buyers\UpdateBuyerNotification.cs" ChecksumAlgorithm="SHA256" Checksum="98C9B8BD38CA586F506BA95959648E0CD73531943137D43DCF4952717BBE8A9E" />
    <File Index="203" Name="D:\Codes\CoffeeSpace\CoffeeSpace.OrderingApi\Application\Messaging\Mediator\Notifications\Orders\CreateOrderNotification.cs" ChecksumAlgorithm="SHA256" Checksum="2CE1AC9D923C9EC0D8DEA008C1F15F4933174D8DD083749CF6BE421C8D997087" />
    <File Index="204" Name="D:\Codes\CoffeeSpace\CoffeeSpace.OrderingApi\Application\Messaging\Mediator\Notifications\Orders\DeleteOrderNotification.cs" ChecksumAlgorithm="SHA256" Checksum="A2E095B369749D4E00A5892712F9A44F8E0064D2C5EB87E98FEDD6E844DE4C9C" />
    <File Index="205" Name="D:\Codes\CoffeeSpace\CoffeeSpace.OrderingApi\Application\Messaging\Mediator\Notifications\Orders\Handlers\OrderCacheNotificationHandler.cs" ChecksumAlgorithm="SHA256" Checksum="7DE5EE4C27779336D405C826B06C6F0869F6A7D092F56C697FAC041DBE24EACB" />
    <File Index="206" Name="D:\Codes\CoffeeSpace\CoffeeSpace.OrderingApi\Application\Messaging\Mediator\Notifications\Orders\UpdateOrderNotification.cs" ChecksumAlgorithm="SHA256" Checksum="7007D2AF304836E28F8A50A740BF5000F6A246E4E476BC1847A39E5B176D12AE" />
    <File Index="207" Name="D:\Codes\CoffeeSpace\CoffeeSpace.OrderingApi\Application\Repositories\Abstractions\IBuyerRepository.cs" ChecksumAlgorithm="SHA256" Checksum="C1A9EF6B0E4FE2756E1A94830DA6D27BCE97E51CB621D6AF2FA6B19597F145C2" />
    <File Index="208" Name="D:\Codes\CoffeeSpace\CoffeeSpace.OrderingApi\Application\Repositories\Abstractions\IOrderRepository.cs" ChecksumAlgorithm="SHA256" Checksum="C873A7E364980559370CD8234D668504D35F3571F4F05459D31EE7E0C74F5BFB" />
    <File Index="209" Name="D:\Codes\CoffeeSpace\CoffeeSpace.OrderingApi\Application\Repositories\Abstractions\IRepository.cs" ChecksumAlgorithm="SHA256" Checksum="0ECE8EAB117C91B105A7B00DADE8BEAB09E3CD9BFFF239EB756CEE37540A1CB9" />
    <File Index="210" Name="D:\Codes\CoffeeSpace\CoffeeSpace.OrderingApi\Application\Repositories\BuyerRepository.cs" ChecksumAlgorithm="SHA256" Checksum="A52EAF47E459F45E5560E0543CC70BFD2BF538820D1A5875AD6DD88C602EABD8" />
    <File Index="211" Name="D:\Codes\CoffeeSpace\CoffeeSpace.OrderingApi\Application\Repositories\OrderRepository.cs" ChecksumAlgorithm="SHA256" Checksum="222B24A8F521AD898E2471BB3FBD52716AD71EEFFC735D5357FC713F54ACBACA" />
    <File Index="212" Name="D:\Codes\CoffeeSpace\CoffeeSpace.OrderingApi\Application\Services\Abstractions\IBuyerService.cs" ChecksumAlgorithm="SHA256" Checksum="BEF9AD1E1B76566D62D78915B83806F072845F46752B42AD6D4F401660485A15" />
    <File Index="213" Name="D:\Codes\CoffeeSpace\CoffeeSpace.OrderingApi\Application\Services\Abstractions\IOrderService.cs" ChecksumAlgorithm="SHA256" Checksum="64F5E331F67BBAC1F40E38831382B27D46CD6232EC11401518E770BF304AD324" />
    <File Index="214" Name="D:\Codes\CoffeeSpace\CoffeeSpace.OrderingApi\Application\Services\BuyerService.cs" ChecksumAlgorithm="SHA256" Checksum="95C657B37EC0AB0C04F08A13DE63A8AA74C9B8CB6467737B6701465B3BEBC1FA" />
    <File Index="215" Name="D:\Codes\CoffeeSpace\CoffeeSpace.OrderingApi\Application\Services\Decorators\CachedBuyerService.cs" ChecksumAlgorithm="SHA256" Checksum="DF04FF9BDAFFCBA347E5E0336255581CE0675050B643EA92DDB00BAE10F554FA" />
    <File Index="216" Name="D:\Codes\CoffeeSpace\CoffeeSpace.OrderingApi\Application\Services\Decorators\CachedOrderService.cs" ChecksumAlgorithm="SHA256" Checksum="942F2A273A23924992DF061A7486A22A68ABACFB8A8CBBBEBA764F046AE131A3" />
    <File Index="217" Name="D:\Codes\CoffeeSpace\CoffeeSpace.OrderingApi\Application\Services\OrderService.cs" ChecksumAlgorithm="SHA256" Checksum="DB4627C151497DCAD271DD9CC1B560755E3174094ECB2B9666EF8E197CB7DFB6" />
    <File Index="218" Name="D:\Codes\CoffeeSpace\CoffeeSpace.OrderingApi\Application\Settings\CorsSettings.cs" ChecksumAlgorithm="SHA256" Checksum="526F29D97B6C66B04AABF82AD1281F537A807604BFDD5125F097AA0B9A43042F" />
    <File Index="219" Name="D:\Codes\CoffeeSpace\CoffeeSpace.OrderingApi\Application\SignalRHubs\Abstraction\IOrderingHub.cs" ChecksumAlgorithm="SHA256" Checksum="512C137A6F5F9EEAFFE9E6225578F221153E25199B6736E2118EFC23B284AC27" />
    <File Index="220" Name="D:\Codes\CoffeeSpace\CoffeeSpace.OrderingApi\Application\SignalRHubs\OrderingHub.cs" ChecksumAlgorithm="SHA256" Checksum="F3E85914C1961C4D70181B0FA8D00ABCD5C32B5245089CAB551A6B6AC234F718" />
    <File Index="221" Name="D:\Codes\CoffeeSpace\CoffeeSpace.OrderingApi\Application\Validators\Buyers\BuyerResponseValidator.cs" ChecksumAlgorithm="SHA256" Checksum="935756F82FC8CC8988F686ED70ADDA3124E2DD737EA5CB4CB17C146ADA46E7E2" />
    <File Index="222" Name="D:\Codes\CoffeeSpace\CoffeeSpace.OrderingApi\Application\Validators\Buyers\CreateBuyerRequestValidator.cs" ChecksumAlgorithm="SHA256" Checksum="4180BEAFB4C174859932A7E05A9231EC0BBD3364CC4D09B0C22BBA0C16260530" />
    <File Index="223" Name="D:\Codes\CoffeeSpace\CoffeeSpace.OrderingApi\Application\Validators\Buyers\UpdateBuyerRequestValidator.cs" ChecksumAlgorithm="SHA256" Checksum="0705A37B8CE6DF93709BEE4720F7A5DB04D489366E9B92E61ECC0D1D3B6572C2" />
    <File Index="224" Name="D:\Codes\CoffeeSpace\CoffeeSpace.OrderingApi\Application\Validators\IValidatorMarker.cs" ChecksumAlgorithm="SHA256" Checksum="63345C68180F5D925CB8368596332D82D3A7D91ECB92C74D5F4400EC57630388" />
    <File Index="225" Name="D:\Codes\CoffeeSpace\CoffeeSpace.OrderingApi\Application\Validators\Orders\CreateOrderRequestValidator.cs" ChecksumAlgorithm="SHA256" Checksum="3E580B5CF82B9DC11A9DD85770D2F35FAB7D8B2802541C3A7FA6CA0B992922D6" />
    <File Index="226" Name="D:\Codes\CoffeeSpace\CoffeeSpace.OrderingApi\Application\Validators\Orders\OrderItemValidator.cs" ChecksumAlgorithm="SHA256" Checksum="4D275BAA846DA471239E47AAA73C767556F832C3457373F430E85B9325FBFC8A" />
    <File Index="227" Name="D:\Codes\CoffeeSpace\CoffeeSpace.OrderingApi\Application\Validators\Orders\OrderResponseValidator.cs" ChecksumAlgorithm="SHA256" Checksum="972DE446F3FF64261636C518618FF2AF73D44C0EE3DE56EBBDE22D14C1241EA9" />
    <File Index="228" Name="D:\Codes\CoffeeSpace\CoffeeSpace.OrderingApi\Controllers\BuyersController.cs" ChecksumAlgorithm="SHA256" Checksum="3651F6E8DA6F2860F618C0759AF4F9AA109ABB765E5C3DC5427813AB6B5B9B49" />
    <File Index="229" Name="D:\Codes\CoffeeSpace\CoffeeSpace.OrderingApi\Controllers\OrdersController.cs" ChecksumAlgorithm="SHA256" Checksum="7F3B836A3FEF384968EF14A706BF16827E9DBD2B64F60DAD85FC247428A24B51" />
    <File Index="230" Name="D:\Codes\CoffeeSpace\CoffeeSpace.OrderingApi\MediatorConfiguration.cs" ChecksumAlgorithm="SHA256" Checksum="C35D38E1901E19C68467B77C1390D9883E1544B4AEDA7153EBA2F5E7E51F4071" />
    <File Index="231" Name="D:\Codes\CoffeeSpace\CoffeeSpace.OrderingApi\Persistence\Abstractions\IOrderingDbContext.cs" ChecksumAlgorithm="SHA256" Checksum="7BFF45735ADAD8D0231EF23658EE0FC22DB014A63B31D54949CC69044DF52917" />
    <File Index="232" Name="D:\Codes\CoffeeSpace\CoffeeSpace.OrderingApi\Persistence\Configurations\AddressConfiguration.cs" ChecksumAlgorithm="SHA256" Checksum="EE4A40FA9B66D06289943EFC5CB249F741F651C2F654484BD97C1A1EF0EE80FA" />
    <File Index="233" Name="D:\Codes\CoffeeSpace\CoffeeSpace.OrderingApi\Persistence\Configurations\BuyerConfiguration.cs" ChecksumAlgorithm="SHA256" Checksum="341B56AE7ADF5F744BFD631433F7F4025412EB521D9403EEDEFBBE9C623DE050" />
    <File Index="234" Name="D:\Codes\CoffeeSpace\CoffeeSpace.OrderingApi\Persistence\Configurations\OrderConfiguration.cs" ChecksumAlgorithm="SHA256" Checksum="7205A2397FF42ACE234B4A8EA0A16B908F4B29F7AA78EC57601E37D310781C6E" />
    <File Index="235" Name="D:\Codes\CoffeeSpace\CoffeeSpace.OrderingApi\Persistence\Configurations\OrderItemConfiguration.cs" ChecksumAlgorithm="SHA256" Checksum="A4899EB5BEE38E83B94BB354C0F11C24212AF219DEBB6D36EBFD5734B6269023" />
    <File Index="236" Name="D:\Codes\CoffeeSpace\CoffeeSpace.OrderingApi\Persistence\Configurations\OrderStateMap.cs" ChecksumAlgorithm="SHA256" Checksum="2342A3F017634699988C0E3FC6991FC0EC5E9ABAF8ED359FAA69EBA5B9FD36EF" />
    <File Index="237" Name="D:\Codes\CoffeeSpace\CoffeeSpace.OrderingApi\Persistence\Migrations\OrderingDb\20230617102508_Initial.cs" ChecksumAlgorithm="SHA256" Checksum="7311467264031317DC7B15F49746710280C22898FE075ED26955F893D17D9632" />
    <File Index="238" Name="D:\Codes\CoffeeSpace\CoffeeSpace.OrderingApi\Persistence\Migrations\OrderingDb\20230617102508_Initial.Designer.cs" ChecksumAlgorithm="SHA256" Checksum="8B36C433489BCEF808E0DF37F6FD3A0AE4712B9CCF7675790621E5B872B422BE" />
    <File Index="239" Name="D:\Codes\CoffeeSpace\CoffeeSpace.OrderingApi\Persistence\Migrations\OrderingDb\20230911205935_IncreaseSizeOf_ProductDescription.cs" ChecksumAlgorithm="SHA256" Checksum="769BBBC5271FEF174D7DD82FC7BA118EC4F211DD8DDAED8B1BF64E08C164189A" />
    <File Index="240" Name="D:\Codes\CoffeeSpace\CoffeeSpace.OrderingApi\Persistence\Migrations\OrderingDb\20230911205935_IncreaseSizeOf_ProductDescription.Designer.cs" ChecksumAlgorithm="SHA256" Checksum="A1C1C8A2A2FA4B1BDBE8DE0BD7E883D6C945C7868A82C4B9E7E179DE221B59BC" />
    <File Index="241" Name="D:\Codes\CoffeeSpace\CoffeeSpace.OrderingApi\Persistence\Migrations\OrderingDb\20230922191813_Added_OrderItem_Quantity.cs" ChecksumAlgorithm="SHA256" Checksum="1B121E6FA661A1B8C7838B2B9A35669F9A2D587F9535B524FE7D10769BDBA6BF" />
    <File Index="242" Name="D:\Codes\CoffeeSpace\CoffeeSpace.OrderingApi\Persistence\Migrations\OrderingDb\20230922191813_Added_OrderItem_Quantity.Designer.cs" ChecksumAlgorithm="SHA256" Checksum="FEF52F241F706D443067A2268E5FD9F5558FD072FEFB04C365B6A6F95D39410E" />
    <File Index="243" Name="D:\Codes\CoffeeSpace\CoffeeSpace.OrderingApi\Persistence\Migrations\OrderingDb\20231005165519_Remove_PaymentInfo.cs" ChecksumAlgorithm="SHA256" Checksum="ECF4B712E2CBF123D1F4F713FF19C80C84B4438D9147118BB8C2743BE4D14271" />
    <File Index="244" Name="D:\Codes\CoffeeSpace\CoffeeSpace.OrderingApi\Persistence\Migrations\OrderingDb\20231005165519_Remove_PaymentInfo.Designer.cs" ChecksumAlgorithm="SHA256" Checksum="0C37D63782EE512765DCAE0E90F9D255E0F1A98C60435E66965CF131B51CAC5E" />
    <File Index="245" Name="D:\Codes\CoffeeSpace\CoffeeSpace.OrderingApi\Persistence\Migrations\OrderingDb\20240325175200_Change_Id_Type_To_UUID.cs" ChecksumAlgorithm="SHA256" Checksum="83315D7A754135309E28D72D65F28999250061D69DF2B8CDE074EC1DBE37CE9E" />
    <File Index="246" Name="D:\Codes\CoffeeSpace\CoffeeSpace.OrderingApi\Persistence\Migrations\OrderingDb\20240325175200_Change_Id_Type_To_UUID.Designer.cs" ChecksumAlgorithm="SHA256" Checksum="F0921909ACADD5FEF482D8938435F362BED6763A9698E7D8D3BDAA3C3E712545" />
    <File Index="247" Name="D:\Codes\CoffeeSpace\CoffeeSpace.OrderingApi\Persistence\Migrations\OrderingDb\OrderingDbContextModelSnapshot.cs" ChecksumAlgorithm="SHA256" Checksum="0F82B379C312678C975D196D4781A8D196731A7BC21539C48456C91A1567B794" />
    <File Index="248" Name="D:\Codes\CoffeeSpace\CoffeeSpace.OrderingApi\Persistence\Migrations\SagaDb\20230617103242_Initial.cs" ChecksumAlgorithm="SHA256" Checksum="CB8F9E72765B5AAE1B25D89EC779AD859B079A0739010B906915CB8621F5D755" />
    <File Index="249" Name="D:\Codes\CoffeeSpace\CoffeeSpace.OrderingApi\Persistence\Migrations\SagaDb\20230617103242_Initial.Designer.cs" ChecksumAlgorithm="SHA256" Checksum="D1BE76D2C2E12EF66387D30AF757ADBCD4093E51263B8B20C1668F9BD74468F1" />
    <File Index="250" Name="D:\Codes\CoffeeSpace\CoffeeSpace.OrderingApi\Persistence\Migrations\SagaDb\20230619152335_Added_BusOutbox.cs" ChecksumAlgorithm="SHA256" Checksum="755D332F5251630444D3E08437DE450822641ADD4F17EF822475085753E8180D" />
    <File Index="251" Name="D:\Codes\CoffeeSpace\CoffeeSpace.OrderingApi\Persistence\Migrations\SagaDb\20230619152335_Added_BusOutbox.Designer.cs" ChecksumAlgorithm="SHA256" Checksum="B02C0656F0ECA2871A72022808391101EE62B9E33EEB5A4B85D3D7881E5B6274" />
    <File Index="252" Name="D:\Codes\CoffeeSpace\CoffeeSpace.OrderingApi\Persistence\Migrations\SagaDb\20230910204202_Update_BusOutbox.cs" ChecksumAlgorithm="SHA256" Checksum="7D4710F2034EFAB794D89FBAC45005ED76A4C00AB0E1D53253EFC16115847883" />
    <File Index="253" Name="D:\Codes\CoffeeSpace\CoffeeSpace.OrderingApi\Persistence\Migrations\SagaDb\20230910204202_Update_BusOutbox.Designer.cs" ChecksumAlgorithm="SHA256" Checksum="004E7F69172E1AA4CA13623D9088F1B383AC615AD7CFCC65B74AC090BDC9DC93" />
    <File Index="254" Name="D:\Codes\CoffeeSpace\CoffeeSpace.OrderingApi\Persistence\Migrations\SagaDb\20231005165925_ChangeStatusTypeToText.cs" ChecksumAlgorithm="SHA256" Checksum="B963F1EC341B814FFBC8EB490038B08799D3DA5086E9CBD2351437A90ED89023" />
    <File Index="255" Name="D:\Codes\CoffeeSpace\CoffeeSpace.OrderingApi\Persistence\Migrations\SagaDb\20231005165925_ChangeStatusTypeToText.Designer.cs" ChecksumAlgorithm="SHA256" Checksum="32DA971E30074386C4F7499AE6628B9CB612B104822246B33E77A6C070BF4A2C" />
    <File Index="256" Name="D:\Codes\CoffeeSpace\CoffeeSpace.OrderingApi\Persistence\Migrations\SagaDb\20231204212245_Remove_OutboxTables.cs" ChecksumAlgorithm="SHA256" Checksum="2FA7ADC6ADF03E0CA727F3A4DB625A8488BDF13C6C980E1C6A565FF79EBA8AA2" />
    <File Index="257" Name="D:\Codes\CoffeeSpace\CoffeeSpace.OrderingApi\Persistence\Migrations\SagaDb\20231204212245_Remove_OutboxTables.Designer.cs" ChecksumAlgorithm="SHA256" Checksum="985087C0EB5A4E63165FE0B3487426F5ECFAB08F1431CF8809BD99F8CDC9CAE5" />
    <File Index="258" Name="D:\Codes\CoffeeSpace\CoffeeSpace.OrderingApi\Persistence\Migrations\SagaDb\20240325164447_Change_Id_Type_To_UUID.cs" ChecksumAlgorithm="SHA256" Checksum="CBE5D01FA589FF2B2013117E97B8CE216BAEA64ED12DE284A6EC9FB0AB844129" />
    <File Index="259" Name="D:\Codes\CoffeeSpace\CoffeeSpace.OrderingApi\Persistence\Migrations\SagaDb\20240325164447_Change_Id_Type_To_UUID.Designer.cs" ChecksumAlgorithm="SHA256" Checksum="7D7166CA2113C1DD26DA586E53EED45161F976BAAC30E1F0D1BB60006938CF51" />
    <File Index="260" Name="D:\Codes\CoffeeSpace\CoffeeSpace.OrderingApi\Persistence\Migrations\SagaDb\OrderStateSagaDbContextModelSnapshot.cs" ChecksumAlgorithm="SHA256" Checksum="D993180AF5269ADC849B2D18E7E513A87CA03900F90A280C1A23884FB9606285" />
    <File Index="261" Name="D:\Codes\CoffeeSpace\CoffeeSpace.OrderingApi\Persistence\OrderingDbContext.cs" ChecksumAlgorithm="SHA256" Checksum="8F618352338E14DA4840CD4CCC744E559A0CD6EB4A16B7576238849E1B99209C" />
    <File Index="262" Name="D:\Codes\CoffeeSpace\CoffeeSpace.OrderingApi\Persistence\OrderStateSagaDbContext.cs" ChecksumAlgorithm="SHA256" Checksum="FB9848A0EEA686F65898147301546DAC563655980E8E8C4C2DFF4E1950EF588C" />
    <File Index="263" Name="D:\Codes\CoffeeSpace\CoffeeSpace.OrderingApi\Program.cs" ChecksumAlgorithm="SHA256" Checksum="26536ED5053F40F462BBA7F26B0D2CAB462B56965A997716CB3429EB26F55363" />
    <File Index="264" Name="D:\Codes\CoffeeSpace\CoffeeSpace.OrderingApi\obj\Debug\net8.0\CoffeeSpace.OrderingApi.GlobalUsings.g.cs" ChecksumAlgorithm="SHA256" Checksum="1BC1691037C29525F4B104FE05A77BBEF040A27CCE2AB784ED28226F8C8B5E35" />
    <File Index="265" Name="D:\Codes\CoffeeSpace\CoffeeSpace.OrderingApi\obj\Debug\net8.0\.NETCoreApp,Version=v8.0.AssemblyAttributes.cs" ChecksumAlgorithm="SHA256" Checksum="F7A5D9789C863625E139FF99E1113A503830F6B85A88F6129916DF83AC76B49E" />
    <File Index="266" Name="D:\Codes\CoffeeSpace\CoffeeSpace.OrderingApi\obj\Debug\net8.0\CoffeeSpace.OrderingApi.AssemblyInfo.cs" ChecksumAlgorithm="SHA256" Checksum="5409F5AEDC29B524C5B104072FF3CE6A98A97574EE11F2FF7298FF681B0104D8" />
    <File Index="267" Name="D:\Codes\CoffeeSpace\CoffeeSpace.OrderingApi\obj\Debug\net8.0\CoffeeSpace.OrderingApi.MvcApplicationPartsAssemblyInfo.cs" ChecksumAlgorithm="SHA256" Checksum="0B6E1C4E084E0661F3BF479E465C541FDEE446D43CB33B832910DA0F01D77388" />
    <File Index="268" Name="D:\Codes\CoffeeSpace\CoffeeSpace.OrderingApi\Mediator.SourceGenerator.Roslyn40\Mediator.SourceGenerator.IncrementalMediatorGenerator\MediatorOptions.g.cs" ChecksumAlgorithm="SHA1" Checksum="BF4A591AC4A81F66D61D617E9717779D6CE42DA3" />
    <File Index="269" Name="D:\Codes\CoffeeSpace\CoffeeSpace.OrderingApi\Mediator.SourceGenerator.Roslyn40\Mediator.SourceGenerator.IncrementalMediatorGenerator\MediatorOptionsAttribute.g.cs" ChecksumAlgorithm="SHA1" Checksum="4A401E4F4372D559DD005B1492DCBCE7B56F5736" />
    <File Index="270" Name="D:\Codes\CoffeeSpace\CoffeeSpace.OrderingApi\Mediator.SourceGenerator.Roslyn40\Mediator.SourceGenerator.IncrementalMediatorGenerator\Mediator.g.cs" ChecksumAlgorithm="SHA1" Checksum="CA83664D456A5BE3BEC8C5142876D9A1B46280FE" />
    <File Index="271" Name="D:\Codes\CoffeeSpace\CoffeeSpace.OrderingApi\Riok.Mapperly\Riok.Mapperly.MapperGenerator\BuyerMappingProfile.g.cs" ChecksumAlgorithm="SHA1" Checksum="A35B319DC095472188DBB39B4B435131762C0847" />
    <File Index="272" Name="D:\Codes\CoffeeSpace\CoffeeSpace.OrderingApi\Riok.Mapperly\Riok.Mapperly.MapperGenerator\OrderMappingProfile.g.cs" ChecksumAlgorithm="SHA1" Checksum="0C78A5C38AB77376A7D4246CAC4165534D9C15AF" />
    <File Index="273" Name="D:\Codes\CoffeeSpace\tests\Unit Tests\CoffeeSpace.ProductApi.Tests\Consumers\OrderStockValidationConsumerTests.cs" ChecksumAlgorithm="SHA256" Checksum="61F8E8832E61316B438B5E76895B402F8F7C8253846ACBDF6E6EED170DA9B135" />
    <File Index="274" Name="D:\Codes\CoffeeSpace\tests\Unit Tests\CoffeeSpace.ProductApi.Tests\Repositories\CachedProductRepositoryTests.cs" ChecksumAlgorithm="SHA256" Checksum="02E4204EC6C295EEF127851B21113614E52F9E005730CF48C630835F9E21B591" />
    <File Index="275" Name="D:\Codes\CoffeeSpace\tests\Unit Tests\CoffeeSpace.ProductApi.Tests\Repositories\ProductRepositoryTests.cs" ChecksumAlgorithm="SHA256" Checksum="475CC9BC1265A27E55298B99C3B88C34E055568A9B3828B70A310B66D2E17D21" />
    <File Index="276" Name="D:\Codes\CoffeeSpace\tests\Unit Tests\CoffeeSpace.ProductApi.Tests\Validators\CreateProductRequestValidatorTests.cs" ChecksumAlgorithm="SHA256" Checksum="AD295B49A6E076F66C08747BCDAB7A890DC6EAE32D7E3406999CD7E4E0C27E7C" />
    <File Index="277" Name="D:\Codes\CoffeeSpace\tests\Unit Tests\CoffeeSpace.ProductApi.Tests\Validators\ProductResponseValidatorTests.cs" ChecksumAlgorithm="SHA256" Checksum="DC1632A0760AE41FE71B80F3A97F2EF4DB1940E112E5E5F111C6FD970A7F9E51" />
    <File Index="278" Name="D:\Codes\CoffeeSpace\tests\Unit Tests\CoffeeSpace.ProductApi.Tests\Validators\UpdateProductRequestValidatorTests.cs" ChecksumAlgorithm="SHA256" Checksum="81C87F0036B4DF6BB2097B7893122EA339580B1ADB1282D601DEDE79C4F90CC5" />
    <File Index="279" Name="D:\Codes\CoffeeSpace\tests\Unit Tests\CoffeeSpace.ProductApi.Tests\obj\Debug\net8.0\CoffeeSpace.ProductApi.Tests.GlobalUsings.g.cs" ChecksumAlgorithm="SHA256" Checksum="F3F134E9E825E3E7268090F58B1AF2BDA2DE513F61A09C56F48B9B8D08612ABC" />
    <File Index="280" Name="D:\Codes\CoffeeSpace\tests\Unit Tests\CoffeeSpace.ProductApi.Tests\obj\Debug\net8.0\.NETCoreApp,Version=v8.0.AssemblyAttributes.cs" ChecksumAlgorithm="SHA256" Checksum="F7A5D9789C863625E139FF99E1113A503830F6B85A88F6129916DF83AC76B49E" />
    <File Index="281" Name="D:\Codes\CoffeeSpace\tests\Unit Tests\CoffeeSpace.ProductApi.Tests\obj\Debug\net8.0\CoffeeSpace.ProductApi.Tests.AssemblyInfo.cs" ChecksumAlgorithm="SHA256" Checksum="BDBEB6BFE2BA9C98ACB39C8D88F9D5F3B600CF7625E2AE3BADEDE63DFBB1AC7A" />
    <File Index="282" Name="D:\Codes\CoffeeSpace\CoffeeSpace.Domain\Ordering\BuyerInfo\Buyer.cs" ChecksumAlgorithm="SHA256" Checksum="08E25BB6C84C2BAE46639579735BE12932C2852019B726E4DF3CC4EEC014B7E1" />
    <File Index="283" Name="D:\Codes\CoffeeSpace\CoffeeSpace.Domain\Ordering\Orders\Address.cs" ChecksumAlgorithm="SHA256" Checksum="4613EE3FC205A3F27553BEBB059496F7D07F4CB43605C4DE5E6AA482FC3BE4FE" />
    <File Index="284" Name="D:\Codes\CoffeeSpace\CoffeeSpace.Domain\Ordering\Orders\Order.cs" ChecksumAlgorithm="SHA256" Checksum="A513AD81DB52C5F15E6FEB60044E0611179F73A07A9C6761533C3BB6C787BF41" />
    <File Index="285" Name="D:\Codes\CoffeeSpace\CoffeeSpace.Domain\Ordering\Orders\OrderItem.cs" ChecksumAlgorithm="SHA256" Checksum="019CC088B3DDCB799938BB9C84A1DA0A0D61A0F192680696B965C650EEE88DE4" />
    <File Index="286" Name="D:\Codes\CoffeeSpace\CoffeeSpace.Domain\Ordering\Orders\OrderStatus.cs" ChecksumAlgorithm="SHA256" Checksum="8EE09B01513A9F87E83A6A2736901F8415C4AB056B8A3EF4A04EF361ABF80C1C" />
    <File Index="287" Name="D:\Codes\CoffeeSpace\CoffeeSpace.Domain\Products\ImageInformation.cs" ChecksumAlgorithm="SHA256" Checksum="43C0D4874DF1D397F01114CD8B462E4AF59291F4928F1F215A446619DD718A5D" />
    <File Index="288" Name="D:\Codes\CoffeeSpace\CoffeeSpace.Domain\Products\Product.cs" ChecksumAlgorithm="SHA256" Checksum="738C43192C09ABC8B5511CF33210E622732750901BEE57B50A277D71C95233CC" />
    <File Index="289" Name="D:\Codes\CoffeeSpace\CoffeeSpace.Domain\obj\Debug\net7.0\CoffeeSpace.Domain.GlobalUsings.g.cs" ChecksumAlgorithm="SHA256" Checksum="F3F134E9E825E3E7268090F58B1AF2BDA2DE513F61A09C56F48B9B8D08612ABC" />
    <File Index="290" Name="D:\Codes\CoffeeSpace\CoffeeSpace.Domain\obj\Debug\net7.0\.NETCoreApp,Version=v7.0.AssemblyAttributes.cs" ChecksumAlgorithm="SHA256" Checksum="AC9DDB5EE1D6ADC61057F3029BF0242B3F619F1F85D4CC8FFA956B76EA48D939" />
    <File Index="291" Name="D:\Codes\CoffeeSpace\CoffeeSpace.Domain\obj\Debug\net7.0\CoffeeSpace.Domain.AssemblyInfo.cs" ChecksumAlgorithm="SHA256" Checksum="149FBB318C554F21831085A496545A3F3E83A07523E8F5D7A85C6B5297CDF071" />
    <File Index="292" Name="D:\Codes\CoffeeSpace\CoffeeSpace.Messages\Buyers\DeleteBuyer.cs" ChecksumAlgorithm="SHA256" Checksum="2EA19BE46C9F1D8F80C0E9D565F2FF44D8EE3AF84E9CD30791C9DAFDEE0BF946" />
    <File Index="293" Name="D:\Codes\CoffeeSpace\CoffeeSpace.Messages\Buyers\RegisterNewBuyer.cs" ChecksumAlgorithm="SHA256" Checksum="A7F133EB9EC8F9C526F44226972A13F4BB708F1F1A653FB8BB0A75DB0017396E" />
    <File Index="294" Name="D:\Codes\CoffeeSpace\CoffeeSpace.Messages\Buyers\UpdateBuyer.cs" ChecksumAlgorithm="SHA256" Checksum="196DE438778767C1D8AE474ED119A6B0EC6ED8C073E22D76B6659857B87378EF" />
    <File Index="295" Name="D:\Codes\CoffeeSpace\CoffeeSpace.Messages\Ordering\Commands\CancelOrder.cs" ChecksumAlgorithm="SHA256" Checksum="6D669801B9FDA695A811A213894EECF6D1BB5B02FB9484F16BB22D315727F65F" />
    <File Index="296" Name="D:\Codes\CoffeeSpace\CoffeeSpace.Messages\Ordering\Commands\RequestOrderPayment.cs" ChecksumAlgorithm="SHA256" Checksum="63B86FD9F21C4F814E7F6C05EF375C144BD950DAEF3A5DE63903AFFB8AEAB988" />
    <File Index="297" Name="D:\Codes\CoffeeSpace\CoffeeSpace.Messages\Ordering\Commands\ShipOrder.cs" ChecksumAlgorithm="SHA256" Checksum="0AA2B03FC04D2910DC51A18794038C9ACE95BDD72FD93D9C20868C1A5195A12D" />
    <File Index="298" Name="D:\Codes\CoffeeSpace\CoffeeSpace.Messages\Ordering\Commands\SubmitOrder.cs" ChecksumAlgorithm="SHA256" Checksum="250EA64989942B123B1C8038E562A15D21417DE3E9754725948A6E9A7E761EB5" />
    <File Index="299" Name="D:\Codes\CoffeeSpace\CoffeeSpace.Messages\Ordering\Responses\OrderPaid.cs" ChecksumAlgorithm="SHA256" Checksum="030A325AE1236A91AB1E842173F240C3AC5AB978B9F011F99B1BD9625C5B5470" />
    <File Index="300" Name="D:\Codes\CoffeeSpace\CoffeeSpace.Messages\Payment\PaymentPageInitialized.cs" ChecksumAlgorithm="SHA256" Checksum="6A8A38365C0780E5B9E6B17DDD905100D071EFCA1A28C7BFF878DDA60CCC358C" />
    <File Index="301" Name="D:\Codes\CoffeeSpace\CoffeeSpace.Messages\Products\Commands\ValidateOrderStock.cs" ChecksumAlgorithm="SHA256" Checksum="B946C2C85FD8D428208B2C171649CD041B7F0AA71CB9E3B297FC9F2F5977E050" />
    <File Index="302" Name="D:\Codes\CoffeeSpace\CoffeeSpace.Messages\Products\Responses\OrderStockConfirmed.cs" ChecksumAlgorithm="SHA256" Checksum="F17F911EA7E851FA6A1CADB16480E392EE59B75BF3F4A9DDE4099B3165E50716" />
    <File Index="303" Name="D:\Codes\CoffeeSpace\CoffeeSpace.Messages\Shipment\Commands\RequestOrderShipment.cs" ChecksumAlgorithm="SHA256" Checksum="EBFC05E5E7F6F02EFF2DF0C4FCD5D94ADFAFAF0B79C686F6830FDE9249240344" />
    <File Index="304" Name="D:\Codes\CoffeeSpace\CoffeeSpace.Messages\Shipment\Responses\OrderShipped.cs" ChecksumAlgorithm="SHA256" Checksum="B71DDDF6D197B4C29C34FB4FECFD4B33D4509F71246FD069CE25410B57F23013" />
    <File Index="305" Name="D:\Codes\CoffeeSpace\CoffeeSpace.Messages\obj\Debug\net8.0\CoffeeSpace.Messages.GlobalUsings.g.cs" ChecksumAlgorithm="SHA256" Checksum="F3F134E9E825E3E7268090F58B1AF2BDA2DE513F61A09C56F48B9B8D08612ABC" />
    <File Index="306" Name="D:\Codes\CoffeeSpace\CoffeeSpace.Messages\obj\Debug\net8.0\.NETCoreApp,Version=v8.0.AssemblyAttributes.cs" ChecksumAlgorithm="SHA256" Checksum="F7A5D9789C863625E139FF99E1113A503830F6B85A88F6129916DF83AC76B49E" />
    <File Index="307" Name="D:\Codes\CoffeeSpace\CoffeeSpace.Messages\obj\Debug\net8.0\CoffeeSpace.Messages.AssemblyInfo.cs" ChecksumAlgorithm="SHA256" Checksum="36AA828D729217390DFBADE0CEE6E5E0E92AAB9069F6BA45A29B5D78305FCD14" />
    <File Index="308" Name="D:\Codes\CoffeeSpace\CoffeeSpace.Domain\obj\Debug\net8.0\CoffeeSpace.Domain.GlobalUsings.g.cs" ChecksumAlgorithm="SHA256" Checksum="F3F134E9E825E3E7268090F58B1AF2BDA2DE513F61A09C56F48B9B8D08612ABC" />
    <File Index="309" Name="D:\Codes\CoffeeSpace\CoffeeSpace.Domain\obj\Debug\net8.0\.NETCoreApp,Version=v8.0.AssemblyAttributes.cs" ChecksumAlgorithm="SHA256" Checksum="F7A5D9789C863625E139FF99E1113A503830F6B85A88F6129916DF83AC76B49E" />
    <File Index="310" Name="D:\Codes\CoffeeSpace\CoffeeSpace.Domain\obj\Debug\net8.0\CoffeeSpace.Domain.AssemblyInfo.cs" ChecksumAlgorithm="SHA256" Checksum="149FBB318C554F21831085A496545A3F3E83A07523E8F5D7A85C6B5297CDF071" />
    <File Index="311" Name="D:\Codes\CoffeeSpace\tests\Integration Tests\CoffeeSpace.ProductApi.Tests.Integration\Controllers\ProductsApiControllerTests.cs" ChecksumAlgorithm="SHA256" Checksum="241AACF8A7B602F9F52C9DEF7FDAB6A31ACE9F65CE4089D78770EC0BA4C0ABF0" />
    <File Index="312" Name="D:\Codes\CoffeeSpace\tests\Integration Tests\CoffeeSpace.ProductApi.Tests.Integration\Fakers\CreateProductRequestFaker.cs" ChecksumAlgorithm="SHA256" Checksum="29BE27FB9199A9107FF8A534C703609A09601AF3A9D1A1172D8211255A90A04E" />
    <File Index="313" Name="D:\Codes\CoffeeSpace\tests\Integration Tests\CoffeeSpace.ProductApi.Tests.Integration\Fakers\ProductFaker.cs" ChecksumAlgorithm="SHA256" Checksum="F6F6D086BDF147B0F530F3897FC3687F13D655D660FEEE3E2E419B871C0A61A5" />
    <File Index="314" Name="D:\Codes\CoffeeSpace\tests\Integration Tests\CoffeeSpace.ProductApi.Tests.Integration\Fakers\UpdateProductRequestFaker.cs" ChecksumAlgorithm="SHA256" Checksum="29EE26969DB65CE9C39EC627F1B890809F27528EFFCCC1E8A1AA0EF9E40B947F" />
    <File Index="315" Name="D:\Codes\CoffeeSpace\tests\Integration Tests\CoffeeSpace.ProductApi.Tests.Integration\Fixtures\ProductApiFactory.cs" ChecksumAlgorithm="SHA256" Checksum="3EBC7FB6869ED7EAF3D8D335AE3E361C4E72E40645741EF97EDEE6DC09E6EC18" />
    <File Index="316" Name="D:\Codes\CoffeeSpace\tests\Integration Tests\CoffeeSpace.ProductApi.Tests.Integration\obj\Debug\net8.0\CoffeeSpace.ProductApi.Tests.Integration.GlobalUsings.g.cs" ChecksumAlgorithm="SHA256" Checksum="C993D12FF0AF5D756D01FD6DB55AC8843EEDB52F85DDE667566020259BF98408" />
    <File Index="317" Name="D:\Codes\CoffeeSpace\tests\Integration Tests\CoffeeSpace.ProductApi.Tests.Integration\obj\Debug\net8.0\Verify.Attributes.cs" ChecksumAlgorithm="SHA256" Checksum="6BEBEF3F1286898BE108AB71D3362D72578C1662C3E1B3A27207C36C08134FC6" />
    <File Index="318" Name="D:\Codes\CoffeeSpace\tests\Integration Tests\CoffeeSpace.ProductApi.Tests.Integration\obj\Debug\net8.0\VerifyXunit.Attributes.cs" ChecksumAlgorithm="SHA256" Checksum="A78D65264555200F9F7FE0519FD02F3F9AC9D59394443A623A6F263443AF9597" />
    <File Index="319" Name="D:\Codes\CoffeeSpace\tests\Integration Tests\CoffeeSpace.ProductApi.Tests.Integration\obj\Debug\net8.0\.NETCoreApp,Version=v8.0.AssemblyAttributes.cs" ChecksumAlgorithm="SHA256" Checksum="F7A5D9789C863625E139FF99E1113A503830F6B85A88F6129916DF83AC76B49E" />
    <File Index="320" Name="D:\Codes\CoffeeSpace\tests\Integration Tests\CoffeeSpace.ProductApi.Tests.Integration\obj\Debug\net8.0\CoffeeSpace.ProductApi.Tests.Integration.AssemblyInfo.cs" ChecksumAlgorithm="SHA256" Checksum="9DBAE46EA8B92EC0D66C256A0798FA364E8A2761B79F3014C42312F4F10FC7D2" />
    <File Index="321" Name="D:\Codes\CoffeeSpace\tests\Unit Tests\CoffeeSpace.PaymentService.Tests\Consumers\OrderPaymentValidationConsumerTests.cs" ChecksumAlgorithm="SHA256" Checksum="15DC52F2D350973A36EC511FB8FBBC48B338692084C6776EB7714CE62A943D51" />
    <File Index="322" Name="D:\Codes\CoffeeSpace\tests\Unit Tests\CoffeeSpace.PaymentService.Tests\Repositories\PaymentRepositoryTests.cs" ChecksumAlgorithm="SHA256" Checksum="0CECB137EEAF5A211963017EB8352AC91B09BB446007A6B3CC4666DC1C8C15FD" />
    <File Index="323" Name="D:\Codes\CoffeeSpace\tests\Unit Tests\CoffeeSpace.PaymentService.Tests\Services\PaymentServiceTests.cs" ChecksumAlgorithm="SHA256" Checksum="C3EEDF7CE2A5F8CFC3A3B03753B48A3D4BD656C88060C2C9A7144BD93B0C16D4" />
    <File Index="324" Name="D:\Codes\CoffeeSpace\tests\Unit Tests\CoffeeSpace.PaymentService.Tests\obj\Debug\net8.0\CoffeeSpace.PaymentService.Tests.GlobalUsings.g.cs" ChecksumAlgorithm="SHA256" Checksum="F3F134E9E825E3E7268090F58B1AF2BDA2DE513F61A09C56F48B9B8D08612ABC" />
    <File Index="325" Name="D:\Codes\CoffeeSpace\tests\Unit Tests\CoffeeSpace.PaymentService.Tests\obj\Debug\net8.0\.NETCoreApp,Version=v8.0.AssemblyAttributes.cs" ChecksumAlgorithm="SHA256" Checksum="F7A5D9789C863625E139FF99E1113A503830F6B85A88F6129916DF83AC76B49E" />
    <File Index="326" Name="D:\Codes\CoffeeSpace\tests\Unit Tests\CoffeeSpace.PaymentService.Tests\obj\Debug\net8.0\CoffeeSpace.PaymentService.Tests.AssemblyInfo.cs" ChecksumAlgorithm="SHA256" Checksum="D3AED1F800D4F281E1C1AB11BDEE2F3F7511E34358584964FED569E4C737C520" />
    <File Index="327" Name="D:\Codes\CoffeeSpace\tests\Integration Tests\CoffeeSpace.OrderingApi.Tests.Integration\Controllers\BuyersControllerTests.cs" ChecksumAlgorithm="SHA256" Checksum="69A84CE95EFD4FCC59D092A7B1F5C85E5821D53090393128476B209521F0CB9B" />
    <File Index="328" Name="D:\Codes\CoffeeSpace\tests\Integration Tests\CoffeeSpace.OrderingApi.Tests.Integration\Controllers\OrdersControllerTests.cs" ChecksumAlgorithm="SHA256" Checksum="8BB8E4955CE46DE6FFD6A33624E472F3354491AD45916FC8E603062CFCBAE642" />
    <File Index="329" Name="D:\Codes\CoffeeSpace\tests\Integration Tests\CoffeeSpace.OrderingApi.Tests.Integration\Fakers\Models\AddressFaker.cs" ChecksumAlgorithm="SHA256" Checksum="C59FA28B5B971FB1FED45A6AF0E9392044940D70C334A939B40A8F151BC05B9C" />
    <File Index="330" Name="D:\Codes\CoffeeSpace\tests\Integration Tests\CoffeeSpace.OrderingApi.Tests.Integration\Fakers\Models\BuyerFaker.cs" ChecksumAlgorithm="SHA256" Checksum="58D45AC19561EA261E6A206A3C6007EDB8516AB65AA841EAA37CBB978EAF69FF" />
    <File Index="331" Name="D:\Codes\CoffeeSpace\tests\Integration Tests\CoffeeSpace.OrderingApi.Tests.Integration\Fakers\Models\OrderFaker.cs" ChecksumAlgorithm="SHA256" Checksum="9C82291B07D465EF2357503E99BD59D3BFBB3409A3DB42CAB1AC4CB8D5E7697A" />
    <File Index="332" Name="D:\Codes\CoffeeSpace\tests\Integration Tests\CoffeeSpace.OrderingApi.Tests.Integration\Fakers\Models\OrderItemFaker.cs" ChecksumAlgorithm="SHA256" Checksum="9049DF48B44B78A99CAD9F5D81CBF7816FA58B211F312216EEBEA11B81AD3AA6" />
    <File Index="333" Name="D:\Codes\CoffeeSpace\tests\Integration Tests\CoffeeSpace.OrderingApi.Tests.Integration\Fakers\Requests\CreateAddressRequestFaker.cs" ChecksumAlgorithm="SHA256" Checksum="9991BEE8FF08650C1BF9E73E376D2B145D472631E7D4207C91B56048F6EF7458" />
    <File Index="334" Name="D:\Codes\CoffeeSpace\tests\Integration Tests\CoffeeSpace.OrderingApi.Tests.Integration\Fakers\Requests\CreateBuyerRequestFaker.cs" ChecksumAlgorithm="SHA256" Checksum="DFE7C518E4A071CF33C38846BC6E1972E95D54281B8D06843A275D804B41DCCA" />
    <File Index="335" Name="D:\Codes\CoffeeSpace\tests\Integration Tests\CoffeeSpace.OrderingApi.Tests.Integration\Fakers\Requests\CreateOrderRequestFaker.cs" ChecksumAlgorithm="SHA256" Checksum="BF86BD3AAB440260BA4CEB636753FC3AC5691B54246FF5241816538EABBEF66B" />
    <File Index="336" Name="D:\Codes\CoffeeSpace\tests\Integration Tests\CoffeeSpace.OrderingApi.Tests.Integration\Fakers\Requests\UpdateBuyerRequestFaker.cs" ChecksumAlgorithm="SHA256" Checksum="246F96297F1C9357A1C53E416656EA47C3B090ACB94D5B590EF938D2CFFEF9BF" />
    <File Index="337" Name="D:\Codes\CoffeeSpace\tests\Integration Tests\CoffeeSpace.OrderingApi.Tests.Integration\Fixtures\OrderingApiFactory.cs" ChecksumAlgorithm="SHA256" Checksum="FEA126154B6FF3E240BB5789E9E59D24C0B95D25E1748474813098C0B243A19D" />
    <File Index="338" Name="D:\Codes\CoffeeSpace\tests\Integration Tests\CoffeeSpace.OrderingApi.Tests.Integration\Fixtures\OrderingCollectionFixture.cs" ChecksumAlgorithm="SHA256" Checksum="412EE6B8C5534B9AA6106C53C1F66AC1624C52ADD5F2358C031D0243501EBE9D" />
    <File Index="339" Name="D:\Codes\CoffeeSpace\tests\Integration Tests\CoffeeSpace.OrderingApi.Tests.Integration\obj\Debug\net8.0\CoffeeSpace.OrderingApi.Tests.Integration.GlobalUsings.g.cs" ChecksumAlgorithm="SHA256" Checksum="C993D12FF0AF5D756D01FD6DB55AC8843EEDB52F85DDE667566020259BF98408" />
    <File Index="340" Name="D:\Codes\CoffeeSpace\tests\Integration Tests\CoffeeSpace.OrderingApi.Tests.Integration\obj\Debug\net8.0\Verify.Attributes.cs" ChecksumAlgorithm="SHA256" Checksum="69BE3F66858ABD24A72EA184756900885BD689797257FD8848027BE9D4B92CE9" />
    <File Index="341" Name="D:\Codes\CoffeeSpace\tests\Integration Tests\CoffeeSpace.OrderingApi.Tests.Integration\obj\Debug\net8.0\VerifyXunit.Attributes.cs" ChecksumAlgorithm="SHA256" Checksum="8D6ACDE3264713DDB4E8D8ED96C143E07E53B95722813D870EF9E2BF6BBA884D" />
    <File Index="342" Name="D:\Codes\CoffeeSpace\tests\Integration Tests\CoffeeSpace.OrderingApi.Tests.Integration\obj\Debug\net8.0\.NETCoreApp,Version=v8.0.AssemblyAttributes.cs" ChecksumAlgorithm="SHA256" Checksum="F7A5D9789C863625E139FF99E1113A503830F6B85A88F6129916DF83AC76B49E" />
    <File Index="343" Name="D:\Codes\CoffeeSpace\tests\Integration Tests\CoffeeSpace.OrderingApi.Tests.Integration\obj\Debug\net8.0\CoffeeSpace.OrderingApi.Tests.Integration.AssemblyInfo.cs" ChecksumAlgorithm="SHA256" Checksum="B41EDB39544029DE4CD11845B73C434AD6A9BB7D7228B70BE31F86E370002A25" />
    <File Index="344" Name="D:\Codes\CoffeeSpace\tests\Integration Tests\CoffeeSpace.IdentityApi.Tests.Integration\Controllers\AuthControllerTests.cs" ChecksumAlgorithm="SHA256" Checksum="EE15C6D9AFF267D0A51CFCA32EAE778907EF9C13BB19503869404607E766C372" />
    <File Index="345" Name="D:\Codes\CoffeeSpace\tests\Integration Tests\CoffeeSpace.IdentityApi.Tests.Integration\Fakers\LoginRequestFaker.cs" ChecksumAlgorithm="SHA256" Checksum="9778FBB656D71FE437A9F182C809E5E6938884DA6FBC0A1A6C0B3B82C08E8969" />
    <File Index="346" Name="D:\Codes\CoffeeSpace\tests\Integration Tests\CoffeeSpace.IdentityApi.Tests.Integration\Fakers\RegisterRequestFaker.cs" ChecksumAlgorithm="SHA256" Checksum="FFEDE3E50B8142BC2123AFC8A8691DB598855F0F5BCF92FE231A9A0922A1BCBE" />
    <File Index="347" Name="D:\Codes\CoffeeSpace\tests\Integration Tests\CoffeeSpace.IdentityApi.Tests.Integration\Fixtures\IdentityApiFactory.cs" ChecksumAlgorithm="SHA256" Checksum="60EF30D2F88DDE375FD9F9E40C7C5B92E15C197E6D851E92AA1E99203F514EDB" />
    <File Index="348" Name="D:\Codes\CoffeeSpace\tests\Integration Tests\CoffeeSpace.IdentityApi.Tests.Integration\obj\Debug\net8.0\CoffeeSpace.IdentityApi.Tests.Integration.GlobalUsings.g.cs" ChecksumAlgorithm="SHA256" Checksum="C993D12FF0AF5D756D01FD6DB55AC8843EEDB52F85DDE667566020259BF98408" />
    <File Index="349" Name="D:\Codes\CoffeeSpace\tests\Integration Tests\CoffeeSpace.IdentityApi.Tests.Integration\obj\Debug\net8.0\Verify.Attributes.cs" ChecksumAlgorithm="SHA256" Checksum="1BFD1B8D24058A3F7261AC65EB9E899B33A1E0A25E258D6ADBC54E0353405FBE" />
    <File Index="350" Name="D:\Codes\CoffeeSpace\tests\Integration Tests\CoffeeSpace.IdentityApi.Tests.Integration\obj\Debug\net8.0\VerifyXunit.Attributes.cs" ChecksumAlgorithm="SHA256" Checksum="964030780006AC04AEBF74DF73CD45A71CD4FC1DA9AD6E0959F1C664D4CA2D29" />
    <File Index="351" Name="D:\Codes\CoffeeSpace\tests\Integration Tests\CoffeeSpace.IdentityApi.Tests.Integration\obj\Debug\net8.0\.NETCoreApp,Version=v8.0.AssemblyAttributes.cs" ChecksumAlgorithm="SHA256" Checksum="F7A5D9789C863625E139FF99E1113A503830F6B85A88F6129916DF83AC76B49E" />
    <File Index="352" Name="D:\Codes\CoffeeSpace\tests\Integration Tests\CoffeeSpace.IdentityApi.Tests.Integration\obj\Debug\net8.0\CoffeeSpace.IdentityApi.Tests.Integration.AssemblyInfo.cs" ChecksumAlgorithm="SHA256" Checksum="C8CE1ED0421DAED48F468D0D9E406C26D84D0D7C19ED5CF169531762B3796948" />
    <File Index="353" Name="D:\Codes\CoffeeSpace\tests\Acceptance Tests\CoffeeSpace.OrderingApi.Tests.Acceptance\Fakers\CreateAddressRequestFaker.cs" ChecksumAlgorithm="SHA256" Checksum="2E5078D13C4FD0F72201E24F74013FD05CD0D4420BD54F1769BA9E29CBD2C1B7" />
    <File Index="354" Name="D:\Codes\CoffeeSpace\tests\Acceptance Tests\CoffeeSpace.OrderingApi.Tests.Acceptance\Fakers\CreateOrderItemRequestFaker.cs" ChecksumAlgorithm="SHA256" Checksum="7A7A861B124D03DE40A978030EF630F8F3F0619AE10E9F436845C65A9CB5E5F8" />
    <File Index="355" Name="D:\Codes\CoffeeSpace\tests\Acceptance Tests\CoffeeSpace.OrderingApi.Tests.Acceptance\Fakers\CreateOrderRequestFaker.cs" ChecksumAlgorithm="SHA256" Checksum="FCA8DDF7FFF001434A556D068B91AE4D0D7CD54300514EEAC54BC99B41BA1219" />
    <File Index="356" Name="D:\Codes\CoffeeSpace\tests\Acceptance Tests\CoffeeSpace.OrderingApi.Tests.Acceptance\Fakers\CreatePaymentInfoRequestFaker.cs" ChecksumAlgorithm="SHA256" Checksum="763983C3B00C134468276CF2507179B11F44A0C46B18DC9651787749F46DB531" />
    <File Index="357" Name="D:\Codes\CoffeeSpace\tests\Acceptance Tests\CoffeeSpace.OrderingApi.Tests.Acceptance\Features\BuyersManagement.feature.cs" ChecksumAlgorithm="SHA256" Checksum="00F9CD1FA1A7099547213A8C58B909BE8126C59391101709D603A01126FF76C4" />
    <File Index="358" Name="D:\Codes\CoffeeSpace\tests\Acceptance Tests\CoffeeSpace.OrderingApi.Tests.Acceptance\Features\OrderManagement.feature.cs" ChecksumAlgorithm="SHA256" Checksum="742C49C7F02844A4F48BD56306B73C78B27121EED6A4D629A1E631557F816FBA" />
    <File Index="359" Name="D:\Codes\CoffeeSpace\tests\Acceptance Tests\CoffeeSpace.OrderingApi.Tests.Acceptance\Helpers\ApiEndpoints.cs" ChecksumAlgorithm="SHA256" Checksum="F485E159CCB6B549377EFC5D52A9E47BA73E603E903F744EC527E79AE3924993" />
    <File Index="360" Name="D:\Codes\CoffeeSpace\tests\Acceptance Tests\CoffeeSpace.OrderingApi.Tests.Acceptance\Hooks\DockerControllerHooks.cs" ChecksumAlgorithm="SHA256" Checksum="DF14EC90F3E24EE84ECFDBE0EFC9EAD2677B31D3217289EEE66E568FD1C2947C" />
    <File Index="361" Name="D:\Codes\CoffeeSpace\tests\Acceptance Tests\CoffeeSpace.OrderingApi.Tests.Acceptance\Models\AddressResponse.cs" ChecksumAlgorithm="SHA256" Checksum="7F8E4B8D4B8BC55D79015995C04203870E7BD0066B3224090C61BA94B739A7EF" />
    <File Index="362" Name="D:\Codes\CoffeeSpace\tests\Acceptance Tests\CoffeeSpace.OrderingApi.Tests.Acceptance\Models\BuyerResponse.cs" ChecksumAlgorithm="SHA256" Checksum="DB5468861E06F6C3CB182B2685317886D4154EA89B76ED2E5740F45DFFF7438B" />
    <File Index="363" Name="D:\Codes\CoffeeSpace\tests\Acceptance Tests\CoffeeSpace.OrderingApi.Tests.Acceptance\Models\CardType.cs" ChecksumAlgorithm="SHA256" Checksum="F83092BDAAEACC7981C568056280932E6C70FADF16B91BDDB0078094B2EE0D71" />
    <File Index="364" Name="D:\Codes\CoffeeSpace\tests\Acceptance Tests\CoffeeSpace.OrderingApi.Tests.Acceptance\Models\CreateAddressRequest.cs" ChecksumAlgorithm="SHA256" Checksum="220A83AB025D08599F27C69F7DEB07ED9F1FD0753AE2D8CC94116FA8144B9050" />
    <File Index="365" Name="D:\Codes\CoffeeSpace\tests\Acceptance Tests\CoffeeSpace.OrderingApi.Tests.Acceptance\Models\CreateBuyerRequest.cs" ChecksumAlgorithm="SHA256" Checksum="2D4D06E591102893EAF41B97F20CD79A0DD004EA5EB288087C8FE669D9BA75BC" />
    <File Index="366" Name="D:\Codes\CoffeeSpace\tests\Acceptance Tests\CoffeeSpace.OrderingApi.Tests.Acceptance\Models\CreateOrderItemRequest.cs" ChecksumAlgorithm="SHA256" Checksum="7FDE6809FB76D665CDC078577C9F39AC60791F3311F1BCB7A710E3F400C6155D" />
    <File Index="367" Name="D:\Codes\CoffeeSpace\tests\Acceptance Tests\CoffeeSpace.OrderingApi.Tests.Acceptance\Models\CreateOrderRequest.cs" ChecksumAlgorithm="SHA256" Checksum="08D6536E023E58464B1C7A7FFCF382A789519E9C5B3280EDC453505779A6B3EA" />
    <File Index="368" Name="D:\Codes\CoffeeSpace\tests\Acceptance Tests\CoffeeSpace.OrderingApi.Tests.Acceptance\Models\CreatePaymentInfoRequest.cs" ChecksumAlgorithm="SHA256" Checksum="8D122424D82F460CA2377118DA75B396AF04E0DB2B1432863682F39B3B3E6EBB" />
    <File Index="369" Name="D:\Codes\CoffeeSpace\tests\Acceptance Tests\CoffeeSpace.OrderingApi.Tests.Acceptance\Models\OrderItem.cs" ChecksumAlgorithm="SHA256" Checksum="2142FAD3FDCDE22F74C9FB80D05D91BC3979E8A040EC4B6C78243DFB0EEC474E" />
    <File Index="370" Name="D:\Codes\CoffeeSpace\tests\Acceptance Tests\CoffeeSpace.OrderingApi.Tests.Acceptance\Models\OrderResponse.cs" ChecksumAlgorithm="SHA256" Checksum="3427A80A2D7CCA91E5AE1C7BBE619B86C926FBF15DBB45A06FA66BF92164CF08" />
    <File Index="371" Name="D:\Codes\CoffeeSpace\tests\Acceptance Tests\CoffeeSpace.OrderingApi.Tests.Acceptance\Models\OrderStatus.cs" ChecksumAlgorithm="SHA256" Checksum="0D725F5511FA5329F783EC5F998654D41170FC0EFAED6756228C1AE221F58CA5" />
    <File Index="372" Name="D:\Codes\CoffeeSpace\tests\Acceptance Tests\CoffeeSpace.OrderingApi.Tests.Acceptance\Models\RegisterRequest.cs" ChecksumAlgorithm="SHA256" Checksum="DF4C29505657FA0AC628622F42EB596EB1AC79B2849E9AE0CDFF0E07A49AA0A4" />
    <File Index="373" Name="D:\Codes\CoffeeSpace\tests\Acceptance Tests\CoffeeSpace.OrderingApi.Tests.Acceptance\Models\UpdateBuyerRequest.cs" ChecksumAlgorithm="SHA256" Checksum="05CD9857D2D3926E4FFE487EC9BE200D0483FFA3A46F411826A0F69DB06F2673" />
    <File Index="374" Name="D:\Codes\CoffeeSpace\tests\Acceptance Tests\CoffeeSpace.OrderingApi.Tests.Acceptance\StepDefinitions\BuyersManagementStepDefinition.cs" ChecksumAlgorithm="SHA256" Checksum="A029624C91273BB865FD60FE80F9AC61300AD55C607F3AFA37D35F829E53B69E" />
    <File Index="375" Name="D:\Codes\CoffeeSpace\tests\Acceptance Tests\CoffeeSpace.OrderingApi.Tests.Acceptance\StepDefinitions\OrderManagementStepDefinition.cs" ChecksumAlgorithm="SHA256" Checksum="FDC324F47DFABE2A90D45A94AD528D94BD0AFF187C017031C47A89E1D3718F21" />
    <File Index="376" Name="D:\Codes\CoffeeSpace\tests\Acceptance Tests\CoffeeSpace.OrderingApi.Tests.Acceptance\obj\Debug\net8.0\xUnit.AssemblyHooks.cs" ChecksumAlgorithm="SHA256" Checksum="6BD8827B580A516B90A4637E3895FE3B2D722FCC1A0F250221C170A0CA9D01E0" />
    <File Index="377" Name="D:\Codes\CoffeeSpace\tests\Acceptance Tests\CoffeeSpace.OrderingApi.Tests.Acceptance\obj\Debug\net8.0\CoffeeSpace.OrderingApi.Tests.Acceptance.GlobalUsings.g.cs" ChecksumAlgorithm="SHA256" Checksum="F3F134E9E825E3E7268090F58B1AF2BDA2DE513F61A09C56F48B9B8D08612ABC" />
    <File Index="378" Name="D:\Codes\CoffeeSpace\tests\Acceptance Tests\CoffeeSpace.OrderingApi.Tests.Acceptance\obj\Debug\net8.0\.NETCoreApp,Version=v8.0.AssemblyAttributes.cs" ChecksumAlgorithm="SHA256" Checksum="F7A5D9789C863625E139FF99E1113A503830F6B85A88F6129916DF83AC76B49E" />
    <File Index="379" Name="D:\Codes\CoffeeSpace\tests\Acceptance Tests\CoffeeSpace.OrderingApi.Tests.Acceptance\obj\Debug\net8.0\CoffeeSpace.OrderingApi.Tests.Acceptance.AssemblyInfo.cs" ChecksumAlgorithm="SHA256" Checksum="1CDAEE04F318731687278FA748C164058C324048CA8DABBA6DF13F95C4E6BB77" />
    <File Index="380" Name="D:\Codes\CoffeeSpace\tests\Acceptance Tests\CoffeeSpace.OrderingApi.Tests.Acceptance\Features\BuyersManagement.feature" />
    <File Index="381" Name="D:\Codes\CoffeeSpace\tests\Acceptance Tests\CoffeeSpace.OrderingApi.Tests.Acceptance\Features\OrderManagement.feature" />
    <File Index="382" Name="D:\Codes\CoffeeSpace\tests\Acceptance Tests\CoffeeSpace.ProductApi.Tests.Acceptance\Features\ProductManagement.feature.cs" ChecksumAlgorithm="SHA256" Checksum="A706C2E59048EEEF282CAD019736F8A5018106BE6A2B742C7DADADEFFC2634A2" />
    <File Index="383" Name="D:\Codes\CoffeeSpace\tests\Acceptance Tests\CoffeeSpace.ProductApi.Tests.Acceptance\Helpers\ApiEndpoints.cs" ChecksumAlgorithm="SHA256" Checksum="D1963A54BCBA3EE638DD74F6C22F2F9C26878D21CF1E0773664013F22D598729" />
    <File Index="384" Name="D:\Codes\CoffeeSpace\tests\Acceptance Tests\CoffeeSpace.ProductApi.Tests.Acceptance\Hooks\DockerControllerHooks.cs" ChecksumAlgorithm="SHA256" Checksum="17BECB01493AFB7BD861CEA8AEE4B5A9F55014A02D4AF3BAFDBAF43DF2255710" />
    <File Index="385" Name="D:\Codes\CoffeeSpace\tests\Acceptance Tests\CoffeeSpace.ProductApi.Tests.Acceptance\Models\CreateProductRequest.cs" ChecksumAlgorithm="SHA256" Checksum="37D32D868EBEBA02842E7DEA6DDF9DBB168E5F24FDE659464B8E024C4DBEBF82" />
    <File Index="386" Name="D:\Codes\CoffeeSpace\tests\Acceptance Tests\CoffeeSpace.ProductApi.Tests.Acceptance\Models\ProductResponse.cs" ChecksumAlgorithm="SHA256" Checksum="E8E24F7E61C01F6327E36D41AC3B9F5BCB804D0F325F8591E930C50CBBE2032C" />
    <File Index="387" Name="D:\Codes\CoffeeSpace\tests\Acceptance Tests\CoffeeSpace.ProductApi.Tests.Acceptance\Models\RegisterRequest.cs" ChecksumAlgorithm="SHA256" Checksum="E4FD796277A3A44623B9E568190E4052F6DCCB6539CA3747EE156071BC17AC9B" />
    <File Index="388" Name="D:\Codes\CoffeeSpace\tests\Acceptance Tests\CoffeeSpace.ProductApi.Tests.Acceptance\Models\UpdateProductRequest.cs" ChecksumAlgorithm="SHA256" Checksum="71A47584BB769A1F6C6300D2C40E58F5BA89670A8154ABF1CA9708E982E31B8D" />
    <File Index="389" Name="D:\Codes\CoffeeSpace\tests\Acceptance Tests\CoffeeSpace.ProductApi.Tests.Acceptance\StepDefinitions\ProductManagementSteps.cs" ChecksumAlgorithm="SHA256" Checksum="00369C496F83AB77C7724BA579A88F2AE3F0356FBF26A2ADE7FDACF092C78D0C" />
    <File Index="390" Name="D:\Codes\CoffeeSpace\tests\Acceptance Tests\CoffeeSpace.ProductApi.Tests.Acceptance\obj\Debug\net8.0\xUnit.AssemblyHooks.cs" ChecksumAlgorithm="SHA256" Checksum="28FD470CFCA778191C28F11D1B92CFD092481F80D82A27FF1D9FE52271873BD8" />
    <File Index="391" Name="D:\Codes\CoffeeSpace\tests\Acceptance Tests\CoffeeSpace.ProductApi.Tests.Acceptance\obj\Debug\net8.0\CoffeeSpace.ProductApi.Tests.Acceptance.GlobalUsings.g.cs" ChecksumAlgorithm="SHA256" Checksum="F3F134E9E825E3E7268090F58B1AF2BDA2DE513F61A09C56F48B9B8D08612ABC" />
    <File Index="392" Name="D:\Codes\CoffeeSpace\tests\Acceptance Tests\CoffeeSpace.ProductApi.Tests.Acceptance\obj\Debug\net8.0\.NETCoreApp,Version=v8.0.AssemblyAttributes.cs" ChecksumAlgorithm="SHA256" Checksum="F7A5D9789C863625E139FF99E1113A503830F6B85A88F6129916DF83AC76B49E" />
    <File Index="393" Name="D:\Codes\CoffeeSpace\tests\Acceptance Tests\CoffeeSpace.ProductApi.Tests.Acceptance\obj\Debug\net8.0\CoffeeSpace.ProductApi.Tests.Acceptance.AssemblyInfo.cs" ChecksumAlgorithm="SHA256" Checksum="103ADF2CBCE10726A1D9A2247D15583396A84921B1D1BFB2D32968A981458C3F" />
    <File Index="394" Name="D:\Codes\CoffeeSpace\tests\Acceptance Tests\CoffeeSpace.ProductApi.Tests.Acceptance\Features\ProductManagement.feature" />
    <File Index="395" Name="D:\Codes\CoffeeSpace\tests\Acceptance Tests\CoffeeSpace.IdentityApi.Tests.Acceptance\Features\Authentication.feature.cs" ChecksumAlgorithm="SHA256" Checksum="3CFFD36D9520DC0010B1659A9193AA17234F8C8B8DB53E21829F7A40D33350CF" />
    <File Index="396" Name="D:\Codes\CoffeeSpace\tests\Acceptance Tests\CoffeeSpace.IdentityApi.Tests.Acceptance\Helpers\ApiEndpoints.cs" ChecksumAlgorithm="SHA256" Checksum="53E47427695770648986757702AF621A9C943A825B6509631FEC462653EC4927" />
    <File Index="397" Name="D:\Codes\CoffeeSpace\tests\Acceptance Tests\CoffeeSpace.IdentityApi.Tests.Acceptance\Hooks\DockerControllerHooks.cs" ChecksumAlgorithm="SHA256" Checksum="19F11C0902EC5AFC1ECB7A9C8643101313C2168629C29AC9A6A5F3BA1F3C5720" />
    <File Index="398" Name="D:\Codes\CoffeeSpace\tests\Acceptance Tests\CoffeeSpace.IdentityApi.Tests.Acceptance\Models\LoginRequest.cs" ChecksumAlgorithm="SHA256" Checksum="6DA2B804E2E819FDEC767538620162F948F9CD73D87AA855F88EC48ED464781A" />
    <File Index="399" Name="D:\Codes\CoffeeSpace\tests\Acceptance Tests\CoffeeSpace.IdentityApi.Tests.Acceptance\Models\RegisterRequest.cs" ChecksumAlgorithm="SHA256" Checksum="C1C257A584E2AA18DCD4885602430BD4007274C3228BB368C1ED4440904A725F" />
    <File Index="400" Name="D:\Codes\CoffeeSpace\tests\Acceptance Tests\CoffeeSpace.IdentityApi.Tests.Acceptance\StepDefinitions\UserAuthenticationStepDefinition.cs" ChecksumAlgorithm="SHA256" Checksum="A84405F7D080B7C335A99317EF06E9FCB51CC028DECC03B47258EECDABC27791" />
    <File Index="401" Name="D:\Codes\CoffeeSpace\tests\Acceptance Tests\CoffeeSpace.IdentityApi.Tests.Acceptance\obj\Debug\net8.0\xUnit.AssemblyHooks.cs" ChecksumAlgorithm="SHA256" Checksum="94DA2DBEEFD49C8E1CAA0D6CFA4ADFF524342A9C2622B83724B85C8DEC31EDC7" />
    <File Index="402" Name="D:\Codes\CoffeeSpace\tests\Acceptance Tests\CoffeeSpace.IdentityApi.Tests.Acceptance\obj\Debug\net8.0\CoffeeSpace.IdentityApi.Tests.Acceptance.GlobalUsings.g.cs" ChecksumAlgorithm="SHA256" Checksum="F3F134E9E825E3E7268090F58B1AF2BDA2DE513F61A09C56F48B9B8D08612ABC" />
    <File Index="403" Name="D:\Codes\CoffeeSpace\tests\Acceptance Tests\CoffeeSpace.IdentityApi.Tests.Acceptance\obj\Debug\net8.0\.NETCoreApp,Version=v8.0.AssemblyAttributes.cs" ChecksumAlgorithm="SHA256" Checksum="F7A5D9789C863625E139FF99E1113A503830F6B85A88F6129916DF83AC76B49E" />
    <File Index="404" Name="D:\Codes\CoffeeSpace\tests\Acceptance Tests\CoffeeSpace.IdentityApi.Tests.Acceptance\obj\Debug\net8.0\CoffeeSpace.IdentityApi.Tests.Acceptance.AssemblyInfo.cs" ChecksumAlgorithm="SHA256" Checksum="6A28B5740933FAEF90A740EDC93BDDEBF865F32A11D77B7C85503470FE46ED54" />
    <File Index="405" Name="D:\Codes\CoffeeSpace\tests\Acceptance Tests\CoffeeSpace.IdentityApi.Tests.Acceptance\Features\Authentication.feature" />
    <File Index="406" Name="D:\Codes\CoffeeSpace\CoffeeSpace.AClient\InterfaceStubGeneratorV2\Refit.Generator.InterfaceStubGeneratorV2\IBuyersWebApi.g.cs" ChecksumAlgorithm="SHA1" Checksum="17DFD78AE79AB8D23C53FB441E644157B96E2557" />
    <File Index="407" Name="D:\Codes\CoffeeSpace\CoffeeSpace.AClient\InterfaceStubGeneratorV2\Refit.Generator.InterfaceStubGeneratorV2\IIdentityWebApi.g.cs" ChecksumAlgorithm="SHA1" Checksum="F30CC1187FA3FF5FD137388CEA8BDB4B2CFE65D6" />
    <File Index="408" Name="D:\Codes\CoffeeSpace\CoffeeSpace.AClient\InterfaceStubGeneratorV2\Refit.Generator.InterfaceStubGeneratorV2\IOrderingWebApi.g.cs" ChecksumAlgorithm="SHA1" Checksum="C7FEBFB48F6B3F21D8D8EBE47641DB96C31C07E9" />
    <File Index="409" Name="D:\Codes\CoffeeSpace\CoffeeSpace.AClient\InterfaceStubGeneratorV2\Refit.Generator.InterfaceStubGeneratorV2\IProductsWebApi.g.cs" ChecksumAlgorithm="SHA1" Checksum="2B6C8E547F3AE534E221AE6EEC64C82B42CA468F" />
    <File Index="410" Name="D:\Codes\CoffeeSpace\CoffeeSpace.AClient\Mediator.SourceGenerator.Roslyn40\Mediator.SourceGenerator.IncrementalMediatorGenerator\Mediator.g.cs" ChecksumAlgorithm="SHA1" Checksum="89505F430456D5562021E60C4A92F7BF72D23AD9" />
    <File Index="411" Name="D:\Codes\CoffeeSpace\CoffeeSpace.AClient\Mediator.SourceGenerator.Roslyn40\Mediator.SourceGenerator.IncrementalMediatorGenerator\MediatorOptions.g.cs" ChecksumAlgorithm="SHA1" Checksum="BF4A591AC4A81F66D61D617E9717779D6CE42DA3" />
    <File Index="412" Name="D:\Codes\CoffeeSpace\CoffeeSpace.AClient\Mediator.SourceGenerator.Roslyn40\Mediator.SourceGenerator.IncrementalMediatorGenerator\MediatorOptionsAttribute.g.cs" ChecksumAlgorithm="SHA1" Checksum="4A401E4F4372D559DD005B1492DCBCE7B56F5736" />
    <File Index="413" Name="D:\Codes\CoffeeSpace\CoffeeSpace.AClient\CommunityToolkit.Mvvm.SourceGenerators\CommunityToolkit.Mvvm.SourceGenerators.ObservablePropertyGenerator\__KnownINotifyPropertyChangingArgs.g.cs" ChecksumAlgorithm="SHA1" Checksum="1CEBBADDFAF9B9E77D0F918D0DB0FE3AB75A7D89" />
    <File Index="414" Name="D:\Codes\CoffeeSpace\CoffeeSpace.AClient\CommunityToolkit.Mvvm.SourceGenerators\CommunityToolkit.Mvvm.SourceGenerators.ObservablePropertyGenerator\__KnownINotifyPropertyChangedArgs.g.cs" ChecksumAlgorithm="SHA1" Checksum="363EBDB0B37B4F4D721D3F07A871C42043107FAD" />
    <File Index="415" Name="D:\Codes\CoffeeSpace\CoffeeSpace.AClient\App.axaml.cs" ChecksumAlgorithm="SHA256" Checksum="306C4FF25D939F4E94910C30E966596C6888E1DC808BF684D187E62E5DB177BE" />
    <File Index="416" Name="D:\Codes\CoffeeSpace\CoffeeSpace.AClient\App.axaml" ChecksumAlgorithm="SHA1" Checksum="7F5FAF463D8D60B00DC67CDD75408E563053793F" />
    <File Index="417" Name="D:\Codes\CoffeeSpace\CoffeeSpace.AClient\Program.cs" ChecksumAlgorithm="SHA256" Checksum="1AB6BDBA4C30B20E18CF36E5BEF002D8FDECD7972C7B77C0F1849A50CA0DD454" />
    <File Index="418" Name="D:\Codes\CoffeeSpace\CoffeeSpace.AClient\ViewLocator.cs" ChecksumAlgorithm="SHA256" Checksum="EA465EF62966A96A1861FA69A692AE5A25F2F83C729653EB0BF452A27D62ACF8" />
    <File Index="419" Name="D:\Codes\CoffeeSpace\CoffeeSpace.AClient\Views\CartView.axaml.cs" ChecksumAlgorithm="SHA256" Checksum="FA77BE6E0D5FD343E5DA0E4A943D64FD4BB2B1416EE840C0F36DFCB0C75A2881" />
    <File Index="420" Name="D:\Codes\CoffeeSpace\CoffeeSpace.AClient\Avalonia.Generators\Avalonia.Generators.NameGenerator.AvaloniaNameSourceGenerator\CoffeeSpace.AClient.Views.CartView.g.cs" ChecksumAlgorithm="SHA1" Checksum="668A19AD18DACA53C1CD926F16A020489D93B41B" />
    <File Index="421" Name="D:\Codes\CoffeeSpace\CoffeeSpace.AClient\Views/CartView.axaml" ChecksumAlgorithm="SHA1" Checksum="440E2C74F9E10D17FC044758219F77C1161DECF5" />
    <File Index="422" Name="D:\Codes\CoffeeSpace\CoffeeSpace.AClient\Views\DashboardView.axaml.cs" ChecksumAlgorithm="SHA256" Checksum="23064BEA1D9CEBC9E4236DE6324263D689907E7C13018E7B27CD23C67AD27432" />
    <File Index="423" Name="D:\Codes\CoffeeSpace\CoffeeSpace.AClient\Avalonia.Generators\Avalonia.Generators.NameGenerator.AvaloniaNameSourceGenerator\CoffeeSpace.AClient.Views.DashboardView.g.cs" ChecksumAlgorithm="SHA1" Checksum="707476B0CB8436A712290A36BC2DEA89C5917C63" />
    <File Index="424" Name="D:\Codes\CoffeeSpace\CoffeeSpace.AClient\Views/DashboardView.axaml" ChecksumAlgorithm="SHA1" Checksum="F9DB6F7D45800708B536EBD8EB1627BFEEB93034" />
    <File Index="425" Name="D:\Codes\CoffeeSpace\CoffeeSpace.AClient\Views\FindMyCoffeeView.axaml.cs" ChecksumAlgorithm="SHA256" Checksum="6FC26E8CB1A60C0E907FD094F4A65B50126E627FA3A2DC727ED859D22AAC19EC" />
    <File Index="426" Name="D:\Codes\CoffeeSpace\CoffeeSpace.AClient\Avalonia.Generators\Avalonia.Generators.NameGenerator.AvaloniaNameSourceGenerator\CoffeeSpace.AClient.Views.FindMyCoffeeView.g.cs" ChecksumAlgorithm="SHA1" Checksum="E64C1F9D8E79FE7DE2A8CC8A2FF39083EFFB993D" />
    <File Index="427" Name="D:\Codes\CoffeeSpace\CoffeeSpace.AClient\Views/FindMyCoffeeView.axaml" ChecksumAlgorithm="SHA1" Checksum="3D7E5DF8A4CCF89B1DF7388F8E3ED3994C2E7D28" />
    <File Index="428" Name="D:\Codes\CoffeeSpace\CoffeeSpace.AClient\Views\LoginWindow.axaml.cs" ChecksumAlgorithm="SHA256" Checksum="5F38B2ED3C4A58B3B8D76D0159A83A42CB5D2A017279B05E86D12C09D5DCF3AB" />
    <File Index="429" Name="D:\Codes\CoffeeSpace\CoffeeSpace.AClient\Avalonia.Generators\Avalonia.Generators.NameGenerator.AvaloniaNameSourceGenerator\CoffeeSpace.AClient.Views.LoginWindow.g.cs" ChecksumAlgorithm="SHA1" Checksum="46CBA44D1594C1BCAE0F12ECA6CC9B2A5D777515" />
    <File Index="430" Name="D:\Codes\CoffeeSpace\CoffeeSpace.AClient\Views/LoginWindow.axaml" ChecksumAlgorithm="SHA1" Checksum="926DDEF8049F850A0F7EB49683AD9E5B83098787" />
    <File Index="431" Name="D:\Codes\CoffeeSpace\CoffeeSpace.AClient\Views\MainWindow.axaml.cs" ChecksumAlgorithm="SHA256" Checksum="6273360D8D0D21D8DED0BCF8994BE72420FBDAAD8D60A1D542EB9F99C6C76AAE" />
    <File Index="432" Name="D:\Codes\CoffeeSpace\CoffeeSpace.AClient\Avalonia.Generators\Avalonia.Generators.NameGenerator.AvaloniaNameSourceGenerator\CoffeeSpace.AClient.Views.MainWindow.g.cs" ChecksumAlgorithm="SHA1" Checksum="B7D8E4396DE2AEB6F88E520565855B61CF7F6343" />
    <File Index="433" Name="D:\Codes\CoffeeSpace\CoffeeSpace.AClient\Views/MainWindow.axaml" ChecksumAlgorithm="SHA1" Checksum="1E314F8854C2BDD94BC929B68010C7B2DF3D94F5" />
    <File Index="434" Name="D:\Codes\CoffeeSpace\CoffeeSpace.AClient\Views\OrderHistoryView.axaml.cs" ChecksumAlgorithm="SHA256" Checksum="19A92BDD0A7FE324D25491924C191284A07FF1BBB3B6C19D6A40E07298AF78AF" />
    <File Index="435" Name="D:\Codes\CoffeeSpace\CoffeeSpace.AClient\Avalonia.Generators\Avalonia.Generators.NameGenerator.AvaloniaNameSourceGenerator\CoffeeSpace.AClient.Views.OrderHistoryView.g.cs" ChecksumAlgorithm="SHA1" Checksum="E177D73A7C8D0B3AC4CDF212B1E3761596222544" />
    <File Index="436" Name="D:\Codes\CoffeeSpace\CoffeeSpace.AClient\Views/OrderHistoryView.axaml" ChecksumAlgorithm="SHA1" Checksum="EF2719B1C7792CDBB30511240E439991CEC0AABF" />
    <File Index="437" Name="D:\Codes\CoffeeSpace\CoffeeSpace.AClient\Views\RegisterWindow.axaml.cs" ChecksumAlgorithm="SHA256" Checksum="227D8510EBDDFB69AF561946CC504EC8886C0E6293B1F14E33BED0E01CD036CC" />
    <File Index="438" Name="D:\Codes\CoffeeSpace\CoffeeSpace.AClient\Avalonia.Generators\Avalonia.Generators.NameGenerator.AvaloniaNameSourceGenerator\CoffeeSpace.AClient.Views.RegisterWindow.g.cs" ChecksumAlgorithm="SHA1" Checksum="1935A7F86E8623312CDB699273A5B4BC6A8C09EF" />
    <File Index="439" Name="D:\Codes\CoffeeSpace\CoffeeSpace.AClient\Views/RegisterWindow.axaml" ChecksumAlgorithm="SHA1" Checksum="542940232A5AE7130321517A4E9D06523627BF36" />
    <File Index="440" Name="D:\Codes\CoffeeSpace\CoffeeSpace.AClient\ViewModels\CartWindowViewModel.cs" ChecksumAlgorithm="SHA256" Checksum="725B6C3F99AC933EBF2D2705830E918F9B41B048A17DC54D4E51CD7D164E6022" />
    <File Index="441" Name="D:\Codes\CoffeeSpace\CoffeeSpace.AClient\CommunityToolkit.Mvvm.SourceGenerators\CommunityToolkit.Mvvm.SourceGenerators.ObservablePropertyGenerator\CoffeeSpace.AClient.ViewModels.CartWindowViewModel.g.cs" ChecksumAlgorithm="SHA1" Checksum="3219117D1520D43DD68952BBE9E1693A791D93D1" />
    <File Index="442" Name="D:\Codes\CoffeeSpace\CoffeeSpace.AClient\CommunityToolkit.Mvvm.SourceGenerators\CommunityToolkit.Mvvm.SourceGenerators.RelayCommandGenerator\CoffeeSpace.AClient.ViewModels.CartWindowViewModel.CreateOrder.g.cs" ChecksumAlgorithm="SHA1" Checksum="613F373DEC1221466D46A18F66455E48385923DB" />
    <File Index="443" Name="D:\Codes\CoffeeSpace\CoffeeSpace.AClient\CommunityToolkit.Mvvm.SourceGenerators\CommunityToolkit.Mvvm.SourceGenerators.RelayCommandGenerator\CoffeeSpace.AClient.ViewModels.CartWindowViewModel.RemoveFromCart.g.cs" ChecksumAlgorithm="SHA1" Checksum="19E2344533BD98D86013CB597CD2A03764E3D5D2" />
    <File Index="444" Name="D:\Codes\CoffeeSpace\CoffeeSpace.AClient\ViewModels\DashboardWindowViewModel.cs" ChecksumAlgorithm="SHA256" Checksum="07358A520EFF767E330279F7960A1FD06D8385B1896AD2E2A4E895791E988DB7" />
    <File Index="445" Name="D:\Codes\CoffeeSpace\CoffeeSpace.AClient\CommunityToolkit.Mvvm.SourceGenerators\CommunityToolkit.Mvvm.SourceGenerators.ObservablePropertyGenerator\CoffeeSpace.AClient.ViewModels.DashboardWindowViewModel.g.cs" ChecksumAlgorithm="SHA1" Checksum="29A9BAE6FCFADE27DE733295FD04C55B4C5DF72F" />
    <File Index="446" Name="D:\Codes\CoffeeSpace\CoffeeSpace.AClient\CommunityToolkit.Mvvm.SourceGenerators\CommunityToolkit.Mvvm.SourceGenerators.RelayCommandGenerator\CoffeeSpace.AClient.ViewModels.DashboardWindowViewModel.AddToCart.g.cs" ChecksumAlgorithm="SHA1" Checksum="1100370B08B67637FE449D8FCB54189243099D2D" />
    <File Index="447" Name="D:\Codes\CoffeeSpace\CoffeeSpace.AClient\ViewModels\LoginViewModel.cs" ChecksumAlgorithm="SHA256" Checksum="1849062A741DC6A743909DA908F77FEFD89A201CCA03FEE9C7CADE90A3E376A1" />
    <File Index="448" Name="D:\Codes\CoffeeSpace\CoffeeSpace.AClient\CommunityToolkit.Mvvm.SourceGenerators\CommunityToolkit.Mvvm.SourceGenerators.ObservablePropertyGenerator\CoffeeSpace.AClient.ViewModels.LoginViewModel.g.cs" ChecksumAlgorithm="SHA1" Checksum="21E28A76B4130CC1B5FA212A926A8A3453E52D36" />
    <File Index="449" Name="D:\Codes\CoffeeSpace\CoffeeSpace.AClient\CommunityToolkit.Mvvm.SourceGenerators\CommunityToolkit.Mvvm.SourceGenerators.RelayCommandGenerator\CoffeeSpace.AClient.ViewModels.LoginViewModel.LoginAsync.g.cs" ChecksumAlgorithm="SHA1" Checksum="B553C5ADBB0A9FB83FC75E89E5F7A025B4016320" />
    <File Index="450" Name="D:\Codes\CoffeeSpace\CoffeeSpace.AClient\ViewModels\OrderHistoryWindowViewModel.cs" ChecksumAlgorithm="SHA256" Checksum="94D92B836AF728A3B8B7D620A67BC700583B5942C275F7BCB43B73FCA8D0CDDD" />
    <File Index="451" Name="D:\Codes\CoffeeSpace\CoffeeSpace.AClient\CommunityToolkit.Mvvm.SourceGenerators\CommunityToolkit.Mvvm.SourceGenerators.ObservablePropertyGenerator\CoffeeSpace.AClient.ViewModels.OrderHistoryWindowViewModel.g.cs" ChecksumAlgorithm="SHA1" Checksum="49B33D6EEFDE08B35CDA8F0740E5DF640387CE20" />
    <File Index="452" Name="D:\Codes\CoffeeSpace\CoffeeSpace.AClient\ViewModels\RegisterViewModel.cs" ChecksumAlgorithm="SHA256" Checksum="60F83FC75B29096B490D64D2DB0B33F336C299A9CE31F142EEA4FD7C92CACB10" />
    <File Index="453" Name="D:\Codes\CoffeeSpace\CoffeeSpace.AClient\CommunityToolkit.Mvvm.SourceGenerators\CommunityToolkit.Mvvm.SourceGenerators.ObservablePropertyGenerator\CoffeeSpace.AClient.ViewModels.RegisterViewModel.g.cs" ChecksumAlgorithm="SHA1" Checksum="1E8FE43113FA803C05515D60FD9AA51EFC1D8658" />
    <File Index="454" Name="D:\Codes\CoffeeSpace\CoffeeSpace.AClient\CommunityToolkit.Mvvm.SourceGenerators\CommunityToolkit.Mvvm.SourceGenerators.RelayCommandGenerator\CoffeeSpace.AClient.ViewModels.RegisterViewModel.RegisterAsync.g.cs" ChecksumAlgorithm="SHA1" Checksum="226BC88E065ECA4D9EE88BFDD5475CEEA5AB344E" />
    <File Index="455" Name="D:\Codes\CoffeeSpace\CoffeeSpace.AClient\Settings\ApiKeySettings.cs" ChecksumAlgorithm="SHA256" Checksum="85031B48CA82AF73AFBD18301E9492A4C369A07A81E5D751B7B7527A19972B42" />
    <File Index="456" Name="D:\Codes\CoffeeSpace\CoffeeSpace.AClient\Services\HubConnectionService.cs" ChecksumAlgorithm="SHA256" Checksum="2D7B21053CD51128C708957CFFA9D628A04255FDDCA73212B96ABBA4144628CD" />
    <File Index="457" Name="D:\Codes\CoffeeSpace\CoffeeSpace.AClient\Services\StaticStorage.cs" ChecksumAlgorithm="SHA256" Checksum="685981A1FA91BF0C0B7AEED9137A0EDAA870317D905230F8E22DBC05C3698A4D" />
    <File Index="458" Name="D:\Codes\CoffeeSpace\CoffeeSpace.AClient\Models\Address.cs" ChecksumAlgorithm="SHA256" Checksum="8020395756EFA47F8CEAA4703AD3EF7B41B8672F8CCF1140CDB6E10B53087F9A" />
    <File Index="459" Name="D:\Codes\CoffeeSpace\CoffeeSpace.AClient\Models\Buyer.cs" ChecksumAlgorithm="SHA256" Checksum="3F3261E902BB019D010C8656E8E1440443288D858ABD163EF3A7587BB6106C5D" />
    <File Index="460" Name="D:\Codes\CoffeeSpace\CoffeeSpace.AClient\Models\ImageInformation.cs" ChecksumAlgorithm="SHA256" Checksum="BF21BBA5D1800D9FB989400B7E555A06884D1B31F3619EBEFBA202C0539E505E" />
    <File Index="461" Name="D:\Codes\CoffeeSpace\CoffeeSpace.AClient\Models\Order.cs" ChecksumAlgorithm="SHA256" Checksum="28F8835D62748C894CCFF127D2DEFA25D333822F2211C15C9029459E5523A4BA" />
    <File Index="462" Name="D:\Codes\CoffeeSpace\CoffeeSpace.AClient\Models\OrderItem.cs" ChecksumAlgorithm="SHA256" Checksum="06858994813C69256F7D4DBE7E8D08C4D7222F2F8AEA9F509209D211ADD149BF" />
    <File Index="463" Name="D:\Codes\CoffeeSpace\CoffeeSpace.AClient\Models\Product.cs" ChecksumAlgorithm="SHA256" Checksum="031C73E3129539686601D88E4FB3CE5C08559EF416B1EBB42E11A9DC2A41CBE3" />
    <File Index="464" Name="D:\Codes\CoffeeSpace\CoffeeSpace.AClient\Messages\Queries\Handlers\GetAllProductsQueryHandler.cs" ChecksumAlgorithm="SHA256" Checksum="14B931B72926B0F79232C646A4551FA306E284E219D41025B909360CEF2BC43A" />
    <File Index="465" Name="D:\Codes\CoffeeSpace\CoffeeSpace.AClient\Messages\Commands\AddToCartCommand.cs" ChecksumAlgorithm="SHA256" Checksum="25BFF74BBE5DC0A1ACC0A1F03B927F5D8A628DF4DD6CB08C6FA16D59E8C10EBE" />
    <File Index="466" Name="D:\Codes\CoffeeSpace\CoffeeSpace.AClient\Messages\Commands\CreateOrderHistoryCommand.cs" ChecksumAlgorithm="SHA256" Checksum="405314959AFC6AB42F8F61B89E5A6D485D7403C188D07583E8201158767551FD" />
    <File Index="467" Name="D:\Codes\CoffeeSpace\CoffeeSpace.AClient\Messages\Commands\Handlers\AddToCartCommandHandler.cs" ChecksumAlgorithm="SHA256" Checksum="438DCCF67DCF7D911F0021AA9974EDD22ACD1418C20558D076C6035623B354A5" />
    <File Index="468" Name="D:\Codes\CoffeeSpace\CoffeeSpace.AClient\Messages\Commands\Handlers\CreateOrderHistoryCommandHandler.cs" ChecksumAlgorithm="SHA256" Checksum="CF1578EAA219DC22AAB6030D84897318DC22609D917EF2CD5B6B8829673C15B1" />
    <File Index="469" Name="D:\Codes\CoffeeSpace\CoffeeSpace.AClient\Riok.Mapperly\Riok.Mapperly.MapperGenerator\ProductMapper.g.cs" ChecksumAlgorithm="SHA1" Checksum="8DA37AABC0614B61FE0C3CFFCAB114678FF41F75" />
    <File Index="470" Name="D:\Codes\CoffeeSpace\CoffeeSpace.AClient\HttpHandlers\ApiKeyAuthorizationMessageHandler.cs" ChecksumAlgorithm="SHA256" Checksum="92F4AC3A919B7D3642A972B1EB994F8865E8572675FCD1C88766412CA40D9BD1" />
    <File Index="471" Name="D:\Codes\CoffeeSpace\CoffeeSpace.AClient\HttpHandlers\BearerAuthorizationMessageHandler.cs" ChecksumAlgorithm="SHA256" Checksum="1DF6A4B13DFB3FA8307EEA0C74944CD16BCC3AD53309AAF1441DDB61177457A5" />
    <File Index="472" Name="D:\Codes\CoffeeSpace\CoffeeSpace.AClient\Extensions\RefitClientExtensions.cs" ChecksumAlgorithm="SHA256" Checksum="2B0503BF90C5109E2137B28284B74503D724083FA08391A6E69975E21DC62CB6" />
    <File Index="473" Name="D:\Codes\CoffeeSpace\CoffeeSpace.AClient\Extensions\ServiceCollectionExtensions.cs" ChecksumAlgorithm="SHA256" Checksum="E01875AA02FE7FC2CC08CC3C17195757085DD4FE03F63ED3EFF20C0966F44433" />
    <File Index="474" Name="D:\Codes\CoffeeSpace\CoffeeSpace.AClient\Converters\ImageInformationToBitMap.cs" ChecksumAlgorithm="SHA256" Checksum="0A9376D38CC9B2AEF19DF0E54CFFD88BDAB77F7C6FA0C10ED037B9FA0D756A42" />
    <File Index="475" Name="D:\Codes\CoffeeSpace\CoffeeSpace.AClient\Contracts\Requests\Orders\CreateAddressRequest.cs" ChecksumAlgorithm="SHA256" Checksum="E455B63A20B6BFD13D2FA611AFCC8BF0C5B5120789A34482342DAE16FAA98D95" />
    <File Index="476" Name="D:\Codes\CoffeeSpace\CoffeeSpace.AClient\Contracts\Requests\Orders\CreateOrderRequest.cs" ChecksumAlgorithm="SHA256" Checksum="8939DBF3CEC1B027F6D4EBDEF291BF71B603A50BE75B161C4FC874E44A9F12D6" />
    <File Index="477" Name="D:\Codes\CoffeeSpace\CoffeeSpace.AClient\Contracts\Requests\Auth\LoginRequest.cs" ChecksumAlgorithm="SHA256" Checksum="F82FDA22FC8D052217E2FB80D3E2BF3DD0EC65A18F04E8B1D8178AC8EB88B7D4" />
    <File Index="478" Name="D:\Codes\CoffeeSpace\CoffeeSpace.AClient\Contracts\Requests\Auth\RegisterRequest.cs" ChecksumAlgorithm="SHA256" Checksum="D758A238B45F499478CBBFF5C8F2F901A5CE499EEB738C8260B2D6260AACA59A" />
    <File Index="479" Name="C:\Users\nikit\.nuget\packages\hotavalonia.extensions\1.0.1\contentFiles\cs\netstandard2.1\AvaloniaHotReloadExtensions.cs" ChecksumAlgorithm="SHA256" Checksum="91A2DC6FDF370D882920D8C8B37875A940CD180B01B8ADED7A37E50CF608796F" />
  </FileIndices>
  <Assembly Name="CoffeeSpace.Domain" CoveredStatements="57" TotalStatements="57" CoveragePercent="100">
    <Namespace Name="CoffeeSpace.Domain.Ordering.BuyerInfo" CoveredStatements="8" TotalStatements="8" CoveragePercent="100">
      <Type Name="Buyer" CoveredStatements="8" TotalStatements="8" CoveragePercent="100">
        <Method Name="get_Email():System.String" CoveredStatements="1" TotalStatements="1" CoveragePercent="100">
          <Statement FileIndex="282" Line="11" Column="36" EndLine="11" EndColumn="40" Covered="True" />
        </Method>
        <Method Name="get_Id():System.Guid" CoveredStatements="1" TotalStatements="1" CoveragePercent="100">
          <Statement FileIndex="282" Line="7" Column="31" EndLine="7" EndColumn="35" Covered="True" />
        </Method>
        <Method Name="get_Name():System.String" CoveredStatements="1" TotalStatements="1" CoveragePercent="100">
          <Statement FileIndex="282" Line="9" Column="35" EndLine="9" EndColumn="39" Covered="True" />
        </Method>
        <Method Name="get_Orders():System.Collections.Generic.IEnumerable&lt;CoffeeSpace.Domain.Ordering.Orders.Order&gt;" CoveredStatements="1" TotalStatements="1" CoveragePercent="100">
          <Statement FileIndex="282" Line="13" Column="41" EndLine="13" EndColumn="45" Covered="True" />
        </Method>
        <Method Name="set_Email(System.String):System.Void" CoveredStatements="1" TotalStatements="1" CoveragePercent="100">
          <Statement FileIndex="282" Line="11" Column="41" EndLine="11" EndColumn="46" Covered="True" />
        </Method>
        <Method Name="set_Id(System.Guid):System.Void" CoveredStatements="1" TotalStatements="1" CoveragePercent="100">
          <Statement FileIndex="282" Line="7" Column="36" EndLine="7" EndColumn="41" Covered="True" />
        </Method>
        <Method Name="set_Name(System.String):System.Void" CoveredStatements="1" TotalStatements="1" CoveragePercent="100">
          <Statement FileIndex="282" Line="9" Column="40" EndLine="9" EndColumn="45" Covered="True" />
        </Method>
        <Method Name="set_Orders(System.Collections.Generic.IEnumerable&lt;CoffeeSpace.Domain.Ordering.Orders.Order&gt;):System.Void" CoveredStatements="1" TotalStatements="1" CoveragePercent="100">
          <Statement FileIndex="282" Line="13" Column="46" EndLine="13" EndColumn="51" Covered="True" />
        </Method>
      </Type>
    </Namespace>
    <Namespace Name="CoffeeSpace.Domain.Ordering.Orders" CoveredStatements="32" TotalStatements="32" CoveragePercent="100">
      <Type Name="Address" CoveredStatements="8" TotalStatements="8" CoveragePercent="100">
        <Method Name="get_City():System.String" CoveredStatements="1" TotalStatements="1" CoveragePercent="100">
          <Statement FileIndex="283" Line="9" Column="35" EndLine="9" EndColumn="39" Covered="True" />
        </Method>
        <Method Name="get_Country():System.String" CoveredStatements="1" TotalStatements="1" CoveragePercent="100">
          <Statement FileIndex="283" Line="11" Column="38" EndLine="11" EndColumn="42" Covered="True" />
        </Method>
        <Method Name="get_Id():System.Guid" CoveredStatements="1" TotalStatements="1" CoveragePercent="100">
          <Statement FileIndex="283" Line="5" Column="31" EndLine="5" EndColumn="35" Covered="True" />
        </Method>
        <Method Name="get_Street():System.String" CoveredStatements="1" TotalStatements="1" CoveragePercent="100">
          <Statement FileIndex="283" Line="7" Column="37" EndLine="7" EndColumn="41" Covered="True" />
        </Method>
        <Method Name="set_City(System.String):System.Void" CoveredStatements="1" TotalStatements="1" CoveragePercent="100">
          <Statement FileIndex="283" Line="9" Column="40" EndLine="9" EndColumn="45" Covered="True" />
        </Method>
        <Method Name="set_Country(System.String):System.Void" CoveredStatements="1" TotalStatements="1" CoveragePercent="100">
          <Statement FileIndex="283" Line="11" Column="43" EndLine="11" EndColumn="48" Covered="True" />
        </Method>
        <Method Name="set_Id(System.Guid):System.Void" CoveredStatements="1" TotalStatements="1" CoveragePercent="100">
          <Statement FileIndex="283" Line="5" Column="36" EndLine="5" EndColumn="41" Covered="True" />
        </Method>
        <Method Name="set_Street(System.String):System.Void" CoveredStatements="1" TotalStatements="1" CoveragePercent="100">
          <Statement FileIndex="283" Line="7" Column="42" EndLine="7" EndColumn="47" Covered="True" />
        </Method>
      </Type>
      <Type Name="Order" CoveredStatements="10" TotalStatements="10" CoveragePercent="100">
        <Method Name="get_Address():CoffeeSpace.Domain.Ordering.Orders.Address" CoveredStatements="1" TotalStatements="1" CoveragePercent="100">
          <Statement FileIndex="284" Line="11" Column="39" EndLine="11" EndColumn="43" Covered="True" />
        </Method>
        <Method Name="get_BuyerId():System.Guid" CoveredStatements="1" TotalStatements="1" CoveragePercent="100">
          <Statement FileIndex="284" Line="9" Column="36" EndLine="9" EndColumn="40" Covered="True" />
        </Method>
        <Method Name="get_Id():System.Guid" CoveredStatements="1" TotalStatements="1" CoveragePercent="100">
          <Statement FileIndex="284" Line="5" Column="31" EndLine="5" EndColumn="35" Covered="True" />
        </Method>
        <Method Name="get_OrderItems():System.Collections.Generic.IEnumerable&lt;CoffeeSpace.Domain.Ordering.Orders.OrderItem&gt;" CoveredStatements="1" TotalStatements="1" CoveragePercent="100">
          <Statement FileIndex="284" Line="13" Column="57" EndLine="13" EndColumn="61" Covered="True" />
        </Method>
        <Method Name="get_Status():CoffeeSpace.Domain.Ordering.Orders.OrderStatus" CoveredStatements="1" TotalStatements="1" CoveragePercent="100">
          <Statement FileIndex="284" Line="7" Column="42" EndLine="7" EndColumn="46" Covered="True" />
        </Method>
        <Method Name="set_Address(CoffeeSpace.Domain.Ordering.Orders.Address):System.Void" CoveredStatements="1" TotalStatements="1" CoveragePercent="100">
          <Statement FileIndex="284" Line="11" Column="44" EndLine="11" EndColumn="49" Covered="True" />
        </Method>
        <Method Name="set_BuyerId(System.Guid):System.Void" CoveredStatements="1" TotalStatements="1" CoveragePercent="100">
          <Statement FileIndex="284" Line="9" Column="41" EndLine="9" EndColumn="46" Covered="True" />
        </Method>
        <Method Name="set_Id(System.Guid):System.Void" CoveredStatements="1" TotalStatements="1" CoveragePercent="100">
          <Statement FileIndex="284" Line="5" Column="36" EndLine="5" EndColumn="41" Covered="True" />
        </Method>
        <Method Name="set_OrderItems(System.Collections.Generic.IEnumerable&lt;CoffeeSpace.Domain.Ordering.Orders.OrderItem&gt;):System.Void" CoveredStatements="1" TotalStatements="1" CoveragePercent="100">
          <Statement FileIndex="284" Line="13" Column="62" EndLine="13" EndColumn="67" Covered="True" />
        </Method>
        <Method Name="set_Status(CoffeeSpace.Domain.Ordering.Orders.OrderStatus):System.Void" CoveredStatements="1" TotalStatements="1" CoveragePercent="100">
          <Statement FileIndex="284" Line="7" Column="47" EndLine="7" EndColumn="52" Covered="True" />
        </Method>
      </Type>
      <Type Name="OrderItem" CoveredStatements="14" TotalStatements="14" CoveragePercent="100">
        <Method Name=".ctor():System.Void" CoveredStatements="1" TotalStatements="1" CoveragePercent="100">
          <Statement FileIndex="285" Line="5" Column="37" EndLine="5" EndColumn="51" Covered="True" />
        </Method>
        <Method Name="get_Description():System.String" CoveredStatements="1" TotalStatements="1" CoveragePercent="100">
          <Statement FileIndex="285" Line="9" Column="42" EndLine="9" EndColumn="46" Covered="True" />
        </Method>
        <Method Name="get_Discount():System.Single" CoveredStatements="1" TotalStatements="1" CoveragePercent="100">
          <Statement FileIndex="285" Line="15" Column="38" EndLine="15" EndColumn="42" Covered="True" />
        </Method>
        <Method Name="get_Id():System.Guid" CoveredStatements="1" TotalStatements="1" CoveragePercent="100">
          <Statement FileIndex="285" Line="5" Column="22" EndLine="5" EndColumn="26" Covered="True" />
        </Method>
        <Method Name="get_Quantity():System.Int32" CoveredStatements="1" TotalStatements="1" CoveragePercent="100">
          <Statement FileIndex="285" Line="13" Column="36" EndLine="13" EndColumn="40" Covered="True" />
        </Method>
        <Method Name="get_Title():System.String" CoveredStatements="1" TotalStatements="1" CoveragePercent="100">
          <Statement FileIndex="285" Line="7" Column="36" EndLine="7" EndColumn="40" Covered="True" />
        </Method>
        <Method Name="get_Total():System.Single" CoveredStatements="1" TotalStatements="1" CoveragePercent="100">
          <Statement FileIndex="285" Line="17" Column="27" EndLine="17" EndColumn="47" Covered="True" />
        </Method>
        <Method Name="get_UnitPrice():System.Single" CoveredStatements="1" TotalStatements="1" CoveragePercent="100">
          <Statement FileIndex="285" Line="11" Column="39" EndLine="11" EndColumn="43" Covered="True" />
        </Method>
        <Method Name="set_Description(System.String):System.Void" CoveredStatements="1" TotalStatements="1" CoveragePercent="100">
          <Statement FileIndex="285" Line="9" Column="47" EndLine="9" EndColumn="52" Covered="True" />
        </Method>
        <Method Name="set_Discount(System.Single):System.Void" CoveredStatements="1" TotalStatements="1" CoveragePercent="100">
          <Statement FileIndex="285" Line="15" Column="43" EndLine="15" EndColumn="48" Covered="True" />
        </Method>
        <Method Name="set_Id(System.Guid):System.Void" CoveredStatements="1" TotalStatements="1" CoveragePercent="100">
          <Statement FileIndex="285" Line="5" Column="27" EndLine="5" EndColumn="32" Covered="True" />
        </Method>
        <Method Name="set_Quantity(System.Int32):System.Void" CoveredStatements="1" TotalStatements="1" CoveragePercent="100">
          <Statement FileIndex="285" Line="13" Column="41" EndLine="13" EndColumn="45" Covered="True" />
        </Method>
        <Method Name="set_Title(System.String):System.Void" CoveredStatements="1" TotalStatements="1" CoveragePercent="100">
          <Statement FileIndex="285" Line="7" Column="41" EndLine="7" EndColumn="46" Covered="True" />
        </Method>
        <Method Name="set_UnitPrice(System.Single):System.Void" CoveredStatements="1" TotalStatements="1" CoveragePercent="100">
          <Statement FileIndex="285" Line="11" Column="44" EndLine="11" EndColumn="49" Covered="True" />
        </Method>
      </Type>
    </Namespace>
    <Namespace Name="CoffeeSpace.Domain.Products" CoveredStatements="17" TotalStatements="17" CoveragePercent="100">
      <Type Name="ImageInformation" CoveredStatements="4" TotalStatements="4" CoveragePercent="100">
        <Method Name="get_Data():System.String" CoveredStatements="1" TotalStatements="1" CoveragePercent="100">
          <Statement FileIndex="287" Line="7" Column="35" EndLine="7" EndColumn="39" Covered="True" />
        </Method>
        <Method Name="get_Mime():System.String" CoveredStatements="1" TotalStatements="1" CoveragePercent="100">
          <Statement FileIndex="287" Line="5" Column="35" EndLine="5" EndColumn="39" Covered="True" />
        </Method>
        <Method Name="set_Data(System.String):System.Void" CoveredStatements="1" TotalStatements="1" CoveragePercent="100">
          <Statement FileIndex="287" Line="7" Column="40" EndLine="7" EndColumn="45" Covered="True" />
        </Method>
        <Method Name="set_Mime(System.String):System.Void" CoveredStatements="1" TotalStatements="1" CoveragePercent="100">
          <Statement FileIndex="287" Line="5" Column="40" EndLine="5" EndColumn="45" Covered="True" />
        </Method>
      </Type>
      <Type Name="Product" CoveredStatements="13" TotalStatements="13" CoveragePercent="100">
        <Method Name="get_Description():System.String" CoveredStatements="1" TotalStatements="1" CoveragePercent="100">
          <Statement FileIndex="288" Line="11" Column="42" EndLine="11" EndColumn="46" Covered="True" />
        </Method>
        <Method Name="get_Id():System.Guid" CoveredStatements="1" TotalStatements="1" CoveragePercent="100">
          <Statement FileIndex="288" Line="5" Column="31" EndLine="5" EndColumn="35" Covered="True" />
        </Method>
        <Method Name="get_Image():System.Byte[]" CoveredStatements="1" TotalStatements="1" CoveragePercent="100">
          <Statement FileIndex="288" Line="7" Column="36" EndLine="7" EndColumn="40" Covered="True" />
        </Method>
        <Method Name="get_Quantity():System.Int32" CoveredStatements="1" TotalStatements="1" CoveragePercent="100">
          <Statement FileIndex="288" Line="15" Column="37" EndLine="15" EndColumn="41" Covered="True" />
        </Method>
        <Method Name="get_Title():System.String" CoveredStatements="1" TotalStatements="1" CoveragePercent="100">
          <Statement FileIndex="288" Line="9" Column="36" EndLine="9" EndColumn="40" Covered="True" />
        </Method>
        <Method Name="get_Total():System.Single" CoveredStatements="1" TotalStatements="1" CoveragePercent="100">
          <Statement FileIndex="288" Line="17" Column="27" EndLine="17" EndColumn="47" Covered="True" />
        </Method>
        <Method Name="get_UnitPrice():System.Single" CoveredStatements="1" TotalStatements="1" CoveragePercent="100">
          <Statement FileIndex="288" Line="13" Column="39" EndLine="13" EndColumn="43" Covered="True" />
        </Method>
        <Method Name="set_Description(System.String):System.Void" CoveredStatements="1" TotalStatements="1" CoveragePercent="100">
          <Statement FileIndex="288" Line="11" Column="47" EndLine="11" EndColumn="52" Covered="True" />
        </Method>
        <Method Name="set_Id(System.Guid):System.Void" CoveredStatements="1" TotalStatements="1" CoveragePercent="100">
          <Statement FileIndex="288" Line="5" Column="36" EndLine="5" EndColumn="41" Covered="True" />
        </Method>
        <Method Name="set_Image(System.Byte[]):System.Void" CoveredStatements="1" TotalStatements="1" CoveragePercent="100">
          <Statement FileIndex="288" Line="7" Column="41" EndLine="7" EndColumn="46" Covered="True" />
        </Method>
        <Method Name="set_Quantity(System.Int32):System.Void" CoveredStatements="1" TotalStatements="1" CoveragePercent="100">
          <Statement FileIndex="288" Line="15" Column="42" EndLine="15" EndColumn="47" Covered="True" />
        </Method>
        <Method Name="set_Title(System.String):System.Void" CoveredStatements="1" TotalStatements="1" CoveragePercent="100">
          <Statement FileIndex="288" Line="9" Column="41" EndLine="9" EndColumn="46" Covered="True" />
        </Method>
        <Method Name="set_UnitPrice(System.Single):System.Void" CoveredStatements="1" TotalStatements="1" CoveragePercent="100">
          <Statement FileIndex="288" Line="13" Column="44" EndLine="13" EndColumn="49" Covered="True" />
        </Method>
      </Type>
    </Namespace>
  </Assembly>
  <Assembly Name="CoffeeSpace.Domain" CoveredStatements="0" TotalStatements="57" CoveragePercent="0">
    <Namespace Name="CoffeeSpace.Domain.Ordering.BuyerInfo" CoveredStatements="0" TotalStatements="8" CoveragePercent="0">
      <Type Name="Buyer" CoveredStatements="0" TotalStatements="8" CoveragePercent="0">
        <Method Name="get_Email():System.String" CoveredStatements="0" TotalStatements="1" CoveragePercent="0">
          <Statement FileIndex="282" Line="11" Column="36" EndLine="11" EndColumn="40" Covered="False" />
        </Method>
        <Method Name="get_Id():System.Guid" CoveredStatements="0" TotalStatements="1" CoveragePercent="0">
          <Statement FileIndex="282" Line="7" Column="31" EndLine="7" EndColumn="35" Covered="False" />
        </Method>
        <Method Name="get_Name():System.String" CoveredStatements="0" TotalStatements="1" CoveragePercent="0">
          <Statement FileIndex="282" Line="9" Column="35" EndLine="9" EndColumn="39" Covered="False" />
        </Method>
        <Method Name="get_Orders():System.Collections.Generic.IEnumerable&lt;CoffeeSpace.Domain.Ordering.Orders.Order&gt;" CoveredStatements="0" TotalStatements="1" CoveragePercent="0">
          <Statement FileIndex="282" Line="13" Column="41" EndLine="13" EndColumn="45" Covered="False" />
        </Method>
        <Method Name="set_Email(System.String):System.Void" CoveredStatements="0" TotalStatements="1" CoveragePercent="0">
          <Statement FileIndex="282" Line="11" Column="41" EndLine="11" EndColumn="46" Covered="False" />
        </Method>
        <Method Name="set_Id(System.Guid):System.Void" CoveredStatements="0" TotalStatements="1" CoveragePercent="0">
          <Statement FileIndex="282" Line="7" Column="36" EndLine="7" EndColumn="41" Covered="False" />
        </Method>
        <Method Name="set_Name(System.String):System.Void" CoveredStatements="0" TotalStatements="1" CoveragePercent="0">
          <Statement FileIndex="282" Line="9" Column="40" EndLine="9" EndColumn="45" Covered="False" />
        </Method>
        <Method Name="set_Orders(System.Collections.Generic.IEnumerable&lt;CoffeeSpace.Domain.Ordering.Orders.Order&gt;):System.Void" CoveredStatements="0" TotalStatements="1" CoveragePercent="0">
          <Statement FileIndex="282" Line="13" Column="46" EndLine="13" EndColumn="51" Covered="False" />
        </Method>
      </Type>
    </Namespace>
    <Namespace Name="CoffeeSpace.Domain.Ordering.Orders" CoveredStatements="0" TotalStatements="32" CoveragePercent="0">
      <Type Name="Address" CoveredStatements="0" TotalStatements="8" CoveragePercent="0">
        <Method Name="get_City():System.String" CoveredStatements="0" TotalStatements="1" CoveragePercent="0">
          <Statement FileIndex="283" Line="9" Column="35" EndLine="9" EndColumn="39" Covered="False" />
        </Method>
        <Method Name="get_Country():System.String" CoveredStatements="0" TotalStatements="1" CoveragePercent="0">
          <Statement FileIndex="283" Line="11" Column="38" EndLine="11" EndColumn="42" Covered="False" />
        </Method>
        <Method Name="get_Id():System.Guid" CoveredStatements="0" TotalStatements="1" CoveragePercent="0">
          <Statement FileIndex="283" Line="5" Column="31" EndLine="5" EndColumn="35" Covered="False" />
        </Method>
        <Method Name="get_Street():System.String" CoveredStatements="0" TotalStatements="1" CoveragePercent="0">
          <Statement FileIndex="283" Line="7" Column="37" EndLine="7" EndColumn="41" Covered="False" />
        </Method>
        <Method Name="set_City(System.String):System.Void" CoveredStatements="0" TotalStatements="1" CoveragePercent="0">
          <Statement FileIndex="283" Line="9" Column="40" EndLine="9" EndColumn="45" Covered="False" />
        </Method>
        <Method Name="set_Country(System.String):System.Void" CoveredStatements="0" TotalStatements="1" CoveragePercent="0">
          <Statement FileIndex="283" Line="11" Column="43" EndLine="11" EndColumn="48" Covered="False" />
        </Method>
        <Method Name="set_Id(System.Guid):System.Void" CoveredStatements="0" TotalStatements="1" CoveragePercent="0">
          <Statement FileIndex="283" Line="5" Column="36" EndLine="5" EndColumn="41" Covered="False" />
        </Method>
        <Method Name="set_Street(System.String):System.Void" CoveredStatements="0" TotalStatements="1" CoveragePercent="0">
          <Statement FileIndex="283" Line="7" Column="42" EndLine="7" EndColumn="47" Covered="False" />
        </Method>
      </Type>
      <Type Name="Order" CoveredStatements="0" TotalStatements="10" CoveragePercent="0">
        <Method Name="get_Address():CoffeeSpace.Domain.Ordering.Orders.Address" CoveredStatements="0" TotalStatements="1" CoveragePercent="0">
          <Statement FileIndex="284" Line="11" Column="39" EndLine="11" EndColumn="43" Covered="False" />
        </Method>
        <Method Name="get_BuyerId():System.Guid" CoveredStatements="0" TotalStatements="1" CoveragePercent="0">
          <Statement FileIndex="284" Line="9" Column="36" EndLine="9" EndColumn="40" Covered="False" />
        </Method>
        <Method Name="get_Id():System.Guid" CoveredStatements="0" TotalStatements="1" CoveragePercent="0">
          <Statement FileIndex="284" Line="5" Column="31" EndLine="5" EndColumn="35" Covered="False" />
        </Method>
        <Method Name="get_OrderItems():System.Collections.Generic.IEnumerable&lt;CoffeeSpace.Domain.Ordering.Orders.OrderItem&gt;" CoveredStatements="0" TotalStatements="1" CoveragePercent="0">
          <Statement FileIndex="284" Line="13" Column="57" EndLine="13" EndColumn="61" Covered="False" />
        </Method>
        <Method Name="get_Status():CoffeeSpace.Domain.Ordering.Orders.OrderStatus" CoveredStatements="0" TotalStatements="1" CoveragePercent="0">
          <Statement FileIndex="284" Line="7" Column="42" EndLine="7" EndColumn="46" Covered="False" />
        </Method>
        <Method Name="set_Address(CoffeeSpace.Domain.Ordering.Orders.Address):System.Void" CoveredStatements="0" TotalStatements="1" CoveragePercent="0">
          <Statement FileIndex="284" Line="11" Column="44" EndLine="11" EndColumn="49" Covered="False" />
        </Method>
        <Method Name="set_BuyerId(System.Guid):System.Void" CoveredStatements="0" TotalStatements="1" CoveragePercent="0">
          <Statement FileIndex="284" Line="9" Column="41" EndLine="9" EndColumn="46" Covered="False" />
        </Method>
        <Method Name="set_Id(System.Guid):System.Void" CoveredStatements="0" TotalStatements="1" CoveragePercent="0">
          <Statement FileIndex="284" Line="5" Column="36" EndLine="5" EndColumn="41" Covered="False" />
        </Method>
        <Method Name="set_OrderItems(System.Collections.Generic.IEnumerable&lt;CoffeeSpace.Domain.Ordering.Orders.OrderItem&gt;):System.Void" CoveredStatements="0" TotalStatements="1" CoveragePercent="0">
          <Statement FileIndex="284" Line="13" Column="62" EndLine="13" EndColumn="67" Covered="False" />
        </Method>
        <Method Name="set_Status(CoffeeSpace.Domain.Ordering.Orders.OrderStatus):System.Void" CoveredStatements="0" TotalStatements="1" CoveragePercent="0">
          <Statement FileIndex="284" Line="7" Column="47" EndLine="7" EndColumn="52" Covered="False" />
        </Method>
      </Type>
      <Type Name="OrderItem" CoveredStatements="0" TotalStatements="14" CoveragePercent="0">
        <Method Name=".ctor():System.Void" CoveredStatements="0" TotalStatements="1" CoveragePercent="0">
          <Statement FileIndex="285" Line="5" Column="37" EndLine="5" EndColumn="51" Covered="False" />
        </Method>
        <Method Name="get_Description():System.String" CoveredStatements="0" TotalStatements="1" CoveragePercent="0">
          <Statement FileIndex="285" Line="9" Column="42" EndLine="9" EndColumn="46" Covered="False" />
        </Method>
        <Method Name="get_Discount():System.Single" CoveredStatements="0" TotalStatements="1" CoveragePercent="0">
          <Statement FileIndex="285" Line="15" Column="38" EndLine="15" EndColumn="42" Covered="False" />
        </Method>
        <Method Name="get_Id():System.Guid" CoveredStatements="0" TotalStatements="1" CoveragePercent="0">
          <Statement FileIndex="285" Line="5" Column="22" EndLine="5" EndColumn="26" Covered="False" />
        </Method>
        <Method Name="get_Quantity():System.Int32" CoveredStatements="0" TotalStatements="1" CoveragePercent="0">
          <Statement FileIndex="285" Line="13" Column="36" EndLine="13" EndColumn="40" Covered="False" />
        </Method>
        <Method Name="get_Title():System.String" CoveredStatements="0" TotalStatements="1" CoveragePercent="0">
          <Statement FileIndex="285" Line="7" Column="36" EndLine="7" EndColumn="40" Covered="False" />
        </Method>
        <Method Name="get_Total():System.Single" CoveredStatements="0" TotalStatements="1" CoveragePercent="0">
          <Statement FileIndex="285" Line="17" Column="27" EndLine="17" EndColumn="47" Covered="False" />
        </Method>
        <Method Name="get_UnitPrice():System.Single" CoveredStatements="0" TotalStatements="1" CoveragePercent="0">
          <Statement FileIndex="285" Line="11" Column="39" EndLine="11" EndColumn="43" Covered="False" />
        </Method>
        <Method Name="set_Description(System.String):System.Void" CoveredStatements="0" TotalStatements="1" CoveragePercent="0">
          <Statement FileIndex="285" Line="9" Column="47" EndLine="9" EndColumn="52" Covered="False" />
        </Method>
        <Method Name="set_Discount(System.Single):System.Void" CoveredStatements="0" TotalStatements="1" CoveragePercent="0">
          <Statement FileIndex="285" Line="15" Column="43" EndLine="15" EndColumn="48" Covered="False" />
        </Method>
        <Method Name="set_Id(System.Guid):System.Void" CoveredStatements="0" TotalStatements="1" CoveragePercent="0">
          <Statement FileIndex="285" Line="5" Column="27" EndLine="5" EndColumn="32" Covered="False" />
        </Method>
        <Method Name="set_Quantity(System.Int32):System.Void" CoveredStatements="0" TotalStatements="1" CoveragePercent="0">
          <Statement FileIndex="285" Line="13" Column="41" EndLine="13" EndColumn="45" Covered="False" />
        </Method>
        <Method Name="set_Title(System.String):System.Void" CoveredStatements="0" TotalStatements="1" CoveragePercent="0">
          <Statement FileIndex="285" Line="7" Column="41" EndLine="7" EndColumn="46" Covered="False" />
        </Method>
        <Method Name="set_UnitPrice(System.Single):System.Void" CoveredStatements="0" TotalStatements="1" CoveragePercent="0">
          <Statement FileIndex="285" Line="11" Column="44" EndLine="11" EndColumn="49" Covered="False" />
        </Method>
      </Type>
    </Namespace>
    <Namespace Name="CoffeeSpace.Domain.Products" CoveredStatements="0" TotalStatements="17" CoveragePercent="0">
      <Type Name="ImageInformation" CoveredStatements="0" TotalStatements="4" CoveragePercent="0">
        <Method Name="get_Data():System.String" CoveredStatements="0" TotalStatements="1" CoveragePercent="0">
          <Statement FileIndex="287" Line="7" Column="35" EndLine="7" EndColumn="39" Covered="False" />
        </Method>
        <Method Name="get_Mime():System.String" CoveredStatements="0" TotalStatements="1" CoveragePercent="0">
          <Statement FileIndex="287" Line="5" Column="35" EndLine="5" EndColumn="39" Covered="False" />
        </Method>
        <Method Name="set_Data(System.String):System.Void" CoveredStatements="0" TotalStatements="1" CoveragePercent="0">
          <Statement FileIndex="287" Line="7" Column="40" EndLine="7" EndColumn="45" Covered="False" />
        </Method>
        <Method Name="set_Mime(System.String):System.Void" CoveredStatements="0" TotalStatements="1" CoveragePercent="0">
          <Statement FileIndex="287" Line="5" Column="40" EndLine="5" EndColumn="45" Covered="False" />
        </Method>
      </Type>
      <Type Name="Product" CoveredStatements="0" TotalStatements="13" CoveragePercent="0">
        <Method Name="get_Description():System.String" CoveredStatements="0" TotalStatements="1" CoveragePercent="0">
          <Statement FileIndex="288" Line="11" Column="42" EndLine="11" EndColumn="46" Covered="False" />
        </Method>
        <Method Name="get_Id():System.Guid" CoveredStatements="0" TotalStatements="1" CoveragePercent="0">
          <Statement FileIndex="288" Line="5" Column="31" EndLine="5" EndColumn="35" Covered="False" />
        </Method>
        <Method Name="get_Image():System.Byte[]" CoveredStatements="0" TotalStatements="1" CoveragePercent="0">
          <Statement FileIndex="288" Line="7" Column="36" EndLine="7" EndColumn="40" Covered="False" />
        </Method>
        <Method Name="get_Quantity():System.Int32" CoveredStatements="0" TotalStatements="1" CoveragePercent="0">
          <Statement FileIndex="288" Line="15" Column="37" EndLine="15" EndColumn="41" Covered="False" />
        </Method>
        <Method Name="get_Title():System.String" CoveredStatements="0" TotalStatements="1" CoveragePercent="0">
          <Statement FileIndex="288" Line="9" Column="36" EndLine="9" EndColumn="40" Covered="False" />
        </Method>
        <Method Name="get_Total():System.Single" CoveredStatements="0" TotalStatements="1" CoveragePercent="0">
          <Statement FileIndex="288" Line="17" Column="27" EndLine="17" EndColumn="47" Covered="False" />
        </Method>
        <Method Name="get_UnitPrice():System.Single" CoveredStatements="0" TotalStatements="1" CoveragePercent="0">
          <Statement FileIndex="288" Line="13" Column="39" EndLine="13" EndColumn="43" Covered="False" />
        </Method>
        <Method Name="set_Description(System.String):System.Void" CoveredStatements="0" TotalStatements="1" CoveragePercent="0">
          <Statement FileIndex="288" Line="11" Column="47" EndLine="11" EndColumn="52" Covered="False" />
        </Method>
        <Method Name="set_Id(System.Guid):System.Void" CoveredStatements="0" TotalStatements="1" CoveragePercent="0">
          <Statement FileIndex="288" Line="5" Column="36" EndLine="5" EndColumn="41" Covered="False" />
        </Method>
        <Method Name="set_Image(System.Byte[]):System.Void" CoveredStatements="0" TotalStatements="1" CoveragePercent="0">
          <Statement FileIndex="288" Line="7" Column="41" EndLine="7" EndColumn="46" Covered="False" />
        </Method>
        <Method Name="set_Quantity(System.Int32):System.Void" CoveredStatements="0" TotalStatements="1" CoveragePercent="0">
          <Statement FileIndex="288" Line="15" Column="42" EndLine="15" EndColumn="47" Covered="False" />
        </Method>
        <Method Name="set_Title(System.String):System.Void" CoveredStatements="0" TotalStatements="1" CoveragePercent="0">
          <Statement FileIndex="288" Line="9" Column="41" EndLine="9" EndColumn="46" Covered="False" />
        </Method>
        <Method Name="set_UnitPrice(System.Single):System.Void" CoveredStatements="0" TotalStatements="1" CoveragePercent="0">
          <Statement FileIndex="288" Line="13" Column="44" EndLine="13" EndColumn="49" Covered="False" />
        </Method>
      </Type>
    </Namespace>
  </Assembly>
  <Assembly Name="CoffeeSpace.IdentityApi" CoveredStatements="201" TotalStatements="209" CoveragePercent="96">
    <Namespace Name="CoffeeSpace.IdentityApi.Application.Contracts.Requests.Login" CoveredStatements="4" TotalStatements="4" CoveragePercent="100">
      <Type Name="LoginRequest" CoveredStatements="4" TotalStatements="4" CoveragePercent="100">
        <Method Name="get_Password():System.String" CoveredStatements="1" TotalStatements="1" CoveragePercent="100">
          <Statement FileIndex="99" Line="7" Column="39" EndLine="7" EndColumn="43" Covered="True" />
        </Method>
        <Method Name="get_Username():System.String" CoveredStatements="1" TotalStatements="1" CoveragePercent="100">
          <Statement FileIndex="99" Line="5" Column="39" EndLine="5" EndColumn="43" Covered="True" />
        </Method>
        <Method Name="set_Password(System.String):System.Void" CoveredStatements="1" TotalStatements="1" CoveragePercent="100">
          <Statement FileIndex="99" Line="7" Column="44" EndLine="7" EndColumn="49" Covered="True" />
        </Method>
        <Method Name="set_Username(System.String):System.Void" CoveredStatements="1" TotalStatements="1" CoveragePercent="100">
          <Statement FileIndex="99" Line="5" Column="44" EndLine="5" EndColumn="49" Covered="True" />
        </Method>
      </Type>
    </Namespace>
    <Namespace Name="CoffeeSpace.IdentityApi.Application.Contracts.Requests.Register" CoveredStatements="10" TotalStatements="10" CoveragePercent="100">
      <Type Name="RegisterRequest" CoveredStatements="10" TotalStatements="10" CoveragePercent="100">
        <Method Name="get_Email():System.String" CoveredStatements="1" TotalStatements="1" CoveragePercent="100">
          <Statement FileIndex="100" Line="11" Column="36" EndLine="11" EndColumn="40" Covered="True" />
        </Method>
        <Method Name="get_LastName():System.String" CoveredStatements="1" TotalStatements="1" CoveragePercent="100">
          <Statement FileIndex="100" Line="7" Column="39" EndLine="7" EndColumn="43" Covered="True" />
        </Method>
        <Method Name="get_Name():System.String" CoveredStatements="1" TotalStatements="1" CoveragePercent="100">
          <Statement FileIndex="100" Line="5" Column="35" EndLine="5" EndColumn="39" Covered="True" />
        </Method>
        <Method Name="get_Password():System.String" CoveredStatements="1" TotalStatements="1" CoveragePercent="100">
          <Statement FileIndex="100" Line="13" Column="39" EndLine="13" EndColumn="43" Covered="True" />
        </Method>
        <Method Name="get_UserName():System.String" CoveredStatements="1" TotalStatements="1" CoveragePercent="100">
          <Statement FileIndex="100" Line="9" Column="39" EndLine="9" EndColumn="43" Covered="True" />
        </Method>
        <Method Name="set_Email(System.String):System.Void" CoveredStatements="1" TotalStatements="1" CoveragePercent="100">
          <Statement FileIndex="100" Line="11" Column="41" EndLine="11" EndColumn="46" Covered="True" />
        </Method>
        <Method Name="set_LastName(System.String):System.Void" CoveredStatements="1" TotalStatements="1" CoveragePercent="100">
          <Statement FileIndex="100" Line="7" Column="44" EndLine="7" EndColumn="49" Covered="True" />
        </Method>
        <Method Name="set_Name(System.String):System.Void" CoveredStatements="1" TotalStatements="1" CoveragePercent="100">
          <Statement FileIndex="100" Line="5" Column="40" EndLine="5" EndColumn="45" Covered="True" />
        </Method>
        <Method Name="set_Password(System.String):System.Void" CoveredStatements="1" TotalStatements="1" CoveragePercent="100">
          <Statement FileIndex="100" Line="13" Column="44" EndLine="13" EndColumn="49" Covered="True" />
        </Method>
        <Method Name="set_UserName(System.String):System.Void" CoveredStatements="1" TotalStatements="1" CoveragePercent="100">
          <Statement FileIndex="100" Line="9" Column="44" EndLine="9" EndColumn="49" Covered="True" />
        </Method>
      </Type>
    </Namespace>
    <Namespace Name="CoffeeSpace.IdentityApi.Application.Extensions" CoveredStatements="22" TotalStatements="22" CoveragePercent="100">
      <Type Name="ApiVersionExtensions" CoveredStatements="9" TotalStatements="9" CoveragePercent="100">
        <Type Name="&lt;&gt;c__DisplayClass0_0" CoveredStatements="6" TotalStatements="6" CoveragePercent="100">
          <Method Name="&lt;AddApiVersioning&gt;b__0(Asp.Versioning.ApiVersioningOptions):System.Void" CoveredStatements="6" TotalStatements="6" CoveragePercent="100">
            <Statement FileIndex="101" Line="10" Column="13" EndLine="10" EndColumn="14" Covered="True" />
            <Statement FileIndex="101" Line="11" Column="17" EndLine="11" EndColumn="45" Covered="True" />
            <Statement FileIndex="101" Line="12" Column="17" EndLine="12" EndColumn="59" Covered="True" />
            <Statement FileIndex="101" Line="13" Column="17" EndLine="13" EndColumn="44" Covered="True" />
            <Statement FileIndex="101" Line="14" Column="17" EndLine="14" EndColumn="78" Covered="True" />
            <Statement FileIndex="101" Line="15" Column="13" EndLine="15" EndColumn="14" Covered="True" />
          </Method>
        </Type>
        <Method Name="AddApiVersioning(Microsoft.Extensions.DependencyInjection.IServiceCollection,Asp.Versioning.IApiVersionReader,System.Boolean):Asp.Versioning.IApiVersioningBuilder" CoveredStatements="3" TotalStatements="3" CoveragePercent="100">
          <Statement FileIndex="101" Line="8" Column="5" EndLine="8" EndColumn="6" Covered="True" />
          <Statement FileIndex="101" Line="9" Column="9" EndLine="16" EndColumn="23" Covered="True" />
          <Statement FileIndex="101" Line="17" Column="5" EndLine="17" EndColumn="6" Covered="True" />
        </Method>
      </Type>
      <Type Name="HealthChecksExtensions" CoveredStatements="3" TotalStatements="3" CoveragePercent="100">
        <Method Name="AddServiceHealthChecks(Microsoft.Extensions.DependencyInjection.IServiceCollection,Microsoft.AspNetCore.Builder.WebApplicationBuilder):Microsoft.Extensions.DependencyInjection.IHealthChecksBuilder" CoveredStatements="3" TotalStatements="3" CoveragePercent="100">
          <Statement FileIndex="102" Line="6" Column="5" EndLine="6" EndColumn="6" Covered="True" />
          <Statement FileIndex="102" Line="7" Column="9" EndLine="9" EndColumn="112" Covered="True" />
          <Statement FileIndex="102" Line="10" Column="5" EndLine="10" EndColumn="6" Covered="True" />
        </Method>
      </Type>
      <Type Name="IdentityExtensions" CoveredStatements="10" TotalStatements="10" CoveragePercent="100">
        <Type Name="&lt;&gt;c__DisplayClass0_0" CoveredStatements="4" TotalStatements="4" CoveragePercent="100">
          <Method Name="&lt;AddIdentityConfiguration&gt;b__0(Microsoft.AspNetCore.Identity.IdentityOptions):System.Void" CoveredStatements="4" TotalStatements="4" CoveragePercent="100">
            <Statement FileIndex="103" Line="27" Column="13" EndLine="27" EndColumn="14" Covered="True" />
            <Statement FileIndex="103" Line="28" Column="17" EndLine="28" EndColumn="46" Covered="True" />
            <Statement FileIndex="103" Line="29" Column="17" EndLine="29" EndColumn="38" Covered="True" />
            <Statement FileIndex="103" Line="30" Column="13" EndLine="30" EndColumn="14" Covered="True" />
          </Method>
        </Type>
        <Method Name="AddIdentityConfiguration(Microsoft.Extensions.DependencyInjection.IServiceCollection,Microsoft.AspNetCore.Identity.PasswordOptions,Microsoft.AspNetCore.Identity.UserOptions):Microsoft.Extensions.DependencyInjection.IServiceCollection" CoveredStatements="6" TotalStatements="6" CoveragePercent="100">
          <Statement FileIndex="103" Line="11" Column="5" EndLine="11" EndColumn="6" Covered="True" />
          <Statement FileIndex="103" Line="12" Column="9" EndLine="19" EndColumn="11" Covered="True" />
          <Statement FileIndex="103" Line="21" Column="9" EndLine="24" EndColumn="11" Covered="True" />
          <Statement FileIndex="103" Line="26" Column="9" EndLine="32" EndColumn="41" Covered="True" />
          <Statement FileIndex="103" Line="34" Column="9" EndLine="34" EndColumn="25" Covered="True" />
          <Statement FileIndex="103" Line="35" Column="5" EndLine="35" EndColumn="6" Covered="True" />
        </Method>
      </Type>
    </Namespace>
    <Namespace Name="CoffeeSpace.IdentityApi.Application.Messages.Consumers" CoveredStatements="25" TotalStatements="25" CoveragePercent="100">
      <Type Name="DeleteBuyerConsumer" CoveredStatements="12" TotalStatements="12" CoveragePercent="100">
        <Type Name="&lt;Consume&gt;d__2" CoveredStatements="8" TotalStatements="8" CoveragePercent="100">
          <Method Name="MoveNext():System.Void" CoveredStatements="8" TotalStatements="8" CoveragePercent="100">
            <Statement FileIndex="106" Line="18" Column="5" EndLine="18" EndColumn="6" Covered="True" />
            <Statement FileIndex="106" Line="19" Column="9" EndLine="19" EndColumn="79" Covered="True" />
            <Statement FileIndex="106" Line="20" Column="9" EndLine="20" EndColumn="30" Covered="True" />
            <Statement FileIndex="106" Line="21" Column="9" EndLine="21" EndColumn="10" Covered="True" />
            <Statement FileIndex="106" Line="22" Column="13" EndLine="22" EndColumn="50" Covered="True" />
            <Statement FileIndex="106" Line="23" Column="13" EndLine="23" EndColumn="119" Covered="True" />
            <Statement FileIndex="106" Line="24" Column="9" EndLine="24" EndColumn="10" Covered="True" />
            <Statement FileIndex="106" Line="25" Column="5" EndLine="25" EndColumn="6" Covered="True" />
          </Method>
        </Type>
        <Method Name=".ctor(Microsoft.AspNetCore.Identity.UserManager&lt;CoffeeSpace.IdentityApi.Application.Models.ApplicationUser&gt;):System.Void" CoveredStatements="4" TotalStatements="4" CoveragePercent="100">
          <Statement FileIndex="106" Line="12" Column="5" EndLine="12" EndColumn="73" Covered="True" />
          <Statement FileIndex="106" Line="13" Column="5" EndLine="13" EndColumn="6" Covered="True" />
          <Statement FileIndex="106" Line="14" Column="9" EndLine="14" EndColumn="36" Covered="True" />
          <Statement FileIndex="106" Line="15" Column="5" EndLine="15" EndColumn="6" Covered="True" />
        </Method>
      </Type>
      <Type Name="UpdateBuyerConsumer" CoveredStatements="13" TotalStatements="13" CoveragePercent="100">
        <Type Name="&lt;Consume&gt;d__2" CoveredStatements="9" TotalStatements="9" CoveragePercent="100">
          <Method Name="MoveNext():System.Void" CoveredStatements="9" TotalStatements="9" CoveragePercent="100">
            <Statement FileIndex="107" Line="18" Column="5" EndLine="18" EndColumn="6" Covered="True" />
            <Statement FileIndex="107" Line="19" Column="9" EndLine="19" EndColumn="85" Covered="True" />
            <Statement FileIndex="107" Line="20" Column="9" EndLine="20" EndColumn="30" Covered="True" />
            <Statement FileIndex="107" Line="21" Column="9" EndLine="21" EndColumn="10" Covered="True" />
            <Statement FileIndex="107" Line="22" Column="13" EndLine="22" EndColumn="81" Covered="True" />
            <Statement FileIndex="107" Line="23" Column="13" EndLine="23" EndColumn="83" Covered="True" />
            <Statement FileIndex="107" Line="25" Column="13" EndLine="25" EndColumn="108" Covered="True" />
            <Statement FileIndex="107" Line="26" Column="9" EndLine="26" EndColumn="10" Covered="True" />
            <Statement FileIndex="107" Line="27" Column="5" EndLine="27" EndColumn="6" Covered="True" />
          </Method>
        </Type>
        <Method Name=".ctor(Microsoft.AspNetCore.Identity.UserManager&lt;CoffeeSpace.IdentityApi.Application.Models.ApplicationUser&gt;):System.Void" CoveredStatements="4" TotalStatements="4" CoveragePercent="100">
          <Statement FileIndex="107" Line="12" Column="5" EndLine="12" EndColumn="73" Covered="True" />
          <Statement FileIndex="107" Line="13" Column="5" EndLine="13" EndColumn="6" Covered="True" />
          <Statement FileIndex="107" Line="14" Column="9" EndLine="14" EndColumn="36" Covered="True" />
          <Statement FileIndex="107" Line="15" Column="5" EndLine="15" EndColumn="6" Covered="True" />
        </Method>
      </Type>
    </Namespace>
    <Namespace Name="CoffeeSpace.IdentityApi.Application.Models" CoveredStatements="8" TotalStatements="10" CoveragePercent="80">
      <Type Name="ApplicationUser" CoveredStatements="8" TotalStatements="10" CoveragePercent="80">
        <Method Name="get_Email():System.String" CoveredStatements="1" TotalStatements="1" CoveragePercent="100">
          <Statement FileIndex="108" Line="13" Column="46" EndLine="13" EndColumn="50" Covered="True" />
        </Method>
        <Method Name="get_LastName():System.String" CoveredStatements="0" TotalStatements="1" CoveragePercent="0">
          <Statement FileIndex="108" Line="9" Column="39" EndLine="9" EndColumn="43" Covered="False" />
        </Method>
        <Method Name="get_Name():System.String" CoveredStatements="0" TotalStatements="1" CoveragePercent="0">
          <Statement FileIndex="108" Line="7" Column="35" EndLine="7" EndColumn="39" Covered="False" />
        </Method>
        <Method Name="get_Password():System.String" CoveredStatements="1" TotalStatements="1" CoveragePercent="100">
          <Statement FileIndex="108" Line="15" Column="39" EndLine="15" EndColumn="43" Covered="True" />
        </Method>
        <Method Name="get_UserName():System.String" CoveredStatements="1" TotalStatements="1" CoveragePercent="100">
          <Statement FileIndex="108" Line="11" Column="49" EndLine="11" EndColumn="53" Covered="True" />
        </Method>
        <Method Name="set_Email(System.String):System.Void" CoveredStatements="1" TotalStatements="1" CoveragePercent="100">
          <Statement FileIndex="108" Line="13" Column="51" EndLine="13" EndColumn="55" Covered="True" />
        </Method>
        <Method Name="set_LastName(System.String):System.Void" CoveredStatements="1" TotalStatements="1" CoveragePercent="100">
          <Statement FileIndex="108" Line="9" Column="44" EndLine="9" EndColumn="49" Covered="True" />
        </Method>
        <Method Name="set_Name(System.String):System.Void" CoveredStatements="1" TotalStatements="1" CoveragePercent="100">
          <Statement FileIndex="108" Line="7" Column="40" EndLine="7" EndColumn="45" Covered="True" />
        </Method>
        <Method Name="set_Password(System.String):System.Void" CoveredStatements="1" TotalStatements="1" CoveragePercent="100">
          <Statement FileIndex="108" Line="15" Column="44" EndLine="15" EndColumn="49" Covered="True" />
        </Method>
        <Method Name="set_UserName(System.String):System.Void" CoveredStatements="1" TotalStatements="1" CoveragePercent="100">
          <Statement FileIndex="108" Line="11" Column="54" EndLine="11" EndColumn="58" Covered="True" />
        </Method>
      </Type>
    </Namespace>
    <Namespace Name="CoffeeSpace.IdentityApi.Application.Services" CoveredStatements="49" TotalStatements="49" CoveragePercent="100">
      <Type Name="AuthService" CoveredStatements="33" TotalStatements="33" CoveragePercent="100">
        <Type Name="&lt;LoginAsync&gt;d__6" CoveredStatements="9" TotalStatements="9" CoveragePercent="100">
          <Method Name="MoveNext():System.Void" CoveredStatements="9" TotalStatements="9" CoveragePercent="100">
            <Statement FileIndex="111" Line="55" Column="5" EndLine="55" EndColumn="6" Covered="True" />
            <Statement FileIndex="111" Line="56" Column="9" EndLine="56" EndColumn="103" Covered="True" />
            <Statement FileIndex="111" Line="57" Column="9" EndLine="57" EndColumn="37" Covered="True" />
            <Statement FileIndex="111" Line="58" Column="9" EndLine="58" EndColumn="10" Covered="True" />
            <Statement FileIndex="111" Line="59" Column="13" EndLine="59" EndColumn="25" Covered="True" />
            <Statement FileIndex="111" Line="62" Column="9" EndLine="62" EndColumn="90" Covered="True" />
            <Statement FileIndex="111" Line="63" Column="9" EndLine="63" EndColumn="96" Covered="True" />
            <Statement FileIndex="111" Line="65" Column="9" EndLine="65" EndColumn="22" Covered="True" />
            <Statement FileIndex="111" Line="66" Column="5" EndLine="66" EndColumn="6" Covered="True" />
          </Method>
        </Type>
        <Type Name="&lt;RegisterAsync&gt;d__4" CoveredStatements="15" TotalStatements="15" CoveragePercent="100">
          <Method Name="MoveNext():System.Void" CoveredStatements="15" TotalStatements="15" CoveragePercent="100">
            <Statement FileIndex="111" Line="23" Column="5" EndLine="23" EndColumn="6" Covered="True" />
            <Statement FileIndex="111" Line="24" Column="9" EndLine="24" EndColumn="88" Covered="True" />
            <Statement FileIndex="111" Line="25" Column="9" EndLine="25" EndColumn="31" Covered="True" />
            <Statement FileIndex="111" Line="26" Column="9" EndLine="26" EndColumn="10" Covered="True" />
            <Statement FileIndex="111" Line="27" Column="13" EndLine="27" EndColumn="25" Covered="True" />
            <Statement FileIndex="111" Line="30" Column="9" EndLine="30" EndColumn="116" Covered="True" />
            <Statement FileIndex="111" Line="31" Column="9" EndLine="31" EndColumn="39" Covered="True" />
            <Statement FileIndex="111" Line="32" Column="9" EndLine="32" EndColumn="10" Covered="True" />
            <Statement FileIndex="111" Line="33" Column="13" EndLine="33" EndColumn="25" Covered="True" />
            <Statement FileIndex="111" Line="36" Column="9" EndLine="40" EndColumn="31" Covered="True" />
            <Statement FileIndex="111" Line="42" Column="9" EndLine="42" EndColumn="74" Covered="True" />
            <Statement FileIndex="111" Line="43" Column="9" EndLine="43" EndColumn="78" Covered="True" />
            <Statement FileIndex="111" Line="45" Column="9" EndLine="45" EndColumn="84" Covered="True" />
            <Statement FileIndex="111" Line="46" Column="9" EndLine="46" EndColumn="22" Covered="True" />
            <Statement FileIndex="111" Line="47" Column="5" EndLine="47" EndColumn="6" Covered="True" />
          </Method>
        </Type>
        <Method Name=".ctor(Microsoft.AspNetCore.Identity.SignInManager&lt;CoffeeSpace.IdentityApi.Application.Models.ApplicationUser&gt;,CoffeeSpace.IdentityApi.Application.Services.Abstractions.ITokenWriter&lt;CoffeeSpace.IdentityApi.Application.Models.ApplicationUser&gt;,MassTransit.ITopicProducer&lt;CoffeeSpace.Messages.Buyers.RegisterNewBuyer&gt;):System.Void" CoveredStatements="6" TotalStatements="6" CoveragePercent="100">
          <Statement FileIndex="111" Line="15" Column="5" EndLine="15" EndColumn="160" Covered="True" />
          <Statement FileIndex="111" Line="16" Column="5" EndLine="16" EndColumn="6" Covered="True" />
          <Statement FileIndex="111" Line="17" Column="9" EndLine="17" EndColumn="40" Covered="True" />
          <Statement FileIndex="111" Line="18" Column="9" EndLine="18" EndColumn="36" Covered="True" />
          <Statement FileIndex="111" Line="19" Column="9" EndLine="19" EndColumn="40" Covered="True" />
          <Statement FileIndex="111" Line="20" Column="5" EndLine="20" EndColumn="6" Covered="True" />
        </Method>
        <Method Name="LoginAsync(CoffeeSpace.IdentityApi.Application.Models.ApplicationUser,System.Threading.CancellationToken):System.Threading.Tasks.Task&lt;System.String&gt;" CoveredStatements="3" TotalStatements="3" CoveragePercent="100">
          <Statement FileIndex="111" Line="50" Column="5" EndLine="50" EndColumn="6" Covered="True" />
          <Statement FileIndex="111" Line="51" Column="9" EndLine="51" EndColumn="77" Covered="True" />
          <Statement FileIndex="111" Line="52" Column="5" EndLine="52" EndColumn="6" Covered="True" />
        </Method>
      </Type>
      <Type Name="TokenWriter" CoveredStatements="16" TotalStatements="16" CoveragePercent="100">
        <Type Name="&lt;WriteTokenAsync&gt;d__3" CoveredStatements="5" TotalStatements="5" CoveragePercent="100">
          <Method Name="MoveNext():System.Void" CoveredStatements="5" TotalStatements="5" CoveragePercent="100">
            <Statement FileIndex="112" Line="25" Column="5" EndLine="25" EndColumn="6" Covered="True" />
            <Statement FileIndex="112" Line="26" Column="9" EndLine="26" EndColumn="73" Covered="True" />
            <Statement FileIndex="112" Line="27" Column="9" EndLine="27" EndColumn="82" Covered="True" />
            <Statement FileIndex="112" Line="29" Column="9" EndLine="29" EndColumn="22" Covered="True" />
            <Statement FileIndex="112" Line="30" Column="5" EndLine="30" EndColumn="6" Covered="True" />
          </Method>
        </Type>
        <Method Name=".ctor(Microsoft.Extensions.Options.IOptions&lt;CoffeeSpace.Shared.Settings.JwtSettings&gt;,Microsoft.AspNetCore.Identity.IUserClaimsPrincipalFactory&lt;CoffeeSpace.IdentityApi.Application.Models.ApplicationUser&gt;):System.Void" CoveredStatements="5" TotalStatements="5" CoveragePercent="100">
          <Statement FileIndex="112" Line="18" Column="5" EndLine="18" EndColumn="121" Covered="True" />
          <Statement FileIndex="112" Line="19" Column="5" EndLine="19" EndColumn="6" Covered="True" />
          <Statement FileIndex="112" Line="20" Column="9" EndLine="20" EndColumn="46" Covered="True" />
          <Statement FileIndex="112" Line="21" Column="9" EndLine="21" EndColumn="42" Covered="True" />
          <Statement FileIndex="112" Line="22" Column="5" EndLine="22" EndColumn="6" Covered="True" />
        </Method>
        <Method Name="WriteTokenAsync(System.Security.Claims.ClaimsPrincipal,System.Threading.CancellationToken):System.Threading.Tasks.Task&lt;System.String&gt;" CoveredStatements="6" TotalStatements="6" CoveragePercent="100">
          <Statement FileIndex="112" Line="33" Column="5" EndLine="33" EndColumn="6" Covered="True" />
          <Statement FileIndex="112" Line="34" Column="9" EndLine="34" EndColumn="95" Covered="True" />
          <Statement FileIndex="112" Line="35" Column="9" EndLine="35" EndColumn="104" Covered="True" />
          <Statement FileIndex="112" Line="36" Column="9" EndLine="42" EndColumn="26" Covered="True" />
          <Statement FileIndex="112" Line="44" Column="9" EndLine="44" EndColumn="92" Covered="True" />
          <Statement FileIndex="112" Line="45" Column="5" EndLine="45" EndColumn="6" Covered="True" />
        </Method>
      </Type>
    </Namespace>
    <Namespace Name="CoffeeSpace.IdentityApi.Application.Validators" CoveredStatements="13" TotalStatements="13" CoveragePercent="100">
      <Type Name="LoginRequestValidator" CoveredStatements="5" TotalStatements="5" CoveragePercent="100">
        <Method Name=".ctor():System.Void" CoveredStatements="5" TotalStatements="5" CoveragePercent="100">
          <Statement FileIndex="113" Line="8" Column="5" EndLine="8" EndColumn="35" Covered="True" />
          <Statement FileIndex="113" Line="9" Column="5" EndLine="9" EndColumn="6" Covered="True" />
          <Statement FileIndex="113" Line="10" Column="9" EndLine="12" EndColumn="24" Covered="True" />
          <Statement FileIndex="113" Line="14" Column="9" EndLine="17" EndColumn="105" Covered="True" />
          <Statement FileIndex="113" Line="18" Column="5" EndLine="18" EndColumn="6" Covered="True" />
        </Method>
      </Type>
      <Type Name="RegisterRequestValidator" CoveredStatements="8" TotalStatements="8" CoveragePercent="100">
        <Method Name=".ctor():System.Void" CoveredStatements="8" TotalStatements="8" CoveragePercent="100">
          <Statement FileIndex="114" Line="8" Column="5" EndLine="8" EndColumn="38" Covered="True" />
          <Statement FileIndex="114" Line="9" Column="5" EndLine="9" EndColumn="6" Covered="True" />
          <Statement FileIndex="114" Line="10" Column="9" EndLine="12" EndColumn="24" Covered="True" />
          <Statement FileIndex="114" Line="14" Column="9" EndLine="16" EndColumn="24" Covered="True" />
          <Statement FileIndex="114" Line="18" Column="9" EndLine="20" EndColumn="24" Covered="True" />
          <Statement FileIndex="114" Line="22" Column="9" EndLine="25" EndColumn="29" Covered="True" />
          <Statement FileIndex="114" Line="27" Column="9" EndLine="30" EndColumn="106" Covered="True" />
          <Statement FileIndex="114" Line="31" Column="5" EndLine="31" EndColumn="6" Covered="True" />
        </Method>
      </Type>
    </Namespace>
    <Namespace Name="CoffeeSpace.IdentityApi.Controllers" CoveredStatements="13" TotalStatements="13" CoveragePercent="100">
      <Type Name="AuthController" CoveredStatements="13" TotalStatements="13" CoveragePercent="100">
        <Type Name="&lt;LoginAsync&gt;d__3" CoveredStatements="4" TotalStatements="4" CoveragePercent="100">
          <Method Name="MoveNext():System.Void" CoveredStatements="4" TotalStatements="4" CoveragePercent="100">
            <Statement FileIndex="115" Line="38" Column="5" EndLine="38" EndColumn="6" Covered="True" />
            <Statement FileIndex="115" Line="39" Column="9" EndLine="39" EndColumn="110" Covered="True" />
            <Statement FileIndex="115" Line="40" Column="9" EndLine="42" EndColumn="61" Covered="True" />
            <Statement FileIndex="115" Line="43" Column="5" EndLine="43" EndColumn="6" Covered="True" />
          </Method>
        </Type>
        <Type Name="&lt;RegisterAsync&gt;d__2" CoveredStatements="5" TotalStatements="5" CoveragePercent="100">
          <Method Name="MoveNext():System.Void" CoveredStatements="5" TotalStatements="5" CoveragePercent="100">
            <Statement FileIndex="115" Line="27" Column="5" EndLine="27" EndColumn="6" Covered="True" />
            <Statement FileIndex="115" Line="28" Column="9" EndLine="28" EndColumn="48" Covered="True" />
            <Statement FileIndex="115" Line="29" Column="9" EndLine="29" EndColumn="94" Covered="True" />
            <Statement FileIndex="115" Line="31" Column="9" EndLine="33" EndColumn="28" Covered="True" />
            <Statement FileIndex="115" Line="34" Column="5" EndLine="34" EndColumn="6" Covered="True" />
          </Method>
        </Type>
        <Method Name=".ctor(CoffeeSpace.IdentityApi.Application.Services.Abstractions.IAuthService&lt;CoffeeSpace.IdentityApi.Application.Models.ApplicationUser&gt;):System.Void" CoveredStatements="4" TotalStatements="4" CoveragePercent="100">
          <Statement FileIndex="115" Line="20" Column="5" EndLine="20" EndColumn="69" Covered="True" />
          <Statement FileIndex="115" Line="21" Column="5" EndLine="21" EndColumn="6" Covered="True" />
          <Statement FileIndex="115" Line="22" Column="9" EndLine="22" EndColumn="36" Covered="True" />
          <Statement FileIndex="115" Line="23" Column="5" EndLine="23" EndColumn="6" Covered="True" />
        </Method>
      </Type>
    </Namespace>
    <Namespace Name="CoffeeSpace.IdentityApi.Filters" CoveredStatements="9" TotalStatements="15" CoveragePercent="60">
      <Type Name="ApiKeyAuthorizationFilter" CoveredStatements="9" TotalStatements="15" CoveragePercent="60">
        <Method Name=".ctor(Microsoft.Extensions.Options.IOptions&lt;CoffeeSpace.IdentityApi.Settings.ApiKeySettings&gt;):System.Void" CoveredStatements="4" TotalStatements="4" CoveragePercent="100">
          <Statement FileIndex="116" Line="12" Column="5" EndLine="12" EndColumn="78" Covered="True" />
          <Statement FileIndex="116" Line="13" Column="5" EndLine="13" EndColumn="6" Covered="True" />
          <Statement FileIndex="116" Line="14" Column="9" EndLine="14" EndColumn="48" Covered="True" />
          <Statement FileIndex="116" Line="15" Column="5" EndLine="15" EndColumn="6" Covered="True" />
        </Method>
        <Method Name="OnAuthorization(Microsoft.AspNetCore.Mvc.Filters.AuthorizationFilterContext):System.Void" CoveredStatements="5" TotalStatements="11" CoveragePercent="45">
          <Statement FileIndex="116" Line="18" Column="5" EndLine="18" EndColumn="6" Covered="True" />
          <Statement FileIndex="116" Line="19" Column="9" EndLine="19" EndColumn="115" Covered="True" />
          <Statement FileIndex="116" Line="20" Column="9" EndLine="20" EndColumn="10" Covered="False" />
          <Statement FileIndex="116" Line="21" Column="13" EndLine="21" EndColumn="81" Covered="False" />
          <Statement FileIndex="116" Line="22" Column="13" EndLine="22" EndColumn="20" Covered="False" />
          <Statement FileIndex="116" Line="25" Column="9" EndLine="25" EndColumn="57" Covered="True" />
          <Statement FileIndex="116" Line="26" Column="9" EndLine="26" EndColumn="48" Covered="True" />
          <Statement FileIndex="116" Line="27" Column="9" EndLine="27" EndColumn="10" Covered="False" />
          <Statement FileIndex="116" Line="28" Column="13" EndLine="28" EndColumn="86" Covered="False" />
          <Statement FileIndex="116" Line="29" Column="9" EndLine="29" EndColumn="10" Covered="False" />
          <Statement FileIndex="116" Line="30" Column="5" EndLine="30" EndColumn="6" Covered="True" />
        </Method>
      </Type>
    </Namespace>
    <Namespace Name="CoffeeSpace.IdentityApi.Settings" CoveredStatements="4" TotalStatements="4" CoveragePercent="100">
      <Type Name="ApiKeySettings" CoveredStatements="4" TotalStatements="4" CoveragePercent="100">
        <Method Name="get_ApiKey():System.String" CoveredStatements="1" TotalStatements="1" CoveragePercent="100">
          <Statement FileIndex="122" Line="7" Column="37" EndLine="7" EndColumn="41" Covered="True" />
        </Method>
        <Method Name="get_HeaderName():System.String" CoveredStatements="1" TotalStatements="1" CoveragePercent="100">
          <Statement FileIndex="122" Line="9" Column="41" EndLine="9" EndColumn="45" Covered="True" />
        </Method>
        <Method Name="set_ApiKey(System.String):System.Void" CoveredStatements="1" TotalStatements="1" CoveragePercent="100">
          <Statement FileIndex="122" Line="7" Column="42" EndLine="7" EndColumn="47" Covered="True" />
        </Method>
        <Method Name="set_HeaderName(System.String):System.Void" CoveredStatements="1" TotalStatements="1" CoveragePercent="100">
          <Statement FileIndex="122" Line="9" Column="46" EndLine="9" EndColumn="51" Covered="True" />
        </Method>
      </Type>
    </Namespace>
    <Type Name="Program" CoveredStatements="44" TotalStatements="44" CoveragePercent="100">
      <Type Name="&lt;&gt;c" CoveredStatements="5" TotalStatements="5" CoveragePercent="100">
        <Method Name="&lt;&lt;Main&gt;$&gt;b__0_0(Microsoft.Extensions.Hosting.HostBuilderContext,Serilog.LoggerConfiguration):System.Void" CoveredStatements="1" TotalStatements="1" CoveragePercent="100">
          <Statement FileIndex="121" Line="22" Column="5" EndLine="22" EndColumn="64" Covered="True" />
        </Method>
        <Method Name="&lt;&lt;Main&gt;$&gt;b__0_1(OpenTelemetry.Logs.OpenTelemetryLoggerOptions):System.Void" CoveredStatements="4" TotalStatements="4" CoveragePercent="100">
          <Statement FileIndex="121" Line="25" Column="1" EndLine="25" EndColumn="2" Covered="True" />
          <Statement FileIndex="121" Line="26" Column="5" EndLine="26" EndColumn="34" Covered="True" />
          <Statement FileIndex="121" Line="27" Column="5" EndLine="27" EndColumn="44" Covered="True" />
          <Statement FileIndex="121" Line="28" Column="1" EndLine="28" EndColumn="2" Covered="True" />
        </Method>
      </Type>
      <Type Name="&lt;&gt;c__DisplayClass0_0" CoveredStatements="15" TotalStatements="15" CoveragePercent="100">
        <Method Name="&lt;&lt;Main&gt;$&gt;b__2(MassTransit.IBusRegistrationConfigurator):System.Void" CoveredStatements="4" TotalStatements="4" CoveragePercent="100">
          <Statement FileIndex="121" Line="53" Column="1" EndLine="53" EndColumn="2" Covered="True" />
          <Statement FileIndex="121" Line="54" Column="5" EndLine="54" EndColumn="23" Covered="True" />
          <Statement FileIndex="121" Line="55" Column="5" EndLine="71" EndColumn="8" Covered="True" />
          <Statement FileIndex="121" Line="72" Column="1" EndLine="72" EndColumn="2" Covered="True" />
        </Method>
        <Method Name="&lt;&lt;Main&gt;$&gt;b__3(MassTransit.IRiderRegistrationConfigurator):System.Void" CoveredStatements="6" TotalStatements="6" CoveragePercent="100">
          <Statement FileIndex="121" Line="56" Column="5" EndLine="56" EndColumn="6" Covered="True" />
          <Statement FileIndex="121" Line="57" Column="9" EndLine="57" EndColumn="73" Covered="True" />
          <Statement FileIndex="121" Line="59" Column="9" EndLine="59" EndColumn="57" Covered="True" />
          <Statement FileIndex="121" Line="60" Column="9" EndLine="60" EndColumn="57" Covered="True" />
          <Statement FileIndex="121" Line="62" Column="9" EndLine="70" EndColumn="12" Covered="True" />
          <Statement FileIndex="121" Line="71" Column="5" EndLine="71" EndColumn="6" Covered="True" />
        </Method>
        <Method Name="&lt;&lt;Main&gt;$&gt;b__4(MassTransit.IRiderRegistrationContext,MassTransit.IKafkaFactoryConfigurator):System.Void" CoveredStatements="5" TotalStatements="5" CoveragePercent="100">
          <Statement FileIndex="121" Line="63" Column="9" EndLine="63" EndColumn="10" Covered="True" />
          <Statement FileIndex="121" Line="64" Column="13" EndLine="64" EndColumn="47" Covered="True" />
          <Statement FileIndex="121" Line="65" Column="13" EndLine="65" EndColumn="86" Covered="True" />
          <Statement FileIndex="121" Line="67" Column="13" EndLine="69" EndColumn="108" Covered="True" />
          <Statement FileIndex="121" Line="70" Column="9" EndLine="70" EndColumn="10" Covered="True" />
        </Method>
      </Type>
      <Method Name="&lt;Main&gt;$(System.String[]):System.Void" CoveredStatements="24" TotalStatements="24" CoveragePercent="100">
        <Statement FileIndex="121" Line="19" Column="1" EndLine="19" EndColumn="50" Covered="True" />
        <Statement FileIndex="121" Line="21" Column="1" EndLine="22" EndColumn="66" Covered="True" />
        <Statement FileIndex="121" Line="24" Column="1" EndLine="28" EndColumn="4" Covered="True" />
        <Statement FileIndex="121" Line="30" Column="1" EndLine="30" EndColumn="42" Covered="True" />
        <Statement FileIndex="121" Line="31" Column="1" EndLine="31" EndColumn="45" Covered="True" />
        <Statement FileIndex="121" Line="33" Column="1" EndLine="33" EndColumn="35" Covered="True" />
        <Statement FileIndex="121" Line="35" Column="1" EndLine="35" EndColumn="81" Covered="True" />
        <Statement FileIndex="121" Line="36" Column="1" EndLine="36" EndColumn="117" Covered="True" />
        <Statement FileIndex="121" Line="38" Column="1" EndLine="38" EndColumn="73" Covered="True" />
        <Statement FileIndex="121" Line="39" Column="1" EndLine="39" EndColumn="73" Covered="True" />
        <Statement FileIndex="121" Line="41" Column="1" EndLine="41" EndColumn="75" Covered="True" />
        <Statement FileIndex="121" Line="43" Column="1" EndLine="44" EndColumn="78" Covered="True" />
        <Statement FileIndex="121" Line="46" Column="1" EndLine="47" EndColumn="81" Covered="True" />
        <Statement FileIndex="121" Line="49" Column="1" EndLine="50" EndColumn="120" Covered="True" />
        <Statement FileIndex="121" Line="52" Column="1" EndLine="72" EndColumn="4" Covered="True" />
        <Statement FileIndex="121" Line="74" Column="1" EndLine="74" EndColumn="45" Covered="True" />
        <Statement FileIndex="121" Line="75" Column="1" EndLine="75" EndColumn="50" Covered="True" />
        <Statement FileIndex="121" Line="77" Column="1" EndLine="77" EndColumn="47" Covered="True" />
        <Statement FileIndex="121" Line="79" Column="1" EndLine="79" EndColumn="27" Covered="True" />
        <Statement FileIndex="121" Line="81" Column="1" EndLine="81" EndColumn="32" Covered="True" />
        <Statement FileIndex="121" Line="82" Column="1" EndLine="82" EndColumn="37" Covered="True" />
        <Statement FileIndex="121" Line="84" Column="1" EndLine="84" EndColumn="33" Covered="True" />
        <Statement FileIndex="121" Line="86" Column="1" EndLine="86" EndColumn="22" Covered="True" />
        <Statement FileIndex="121" Line="87" Column="1" EndLine="87" EndColumn="11" Covered="True" />
      </Method>
    </Type>
  </Assembly>
  <Assembly Name="CoffeeSpace.OrderingApi" CoveredStatements="510" TotalStatements="696" CoveragePercent="73">
    <Namespace Name="CoffeeSpace.OrderingApi.Application.Contracts.Requests.Addresses" CoveredStatements="8" TotalStatements="16" CoveragePercent="50">
      <Type Name="CreateAddressRequest" CoveredStatements="8" TotalStatements="8" CoveragePercent="100">
        <Method Name=".ctor():System.Void" CoveredStatements="1" TotalStatements="1" CoveragePercent="100">
          <Statement FileIndex="171" Line="5" Column="31" EndLine="5" EndColumn="45" Covered="True" />
        </Method>
        <Method Name="get_City():System.String" CoveredStatements="1" TotalStatements="1" CoveragePercent="100">
          <Statement FileIndex="171" Line="9" Column="35" EndLine="9" EndColumn="39" Covered="True" />
        </Method>
        <Method Name="get_Country():System.String" CoveredStatements="1" TotalStatements="1" CoveragePercent="100">
          <Statement FileIndex="171" Line="11" Column="38" EndLine="11" EndColumn="42" Covered="True" />
        </Method>
        <Method Name="get_Id():System.Guid" CoveredStatements="1" TotalStatements="1" CoveragePercent="100">
          <Statement FileIndex="171" Line="5" Column="22" EndLine="5" EndColumn="26" Covered="True" />
        </Method>
        <Method Name="get_Street():System.String" CoveredStatements="1" TotalStatements="1" CoveragePercent="100">
          <Statement FileIndex="171" Line="7" Column="37" EndLine="7" EndColumn="41" Covered="True" />
        </Method>
        <Method Name="set_City(System.String):System.Void" CoveredStatements="1" TotalStatements="1" CoveragePercent="100">
          <Statement FileIndex="171" Line="9" Column="40" EndLine="9" EndColumn="45" Covered="True" />
        </Method>
        <Method Name="set_Country(System.String):System.Void" CoveredStatements="1" TotalStatements="1" CoveragePercent="100">
          <Statement FileIndex="171" Line="11" Column="43" EndLine="11" EndColumn="48" Covered="True" />
        </Method>
        <Method Name="set_Street(System.String):System.Void" CoveredStatements="1" TotalStatements="1" CoveragePercent="100">
          <Statement FileIndex="171" Line="7" Column="42" EndLine="7" EndColumn="47" Covered="True" />
        </Method>
      </Type>
      <Type Name="UpdateAddressRequest" CoveredStatements="0" TotalStatements="8" CoveragePercent="0">
        <Method Name="get_City():System.String" CoveredStatements="0" TotalStatements="1" CoveragePercent="0">
          <Statement FileIndex="172" Line="9" Column="35" EndLine="9" EndColumn="39" Covered="False" />
        </Method>
        <Method Name="get_Country():System.String" CoveredStatements="0" TotalStatements="1" CoveragePercent="0">
          <Statement FileIndex="172" Line="11" Column="38" EndLine="11" EndColumn="42" Covered="False" />
        </Method>
        <Method Name="get_Id():System.Guid" CoveredStatements="0" TotalStatements="1" CoveragePercent="0">
          <Statement FileIndex="172" Line="5" Column="22" EndLine="5" EndColumn="26" Covered="False" />
        </Method>
        <Method Name="get_Street():System.String" CoveredStatements="0" TotalStatements="1" CoveragePercent="0">
          <Statement FileIndex="172" Line="7" Column="37" EndLine="7" EndColumn="41" Covered="False" />
        </Method>
        <Method Name="set_City(System.String):System.Void" CoveredStatements="0" TotalStatements="1" CoveragePercent="0">
          <Statement FileIndex="172" Line="9" Column="40" EndLine="9" EndColumn="45" Covered="False" />
        </Method>
        <Method Name="set_Country(System.String):System.Void" CoveredStatements="0" TotalStatements="1" CoveragePercent="0">
          <Statement FileIndex="172" Line="11" Column="43" EndLine="11" EndColumn="48" Covered="False" />
        </Method>
        <Method Name="set_Id(System.Guid):System.Void" CoveredStatements="0" TotalStatements="1" CoveragePercent="0">
          <Statement FileIndex="172" Line="5" Column="27" EndLine="5" EndColumn="40" Covered="False" />
        </Method>
        <Method Name="set_Street(System.String):System.Void" CoveredStatements="0" TotalStatements="1" CoveragePercent="0">
          <Statement FileIndex="172" Line="7" Column="42" EndLine="7" EndColumn="47" Covered="False" />
        </Method>
      </Type>
    </Namespace>
    <Namespace Name="CoffeeSpace.OrderingApi.Application.Contracts.Requests.Buyers" CoveredStatements="18" TotalStatements="18" CoveragePercent="100">
      <Type Name="CreateBuyerRequest" CoveredStatements="6" TotalStatements="6" CoveragePercent="100">
        <Method Name=".ctor():System.Void" CoveredStatements="1" TotalStatements="1" CoveragePercent="100">
          <Statement FileIndex="173" Line="5" Column="31" EndLine="5" EndColumn="45" Covered="True" />
        </Method>
        <Method Name="get_Email():System.String" CoveredStatements="1" TotalStatements="1" CoveragePercent="100">
          <Statement FileIndex="173" Line="9" Column="36" EndLine="9" EndColumn="40" Covered="True" />
        </Method>
        <Method Name="get_Id():System.Guid" CoveredStatements="1" TotalStatements="1" CoveragePercent="100">
          <Statement FileIndex="173" Line="5" Column="22" EndLine="5" EndColumn="26" Covered="True" />
        </Method>
        <Method Name="get_Name():System.String" CoveredStatements="1" TotalStatements="1" CoveragePercent="100">
          <Statement FileIndex="173" Line="7" Column="35" EndLine="7" EndColumn="39" Covered="True" />
        </Method>
        <Method Name="set_Email(System.String):System.Void" CoveredStatements="1" TotalStatements="1" CoveragePercent="100">
          <Statement FileIndex="173" Line="9" Column="41" EndLine="9" EndColumn="46" Covered="True" />
        </Method>
        <Method Name="set_Name(System.String):System.Void" CoveredStatements="1" TotalStatements="1" CoveragePercent="100">
          <Statement FileIndex="173" Line="7" Column="40" EndLine="7" EndColumn="45" Covered="True" />
        </Method>
      </Type>
      <Type Name="DeleteBuyerByIdRequest" CoveredStatements="2" TotalStatements="2" CoveragePercent="100">
        <Method Name="get_Id():System.Guid" CoveredStatements="1" TotalStatements="1" CoveragePercent="100">
          <Statement FileIndex="174" Line="5" Column="31" EndLine="5" EndColumn="35" Covered="True" />
        </Method>
        <Method Name="set_Id(System.Guid):System.Void" CoveredStatements="1" TotalStatements="1" CoveragePercent="100">
          <Statement FileIndex="174" Line="5" Column="36" EndLine="5" EndColumn="41" Covered="True" />
        </Method>
      </Type>
      <Type Name="GetBuyerByEmailRequest" CoveredStatements="2" TotalStatements="2" CoveragePercent="100">
        <Method Name="get_Email():System.String" CoveredStatements="1" TotalStatements="1" CoveragePercent="100">
          <Statement FileIndex="175" Line="5" Column="36" EndLine="5" EndColumn="40" Covered="True" />
        </Method>
        <Method Name="set_Email(System.String):System.Void" CoveredStatements="1" TotalStatements="1" CoveragePercent="100">
          <Statement FileIndex="175" Line="5" Column="41" EndLine="5" EndColumn="46" Covered="True" />
        </Method>
      </Type>
      <Type Name="GetBuyerByIdRequest" CoveredStatements="2" TotalStatements="2" CoveragePercent="100">
        <Method Name="get_Id():System.Guid" CoveredStatements="1" TotalStatements="1" CoveragePercent="100">
          <Statement FileIndex="176" Line="5" Column="31" EndLine="5" EndColumn="35" Covered="True" />
        </Method>
        <Method Name="set_Id(System.Guid):System.Void" CoveredStatements="1" TotalStatements="1" CoveragePercent="100">
          <Statement FileIndex="176" Line="5" Column="36" EndLine="5" EndColumn="41" Covered="True" />
        </Method>
      </Type>
      <Type Name="UpdateBuyerRequest" CoveredStatements="6" TotalStatements="6" CoveragePercent="100">
        <Method Name="get_Email():System.String" CoveredStatements="1" TotalStatements="1" CoveragePercent="100">
          <Statement FileIndex="177" Line="9" Column="36" EndLine="9" EndColumn="40" Covered="True" />
        </Method>
        <Method Name="get_Id():System.Guid" CoveredStatements="1" TotalStatements="1" CoveragePercent="100">
          <Statement FileIndex="177" Line="5" Column="22" EndLine="5" EndColumn="26" Covered="True" />
        </Method>
        <Method Name="get_Name():System.String" CoveredStatements="1" TotalStatements="1" CoveragePercent="100">
          <Statement FileIndex="177" Line="7" Column="35" EndLine="7" EndColumn="39" Covered="True" />
        </Method>
        <Method Name="set_Email(System.String):System.Void" CoveredStatements="1" TotalStatements="1" CoveragePercent="100">
          <Statement FileIndex="177" Line="9" Column="41" EndLine="9" EndColumn="46" Covered="True" />
        </Method>
        <Method Name="set_Id(System.Guid):System.Void" CoveredStatements="1" TotalStatements="1" CoveragePercent="100">
          <Statement FileIndex="177" Line="5" Column="27" EndLine="5" EndColumn="40" Covered="True" />
        </Method>
        <Method Name="set_Name(System.String):System.Void" CoveredStatements="1" TotalStatements="1" CoveragePercent="100">
          <Statement FileIndex="177" Line="7" Column="40" EndLine="7" EndColumn="45" Covered="True" />
        </Method>
      </Type>
    </Namespace>
    <Namespace Name="CoffeeSpace.OrderingApi.Application.Contracts.Requests.Orders" CoveredStatements="20" TotalStatements="20" CoveragePercent="100">
      <Type Name="CreateOrderRequest" CoveredStatements="10" TotalStatements="10" CoveragePercent="100">
        <Method Name=".ctor():System.Void" CoveredStatements="1" TotalStatements="1" CoveragePercent="100">
          <Statement FileIndex="178" Line="8" Column="31" EndLine="8" EndColumn="45" Covered="True" />
        </Method>
        <Method Name="get_Address():CoffeeSpace.OrderingApi.Application.Contracts.Requests.Addresses.CreateAddressRequest" CoveredStatements="1" TotalStatements="1" CoveragePercent="100">
          <Statement FileIndex="178" Line="14" Column="52" EndLine="14" EndColumn="56" Covered="True" />
        </Method>
        <Method Name="get_BuyerId():System.Guid" CoveredStatements="1" TotalStatements="1" CoveragePercent="100">
          <Statement FileIndex="178" Line="10" Column="27" EndLine="10" EndColumn="31" Covered="True" />
        </Method>
        <Method Name="get_Id():System.Guid" CoveredStatements="1" TotalStatements="1" CoveragePercent="100">
          <Statement FileIndex="178" Line="8" Column="22" EndLine="8" EndColumn="26" Covered="True" />
        </Method>
        <Method Name="get_OrderItems():System.Collections.Generic.IEnumerable&lt;CoffeeSpace.Domain.Ordering.Orders.OrderItem&gt;" CoveredStatements="1" TotalStatements="1" CoveragePercent="100">
          <Statement FileIndex="178" Line="16" Column="57" EndLine="16" EndColumn="61" Covered="True" />
        </Method>
        <Method Name="get_Status():CoffeeSpace.Domain.Ordering.Orders.OrderStatus" CoveredStatements="1" TotalStatements="1" CoveragePercent="100">
          <Statement FileIndex="178" Line="12" Column="42" EndLine="12" EndColumn="46" Covered="True" />
        </Method>
        <Method Name="set_Address(CoffeeSpace.OrderingApi.Application.Contracts.Requests.Addresses.CreateAddressRequest):System.Void" CoveredStatements="1" TotalStatements="1" CoveragePercent="100">
          <Statement FileIndex="178" Line="14" Column="57" EndLine="14" EndColumn="62" Covered="True" />
        </Method>
        <Method Name="set_BuyerId(System.Guid):System.Void" CoveredStatements="1" TotalStatements="1" CoveragePercent="100">
          <Statement FileIndex="178" Line="10" Column="32" EndLine="10" EndColumn="45" Covered="True" />
        </Method>
        <Method Name="set_OrderItems(System.Collections.Generic.IEnumerable&lt;CoffeeSpace.Domain.Ordering.Orders.OrderItem&gt;):System.Void" CoveredStatements="1" TotalStatements="1" CoveragePercent="100">
          <Statement FileIndex="178" Line="16" Column="62" EndLine="16" EndColumn="67" Covered="True" />
        </Method>
        <Method Name="set_Status(CoffeeSpace.Domain.Ordering.Orders.OrderStatus):System.Void" CoveredStatements="1" TotalStatements="1" CoveragePercent="100">
          <Statement FileIndex="178" Line="12" Column="47" EndLine="12" EndColumn="52" Covered="True" />
        </Method>
      </Type>
      <Type Name="DeleteOrderRequest" CoveredStatements="4" TotalStatements="4" CoveragePercent="100">
        <Method Name="get_BuyerId():System.Guid" CoveredStatements="1" TotalStatements="1" CoveragePercent="100">
          <Statement FileIndex="179" Line="7" Column="36" EndLine="7" EndColumn="40" Covered="True" />
        </Method>
        <Method Name="get_Id():System.Guid" CoveredStatements="1" TotalStatements="1" CoveragePercent="100">
          <Statement FileIndex="179" Line="5" Column="31" EndLine="5" EndColumn="35" Covered="True" />
        </Method>
        <Method Name="set_BuyerId(System.Guid):System.Void" CoveredStatements="1" TotalStatements="1" CoveragePercent="100">
          <Statement FileIndex="179" Line="7" Column="41" EndLine="7" EndColumn="46" Covered="True" />
        </Method>
        <Method Name="set_Id(System.Guid):System.Void" CoveredStatements="1" TotalStatements="1" CoveragePercent="100">
          <Statement FileIndex="179" Line="5" Column="36" EndLine="5" EndColumn="41" Covered="True" />
        </Method>
      </Type>
      <Type Name="GetAllOrdersByBuyerIdRequest" CoveredStatements="2" TotalStatements="2" CoveragePercent="100">
        <Method Name="get_BuyerId():System.Guid" CoveredStatements="1" TotalStatements="1" CoveragePercent="100">
          <Statement FileIndex="180" Line="5" Column="36" EndLine="5" EndColumn="40" Covered="True" />
        </Method>
        <Method Name="set_BuyerId(System.Guid):System.Void" CoveredStatements="1" TotalStatements="1" CoveragePercent="100">
          <Statement FileIndex="180" Line="5" Column="41" EndLine="5" EndColumn="46" Covered="True" />
        </Method>
      </Type>
      <Type Name="GetOrderByIdRequest" CoveredStatements="4" TotalStatements="4" CoveragePercent="100">
        <Method Name="get_BuyerId():System.Guid" CoveredStatements="1" TotalStatements="1" CoveragePercent="100">
          <Statement FileIndex="181" Line="7" Column="36" EndLine="7" EndColumn="40" Covered="True" />
        </Method>
        <Method Name="get_Id():System.Guid" CoveredStatements="1" TotalStatements="1" CoveragePercent="100">
          <Statement FileIndex="181" Line="5" Column="31" EndLine="5" EndColumn="35" Covered="True" />
        </Method>
        <Method Name="set_BuyerId(System.Guid):System.Void" CoveredStatements="1" TotalStatements="1" CoveragePercent="100">
          <Statement FileIndex="181" Line="7" Column="41" EndLine="7" EndColumn="46" Covered="True" />
        </Method>
        <Method Name="set_Id(System.Guid):System.Void" CoveredStatements="1" TotalStatements="1" CoveragePercent="100">
          <Statement FileIndex="181" Line="5" Column="36" EndLine="5" EndColumn="41" Covered="True" />
        </Method>
      </Type>
    </Namespace>
    <Namespace Name="CoffeeSpace.OrderingApi.Application.Contracts.Responses.Addressses" CoveredStatements="8" TotalStatements="8" CoveragePercent="100">
      <Type Name="AddressResponse" CoveredStatements="8" TotalStatements="8" CoveragePercent="100">
        <Method Name="get_City():System.String" CoveredStatements="1" TotalStatements="1" CoveragePercent="100">
          <Statement FileIndex="182" Line="9" Column="35" EndLine="9" EndColumn="39" Covered="True" />
        </Method>
        <Method Name="get_Country():System.String" CoveredStatements="1" TotalStatements="1" CoveragePercent="100">
          <Statement FileIndex="182" Line="11" Column="38" EndLine="11" EndColumn="42" Covered="True" />
        </Method>
        <Method Name="get_Id():System.String" CoveredStatements="1" TotalStatements="1" CoveragePercent="100">
          <Statement FileIndex="182" Line="5" Column="33" EndLine="5" EndColumn="37" Covered="True" />
        </Method>
        <Method Name="get_Street():System.String" CoveredStatements="1" TotalStatements="1" CoveragePercent="100">
          <Statement FileIndex="182" Line="7" Column="37" EndLine="7" EndColumn="41" Covered="True" />
        </Method>
        <Method Name="set_City(System.String):System.Void" CoveredStatements="1" TotalStatements="1" CoveragePercent="100">
          <Statement FileIndex="182" Line="9" Column="40" EndLine="9" EndColumn="45" Covered="True" />
        </Method>
        <Method Name="set_Country(System.String):System.Void" CoveredStatements="1" TotalStatements="1" CoveragePercent="100">
          <Statement FileIndex="182" Line="11" Column="43" EndLine="11" EndColumn="48" Covered="True" />
        </Method>
        <Method Name="set_Id(System.String):System.Void" CoveredStatements="1" TotalStatements="1" CoveragePercent="100">
          <Statement FileIndex="182" Line="5" Column="38" EndLine="5" EndColumn="43" Covered="True" />
        </Method>
        <Method Name="set_Street(System.String):System.Void" CoveredStatements="1" TotalStatements="1" CoveragePercent="100">
          <Statement FileIndex="182" Line="7" Column="42" EndLine="7" EndColumn="47" Covered="True" />
        </Method>
      </Type>
    </Namespace>
    <Namespace Name="CoffeeSpace.OrderingApi.Application.Contracts.Responses.Buyers" CoveredStatements="8" TotalStatements="8" CoveragePercent="100">
      <Type Name="BuyerResponse" CoveredStatements="8" TotalStatements="8" CoveragePercent="100">
        <Method Name="get_Email():System.String" CoveredStatements="1" TotalStatements="1" CoveragePercent="100">
          <Statement FileIndex="183" Line="11" Column="36" EndLine="11" EndColumn="40" Covered="True" />
        </Method>
        <Method Name="get_Id():System.String" CoveredStatements="1" TotalStatements="1" CoveragePercent="100">
          <Statement FileIndex="183" Line="7" Column="33" EndLine="7" EndColumn="37" Covered="True" />
        </Method>
        <Method Name="get_Name():System.String" CoveredStatements="1" TotalStatements="1" CoveragePercent="100">
          <Statement FileIndex="183" Line="9" Column="35" EndLine="9" EndColumn="39" Covered="True" />
        </Method>
        <Method Name="get_Orders():System.Collections.Generic.IEnumerable&lt;CoffeeSpace.OrderingApi.Application.Contracts.Responses.Orders.OrderResponse&gt;" CoveredStatements="1" TotalStatements="1" CoveragePercent="100">
          <Statement FileIndex="183" Line="13" Column="49" EndLine="13" EndColumn="53" Covered="True" />
        </Method>
        <Method Name="set_Email(System.String):System.Void" CoveredStatements="1" TotalStatements="1" CoveragePercent="100">
          <Statement FileIndex="183" Line="11" Column="41" EndLine="11" EndColumn="46" Covered="True" />
        </Method>
        <Method Name="set_Id(System.String):System.Void" CoveredStatements="1" TotalStatements="1" CoveragePercent="100">
          <Statement FileIndex="183" Line="7" Column="38" EndLine="7" EndColumn="43" Covered="True" />
        </Method>
        <Method Name="set_Name(System.String):System.Void" CoveredStatements="1" TotalStatements="1" CoveragePercent="100">
          <Statement FileIndex="183" Line="9" Column="40" EndLine="9" EndColumn="45" Covered="True" />
        </Method>
        <Method Name="set_Orders(System.Collections.Generic.IEnumerable&lt;CoffeeSpace.OrderingApi.Application.Contracts.Responses.Orders.OrderResponse&gt;):System.Void" CoveredStatements="1" TotalStatements="1" CoveragePercent="100">
          <Statement FileIndex="183" Line="13" Column="54" EndLine="13" EndColumn="59" Covered="True" />
        </Method>
      </Type>
    </Namespace>
    <Namespace Name="CoffeeSpace.OrderingApi.Application.Contracts.Responses.Orders" CoveredStatements="8" TotalStatements="8" CoveragePercent="100">
      <Type Name="OrderResponse" CoveredStatements="8" TotalStatements="8" CoveragePercent="100">
        <Method Name="get_Address():CoffeeSpace.OrderingApi.Application.Contracts.Responses.Addressses.AddressResponse" CoveredStatements="1" TotalStatements="1" CoveragePercent="100">
          <Statement FileIndex="184" Line="12" Column="47" EndLine="12" EndColumn="51" Covered="True" />
        </Method>
        <Method Name="get_Id():System.String" CoveredStatements="1" TotalStatements="1" CoveragePercent="100">
          <Statement FileIndex="184" Line="8" Column="33" EndLine="8" EndColumn="37" Covered="True" />
        </Method>
        <Method Name="get_OrderItems():System.Collections.Generic.IEnumerable&lt;CoffeeSpace.Domain.Ordering.Orders.OrderItem&gt;" CoveredStatements="1" TotalStatements="1" CoveragePercent="100">
          <Statement FileIndex="184" Line="14" Column="57" EndLine="14" EndColumn="61" Covered="True" />
        </Method>
        <Method Name="get_Status():CoffeeSpace.Domain.Ordering.Orders.OrderStatus" CoveredStatements="1" TotalStatements="1" CoveragePercent="100">
          <Statement FileIndex="184" Line="10" Column="42" EndLine="10" EndColumn="46" Covered="True" />
        </Method>
        <Method Name="set_Address(CoffeeSpace.OrderingApi.Application.Contracts.Responses.Addressses.AddressResponse):System.Void" CoveredStatements="1" TotalStatements="1" CoveragePercent="100">
          <Statement FileIndex="184" Line="12" Column="52" EndLine="12" EndColumn="57" Covered="True" />
        </Method>
        <Method Name="set_Id(System.String):System.Void" CoveredStatements="1" TotalStatements="1" CoveragePercent="100">
          <Statement FileIndex="184" Line="8" Column="38" EndLine="8" EndColumn="43" Covered="True" />
        </Method>
        <Method Name="set_OrderItems(System.Collections.Generic.IEnumerable&lt;CoffeeSpace.Domain.Ordering.Orders.OrderItem&gt;):System.Void" CoveredStatements="1" TotalStatements="1" CoveragePercent="100">
          <Statement FileIndex="184" Line="14" Column="62" EndLine="14" EndColumn="67" Covered="True" />
        </Method>
        <Method Name="set_Status(CoffeeSpace.Domain.Ordering.Orders.OrderStatus):System.Void" CoveredStatements="1" TotalStatements="1" CoveragePercent="100">
          <Statement FileIndex="184" Line="10" Column="47" EndLine="10" EndColumn="52" Covered="True" />
        </Method>
      </Type>
    </Namespace>
    <Namespace Name="CoffeeSpace.OrderingApi.Application.Extensions" CoveredStatements="9" TotalStatements="12" CoveragePercent="75">
      <Type Name="ApiVersionExtensions" CoveredStatements="9" TotalStatements="9" CoveragePercent="100">
        <Type Name="&lt;&gt;c__DisplayClass0_0" CoveredStatements="6" TotalStatements="6" CoveragePercent="100">
          <Method Name="&lt;AddApiVersioning&gt;b__0(Asp.Versioning.ApiVersioningOptions):System.Void" CoveredStatements="6" TotalStatements="6" CoveragePercent="100">
            <Statement FileIndex="185" Line="10" Column="13" EndLine="10" EndColumn="14" Covered="True" />
            <Statement FileIndex="185" Line="11" Column="17" EndLine="11" EndColumn="45" Covered="True" />
            <Statement FileIndex="185" Line="12" Column="17" EndLine="12" EndColumn="59" Covered="True" />
            <Statement FileIndex="185" Line="13" Column="17" EndLine="13" EndColumn="44" Covered="True" />
            <Statement FileIndex="185" Line="14" Column="17" EndLine="14" EndColumn="78" Covered="True" />
            <Statement FileIndex="185" Line="15" Column="13" EndLine="15" EndColumn="14" Covered="True" />
          </Method>
        </Type>
        <Method Name="AddApiVersioning(Microsoft.Extensions.DependencyInjection.IServiceCollection,Asp.Versioning.IApiVersionReader,System.Boolean):Asp.Versioning.IApiVersioningBuilder" CoveredStatements="3" TotalStatements="3" CoveragePercent="100">
          <Statement FileIndex="185" Line="8" Column="5" EndLine="8" EndColumn="6" Covered="True" />
          <Statement FileIndex="185" Line="9" Column="9" EndLine="15" EndColumn="16" Covered="True" />
          <Statement FileIndex="185" Line="16" Column="5" EndLine="16" EndColumn="6" Covered="True" />
        </Method>
      </Type>
      <Type Name="HealthChecksExtensions" CoveredStatements="0" TotalStatements="3" CoveragePercent="0">
        <Method Name="AddServiceHealthChecks(Microsoft.Extensions.DependencyInjection.IServiceCollection,Microsoft.AspNetCore.Builder.WebApplicationBuilder):Microsoft.Extensions.DependencyInjection.IHealthChecksBuilder" CoveredStatements="0" TotalStatements="3" CoveragePercent="0">
          <Statement FileIndex="186" Line="6" Column="5" EndLine="6" EndColumn="6" Covered="False" />
          <Statement FileIndex="186" Line="7" Column="9" EndLine="10" EndColumn="113" Covered="False" />
          <Statement FileIndex="186" Line="11" Column="5" EndLine="11" EndColumn="6" Covered="False" />
        </Method>
      </Type>
    </Namespace>
    <Namespace Name="CoffeeSpace.OrderingApi.Application.Helpers" CoveredStatements="3" TotalStatements="4" CoveragePercent="75">
      <Type Name="CacheKeys" CoveredStatements="3" TotalStatements="4" CoveragePercent="75">
        <Type Name="Buyers" CoveredStatements="1" TotalStatements="2" CoveragePercent="50">
          <Method Name="Get(System.Guid):System.String" CoveredStatements="1" TotalStatements="1" CoveragePercent="100">
            <Statement FileIndex="188" Line="8" Column="46" EndLine="8" EndColumn="63" Covered="True" />
          </Method>
          <Method Name="GetByEmail(System.String):System.String" CoveredStatements="0" TotalStatements="1" CoveragePercent="0">
            <Statement FileIndex="188" Line="9" Column="58" EndLine="9" EndColumn="81" Covered="False" />
          </Method>
        </Type>
        <Type Name="Order" CoveredStatements="2" TotalStatements="2" CoveragePercent="100">
          <Method Name="GetAll(System.Guid):System.String" CoveredStatements="1" TotalStatements="1" CoveragePercent="100">
            <Statement FileIndex="188" Line="15" Column="57" EndLine="15" EndColumn="83" Covered="True" />
          </Method>
          <Method Name="GetByCustomerId(System.Guid,System.Guid):System.String" CoveredStatements="1" TotalStatements="1" CoveragePercent="100">
            <Statement FileIndex="188" Line="16" Column="75" EndLine="16" EndColumn="105" Covered="True" />
          </Method>
        </Type>
      </Type>
    </Namespace>
    <Namespace Name="CoffeeSpace.OrderingApi.Application.Mapping" CoveredStatements="8" TotalStatements="8" CoveragePercent="100">
      <Type Name="BuyerMappingProfile" CoveredStatements="4" TotalStatements="4" CoveragePercent="100">
        <Method Name="ToBuyer(CoffeeSpace.OrderingApi.Application.Contracts.Requests.Buyers.UpdateBuyerRequest,System.Guid):CoffeeSpace.Domain.Ordering.BuyerInfo.Buyer" CoveredStatements="4" TotalStatements="4" CoveragePercent="100">
          <Statement FileIndex="189" Line="18" Column="5" EndLine="18" EndColumn="6" Covered="True" />
          <Statement FileIndex="189" Line="19" Column="9" EndLine="19" EndColumn="25" Covered="True" />
          <Statement FileIndex="189" Line="20" Column="9" EndLine="20" EndColumn="34" Covered="True" />
          <Statement FileIndex="189" Line="21" Column="5" EndLine="21" EndColumn="6" Covered="True" />
        </Method>
      </Type>
      <Type Name="OrderMappingProfile" CoveredStatements="4" TotalStatements="4" CoveragePercent="100">
        <Method Name="ToOrder(CoffeeSpace.OrderingApi.Application.Contracts.Requests.Orders.CreateOrderRequest,System.Guid):CoffeeSpace.Domain.Ordering.Orders.Order" CoveredStatements="4" TotalStatements="4" CoveragePercent="100">
          <Statement FileIndex="190" Line="16" Column="5" EndLine="16" EndColumn="6" Covered="True" />
          <Statement FileIndex="190" Line="17" Column="9" EndLine="17" EndColumn="35" Covered="True" />
          <Statement FileIndex="190" Line="19" Column="9" EndLine="19" EndColumn="34" Covered="True" />
          <Statement FileIndex="190" Line="20" Column="5" EndLine="20" EndColumn="6" Covered="True" />
        </Method>
      </Type>
    </Namespace>
    <Namespace Name="CoffeeSpace.OrderingApi.Application.Messaging.Masstransit.Activities" CoveredStatements="8" TotalStatements="23" CoveragePercent="35">
      <Type Name="UpdateOrderStatusActivity" CoveredStatements="8" TotalStatements="23" CoveragePercent="35">
        <Type Name="&lt;Execute&gt;d__2" CoveredStatements="4" TotalStatements="4" CoveragePercent="100">
          <Method Name="MoveNext():System.Void" CoveredStatements="4" TotalStatements="4" CoveragePercent="100">
            <Statement FileIndex="191" Line="20" Column="5" EndLine="20" EndColumn="6" Covered="True" />
            <Statement FileIndex="191" Line="21" Column="9" EndLine="26" EndColumn="12" Covered="True" />
            <Statement FileIndex="191" Line="28" Column="9" EndLine="28" EndColumn="59" Covered="True" />
            <Statement FileIndex="191" Line="29" Column="5" EndLine="29" EndColumn="6" Covered="True" />
          </Method>
        </Type>
        <Method Name=".ctor(Mediator.ISender):System.Void" CoveredStatements="4" TotalStatements="4" CoveragePercent="100">
          <Statement FileIndex="191" Line="14" Column="5" EndLine="14" EndColumn="53" Covered="True" />
          <Statement FileIndex="191" Line="15" Column="5" EndLine="15" EndColumn="6" Covered="True" />
          <Statement FileIndex="191" Line="16" Column="9" EndLine="16" EndColumn="26" Covered="True" />
          <Statement FileIndex="191" Line="17" Column="5" EndLine="17" EndColumn="6" Covered="True" />
        </Method>
        <Method Name="Accept(MassTransit.StateMachineVisitor):System.Void" CoveredStatements="0" TotalStatements="3" CoveragePercent="0">
          <Statement FileIndex="191" Line="55" Column="5" EndLine="55" EndColumn="6" Covered="False" />
          <Statement FileIndex="191" Line="56" Column="9" EndLine="56" EndColumn="29" Covered="False" />
          <Statement FileIndex="191" Line="57" Column="5" EndLine="57" EndColumn="6" Covered="False" />
        </Method>
        <Method Name="Execute&lt;T&gt;(MassTransit.BehaviorContext&lt;CoffeeSpace.OrderingApi.Application.Messaging.Masstransit.Sagas.OrderStateInstance,T&gt;,MassTransit.IBehavior&lt;CoffeeSpace.OrderingApi.Application.Messaging.Masstransit.Sagas.OrderStateInstance,T&gt;):System.Threading.Tasks.Task" CoveredStatements="0" TotalStatements="3" CoveragePercent="0">
          <Statement FileIndex="191" Line="33" Column="5" EndLine="33" EndColumn="6" Covered="False" />
          <Statement FileIndex="191" Line="34" Column="9" EndLine="34" EndColumn="38" Covered="False" />
          <Statement FileIndex="191" Line="35" Column="5" EndLine="35" EndColumn="6" Covered="False" />
        </Method>
        <Method Name="Faulted&lt;T,TException&gt;(MassTransit.BehaviorExceptionContext&lt;CoffeeSpace.OrderingApi.Application.Messaging.Masstransit.Sagas.OrderStateInstance,T,TException&gt;,MassTransit.IBehavior&lt;CoffeeSpace.OrderingApi.Application.Messaging.Masstransit.Sagas.OrderStateInstance,T&gt;):System.Threading.Tasks.Task" CoveredStatements="0" TotalStatements="3" CoveragePercent="0">
          <Statement FileIndex="191" Line="45" Column="5" EndLine="45" EndColumn="6" Covered="False" />
          <Statement FileIndex="191" Line="46" Column="9" EndLine="46" EndColumn="38" Covered="False" />
          <Statement FileIndex="191" Line="47" Column="5" EndLine="47" EndColumn="6" Covered="False" />
        </Method>
        <Method Name="Faulted&lt;TException&gt;(MassTransit.BehaviorExceptionContext&lt;CoffeeSpace.OrderingApi.Application.Messaging.Masstransit.Sagas.OrderStateInstance,TException&gt;,MassTransit.IBehavior&lt;CoffeeSpace.OrderingApi.Application.Messaging.Masstransit.Sagas.OrderStateInstance&gt;):System.Threading.Tasks.Task" CoveredStatements="0" TotalStatements="3" CoveragePercent="0">
          <Statement FileIndex="191" Line="39" Column="5" EndLine="39" EndColumn="6" Covered="False" />
          <Statement FileIndex="191" Line="40" Column="9" EndLine="40" EndColumn="38" Covered="False" />
          <Statement FileIndex="191" Line="41" Column="5" EndLine="41" EndColumn="6" Covered="False" />
        </Method>
        <Method Name="Probe(MassTransit.ProbeContext):System.Void" CoveredStatements="0" TotalStatements="3" CoveragePercent="0">
          <Statement FileIndex="191" Line="50" Column="5" EndLine="50" EndColumn="6" Covered="False" />
          <Statement FileIndex="191" Line="51" Column="9" EndLine="51" EndColumn="53" Covered="False" />
          <Statement FileIndex="191" Line="52" Column="5" EndLine="52" EndColumn="6" Covered="False" />
        </Method>
      </Type>
    </Namespace>
    <Namespace Name="CoffeeSpace.OrderingApi.Application.Messaging.Masstransit.Configurations" CoveredStatements="15" TotalStatements="24" CoveragePercent="63">
      <Type Name="MessageCorrelationConfiguration" CoveredStatements="15" TotalStatements="24" CoveragePercent="63">
        <Type Name="&lt;&gt;c" CoveredStatements="2" TotalStatements="11" CoveragePercent="18">
          <Method Name="&lt;ConfigureStateMachineMessages&gt;b__0_0(CoffeeSpace.Messages.Ordering.Commands.SubmitOrder):System.Guid" CoveredStatements="1" TotalStatements="1" CoveragePercent="100">
            <Statement FileIndex="192" Line="15" Column="67" EndLine="15" EndColumn="81" Covered="True" />
          </Method>
          <Method Name="&lt;ConfigureStateMachineMessages&gt;b__0_1(CoffeeSpace.Messages.Ordering.Commands.CancelOrder):System.Guid" CoveredStatements="0" TotalStatements="1" CoveragePercent="0">
            <Statement FileIndex="192" Line="16" Column="67" EndLine="16" EndColumn="81" Covered="False" />
          </Method>
          <Method Name="&lt;ConfigureStateMachineMessages&gt;b__0_10(MassTransit.Fault&lt;CoffeeSpace.Messages.Shipment.Commands.RequestOrderShipment&gt;):System.Guid" CoveredStatements="0" TotalStatements="1" CoveragePercent="0">
            <Statement FileIndex="192" Line="28" Column="83" EndLine="28" EndColumn="105" Covered="False" />
          </Method>
          <Method Name="&lt;ConfigureStateMachineMessages&gt;b__0_2(CoffeeSpace.Messages.Products.Commands.ValidateOrderStock):System.Guid" CoveredStatements="1" TotalStatements="1" CoveragePercent="100">
            <Statement FileIndex="192" Line="18" Column="74" EndLine="18" EndColumn="88" Covered="True" />
          </Method>
          <Method Name="&lt;ConfigureStateMachineMessages&gt;b__0_3(CoffeeSpace.Messages.Products.Responses.OrderStockConfirmed):System.Guid" CoveredStatements="0" TotalStatements="1" CoveragePercent="0">
            <Statement FileIndex="192" Line="19" Column="75" EndLine="19" EndColumn="89" Covered="False" />
          </Method>
          <Method Name="&lt;ConfigureStateMachineMessages&gt;b__0_4(MassTransit.Fault&lt;CoffeeSpace.Messages.Products.Commands.ValidateOrderStock&gt;):System.Guid" CoveredStatements="0" TotalStatements="1" CoveragePercent="0">
            <Statement FileIndex="192" Line="20" Column="81" EndLine="20" EndColumn="103" Covered="False" />
          </Method>
          <Method Name="&lt;ConfigureStateMachineMessages&gt;b__0_5(CoffeeSpace.Messages.Ordering.Commands.RequestOrderPayment):System.Guid" CoveredStatements="0" TotalStatements="1" CoveragePercent="0">
            <Statement FileIndex="192" Line="22" Column="75" EndLine="22" EndColumn="89" Covered="False" />
          </Method>
          <Method Name="&lt;ConfigureStateMachineMessages&gt;b__0_6(CoffeeSpace.Messages.Ordering.Responses.OrderPaid):System.Guid" CoveredStatements="0" TotalStatements="1" CoveragePercent="0">
            <Statement FileIndex="192" Line="23" Column="65" EndLine="23" EndColumn="79" Covered="False" />
          </Method>
          <Method Name="&lt;ConfigureStateMachineMessages&gt;b__0_7(MassTransit.Fault&lt;CoffeeSpace.Messages.Ordering.Commands.RequestOrderPayment&gt;):System.Guid" CoveredStatements="0" TotalStatements="1" CoveragePercent="0">
            <Statement FileIndex="192" Line="24" Column="82" EndLine="24" EndColumn="104" Covered="False" />
          </Method>
          <Method Name="&lt;ConfigureStateMachineMessages&gt;b__0_8(CoffeeSpace.Messages.Shipment.Commands.RequestOrderShipment):System.Guid" CoveredStatements="0" TotalStatements="1" CoveragePercent="0">
            <Statement FileIndex="192" Line="26" Column="76" EndLine="26" EndColumn="90" Covered="False" />
          </Method>
          <Method Name="&lt;ConfigureStateMachineMessages&gt;b__0_9(CoffeeSpace.Messages.Shipment.Responses.OrderShipped):System.Guid" CoveredStatements="0" TotalStatements="1" CoveragePercent="0">
            <Statement FileIndex="192" Line="27" Column="68" EndLine="27" EndColumn="82" Covered="False" />
          </Method>
        </Type>
        <Method Name="ConfigureStateMachineMessages():System.Void" CoveredStatements="13" TotalStatements="13" CoveragePercent="100">
          <Statement FileIndex="192" Line="14" Column="5" EndLine="14" EndColumn="6" Covered="True" />
          <Statement FileIndex="192" Line="15" Column="9" EndLine="15" EndColumn="83" Covered="True" />
          <Statement FileIndex="192" Line="16" Column="9" EndLine="16" EndColumn="83" Covered="True" />
          <Statement FileIndex="192" Line="18" Column="9" EndLine="18" EndColumn="90" Covered="True" />
          <Statement FileIndex="192" Line="19" Column="9" EndLine="19" EndColumn="91" Covered="True" />
          <Statement FileIndex="192" Line="20" Column="9" EndLine="20" EndColumn="105" Covered="True" />
          <Statement FileIndex="192" Line="22" Column="9" EndLine="22" EndColumn="91" Covered="True" />
          <Statement FileIndex="192" Line="23" Column="9" EndLine="23" EndColumn="81" Covered="True" />
          <Statement FileIndex="192" Line="24" Column="9" EndLine="24" EndColumn="106" Covered="True" />
          <Statement FileIndex="192" Line="26" Column="9" EndLine="26" EndColumn="92" Covered="True" />
          <Statement FileIndex="192" Line="27" Column="9" EndLine="27" EndColumn="84" Covered="True" />
          <Statement FileIndex="192" Line="28" Column="9" EndLine="28" EndColumn="107" Covered="True" />
          <Statement FileIndex="192" Line="29" Column="5" EndLine="29" EndColumn="6" Covered="True" />
        </Method>
      </Type>
    </Namespace>
    <Namespace Name="CoffeeSpace.OrderingApi.Application.Messaging.Masstransit.Consumers" CoveredStatements="9" TotalStatements="16" CoveragePercent="56">
      <Type Name="PaymentPageInitializedConsumer" CoveredStatements="0" TotalStatements="7" CoveragePercent="0">
        <Type Name="&lt;Consume&gt;d__2" CoveredStatements="0" TotalStatements="3" CoveragePercent="0">
          <Method Name="MoveNext():System.Void" CoveredStatements="0" TotalStatements="3" CoveragePercent="0">
            <Statement FileIndex="193" Line="19" Column="5" EndLine="19" EndColumn="6" Covered="False" />
            <Statement FileIndex="193" Line="20" Column="9" EndLine="22" EndColumn="104" Covered="False" />
            <Statement FileIndex="193" Line="23" Column="5" EndLine="23" EndColumn="6" Covered="False" />
          </Method>
        </Type>
        <Method Name=".ctor(Microsoft.AspNetCore.SignalR.IHubContext&lt;CoffeeSpace.OrderingApi.Application.SignalRHubs.OrderingHub,CoffeeSpace.OrderingApi.Application.SignalRHubs.Abstraction.IOrderingHub&gt;):System.Void" CoveredStatements="0" TotalStatements="4" CoveragePercent="0">
          <Statement FileIndex="193" Line="13" Column="5" EndLine="13" EndColumn="93" Covered="False" />
          <Statement FileIndex="193" Line="14" Column="5" EndLine="14" EndColumn="6" Covered="False" />
          <Statement FileIndex="193" Line="15" Column="9" EndLine="15" EndColumn="34" Covered="False" />
          <Statement FileIndex="193" Line="16" Column="5" EndLine="16" EndColumn="6" Covered="False" />
        </Method>
      </Type>
      <Type Name="RegisterNewBuyerConsumer" CoveredStatements="9" TotalStatements="9" CoveragePercent="100">
        <Method Name=".ctor(CoffeeSpace.OrderingApi.Application.Services.Abstractions.IBuyerService,Microsoft.Extensions.Logging.ILogger&lt;CoffeeSpace.OrderingApi.Application.Messaging.Masstransit.Consumers.RegisterNewBuyerConsumer&gt;):System.Void" CoveredStatements="5" TotalStatements="5" CoveragePercent="100">
          <Statement FileIndex="194" Line="13" Column="5" EndLine="13" EndColumn="106" Covered="True" />
          <Statement FileIndex="194" Line="14" Column="5" EndLine="14" EndColumn="6" Covered="True" />
          <Statement FileIndex="194" Line="15" Column="9" EndLine="15" EndColumn="38" Covered="True" />
          <Statement FileIndex="194" Line="16" Column="9" EndLine="16" EndColumn="26" Covered="True" />
          <Statement FileIndex="194" Line="17" Column="5" EndLine="17" EndColumn="6" Covered="True" />
        </Method>
        <Method Name="Consume(MassTransit.ConsumeContext&lt;CoffeeSpace.Messages.Buyers.RegisterNewBuyer&gt;):System.Threading.Tasks.Task" CoveredStatements="4" TotalStatements="4" CoveragePercent="100">
          <Statement FileIndex="194" Line="20" Column="5" EndLine="20" EndColumn="6" Covered="True" />
          <Statement FileIndex="194" Line="21" Column="9" EndLine="21" EndColumn="102" Covered="True" />
          <Statement FileIndex="194" Line="22" Column="9" EndLine="27" EndColumn="39" Covered="True" />
          <Statement FileIndex="194" Line="28" Column="5" EndLine="28" EndColumn="6" Covered="True" />
        </Method>
      </Type>
    </Namespace>
    <Namespace Name="CoffeeSpace.OrderingApi.Application.Messaging.Masstransit.Sagas" CoveredStatements="82" TotalStatements="89" CoveragePercent="92">
      <Type Name="OrderStateInstance" CoveredStatements="11" TotalStatements="14" CoveragePercent="79">
        <Method Name="get_BuyerId():System.Guid" CoveredStatements="1" TotalStatements="1" CoveragePercent="100">
          <Statement FileIndex="195" Line="13" Column="36" EndLine="13" EndColumn="40" Covered="True" />
        </Method>
        <Method Name="get_CorrelationId():System.Guid" CoveredStatements="1" TotalStatements="1" CoveragePercent="100">
          <Statement FileIndex="195" Line="7" Column="33" EndLine="7" EndColumn="37" Covered="True" />
        </Method>
        <Method Name="get_CurrentState():System.Int32" CoveredStatements="1" TotalStatements="1" CoveragePercent="100">
          <Statement FileIndex="195" Line="9" Column="31" EndLine="9" EndColumn="35" Covered="True" />
        </Method>
        <Method Name="get_OrderId():System.Guid" CoveredStatements="1" TotalStatements="1" CoveragePercent="100">
          <Statement FileIndex="195" Line="11" Column="36" EndLine="11" EndColumn="40" Covered="True" />
        </Method>
        <Method Name="get_PaymentSuccess():System.Boolean" CoveredStatements="0" TotalStatements="1" CoveragePercent="0">
          <Statement FileIndex="195" Line="19" Column="34" EndLine="19" EndColumn="38" Covered="False" />
        </Method>
        <Method Name="get_StockValidationSuccess():System.Boolean" CoveredStatements="0" TotalStatements="1" CoveragePercent="0">
          <Statement FileIndex="195" Line="17" Column="43" EndLine="17" EndColumn="47" Covered="False" />
        </Method>
        <Method Name="get_UpdateOrderStatusCorrelationId():System.Guid" CoveredStatements="0" TotalStatements="1" CoveragePercent="0">
          <Statement FileIndex="195" Line="15" Column="59" EndLine="15" EndColumn="63" Covered="False" />
        </Method>
        <Method Name="set_BuyerId(System.Guid):System.Void" CoveredStatements="1" TotalStatements="1" CoveragePercent="100">
          <Statement FileIndex="195" Line="13" Column="41" EndLine="13" EndColumn="45" Covered="True" />
        </Method>
        <Method Name="set_CorrelationId(System.Guid):System.Void" CoveredStatements="1" TotalStatements="1" CoveragePercent="100">
          <Statement FileIndex="195" Line="7" Column="38" EndLine="7" EndColumn="42" Covered="True" />
        </Method>
        <Method Name="set_CurrentState(System.Int32):System.Void" CoveredStatements="1" TotalStatements="1" CoveragePercent="100">
          <Statement FileIndex="195" Line="9" Column="36" EndLine="9" EndColumn="40" Covered="True" />
        </Method>
        <Method Name="set_OrderId(System.Guid):System.Void" CoveredStatements="1" TotalStatements="1" CoveragePercent="100">
          <Statement FileIndex="195" Line="11" Column="41" EndLine="11" EndColumn="45" Covered="True" />
        </Method>
        <Method Name="set_PaymentSuccess(System.Boolean):System.Void" CoveredStatements="1" TotalStatements="1" CoveragePercent="100">
          <Statement FileIndex="195" Line="19" Column="39" EndLine="19" EndColumn="43" Covered="True" />
        </Method>
        <Method Name="set_StockValidationSuccess(System.Boolean):System.Void" CoveredStatements="1" TotalStatements="1" CoveragePercent="100">
          <Statement FileIndex="195" Line="17" Column="48" EndLine="17" EndColumn="52" Covered="True" />
        </Method>
        <Method Name="set_UpdateOrderStatusCorrelationId(System.Guid):System.Void" CoveredStatements="1" TotalStatements="1" CoveragePercent="100">
          <Statement FileIndex="195" Line="15" Column="64" EndLine="15" EndColumn="68" Covered="True" />
        </Method>
      </Type>
      <Type Name="OrderStateMachine" CoveredStatements="71" TotalStatements="75" CoveragePercent="95">
        <Type Name="&lt;&gt;c" CoveredStatements="15" TotalStatements="19" CoveragePercent="79">
          <Method Name="&lt;.ctor&gt;b__20_12(MassTransit.BehaviorContext&lt;CoffeeSpace.OrderingApi.Application.Messaging.Masstransit.Sagas.OrderStateInstance,CoffeeSpace.Messages.Ordering.Commands.SubmitOrder&gt;):System.Void" CoveredStatements="7" TotalStatements="7" CoveragePercent="100">
            <Statement FileIndex="196" Line="54" Column="17" EndLine="54" EndColumn="18" Covered="True" />
            <Statement FileIndex="196" Line="55" Column="21" EndLine="55" EndColumn="69" Covered="True" />
            <Statement FileIndex="196" Line="56" Column="21" EndLine="56" EndColumn="74" Covered="True" />
            <Statement FileIndex="196" Line="57" Column="21" EndLine="57" EndColumn="92" Covered="True" />
            <Statement FileIndex="196" Line="58" Column="21" EndLine="58" EndColumn="65" Covered="True" />
            <Statement FileIndex="196" Line="59" Column="21" EndLine="59" EndColumn="57" Covered="True" />
            <Statement FileIndex="196" Line="60" Column="17" EndLine="60" EndColumn="18" Covered="True" />
          </Method>
          <Method Name="&lt;.ctor&gt;b__20_13(MassTransit.BehaviorContext&lt;CoffeeSpace.OrderingApi.Application.Messaging.Masstransit.Sagas.OrderStateInstance,CoffeeSpace.Messages.Ordering.Commands.SubmitOrder&gt;):System.Threading.Tasks.Task&lt;MassTransit.SendTuple&lt;CoffeeSpace.Messages.Products.Commands.ValidateOrderStock&gt;&gt;" CoveredStatements="1" TotalStatements="1" CoveragePercent="100">
            <Statement FileIndex="196" Line="62" Column="37" EndLine="66" EndColumn="19" Covered="True" />
          </Method>
          <Method Name="&lt;.ctor&gt;b__20_14(MassTransit.EventActivityBinder&lt;CoffeeSpace.OrderingApi.Application.Messaging.Masstransit.Sagas.OrderStateInstance&gt;):MassTransit.EventActivityBinder&lt;CoffeeSpace.OrderingApi.Application.Messaging.Masstransit.Sagas.OrderStateInstance&gt;" CoveredStatements="1" TotalStatements="1" CoveragePercent="100">
            <Statement FileIndex="196" Line="69" Column="32" EndLine="70" EndColumn="113" Covered="True" />
          </Method>
          <Method Name="&lt;.ctor&gt;b__20_15(MassTransit.EventActivityBinder&lt;CoffeeSpace.OrderingApi.Application.Messaging.Masstransit.Sagas.OrderStateInstance&gt;):MassTransit.EventActivityBinder&lt;CoffeeSpace.OrderingApi.Application.Messaging.Masstransit.Sagas.OrderStateInstance&gt;" CoveredStatements="1" TotalStatements="1" CoveragePercent="100">
            <Statement FileIndex="196" Line="72" Column="39" EndLine="72" EndColumn="56" Covered="True" />
          </Method>
          <Method Name="&lt;.ctor&gt;b__20_16(MassTransit.BehaviorContext&lt;CoffeeSpace.OrderingApi.Application.Messaging.Masstransit.Sagas.OrderStateInstance,CoffeeSpace.Messages.Products.Responses.OrderStockConfirmed&gt;):System.Threading.Tasks.Task&lt;MassTransit.SendTuple&lt;CoffeeSpace.Messages.Ordering.Commands.RequestOrderPayment&gt;&gt;" CoveredStatements="0" TotalStatements="1" CoveragePercent="0">
            <Statement FileIndex="196" Line="84" Column="37" EndLine="87" EndColumn="19" Covered="False" />
          </Method>
          <Method Name="&lt;.ctor&gt;b__20_17(MassTransit.BehaviorContext&lt;CoffeeSpace.OrderingApi.Application.Messaging.Masstransit.Sagas.OrderStateInstance,CoffeeSpace.Messages.Products.Responses.OrderStockConfirmed&gt;):System.Void" CoveredStatements="0" TotalStatements="1" CoveragePercent="0">
            <Statement FileIndex="196" Line="89" Column="34" EndLine="89" EndColumn="76" Covered="False" />
          </Method>
          <Method Name="&lt;.ctor&gt;b__20_18(MassTransit.BehaviorContext&lt;CoffeeSpace.OrderingApi.Application.Messaging.Masstransit.Sagas.OrderStateInstance,CoffeeSpace.Messages.Ordering.Responses.OrderPaid&gt;):System.Threading.Tasks.Task&lt;MassTransit.SendTuple&lt;CoffeeSpace.Messages.Shipment.Commands.RequestOrderShipment&gt;&gt;" CoveredStatements="0" TotalStatements="1" CoveragePercent="0">
            <Statement FileIndex="196" Line="93" Column="37" EndLine="96" EndColumn="19" Covered="False" />
          </Method>
          <Method Name="&lt;.ctor&gt;b__20_19(MassTransit.BehaviorContext&lt;CoffeeSpace.OrderingApi.Application.Messaging.Masstransit.Sagas.OrderStateInstance,CoffeeSpace.Messages.Ordering.Responses.OrderPaid&gt;):System.Void" CoveredStatements="0" TotalStatements="1" CoveragePercent="0">
            <Statement FileIndex="196" Line="98" Column="34" EndLine="98" EndColumn="68" Covered="False" />
          </Method>
          <Method Name="&lt;.ctor&gt;b__20_20(MassTransit.IStateMachineActivitySelector&lt;CoffeeSpace.OrderingApi.Application.Messaging.Masstransit.Sagas.OrderStateInstance,CoffeeSpace.Messages.Shipment.Responses.OrderShipped&gt;):MassTransit.EventActivityBinder&lt;CoffeeSpace.OrderingApi.Application.Messaging.Masstransit.Sagas.OrderStateInstance,CoffeeSpace.Messages.Shipment.Responses.OrderShipped&gt;" CoveredStatements="1" TotalStatements="1" CoveragePercent="100">
            <Statement FileIndex="196" Line="102" Column="39" EndLine="102" EndColumn="91" Covered="True" />
          </Method>
          <Method Name="&lt;.ctor&gt;b__20_21(CoffeeSpace.Domain.Ordering.Orders.OrderItem):System.String" CoveredStatements="1" TotalStatements="1" CoveragePercent="100">
            <Statement FileIndex="196" Line="65" Column="85" EndLine="65" EndColumn="95" Covered="True" />
          </Method>
          <Method Name="&lt;.ctor&gt;b__20_22(MassTransit.BehaviorContext&lt;CoffeeSpace.OrderingApi.Application.Messaging.Masstransit.Sagas.OrderStateInstance&gt;):System.Boolean" CoveredStatements="1" TotalStatements="1" CoveragePercent="100">
            <Statement FileIndex="196" Line="69" Column="53" EndLine="69" EndColumn="82" Covered="True" />
          </Method>
          <Method Name="&lt;.ctor&gt;b__20_23(MassTransit.EventActivityBinder&lt;CoffeeSpace.OrderingApi.Application.Messaging.Masstransit.Sagas.OrderStateInstance&gt;):MassTransit.EventActivityBinder&lt;CoffeeSpace.OrderingApi.Application.Messaging.Masstransit.Sagas.OrderStateInstance&gt;" CoveredStatements="1" TotalStatements="1" CoveragePercent="100">
            <Statement FileIndex="196" Line="70" Column="31" EndLine="70" EndColumn="112" Covered="True" />
          </Method>
          <Method Name="&lt;.ctor&gt;b__20_24(MassTransit.IStateMachineActivitySelector&lt;CoffeeSpace.OrderingApi.Application.Messaging.Masstransit.Sagas.OrderStateInstance&gt;):MassTransit.EventActivityBinder&lt;CoffeeSpace.OrderingApi.Application.Messaging.Masstransit.Sagas.OrderStateInstance&gt;" CoveredStatements="1" TotalStatements="1" CoveragePercent="100">
            <Statement FileIndex="196" Line="70" Column="67" EndLine="70" EndColumn="111" Covered="True" />
          </Method>
        </Type>
        <Method Name=".ctor():System.Void" CoveredStatements="24" TotalStatements="24" CoveragePercent="100">
          <Statement FileIndex="196" Line="25" Column="5" EndLine="25" EndColumn="31" Covered="True" />
          <Statement FileIndex="196" Line="26" Column="5" EndLine="26" EndColumn="6" Covered="True" />
          <Statement FileIndex="196" Line="27" Column="9" EndLine="27" EndColumn="73" Covered="True" />
          <Statement FileIndex="196" Line="29" Column="9" EndLine="29" EndColumn="34" Covered="True" />
          <Statement FileIndex="196" Line="30" Column="9" EndLine="30" EndColumn="34" Covered="True" />
          <Statement FileIndex="196" Line="32" Column="9" EndLine="32" EndColumn="50" Covered="True" />
          <Statement FileIndex="196" Line="33" Column="9" EndLine="33" EndColumn="42" Covered="True" />
          <Statement FileIndex="196" Line="34" Column="9" EndLine="34" EndColumn="48" Covered="True" />
          <Statement FileIndex="196" Line="36" Column="9" EndLine="36" EndColumn="42" Covered="True" />
          <Statement FileIndex="196" Line="37" Column="9" EndLine="37" EndColumn="32" Covered="True" />
          <Statement FileIndex="196" Line="38" Column="9" EndLine="38" EndColumn="50" Covered="True" />
          <Statement FileIndex="196" Line="40" Column="9" EndLine="40" EndColumn="43" Covered="True" />
          <Statement FileIndex="196" Line="41" Column="9" EndLine="41" EndColumn="35" Covered="True" />
          <Statement FileIndex="196" Line="42" Column="9" EndLine="42" EndColumn="51" Covered="True" />
          <Statement FileIndex="196" Line="44" Column="9" EndLine="49" EndColumn="23" Covered="True" />
          <Statement FileIndex="196" Line="51" Column="9" EndLine="67" EndColumn="11" Covered="True" />
          <Statement FileIndex="196" Line="69" Column="9" EndLine="70" EndColumn="115" Covered="True" />
          <Statement FileIndex="196" Line="72" Column="9" EndLine="72" EndColumn="58" Covered="True" />
          <Statement FileIndex="196" Line="74" Column="9" EndLine="80" EndColumn="42" Covered="True" />
          <Statement FileIndex="196" Line="82" Column="9" EndLine="89" EndColumn="79" Covered="True" />
          <Statement FileIndex="196" Line="91" Column="9" EndLine="98" EndColumn="71" Covered="True" />
          <Statement FileIndex="196" Line="100" Column="9" EndLine="104" EndColumn="30" Covered="True" />
          <Statement FileIndex="196" Line="106" Column="9" EndLine="106" EndColumn="37" Covered="True" />
          <Statement FileIndex="196" Line="107" Column="5" EndLine="107" EndColumn="6" Covered="True" />
        </Method>
        <Method Name="get_Canceled():MassTransit.State" CoveredStatements="1" TotalStatements="1" CoveragePercent="100">
          <Statement FileIndex="196" Line="23" Column="38" EndLine="23" EndColumn="42" Covered="True" />
        </Method>
        <Method Name="get_CancelOrder():MassTransit.Event&lt;CoffeeSpace.Messages.Ordering.Commands.CancelOrder&gt;" CoveredStatements="1" TotalStatements="1" CoveragePercent="100">
          <Statement FileIndex="196" Line="110" Column="54" EndLine="110" EndColumn="58" Covered="True" />
        </Method>
        <Method Name="get_FailedToConfirmOrderStock():MassTransit.Event&lt;MassTransit.Fault&lt;CoffeeSpace.Messages.Products.Commands.ValidateOrderStock&gt;&gt;" CoveredStatements="1" TotalStatements="1" CoveragePercent="100">
          <Statement FileIndex="196" Line="114" Column="82" EndLine="114" EndColumn="86" Covered="True" />
        </Method>
        <Method Name="get_FailedToRequestOrderPayment():MassTransit.Event&lt;MassTransit.Fault&lt;CoffeeSpace.Messages.Ordering.Commands.RequestOrderPayment&gt;&gt;" CoveredStatements="1" TotalStatements="1" CoveragePercent="100">
          <Statement FileIndex="196" Line="118" Column="85" EndLine="118" EndColumn="89" Covered="True" />
        </Method>
        <Method Name="get_FailedToRequestOrderShipment():MassTransit.Event&lt;MassTransit.Fault&lt;CoffeeSpace.Messages.Shipment.Commands.RequestOrderShipment&gt;&gt;" CoveredStatements="1" TotalStatements="1" CoveragePercent="100">
          <Statement FileIndex="196" Line="122" Column="87" EndLine="122" EndColumn="91" Covered="True" />
        </Method>
        <Method Name="get_OrderPaid():MassTransit.Event&lt;CoffeeSpace.Messages.Ordering.Responses.OrderPaid&gt;" CoveredStatements="1" TotalStatements="1" CoveragePercent="100">
          <Statement FileIndex="196" Line="117" Column="50" EndLine="117" EndColumn="54" Covered="True" />
        </Method>
        <Method Name="get_OrderShipped():MassTransit.Event&lt;CoffeeSpace.Messages.Shipment.Responses.OrderShipped&gt;" CoveredStatements="1" TotalStatements="1" CoveragePercent="100">
          <Statement FileIndex="196" Line="121" Column="56" EndLine="121" EndColumn="60" Covered="True" />
        </Method>
        <Method Name="get_OrderStockConfirmed():MassTransit.Event&lt;CoffeeSpace.Messages.Products.Responses.OrderStockConfirmed&gt;" CoveredStatements="1" TotalStatements="1" CoveragePercent="100">
          <Statement FileIndex="196" Line="113" Column="70" EndLine="113" EndColumn="74" Covered="True" />
        </Method>
        <Method Name="get_Paid():MassTransit.State" CoveredStatements="1" TotalStatements="1" CoveragePercent="100">
          <Statement FileIndex="196" Line="19" Column="34" EndLine="19" EndColumn="38" Covered="True" />
        </Method>
        <Method Name="get_RequestOrderPayment():MassTransit.Event&lt;CoffeeSpace.Messages.Ordering.Commands.RequestOrderPayment&gt;" CoveredStatements="1" TotalStatements="1" CoveragePercent="100">
          <Statement FileIndex="196" Line="116" Column="70" EndLine="116" EndColumn="74" Covered="True" />
        </Method>
        <Method Name="get_RequestOrderShipment():MassTransit.Event&lt;CoffeeSpace.Messages.Shipment.Commands.RequestOrderShipment&gt;" CoveredStatements="1" TotalStatements="1" CoveragePercent="100">
          <Statement FileIndex="196" Line="120" Column="72" EndLine="120" EndColumn="76" Covered="True" />
        </Method>
        <Method Name="get_RequestOrderStockValidation():MassTransit.Event&lt;CoffeeSpace.Messages.Products.Commands.ValidateOrderStock&gt;" CoveredStatements="1" TotalStatements="1" CoveragePercent="100">
          <Statement FileIndex="196" Line="112" Column="77" EndLine="112" EndColumn="81" Covered="True" />
        </Method>
        <Method Name="get_Shipped():MassTransit.State" CoveredStatements="1" TotalStatements="1" CoveragePercent="100">
          <Statement FileIndex="196" Line="21" Column="37" EndLine="21" EndColumn="41" Covered="True" />
        </Method>
        <Method Name="get_StockConfirmed():MassTransit.State" CoveredStatements="1" TotalStatements="1" CoveragePercent="100">
          <Statement FileIndex="196" Line="17" Column="44" EndLine="17" EndColumn="48" Covered="True" />
        </Method>
        <Method Name="get_SubmitOrder():MassTransit.Event&lt;CoffeeSpace.Messages.Ordering.Commands.SubmitOrder&gt;" CoveredStatements="1" TotalStatements="1" CoveragePercent="100">
          <Statement FileIndex="196" Line="109" Column="54" EndLine="109" EndColumn="58" Covered="True" />
        </Method>
        <Method Name="get_Submitted():MassTransit.State" CoveredStatements="1" TotalStatements="1" CoveragePercent="100">
          <Statement FileIndex="196" Line="15" Column="39" EndLine="15" EndColumn="43" Covered="True" />
        </Method>
        <Method Name="set_Canceled(MassTransit.State):System.Void" CoveredStatements="1" TotalStatements="1" CoveragePercent="100">
          <Statement FileIndex="196" Line="23" Column="43" EndLine="23" EndColumn="48" Covered="True" />
        </Method>
        <Method Name="set_CancelOrder(MassTransit.Event&lt;CoffeeSpace.Messages.Ordering.Commands.CancelOrder&gt;):System.Void" CoveredStatements="1" TotalStatements="1" CoveragePercent="100">
          <Statement FileIndex="196" Line="110" Column="59" EndLine="110" EndColumn="64" Covered="True" />
        </Method>
        <Method Name="set_FailedToConfirmOrderStock(MassTransit.Event&lt;MassTransit.Fault&lt;CoffeeSpace.Messages.Products.Commands.ValidateOrderStock&gt;&gt;):System.Void" CoveredStatements="1" TotalStatements="1" CoveragePercent="100">
          <Statement FileIndex="196" Line="114" Column="87" EndLine="114" EndColumn="92" Covered="True" />
        </Method>
        <Method Name="set_FailedToRequestOrderPayment(MassTransit.Event&lt;MassTransit.Fault&lt;CoffeeSpace.Messages.Ordering.Commands.RequestOrderPayment&gt;&gt;):System.Void" CoveredStatements="1" TotalStatements="1" CoveragePercent="100">
          <Statement FileIndex="196" Line="118" Column="90" EndLine="118" EndColumn="95" Covered="True" />
        </Method>
        <Method Name="set_FailedToRequestOrderShipment(MassTransit.Event&lt;MassTransit.Fault&lt;CoffeeSpace.Messages.Shipment.Commands.RequestOrderShipment&gt;&gt;):System.Void" CoveredStatements="1" TotalStatements="1" CoveragePercent="100">
          <Statement FileIndex="196" Line="122" Column="92" EndLine="122" EndColumn="97" Covered="True" />
        </Method>
        <Method Name="set_OrderPaid(MassTransit.Event&lt;CoffeeSpace.Messages.Ordering.Responses.OrderPaid&gt;):System.Void" CoveredStatements="1" TotalStatements="1" CoveragePercent="100">
          <Statement FileIndex="196" Line="117" Column="55" EndLine="117" EndColumn="60" Covered="True" />
        </Method>
        <Method Name="set_OrderShipped(MassTransit.Event&lt;CoffeeSpace.Messages.Shipment.Responses.OrderShipped&gt;):System.Void" CoveredStatements="1" TotalStatements="1" CoveragePercent="100">
          <Statement FileIndex="196" Line="121" Column="61" EndLine="121" EndColumn="66" Covered="True" />
        </Method>
        <Method Name="set_OrderStockConfirmed(MassTransit.Event&lt;CoffeeSpace.Messages.Products.Responses.OrderStockConfirmed&gt;):System.Void" CoveredStatements="1" TotalStatements="1" CoveragePercent="100">
          <Statement FileIndex="196" Line="113" Column="75" EndLine="113" EndColumn="80" Covered="True" />
        </Method>
        <Method Name="set_Paid(MassTransit.State):System.Void" CoveredStatements="1" TotalStatements="1" CoveragePercent="100">
          <Statement FileIndex="196" Line="19" Column="39" EndLine="19" EndColumn="44" Covered="True" />
        </Method>
        <Method Name="set_RequestOrderPayment(MassTransit.Event&lt;CoffeeSpace.Messages.Ordering.Commands.RequestOrderPayment&gt;):System.Void" CoveredStatements="1" TotalStatements="1" CoveragePercent="100">
          <Statement FileIndex="196" Line="116" Column="75" EndLine="116" EndColumn="80" Covered="True" />
        </Method>
        <Method Name="set_RequestOrderShipment(MassTransit.Event&lt;CoffeeSpace.Messages.Shipment.Commands.RequestOrderShipment&gt;):System.Void" CoveredStatements="1" TotalStatements="1" CoveragePercent="100">
          <Statement FileIndex="196" Line="120" Column="77" EndLine="120" EndColumn="82" Covered="True" />
        </Method>
        <Method Name="set_RequestOrderStockValidation(MassTransit.Event&lt;CoffeeSpace.Messages.Products.Commands.ValidateOrderStock&gt;):System.Void" CoveredStatements="1" TotalStatements="1" CoveragePercent="100">
          <Statement FileIndex="196" Line="112" Column="82" EndLine="112" EndColumn="87" Covered="True" />
        </Method>
        <Method Name="set_Shipped(MassTransit.State):System.Void" CoveredStatements="1" TotalStatements="1" CoveragePercent="100">
          <Statement FileIndex="196" Line="21" Column="42" EndLine="21" EndColumn="47" Covered="True" />
        </Method>
        <Method Name="set_StockConfirmed(MassTransit.State):System.Void" CoveredStatements="1" TotalStatements="1" CoveragePercent="100">
          <Statement FileIndex="196" Line="17" Column="49" EndLine="17" EndColumn="54" Covered="True" />
        </Method>
        <Method Name="set_SubmitOrder(MassTransit.Event&lt;CoffeeSpace.Messages.Ordering.Commands.SubmitOrder&gt;):System.Void" CoveredStatements="1" TotalStatements="1" CoveragePercent="100">
          <Statement FileIndex="196" Line="109" Column="59" EndLine="109" EndColumn="64" Covered="True" />
        </Method>
        <Method Name="set_Submitted(MassTransit.State):System.Void" CoveredStatements="1" TotalStatements="1" CoveragePercent="100">
          <Statement FileIndex="196" Line="15" Column="44" EndLine="15" EndColumn="49" Covered="True" />
        </Method>
      </Type>
    </Namespace>
    <Namespace Name="CoffeeSpace.OrderingApi.Application.Messaging.Mediator.Commands" CoveredStatements="6" TotalStatements="6" CoveragePercent="100">
      <Type Name="UpdateOrderStatusCommand" CoveredStatements="6" TotalStatements="6" CoveragePercent="100">
        <Method Name="get_BuyerId():System.Guid" CoveredStatements="1" TotalStatements="1" CoveragePercent="100">
          <Statement FileIndex="198" Line="10" Column="36" EndLine="10" EndColumn="40" Covered="True" />
        </Method>
        <Method Name="get_OrderId():System.Guid" CoveredStatements="1" TotalStatements="1" CoveragePercent="100">
          <Statement FileIndex="198" Line="8" Column="36" EndLine="8" EndColumn="40" Covered="True" />
        </Method>
        <Method Name="get_Status():CoffeeSpace.Domain.Ordering.Orders.OrderStatus" CoveredStatements="1" TotalStatements="1" CoveragePercent="100">
          <Statement FileIndex="198" Line="12" Column="42" EndLine="12" EndColumn="46" Covered="True" />
        </Method>
        <Method Name="set_BuyerId(System.Guid):System.Void" CoveredStatements="1" TotalStatements="1" CoveragePercent="100">
          <Statement FileIndex="198" Line="10" Column="41" EndLine="10" EndColumn="46" Covered="True" />
        </Method>
        <Method Name="set_OrderId(System.Guid):System.Void" CoveredStatements="1" TotalStatements="1" CoveragePercent="100">
          <Statement FileIndex="198" Line="8" Column="41" EndLine="8" EndColumn="46" Covered="True" />
        </Method>
        <Method Name="set_Status(CoffeeSpace.Domain.Ordering.Orders.OrderStatus):System.Void" CoveredStatements="1" TotalStatements="1" CoveragePercent="100">
          <Statement FileIndex="198" Line="12" Column="47" EndLine="12" EndColumn="52" Covered="True" />
        </Method>
      </Type>
    </Namespace>
    <Namespace Name="CoffeeSpace.OrderingApi.Application.Messaging.Mediator.Commands.Handlers" CoveredStatements="13" TotalStatements="15" CoveragePercent="87">
      <Type Name="UpdateOrderStatusCommandHandler" CoveredStatements="13" TotalStatements="15" CoveragePercent="87">
        <Type Name="&lt;Handle&gt;d__4" CoveredStatements="7" TotalStatements="9" CoveragePercent="78">
          <Method Name="MoveNext():System.Void" CoveredStatements="7" TotalStatements="9" CoveragePercent="78">
            <Statement FileIndex="197" Line="23" Column="5" EndLine="23" EndColumn="6" Covered="True" />
            <Statement FileIndex="197" Line="25" Column="9" EndLine="25" EndColumn="130" Covered="True" />
            <Statement FileIndex="197" Line="26" Column="9" EndLine="26" EndColumn="30" Covered="True" />
            <Statement FileIndex="197" Line="27" Column="9" EndLine="27" EndColumn="10" Covered="False" />
            <Statement FileIndex="197" Line="28" Column="13" EndLine="28" EndColumn="31" Covered="False" />
            <Statement FileIndex="197" Line="31" Column="9" EndLine="35" EndColumn="31" Covered="True" />
            <Statement FileIndex="197" Line="37" Column="9" EndLine="37" EndColumn="139" Covered="True" />
            <Statement FileIndex="197" Line="39" Column="9" EndLine="39" EndColumn="27" Covered="True" />
            <Statement FileIndex="197" Line="40" Column="5" EndLine="40" EndColumn="6" Covered="True" />
          </Method>
        </Type>
        <Method Name=".ctor(CoffeeSpace.OrderingApi.Application.Repositories.Abstractions.IOrderRepository,Mediator.IPublisher,Microsoft.AspNetCore.SignalR.IHubContext&lt;CoffeeSpace.OrderingApi.Application.SignalRHubs.OrderingHub,CoffeeSpace.OrderingApi.Application.SignalRHubs.Abstraction.IOrderingHub&gt;):System.Void" CoveredStatements="6" TotalStatements="6" CoveragePercent="100">
          <Statement FileIndex="197" Line="16" Column="5" EndLine="16" EndColumn="150" Covered="True" />
          <Statement FileIndex="197" Line="17" Column="5" EndLine="17" EndColumn="6" Covered="True" />
          <Statement FileIndex="197" Line="18" Column="9" EndLine="18" EndColumn="44" Covered="True" />
          <Statement FileIndex="197" Line="19" Column="9" EndLine="19" EndColumn="32" Covered="True" />
          <Statement FileIndex="197" Line="20" Column="9" EndLine="20" EndColumn="34" Covered="True" />
          <Statement FileIndex="197" Line="21" Column="5" EndLine="21" EndColumn="6" Covered="True" />
        </Method>
      </Type>
    </Namespace>
    <Namespace Name="CoffeeSpace.OrderingApi.Application.Messaging.Mediator.Notifications.Buyers" CoveredStatements="0" TotalStatements="10" CoveragePercent="0">
      <Type Name="CreateBuyerNotification" CoveredStatements="0" TotalStatements="4" CoveragePercent="0">
        <Method Name="get_Email():System.String" CoveredStatements="0" TotalStatements="1" CoveragePercent="0">
          <Statement FileIndex="199" Line="9" Column="36" EndLine="9" EndColumn="40" Covered="False" />
        </Method>
        <Method Name="get_Id():System.Guid" CoveredStatements="0" TotalStatements="1" CoveragePercent="0">
          <Statement FileIndex="199" Line="7" Column="31" EndLine="7" EndColumn="35" Covered="False" />
        </Method>
        <Method Name="set_Email(System.String):System.Void" CoveredStatements="0" TotalStatements="1" CoveragePercent="0">
          <Statement FileIndex="199" Line="9" Column="41" EndLine="9" EndColumn="46" Covered="False" />
        </Method>
        <Method Name="set_Id(System.Guid):System.Void" CoveredStatements="0" TotalStatements="1" CoveragePercent="0">
          <Statement FileIndex="199" Line="7" Column="36" EndLine="7" EndColumn="41" Covered="False" />
        </Method>
      </Type>
      <Type Name="DeleteBuyerNotification" CoveredStatements="0" TotalStatements="2" CoveragePercent="0">
        <Method Name="get_Id():System.Guid" CoveredStatements="0" TotalStatements="1" CoveragePercent="0">
          <Statement FileIndex="200" Line="7" Column="31" EndLine="7" EndColumn="35" Covered="False" />
        </Method>
        <Method Name="set_Id(System.Guid):System.Void" CoveredStatements="0" TotalStatements="1" CoveragePercent="0">
          <Statement FileIndex="200" Line="7" Column="36" EndLine="7" EndColumn="41" Covered="False" />
        </Method>
      </Type>
      <Type Name="UpdateBuyerNotification" CoveredStatements="0" TotalStatements="4" CoveragePercent="0">
        <Method Name="get_Email():System.String" CoveredStatements="0" TotalStatements="1" CoveragePercent="0">
          <Statement FileIndex="202" Line="9" Column="36" EndLine="9" EndColumn="40" Covered="False" />
        </Method>
        <Method Name="get_Id():System.Guid" CoveredStatements="0" TotalStatements="1" CoveragePercent="0">
          <Statement FileIndex="202" Line="7" Column="31" EndLine="7" EndColumn="35" Covered="False" />
        </Method>
        <Method Name="set_Email(System.String):System.Void" CoveredStatements="0" TotalStatements="1" CoveragePercent="0">
          <Statement FileIndex="202" Line="9" Column="41" EndLine="9" EndColumn="46" Covered="False" />
        </Method>
        <Method Name="set_Id(System.Guid):System.Void" CoveredStatements="0" TotalStatements="1" CoveragePercent="0">
          <Statement FileIndex="202" Line="7" Column="36" EndLine="7" EndColumn="41" Covered="False" />
        </Method>
      </Type>
    </Namespace>
    <Namespace Name="CoffeeSpace.OrderingApi.Application.Messaging.Mediator.Notifications.Buyers.Handlers" CoveredStatements="0" TotalStatements="16" CoveragePercent="0">
      <Type Name="BuyerCacheNotificationHandlers" CoveredStatements="0" TotalStatements="16" CoveragePercent="0">
        <Type Name="&lt;Handle&gt;d__2" CoveredStatements="0" TotalStatements="4" CoveragePercent="0">
          <Method Name="MoveNext():System.Void" CoveredStatements="0" TotalStatements="4" CoveragePercent="0">
            <Statement FileIndex="201" Line="21" Column="5" EndLine="21" EndColumn="6" Covered="False" />
            <Statement FileIndex="201" Line="22" Column="9" EndLine="22" EndColumn="99" Covered="False" />
            <Statement FileIndex="201" Line="23" Column="9" EndLine="23" EndColumn="109" Covered="False" />
            <Statement FileIndex="201" Line="24" Column="5" EndLine="24" EndColumn="6" Covered="False" />
          </Method>
        </Type>
        <Type Name="&lt;Handle&gt;d__3" CoveredStatements="0" TotalStatements="4" CoveragePercent="0">
          <Method Name="MoveNext():System.Void" CoveredStatements="0" TotalStatements="4" CoveragePercent="0">
            <Statement FileIndex="201" Line="27" Column="5" EndLine="27" EndColumn="6" Covered="False" />
            <Statement FileIndex="201" Line="28" Column="9" EndLine="28" EndColumn="99" Covered="False" />
            <Statement FileIndex="201" Line="29" Column="9" EndLine="29" EndColumn="109" Covered="False" />
            <Statement FileIndex="201" Line="30" Column="5" EndLine="30" EndColumn="6" Covered="False" />
          </Method>
        </Type>
        <Type Name="&lt;Handle&gt;d__4" CoveredStatements="0" TotalStatements="4" CoveragePercent="0">
          <Method Name="MoveNext():System.Void" CoveredStatements="0" TotalStatements="4" CoveragePercent="0">
            <Statement FileIndex="201" Line="33" Column="5" EndLine="33" EndColumn="6" Covered="False" />
            <Statement FileIndex="201" Line="34" Column="9" EndLine="34" EndColumn="99" Covered="False" />
            <Statement FileIndex="201" Line="35" Column="9" EndLine="35" EndColumn="101" Covered="False" />
            <Statement FileIndex="201" Line="36" Column="5" EndLine="36" EndColumn="6" Covered="False" />
          </Method>
        </Type>
        <Method Name=".ctor(CoffeeSpace.Shared.Services.Abstractions.ICacheService):System.Void" CoveredStatements="0" TotalStatements="4" CoveragePercent="0">
          <Statement FileIndex="201" Line="15" Column="5" EndLine="15" EndColumn="70" Covered="False" />
          <Statement FileIndex="201" Line="16" Column="5" EndLine="16" EndColumn="6" Covered="False" />
          <Statement FileIndex="201" Line="17" Column="9" EndLine="17" EndColumn="38" Covered="False" />
          <Statement FileIndex="201" Line="18" Column="5" EndLine="18" EndColumn="6" Covered="False" />
        </Method>
      </Type>
    </Namespace>
    <Namespace Name="CoffeeSpace.OrderingApi.Application.Messaging.Mediator.Notifications.Orders" CoveredStatements="4" TotalStatements="12" CoveragePercent="33">
      <Type Name="CreateOrderNotification" CoveredStatements="0" TotalStatements="4" CoveragePercent="0">
        <Method Name="get_BuyerId():System.Guid" CoveredStatements="0" TotalStatements="1" CoveragePercent="0">
          <Statement FileIndex="203" Line="9" Column="36" EndLine="9" EndColumn="40" Covered="False" />
        </Method>
        <Method Name="get_Id():System.Guid" CoveredStatements="0" TotalStatements="1" CoveragePercent="0">
          <Statement FileIndex="203" Line="7" Column="31" EndLine="7" EndColumn="35" Covered="False" />
        </Method>
        <Method Name="set_BuyerId(System.Guid):System.Void" CoveredStatements="0" TotalStatements="1" CoveragePercent="0">
          <Statement FileIndex="203" Line="9" Column="41" EndLine="9" EndColumn="46" Covered="False" />
        </Method>
        <Method Name="set_Id(System.Guid):System.Void" CoveredStatements="0" TotalStatements="1" CoveragePercent="0">
          <Statement FileIndex="203" Line="7" Column="36" EndLine="7" EndColumn="41" Covered="False" />
        </Method>
      </Type>
      <Type Name="DeleteOrderNotification" CoveredStatements="0" TotalStatements="4" CoveragePercent="0">
        <Method Name="get_BuyerId():System.Guid" CoveredStatements="0" TotalStatements="1" CoveragePercent="0">
          <Statement FileIndex="204" Line="9" Column="36" EndLine="9" EndColumn="40" Covered="False" />
        </Method>
        <Method Name="get_Id():System.Guid" CoveredStatements="0" TotalStatements="1" CoveragePercent="0">
          <Statement FileIndex="204" Line="7" Column="31" EndLine="7" EndColumn="35" Covered="False" />
        </Method>
        <Method Name="set_BuyerId(System.Guid):System.Void" CoveredStatements="0" TotalStatements="1" CoveragePercent="0">
          <Statement FileIndex="204" Line="9" Column="41" EndLine="9" EndColumn="46" Covered="False" />
        </Method>
        <Method Name="set_Id(System.Guid):System.Void" CoveredStatements="0" TotalStatements="1" CoveragePercent="0">
          <Statement FileIndex="204" Line="7" Column="36" EndLine="7" EndColumn="41" Covered="False" />
        </Method>
      </Type>
      <Type Name="UpdateOrderNotification" CoveredStatements="4" TotalStatements="4" CoveragePercent="100">
        <Method Name="get_BuyerId():System.Guid" CoveredStatements="1" TotalStatements="1" CoveragePercent="100">
          <Statement FileIndex="206" Line="9" Column="36" EndLine="9" EndColumn="40" Covered="True" />
        </Method>
        <Method Name="get_Id():System.Guid" CoveredStatements="1" TotalStatements="1" CoveragePercent="100">
          <Statement FileIndex="206" Line="7" Column="31" EndLine="7" EndColumn="35" Covered="True" />
        </Method>
        <Method Name="set_BuyerId(System.Guid):System.Void" CoveredStatements="1" TotalStatements="1" CoveragePercent="100">
          <Statement FileIndex="206" Line="9" Column="41" EndLine="9" EndColumn="46" Covered="True" />
        </Method>
        <Method Name="set_Id(System.Guid):System.Void" CoveredStatements="1" TotalStatements="1" CoveragePercent="100">
          <Statement FileIndex="206" Line="7" Column="36" EndLine="7" EndColumn="41" Covered="True" />
        </Method>
      </Type>
    </Namespace>
    <Namespace Name="CoffeeSpace.OrderingApi.Application.Messaging.Mediator.Notifications.Orders.Handlers" CoveredStatements="9" TotalStatements="19" CoveragePercent="47">
      <Type Name="OrderCacheNotificationHandler" CoveredStatements="9" TotalStatements="19" CoveragePercent="47">
        <Type Name="&lt;Handle&gt;d__2" CoveredStatements="0" TotalStatements="5" CoveragePercent="0">
          <Method Name="MoveNext():System.Void" CoveredStatements="0" TotalStatements="5" CoveragePercent="0">
            <Statement FileIndex="205" Line="20" Column="5" EndLine="20" EndColumn="6" Covered="False" />
            <Statement FileIndex="205" Line="21" Column="9" EndLine="21" EndColumn="106" Covered="False" />
            <Statement FileIndex="205" Line="22" Column="9" EndLine="22" EndColumn="132" Covered="False" />
            <Statement FileIndex="205" Line="24" Column="9" EndLine="24" EndColumn="104" Covered="False" />
            <Statement FileIndex="205" Line="25" Column="5" EndLine="25" EndColumn="6" Covered="False" />
          </Method>
        </Type>
        <Type Name="&lt;Handle&gt;d__3" CoveredStatements="5" TotalStatements="5" CoveragePercent="100">
          <Method Name="MoveNext():System.Void" CoveredStatements="5" TotalStatements="5" CoveragePercent="100">
            <Statement FileIndex="205" Line="28" Column="5" EndLine="28" EndColumn="6" Covered="True" />
            <Statement FileIndex="205" Line="29" Column="9" EndLine="29" EndColumn="106" Covered="True" />
            <Statement FileIndex="205" Line="30" Column="9" EndLine="30" EndColumn="132" Covered="True" />
            <Statement FileIndex="205" Line="32" Column="9" EndLine="32" EndColumn="104" Covered="True" />
            <Statement FileIndex="205" Line="33" Column="5" EndLine="33" EndColumn="6" Covered="True" />
          </Method>
        </Type>
        <Type Name="&lt;Handle&gt;d__4" CoveredStatements="0" TotalStatements="5" CoveragePercent="0">
          <Method Name="MoveNext():System.Void" CoveredStatements="0" TotalStatements="5" CoveragePercent="0">
            <Statement FileIndex="205" Line="36" Column="5" EndLine="36" EndColumn="6" Covered="False" />
            <Statement FileIndex="205" Line="37" Column="9" EndLine="37" EndColumn="106" Covered="False" />
            <Statement FileIndex="205" Line="38" Column="9" EndLine="38" EndColumn="132" Covered="False" />
            <Statement FileIndex="205" Line="40" Column="9" EndLine="40" EndColumn="104" Covered="False" />
            <Statement FileIndex="205" Line="41" Column="5" EndLine="41" EndColumn="6" Covered="False" />
          </Method>
        </Type>
        <Method Name=".ctor(CoffeeSpace.Shared.Services.Abstractions.ICacheService):System.Void" CoveredStatements="4" TotalStatements="4" CoveragePercent="100">
          <Statement FileIndex="205" Line="14" Column="5" EndLine="14" EndColumn="69" Covered="True" />
          <Statement FileIndex="205" Line="15" Column="5" EndLine="15" EndColumn="6" Covered="True" />
          <Statement FileIndex="205" Line="16" Column="9" EndLine="16" EndColumn="38" Covered="True" />
          <Statement FileIndex="205" Line="17" Column="5" EndLine="17" EndColumn="6" Covered="True" />
        </Method>
      </Type>
    </Namespace>
    <Namespace Name="CoffeeSpace.OrderingApi.Application.Repositories" CoveredStatements="53" TotalStatements="55" CoveragePercent="96">
      <Type Name="BuyerRepository" CoveredStatements="26" TotalStatements="26" CoveragePercent="100">
        <Type Name="&lt;CreateAsync&gt;d__4" CoveredStatements="5" TotalStatements="5" CoveragePercent="100">
          <Method Name="MoveNext():System.Void" CoveredStatements="5" TotalStatements="5" CoveragePercent="100">
            <Statement FileIndex="210" Line="44" Column="5" EndLine="44" EndColumn="6" Covered="True" />
            <Statement FileIndex="210" Line="45" Column="9" EndLine="45" EndColumn="76" Covered="True" />
            <Statement FileIndex="210" Line="46" Column="9" EndLine="46" EndColumn="83" Covered="True" />
            <Statement FileIndex="210" Line="48" Column="9" EndLine="48" EndColumn="27" Covered="True" />
            <Statement FileIndex="210" Line="49" Column="5" EndLine="49" EndColumn="6" Covered="True" />
          </Method>
        </Type>
        <Type Name="&lt;DeleteByIdAsync&gt;d__6" CoveredStatements="4" TotalStatements="4" CoveragePercent="100">
          <Method Name="MoveNext():System.Void" CoveredStatements="4" TotalStatements="4" CoveragePercent="100">
            <Statement FileIndex="210" Line="62" Column="5" EndLine="62" EndColumn="6" Covered="True" />
            <Statement FileIndex="210" Line="63" Column="9" EndLine="65" EndColumn="52" Covered="True" />
            <Statement FileIndex="210" Line="67" Column="9" EndLine="67" EndColumn="27" Covered="True" />
            <Statement FileIndex="210" Line="68" Column="5" EndLine="68" EndColumn="6" Covered="True" />
          </Method>
        </Type>
        <Type Name="&lt;GetByEmailAsync&gt;d__3" CoveredStatements="4" TotalStatements="4" CoveragePercent="100">
          <Method Name="MoveNext():System.Void" CoveredStatements="4" TotalStatements="4" CoveragePercent="100">
            <Statement FileIndex="210" Line="31" Column="5" EndLine="31" EndColumn="6" Covered="True" />
            <Statement FileIndex="210" Line="32" Column="9" EndLine="38" EndColumn="84" Covered="True" />
            <Statement FileIndex="210" Line="40" Column="9" EndLine="40" EndColumn="22" Covered="True" />
            <Statement FileIndex="210" Line="41" Column="5" EndLine="41" EndColumn="6" Covered="True" />
          </Method>
        </Type>
        <Type Name="&lt;GetByIdAsync&gt;d__2" CoveredStatements="4" TotalStatements="4" CoveragePercent="100">
          <Method Name="MoveNext():System.Void" CoveredStatements="4" TotalStatements="4" CoveragePercent="100">
            <Statement FileIndex="210" Line="18" Column="5" EndLine="18" EndColumn="6" Covered="True" />
            <Statement FileIndex="210" Line="19" Column="9" EndLine="25" EndColumn="78" Covered="True" />
            <Statement FileIndex="210" Line="27" Column="9" EndLine="27" EndColumn="22" Covered="True" />
            <Statement FileIndex="210" Line="28" Column="5" EndLine="28" EndColumn="6" Covered="True" />
          </Method>
        </Type>
        <Type Name="&lt;UpdateAsync&gt;d__5" CoveredStatements="5" TotalStatements="5" CoveragePercent="100">
          <Method Name="MoveNext():System.Void" CoveredStatements="5" TotalStatements="5" CoveragePercent="100">
            <Statement FileIndex="210" Line="52" Column="5" EndLine="52" EndColumn="6" Covered="True" />
            <Statement FileIndex="210" Line="53" Column="9" EndLine="53" EndColumn="49" Covered="True" />
            <Statement FileIndex="210" Line="54" Column="9" EndLine="54" EndColumn="83" Covered="True" />
            <Statement FileIndex="210" Line="56" Column="9" EndLine="58" EndColumn="20" Covered="True" />
            <Statement FileIndex="210" Line="59" Column="5" EndLine="59" EndColumn="6" Covered="True" />
          </Method>
        </Type>
        <Method Name=".ctor(CoffeeSpace.OrderingApi.Persistence.Abstractions.IOrderingDbContext):System.Void" CoveredStatements="4" TotalStatements="4" CoveragePercent="100">
          <Statement FileIndex="210" Line="12" Column="5" EndLine="12" EndColumn="65" Covered="True" />
          <Statement FileIndex="210" Line="13" Column="5" EndLine="13" EndColumn="6" Covered="True" />
          <Statement FileIndex="210" Line="14" Column="9" EndLine="14" EndColumn="48" Covered="True" />
          <Statement FileIndex="210" Line="15" Column="5" EndLine="15" EndColumn="6" Covered="True" />
        </Method>
      </Type>
      <Type Name="OrderRepository" CoveredStatements="27" TotalStatements="29" CoveragePercent="93">
        <Type Name="&lt;CreateAsync&gt;d__4" CoveredStatements="5" TotalStatements="5" CoveragePercent="100">
          <Method Name="MoveNext():System.Void" CoveredStatements="5" TotalStatements="5" CoveragePercent="100">
            <Statement FileIndex="211" Line="45" Column="5" EndLine="45" EndColumn="6" Covered="True" />
            <Statement FileIndex="211" Line="46" Column="9" EndLine="46" EndColumn="76" Covered="True" />
            <Statement FileIndex="211" Line="47" Column="9" EndLine="47" EndColumn="83" Covered="True" />
            <Statement FileIndex="211" Line="49" Column="9" EndLine="49" EndColumn="27" Covered="True" />
            <Statement FileIndex="211" Line="50" Column="5" EndLine="50" EndColumn="6" Covered="True" />
          </Method>
        </Type>
        <Type Name="&lt;DeleteByIdAsync&gt;d__6" CoveredStatements="4" TotalStatements="4" CoveragePercent="100">
          <Method Name="MoveNext():System.Void" CoveredStatements="4" TotalStatements="4" CoveragePercent="100">
            <Statement FileIndex="211" Line="63" Column="5" EndLine="63" EndColumn="6" Covered="True" />
            <Statement FileIndex="211" Line="64" Column="9" EndLine="66" EndColumn="52" Covered="True" />
            <Statement FileIndex="211" Line="68" Column="9" EndLine="68" EndColumn="27" Covered="True" />
            <Statement FileIndex="211" Line="69" Column="5" EndLine="69" EndColumn="6" Covered="True" />
          </Method>
        </Type>
        <Type Name="&lt;GetAllByBuyerIdAsync&gt;d__2" CoveredStatements="6" TotalStatements="8" CoveragePercent="75">
          <Method Name="MoveNext():System.Void" CoveredStatements="6" TotalStatements="8" CoveragePercent="75">
            <Statement FileIndex="211" Line="18" Column="5" EndLine="18" EndColumn="6" Covered="True" />
            <Statement FileIndex="211" Line="19" Column="9" EndLine="19" EndColumn="87" Covered="True" />
            <Statement FileIndex="211" Line="20" Column="9" EndLine="20" EndColumn="25" Covered="True" />
            <Statement FileIndex="211" Line="21" Column="9" EndLine="21" EndColumn="10" Covered="False" />
            <Statement FileIndex="211" Line="22" Column="13" EndLine="22" EndColumn="46" Covered="False" />
            <Statement FileIndex="211" Line="25" Column="9" EndLine="29" EndColumn="45" Covered="True" />
            <Statement FileIndex="211" Line="31" Column="9" EndLine="31" EndColumn="23" Covered="True" />
            <Statement FileIndex="211" Line="32" Column="5" EndLine="32" EndColumn="6" Covered="True" />
          </Method>
        </Type>
        <Type Name="&lt;GetByIdAsync&gt;d__3" CoveredStatements="4" TotalStatements="4" CoveragePercent="100">
          <Method Name="MoveNext():System.Void" CoveredStatements="4" TotalStatements="4" CoveragePercent="100">
            <Statement FileIndex="211" Line="35" Column="5" EndLine="35" EndColumn="6" Covered="True" />
            <Statement FileIndex="211" Line="36" Column="9" EndLine="39" EndColumn="78" Covered="True" />
            <Statement FileIndex="211" Line="41" Column="9" EndLine="41" EndColumn="22" Covered="True" />
            <Statement FileIndex="211" Line="42" Column="5" EndLine="42" EndColumn="6" Covered="True" />
          </Method>
        </Type>
        <Type Name="&lt;UpdateOrderStatusAsync&gt;d__5" CoveredStatements="4" TotalStatements="4" CoveragePercent="100">
          <Method Name="MoveNext():System.Void" CoveredStatements="4" TotalStatements="4" CoveragePercent="100">
            <Statement FileIndex="211" Line="53" Column="5" EndLine="53" EndColumn="6" Covered="True" />
            <Statement FileIndex="211" Line="54" Column="9" EndLine="57" EndColumn="86" Covered="True" />
            <Statement FileIndex="211" Line="59" Column="9" EndLine="59" EndColumn="27" Covered="True" />
            <Statement FileIndex="211" Line="60" Column="5" EndLine="60" EndColumn="6" Covered="True" />
          </Method>
        </Type>
        <Method Name=".ctor(CoffeeSpace.OrderingApi.Persistence.Abstractions.IOrderingDbContext):System.Void" CoveredStatements="4" TotalStatements="4" CoveragePercent="100">
          <Statement FileIndex="211" Line="12" Column="5" EndLine="12" EndColumn="65" Covered="True" />
          <Statement FileIndex="211" Line="13" Column="5" EndLine="13" EndColumn="6" Covered="True" />
          <Statement FileIndex="211" Line="14" Column="9" EndLine="14" EndColumn="48" Covered="True" />
          <Statement FileIndex="211" Line="15" Column="5" EndLine="15" EndColumn="6" Covered="True" />
        </Method>
      </Type>
    </Namespace>
    <Namespace Name="CoffeeSpace.OrderingApi.Application.Services" CoveredStatements="62" TotalStatements="64" CoveragePercent="97">
      <Type Name="BuyerService" CoveredStatements="35" TotalStatements="37" CoveragePercent="95">
        <Type Name="&lt;CreateAsync&gt;d__5" CoveredStatements="4" TotalStatements="4" CoveragePercent="100">
          <Method Name="MoveNext():System.Void" CoveredStatements="4" TotalStatements="4" CoveragePercent="100">
            <Statement FileIndex="214" Line="33" Column="5" EndLine="33" EndColumn="6" Covered="True" />
            <Statement FileIndex="214" Line="34" Column="9" EndLine="34" EndColumn="87" Covered="True" />
            <Statement FileIndex="214" Line="35" Column="9" EndLine="35" EndColumn="26" Covered="True" />
            <Statement FileIndex="214" Line="36" Column="5" EndLine="36" EndColumn="6" Covered="True" />
          </Method>
        </Type>
        <Type Name="&lt;DeleteByIdAsync&gt;d__7" CoveredStatements="10" TotalStatements="12" CoveragePercent="83">
          <Method Name="MoveNext():System.Void" CoveredStatements="10" TotalStatements="12" CoveragePercent="83">
            <Statement FileIndex="214" Line="55" Column="5" EndLine="55" EndColumn="6" Covered="True" />
            <Statement FileIndex="214" Line="56" Column="9" EndLine="56" EndColumn="88" Covered="True" />
            <Statement FileIndex="214" Line="57" Column="9" EndLine="57" EndColumn="35" Covered="True" />
            <Statement FileIndex="214" Line="58" Column="9" EndLine="58" EndColumn="10" Covered="False" />
            <Statement FileIndex="214" Line="59" Column="13" EndLine="59" EndColumn="26" Covered="False" />
            <Statement FileIndex="214" Line="62" Column="9" EndLine="62" EndColumn="88" Covered="True" />
            <Statement FileIndex="214" Line="63" Column="9" EndLine="63" EndColumn="24" Covered="True" />
            <Statement FileIndex="214" Line="64" Column="9" EndLine="64" EndColumn="10" Covered="True" />
            <Statement FileIndex="214" Line="65" Column="13" EndLine="65" EndColumn="26" Covered="True" />
            <Statement FileIndex="214" Line="68" Column="9" EndLine="72" EndColumn="53" Covered="True" />
            <Statement FileIndex="214" Line="74" Column="9" EndLine="74" EndColumn="26" Covered="True" />
            <Statement FileIndex="214" Line="75" Column="5" EndLine="75" EndColumn="6" Covered="True" />
          </Method>
        </Type>
        <Type Name="&lt;UpdateAsync&gt;d__6" CoveredStatements="8" TotalStatements="8" CoveragePercent="100">
          <Method Name="MoveNext():System.Void" CoveredStatements="8" TotalStatements="8" CoveragePercent="100">
            <Statement FileIndex="214" Line="39" Column="5" EndLine="39" EndColumn="6" Covered="True" />
            <Statement FileIndex="214" Line="40" Column="9" EndLine="40" EndColumn="89" Covered="True" />
            <Statement FileIndex="214" Line="41" Column="9" EndLine="41" EndColumn="34" Covered="True" />
            <Statement FileIndex="214" Line="42" Column="9" EndLine="42" EndColumn="10" Covered="True" />
            <Statement FileIndex="214" Line="43" Column="13" EndLine="43" EndColumn="25" Covered="True" />
            <Statement FileIndex="214" Line="46" Column="9" EndLine="49" EndColumn="53" Covered="True" />
            <Statement FileIndex="214" Line="51" Column="9" EndLine="51" EndColumn="29" Covered="True" />
            <Statement FileIndex="214" Line="52" Column="5" EndLine="52" EndColumn="6" Covered="True" />
          </Method>
        </Type>
        <Method Name=".ctor(CoffeeSpace.OrderingApi.Application.Repositories.Abstractions.IBuyerRepository,MassTransit.ITopicProducer&lt;CoffeeSpace.Messages.Buyers.UpdateBuyer&gt;):System.Void" CoveredStatements="5" TotalStatements="5" CoveragePercent="100">
          <Statement FileIndex="214" Line="14" Column="5" EndLine="14" EndColumn="101" Covered="True" />
          <Statement FileIndex="214" Line="15" Column="5" EndLine="15" EndColumn="6" Covered="True" />
          <Statement FileIndex="214" Line="16" Column="9" EndLine="16" EndColumn="44" Covered="True" />
          <Statement FileIndex="214" Line="17" Column="9" EndLine="17" EndColumn="40" Covered="True" />
          <Statement FileIndex="214" Line="18" Column="5" EndLine="18" EndColumn="6" Covered="True" />
        </Method>
        <Method Name="GetByEmailAsync(System.String,System.Threading.CancellationToken):System.Threading.Tasks.Task&lt;CoffeeSpace.Domain.Ordering.BuyerInfo.Buyer&gt;" CoveredStatements="4" TotalStatements="4" CoveragePercent="100">
          <Statement FileIndex="214" Line="27" Column="5" EndLine="27" EndColumn="6" Covered="True" />
          <Statement FileIndex="214" Line="28" Column="9" EndLine="28" EndColumn="80" Covered="True" />
          <Statement FileIndex="214" Line="29" Column="9" EndLine="29" EndColumn="22" Covered="True" />
          <Statement FileIndex="214" Line="30" Column="5" EndLine="30" EndColumn="6" Covered="True" />
        </Method>
        <Method Name="GetByIdAsync(System.Guid,System.Threading.CancellationToken):System.Threading.Tasks.Task&lt;CoffeeSpace.Domain.Ordering.BuyerInfo.Buyer&gt;" CoveredStatements="4" TotalStatements="4" CoveragePercent="100">
          <Statement FileIndex="214" Line="21" Column="5" EndLine="21" EndColumn="6" Covered="True" />
          <Statement FileIndex="214" Line="22" Column="9" EndLine="22" EndColumn="74" Covered="True" />
          <Statement FileIndex="214" Line="23" Column="9" EndLine="23" EndColumn="22" Covered="True" />
          <Statement FileIndex="214" Line="24" Column="5" EndLine="24" EndColumn="6" Covered="True" />
        </Method>
      </Type>
      <Type Name="OrderService" CoveredStatements="27" TotalStatements="27" CoveragePercent="100">
        <Type Name="&lt;CreateAsync&gt;d__6" CoveredStatements="9" TotalStatements="9" CoveragePercent="100">
          <Method Name="MoveNext():System.Void" CoveredStatements="9" TotalStatements="9" CoveragePercent="100">
            <Statement FileIndex="217" Line="39" Column="5" EndLine="39" EndColumn="6" Covered="True" />
            <Statement FileIndex="217" Line="40" Column="9" EndLine="40" EndColumn="87" Covered="True" />
            <Statement FileIndex="217" Line="41" Column="9" EndLine="41" EndColumn="24" Covered="True" />
            <Statement FileIndex="217" Line="42" Column="9" EndLine="42" EndColumn="10" Covered="True" />
            <Statement FileIndex="217" Line="43" Column="13" EndLine="43" EndColumn="30" Covered="True" />
            <Statement FileIndex="217" Line="46" Column="9" EndLine="46" EndColumn="118" Covered="True" />
            <Statement FileIndex="217" Line="47" Column="9" EndLine="50" EndColumn="53" Covered="True" />
            <Statement FileIndex="217" Line="52" Column="9" EndLine="52" EndColumn="26" Covered="True" />
            <Statement FileIndex="217" Line="53" Column="5" EndLine="53" EndColumn="6" Covered="True" />
          </Method>
        </Type>
        <Method Name=".ctor(CoffeeSpace.OrderingApi.Application.Repositories.Abstractions.IOrderRepository,MassTransit.ITopicProducer&lt;CoffeeSpace.Messages.Ordering.Commands.SubmitOrder&gt;,Microsoft.AspNetCore.SignalR.IHubContext&lt;CoffeeSpace.OrderingApi.Application.SignalRHubs.OrderingHub,CoffeeSpace.OrderingApi.Application.SignalRHubs.Abstraction.IOrderingHub&gt;):System.Void" CoveredStatements="6" TotalStatements="6" CoveragePercent="100">
          <Statement FileIndex="217" Line="19" Column="5" EndLine="19" EndColumn="152" Covered="True" />
          <Statement FileIndex="217" Line="20" Column="5" EndLine="20" EndColumn="6" Covered="True" />
          <Statement FileIndex="217" Line="21" Column="9" EndLine="21" EndColumn="44" Covered="True" />
          <Statement FileIndex="217" Line="22" Column="9" EndLine="22" EndColumn="40" Covered="True" />
          <Statement FileIndex="217" Line="23" Column="9" EndLine="23" EndColumn="34" Covered="True" />
          <Statement FileIndex="217" Line="24" Column="5" EndLine="24" EndColumn="6" Covered="True" />
        </Method>
        <Method Name="DeleteByIdAsync(System.Guid,System.Guid,System.Threading.CancellationToken):System.Threading.Tasks.Task&lt;System.Boolean&gt;" CoveredStatements="4" TotalStatements="4" CoveragePercent="100">
          <Statement FileIndex="217" Line="56" Column="5" EndLine="56" EndColumn="6" Covered="True" />
          <Statement FileIndex="217" Line="57" Column="9" EndLine="57" EndColumn="81" Covered="True" />
          <Statement FileIndex="217" Line="58" Column="9" EndLine="58" EndColumn="26" Covered="True" />
          <Statement FileIndex="217" Line="59" Column="5" EndLine="59" EndColumn="6" Covered="True" />
        </Method>
        <Method Name="GetAllByBuyerIdAsync(System.Guid,System.Threading.CancellationToken):System.Threading.Tasks.Task&lt;System.Collections.Generic.IEnumerable&lt;CoffeeSpace.Domain.Ordering.Orders.Order&gt;&gt;" CoveredStatements="4" TotalStatements="4" CoveragePercent="100">
          <Statement FileIndex="217" Line="27" Column="5" EndLine="27" EndColumn="6" Covered="True" />
          <Statement FileIndex="217" Line="28" Column="9" EndLine="28" EndColumn="88" Covered="True" />
          <Statement FileIndex="217" Line="29" Column="9" EndLine="29" EndColumn="23" Covered="True" />
          <Statement FileIndex="217" Line="30" Column="5" EndLine="30" EndColumn="6" Covered="True" />
        </Method>
        <Method Name="GetByIdAsync(System.Guid,System.Guid,System.Threading.CancellationToken):System.Threading.Tasks.Task&lt;CoffeeSpace.Domain.Ordering.Orders.Order&gt;" CoveredStatements="4" TotalStatements="4" CoveragePercent="100">
          <Statement FileIndex="217" Line="33" Column="5" EndLine="33" EndColumn="6" Covered="True" />
          <Statement FileIndex="217" Line="34" Column="9" EndLine="34" EndColumn="74" Covered="True" />
          <Statement FileIndex="217" Line="35" Column="9" EndLine="35" EndColumn="22" Covered="True" />
          <Statement FileIndex="217" Line="36" Column="5" EndLine="36" EndColumn="6" Covered="True" />
        </Method>
      </Type>
    </Namespace>
    <Namespace Name="CoffeeSpace.OrderingApi.Application.Services.Decorators" CoveredStatements="0" TotalStatements="80" CoveragePercent="0">
      <Type Name="CachedBuyerService" CoveredStatements="0" TotalStatements="44" CoveragePercent="0">
        <Type Name="&lt;&gt;c__DisplayClass4_0" CoveredStatements="0" TotalStatements="4" CoveragePercent="0">
          <Method Name="&lt;GetByIdAsync&gt;b__0():System.Threading.Tasks.Task&lt;CoffeeSpace.Domain.Ordering.BuyerInfo.Buyer&gt;" CoveredStatements="0" TotalStatements="4" CoveragePercent="0">
            <Statement FileIndex="215" Line="28" Column="9" EndLine="28" EndColumn="10" Covered="False" />
            <Statement FileIndex="215" Line="29" Column="13" EndLine="29" EndColumn="75" Covered="False" />
            <Statement FileIndex="215" Line="30" Column="13" EndLine="30" EndColumn="26" Covered="False" />
            <Statement FileIndex="215" Line="31" Column="9" EndLine="31" EndColumn="10" Covered="False" />
          </Method>
        </Type>
        <Type Name="&lt;&gt;c__DisplayClass5_0" CoveredStatements="0" TotalStatements="4" CoveragePercent="0">
          <Method Name="&lt;GetByEmailAsync&gt;b__0():System.Threading.Tasks.Task&lt;CoffeeSpace.Domain.Ordering.BuyerInfo.Buyer&gt;" CoveredStatements="0" TotalStatements="4" CoveragePercent="0">
            <Statement FileIndex="215" Line="37" Column="9" EndLine="37" EndColumn="10" Covered="False" />
            <Statement FileIndex="215" Line="38" Column="13" EndLine="38" EndColumn="81" Covered="False" />
            <Statement FileIndex="215" Line="39" Column="13" EndLine="39" EndColumn="26" Covered="False" />
            <Statement FileIndex="215" Line="40" Column="9" EndLine="40" EndColumn="10" Covered="False" />
          </Method>
        </Type>
        <Type Name="&lt;CreateAsync&gt;d__6" CoveredStatements="0" TotalStatements="8" CoveragePercent="0">
          <Method Name="MoveNext():System.Void" CoveredStatements="0" TotalStatements="8" CoveragePercent="0">
            <Statement FileIndex="215" Line="44" Column="5" EndLine="44" EndColumn="6" Covered="False" />
            <Statement FileIndex="215" Line="45" Column="9" EndLine="45" EndColumn="84" Covered="False" />
            <Statement FileIndex="215" Line="46" Column="9" EndLine="46" EndColumn="23" Covered="False" />
            <Statement FileIndex="215" Line="47" Column="9" EndLine="47" EndColumn="10" Covered="False" />
            <Statement FileIndex="215" Line="48" Column="13" EndLine="52" EndColumn="57" Covered="False" />
            <Statement FileIndex="215" Line="53" Column="9" EndLine="53" EndColumn="10" Covered="False" />
            <Statement FileIndex="215" Line="55" Column="9" EndLine="55" EndColumn="26" Covered="False" />
            <Statement FileIndex="215" Line="56" Column="5" EndLine="56" EndColumn="6" Covered="False" />
          </Method>
        </Type>
        <Type Name="&lt;DeleteByIdAsync&gt;d__8" CoveredStatements="0" TotalStatements="8" CoveragePercent="0">
          <Method Name="MoveNext():System.Void" CoveredStatements="0" TotalStatements="8" CoveragePercent="0">
            <Statement FileIndex="215" Line="74" Column="5" EndLine="74" EndColumn="6" Covered="False" />
            <Statement FileIndex="215" Line="75" Column="9" EndLine="75" EndColumn="85" Covered="False" />
            <Statement FileIndex="215" Line="76" Column="9" EndLine="76" EndColumn="23" Covered="False" />
            <Statement FileIndex="215" Line="77" Column="9" EndLine="77" EndColumn="10" Covered="False" />
            <Statement FileIndex="215" Line="78" Column="13" EndLine="81" EndColumn="57" Covered="False" />
            <Statement FileIndex="215" Line="82" Column="9" EndLine="82" EndColumn="10" Covered="False" />
            <Statement FileIndex="215" Line="84" Column="9" EndLine="84" EndColumn="26" Covered="False" />
            <Statement FileIndex="215" Line="85" Column="5" EndLine="85" EndColumn="6" Covered="False" />
          </Method>
        </Type>
        <Type Name="&lt;UpdateAsync&gt;d__7" CoveredStatements="0" TotalStatements="8" CoveragePercent="0">
          <Method Name="MoveNext():System.Void" CoveredStatements="0" TotalStatements="8" CoveragePercent="0">
            <Statement FileIndex="215" Line="59" Column="5" EndLine="59" EndColumn="6" Covered="False" />
            <Statement FileIndex="215" Line="60" Column="9" EndLine="60" EndColumn="86" Covered="False" />
            <Statement FileIndex="215" Line="61" Column="9" EndLine="61" EndColumn="38" Covered="False" />
            <Statement FileIndex="215" Line="62" Column="9" EndLine="62" EndColumn="10" Covered="False" />
            <Statement FileIndex="215" Line="63" Column="13" EndLine="67" EndColumn="57" Covered="False" />
            <Statement FileIndex="215" Line="68" Column="9" EndLine="68" EndColumn="10" Covered="False" />
            <Statement FileIndex="215" Line="70" Column="9" EndLine="70" EndColumn="29" Covered="False" />
            <Statement FileIndex="215" Line="71" Column="5" EndLine="71" EndColumn="6" Covered="False" />
          </Method>
        </Type>
        <Method Name=".ctor(CoffeeSpace.Shared.Services.Abstractions.ICacheService,CoffeeSpace.OrderingApi.Application.Services.Abstractions.IBuyerService,Mediator.IPublisher):System.Void" CoveredStatements="0" TotalStatements="6" CoveragePercent="0">
          <Statement FileIndex="215" Line="18" Column="5" EndLine="18" EndColumn="108" Covered="False" />
          <Statement FileIndex="215" Line="19" Column="5" EndLine="19" EndColumn="6" Covered="False" />
          <Statement FileIndex="215" Line="20" Column="9" EndLine="20" EndColumn="38" Covered="False" />
          <Statement FileIndex="215" Line="21" Column="9" EndLine="21" EndColumn="38" Covered="False" />
          <Statement FileIndex="215" Line="22" Column="9" EndLine="22" EndColumn="32" Covered="False" />
          <Statement FileIndex="215" Line="23" Column="5" EndLine="23" EndColumn="6" Covered="False" />
        </Method>
        <Method Name="GetByEmailAsync(System.String,System.Threading.CancellationToken):System.Threading.Tasks.Task&lt;CoffeeSpace.Domain.Ordering.BuyerInfo.Buyer&gt;" CoveredStatements="0" TotalStatements="3" CoveragePercent="0">
          <Statement FileIndex="215" Line="35" Column="5" EndLine="35" EndColumn="6" Covered="False" />
          <Statement FileIndex="215" Line="36" Column="9" EndLine="40" EndColumn="31" Covered="False" />
          <Statement FileIndex="215" Line="41" Column="5" EndLine="41" EndColumn="6" Covered="False" />
        </Method>
        <Method Name="GetByIdAsync(System.Guid,System.Threading.CancellationToken):System.Threading.Tasks.Task&lt;CoffeeSpace.Domain.Ordering.BuyerInfo.Buyer&gt;" CoveredStatements="0" TotalStatements="3" CoveragePercent="0">
          <Statement FileIndex="215" Line="26" Column="5" EndLine="26" EndColumn="6" Covered="False" />
          <Statement FileIndex="215" Line="27" Column="9" EndLine="31" EndColumn="31" Covered="False" />
          <Statement FileIndex="215" Line="32" Column="5" EndLine="32" EndColumn="6" Covered="False" />
        </Method>
      </Type>
      <Type Name="CachedOrderService" CoveredStatements="0" TotalStatements="36" CoveragePercent="0">
        <Type Name="&lt;&gt;c__DisplayClass4_0" CoveredStatements="0" TotalStatements="4" CoveragePercent="0">
          <Method Name="&lt;GetAllByBuyerIdAsync&gt;b__0():System.Threading.Tasks.Task&lt;System.Collections.Generic.IEnumerable&lt;CoffeeSpace.Domain.Ordering.Orders.Order&gt;&gt;" CoveredStatements="0" TotalStatements="4" CoveragePercent="0">
            <Statement FileIndex="216" Line="28" Column="9" EndLine="28" EndColumn="10" Covered="False" />
            <Statement FileIndex="216" Line="29" Column="13" EndLine="29" EndColumn="89" Covered="False" />
            <Statement FileIndex="216" Line="30" Column="13" EndLine="30" EndColumn="27" Covered="False" />
            <Statement FileIndex="216" Line="31" Column="9" EndLine="31" EndColumn="10" Covered="False" />
          </Method>
        </Type>
        <Type Name="&lt;&gt;c__DisplayClass5_0" CoveredStatements="0" TotalStatements="4" CoveragePercent="0">
          <Method Name="&lt;GetByIdAsync&gt;b__0():System.Threading.Tasks.Task&lt;CoffeeSpace.Domain.Ordering.Orders.Order&gt;" CoveredStatements="0" TotalStatements="4" CoveragePercent="0">
            <Statement FileIndex="216" Line="37" Column="9" EndLine="37" EndColumn="10" Covered="False" />
            <Statement FileIndex="216" Line="38" Column="13" EndLine="38" EndColumn="84" Covered="False" />
            <Statement FileIndex="216" Line="39" Column="13" EndLine="39" EndColumn="26" Covered="False" />
            <Statement FileIndex="216" Line="40" Column="9" EndLine="40" EndColumn="10" Covered="False" />
          </Method>
        </Type>
        <Type Name="&lt;CreateAsync&gt;d__6" CoveredStatements="0" TotalStatements="8" CoveragePercent="0">
          <Method Name="MoveNext():System.Void" CoveredStatements="0" TotalStatements="8" CoveragePercent="0">
            <Statement FileIndex="216" Line="44" Column="5" EndLine="44" EndColumn="6" Covered="False" />
            <Statement FileIndex="216" Line="45" Column="9" EndLine="45" EndColumn="84" Covered="False" />
            <Statement FileIndex="216" Line="46" Column="9" EndLine="46" EndColumn="23" Covered="False" />
            <Statement FileIndex="216" Line="47" Column="9" EndLine="47" EndColumn="10" Covered="False" />
            <Statement FileIndex="216" Line="48" Column="13" EndLine="52" EndColumn="57" Covered="False" />
            <Statement FileIndex="216" Line="53" Column="9" EndLine="53" EndColumn="10" Covered="False" />
            <Statement FileIndex="216" Line="55" Column="9" EndLine="55" EndColumn="26" Covered="False" />
            <Statement FileIndex="216" Line="56" Column="5" EndLine="56" EndColumn="6" Covered="False" />
          </Method>
        </Type>
        <Type Name="&lt;DeleteByIdAsync&gt;d__7" CoveredStatements="0" TotalStatements="8" CoveragePercent="0">
          <Method Name="MoveNext():System.Void" CoveredStatements="0" TotalStatements="8" CoveragePercent="0">
            <Statement FileIndex="216" Line="59" Column="5" EndLine="59" EndColumn="6" Covered="False" />
            <Statement FileIndex="216" Line="60" Column="9" EndLine="60" EndColumn="94" Covered="False" />
            <Statement FileIndex="216" Line="61" Column="9" EndLine="61" EndColumn="23" Covered="False" />
            <Statement FileIndex="216" Line="62" Column="9" EndLine="62" EndColumn="10" Covered="False" />
            <Statement FileIndex="216" Line="63" Column="13" EndLine="67" EndColumn="57" Covered="False" />
            <Statement FileIndex="216" Line="68" Column="9" EndLine="68" EndColumn="10" Covered="False" />
            <Statement FileIndex="216" Line="70" Column="9" EndLine="70" EndColumn="26" Covered="False" />
            <Statement FileIndex="216" Line="72" Column="5" EndLine="72" EndColumn="6" Covered="False" />
          </Method>
        </Type>
        <Method Name=".ctor(CoffeeSpace.Shared.Services.Abstractions.ICacheService,CoffeeSpace.OrderingApi.Application.Services.Abstractions.IOrderService,Mediator.IPublisher):System.Void" CoveredStatements="0" TotalStatements="6" CoveragePercent="0">
          <Statement FileIndex="216" Line="18" Column="5" EndLine="18" EndColumn="108" Covered="False" />
          <Statement FileIndex="216" Line="19" Column="5" EndLine="19" EndColumn="6" Covered="False" />
          <Statement FileIndex="216" Line="20" Column="9" EndLine="20" EndColumn="38" Covered="False" />
          <Statement FileIndex="216" Line="21" Column="9" EndLine="21" EndColumn="38" Covered="False" />
          <Statement FileIndex="216" Line="22" Column="9" EndLine="22" EndColumn="32" Covered="False" />
          <Statement FileIndex="216" Line="23" Column="5" EndLine="23" EndColumn="6" Covered="False" />
        </Method>
        <Method Name="GetAllByBuyerIdAsync(System.Guid,System.Threading.CancellationToken):System.Threading.Tasks.Task&lt;System.Collections.Generic.IEnumerable&lt;CoffeeSpace.Domain.Ordering.Orders.Order&gt;&gt;" CoveredStatements="0" TotalStatements="3" CoveragePercent="0">
          <Statement FileIndex="216" Line="26" Column="5" EndLine="26" EndColumn="6" Covered="False" />
          <Statement FileIndex="216" Line="27" Column="9" EndLine="31" EndColumn="31" Covered="False" />
          <Statement FileIndex="216" Line="32" Column="5" EndLine="32" EndColumn="6" Covered="False" />
        </Method>
        <Method Name="GetByIdAsync(System.Guid,System.Guid,System.Threading.CancellationToken):System.Threading.Tasks.Task&lt;CoffeeSpace.Domain.Ordering.Orders.Order&gt;" CoveredStatements="0" TotalStatements="3" CoveragePercent="0">
          <Statement FileIndex="216" Line="35" Column="5" EndLine="35" EndColumn="6" Covered="False" />
          <Statement FileIndex="216" Line="36" Column="9" EndLine="40" EndColumn="31" Covered="False" />
          <Statement FileIndex="216" Line="41" Column="5" EndLine="41" EndColumn="6" Covered="False" />
        </Method>
      </Type>
    </Namespace>
    <Namespace Name="CoffeeSpace.OrderingApi.Application.Settings" CoveredStatements="3" TotalStatements="3" CoveragePercent="100">
      <Type Name="CorsSettings" CoveredStatements="3" TotalStatements="3" CoveragePercent="100">
        <Method Name=".cctor():System.Void" CoveredStatements="3" TotalStatements="3" CoveragePercent="100">
          <Statement FileIndex="218" Line="5" Column="5" EndLine="5" EndColumn="81" Covered="True" />
          <Statement FileIndex="218" Line="7" Column="5" EndLine="7" EndColumn="64" Covered="True" />
          <Statement FileIndex="218" Line="9" Column="5" EndLine="9" EndColumn="99" Covered="True" />
        </Method>
      </Type>
    </Namespace>
    <Namespace Name="CoffeeSpace.OrderingApi.Application.SignalRHubs" CoveredStatements="0" TotalStatements="6" CoveragePercent="0">
      <Type Name="OrderingHub" CoveredStatements="0" TotalStatements="6" CoveragePercent="0">
        <Type Name="&lt;JoinGroup&gt;d__0" CoveredStatements="0" TotalStatements="3" CoveragePercent="0">
          <Method Name="MoveNext():System.Void" CoveredStatements="0" TotalStatements="3" CoveragePercent="0">
            <Statement FileIndex="220" Line="9" Column="5" EndLine="9" EndColumn="6" Covered="False" />
            <Statement FileIndex="220" Line="10" Column="9" EndLine="10" EndColumn="71" Covered="False" />
            <Statement FileIndex="220" Line="11" Column="5" EndLine="11" EndColumn="6" Covered="False" />
          </Method>
        </Type>
        <Type Name="&lt;LeaveGroup&gt;d__1" CoveredStatements="0" TotalStatements="3" CoveragePercent="0">
          <Method Name="MoveNext():System.Void" CoveredStatements="0" TotalStatements="3" CoveragePercent="0">
            <Statement FileIndex="220" Line="14" Column="5" EndLine="14" EndColumn="6" Covered="False" />
            <Statement FileIndex="220" Line="15" Column="9" EndLine="15" EndColumn="76" Covered="False" />
            <Statement FileIndex="220" Line="16" Column="5" EndLine="16" EndColumn="6" Covered="False" />
          </Method>
        </Type>
      </Type>
    </Namespace>
    <Namespace Name="CoffeeSpace.OrderingApi.Application.Validators.Buyers" CoveredStatements="17" TotalStatements="17" CoveragePercent="100">
      <Type Name="BuyerResponseValidator" CoveredStatements="6" TotalStatements="6" CoveragePercent="100">
        <Method Name=".ctor():System.Void" CoveredStatements="6" TotalStatements="6" CoveragePercent="100">
          <Statement FileIndex="221" Line="8" Column="5" EndLine="8" EndColumn="36" Covered="True" />
          <Statement FileIndex="221" Line="9" Column="5" EndLine="9" EndColumn="6" Covered="True" />
          <Statement FileIndex="221" Line="10" Column="9" EndLine="12" EndColumn="25" Covered="True" />
          <Statement FileIndex="221" Line="14" Column="9" EndLine="16" EndColumn="25" Covered="True" />
          <Statement FileIndex="221" Line="18" Column="9" EndLine="21" EndColumn="29" Covered="True" />
          <Statement FileIndex="221" Line="22" Column="5" EndLine="22" EndColumn="6" Covered="True" />
        </Method>
      </Type>
      <Type Name="CreateBuyerRequestValidator" CoveredStatements="5" TotalStatements="5" CoveragePercent="100">
        <Method Name=".ctor():System.Void" CoveredStatements="5" TotalStatements="5" CoveragePercent="100">
          <Statement FileIndex="222" Line="8" Column="5" EndLine="8" EndColumn="41" Covered="True" />
          <Statement FileIndex="222" Line="9" Column="5" EndLine="9" EndColumn="6" Covered="True" />
          <Statement FileIndex="222" Line="10" Column="9" EndLine="12" EndColumn="25" Covered="True" />
          <Statement FileIndex="222" Line="14" Column="9" EndLine="17" EndColumn="29" Covered="True" />
          <Statement FileIndex="222" Line="18" Column="5" EndLine="18" EndColumn="6" Covered="True" />
        </Method>
      </Type>
      <Type Name="UpdateBuyerRequestValidator" CoveredStatements="6" TotalStatements="6" CoveragePercent="100">
        <Method Name=".ctor():System.Void" CoveredStatements="6" TotalStatements="6" CoveragePercent="100">
          <Statement FileIndex="223" Line="8" Column="5" EndLine="8" EndColumn="41" Covered="True" />
          <Statement FileIndex="223" Line="9" Column="5" EndLine="9" EndColumn="6" Covered="True" />
          <Statement FileIndex="223" Line="10" Column="9" EndLine="11" EndColumn="22" Covered="True" />
          <Statement FileIndex="223" Line="13" Column="9" EndLine="15" EndColumn="25" Covered="True" />
          <Statement FileIndex="223" Line="17" Column="9" EndLine="20" EndColumn="29" Covered="True" />
          <Statement FileIndex="223" Line="21" Column="5" EndLine="21" EndColumn="6" Covered="True" />
        </Method>
      </Type>
    </Namespace>
    <Namespace Name="CoffeeSpace.OrderingApi.Application.Validators.Orders" CoveredStatements="24" TotalStatements="24" CoveragePercent="100">
      <Type Name="CreateOrderRequestValidator" CoveredStatements="8" TotalStatements="8" CoveragePercent="100">
        <Method Name=".ctor():System.Void" CoveredStatements="8" TotalStatements="8" CoveragePercent="100">
          <Statement FileIndex="225" Line="8" Column="5" EndLine="8" EndColumn="41" Covered="True" />
          <Statement FileIndex="225" Line="9" Column="5" EndLine="9" EndColumn="6" Covered="True" />
          <Statement FileIndex="225" Line="10" Column="9" EndLine="11" EndColumn="22" Covered="True" />
          <Statement FileIndex="225" Line="13" Column="9" EndLine="15" EndColumn="25" Covered="True" />
          <Statement FileIndex="225" Line="17" Column="9" EndLine="18" EndColumn="25" Covered="True" />
          <Statement FileIndex="225" Line="20" Column="9" EndLine="22" EndColumn="24" Covered="True" />
          <Statement FileIndex="225" Line="24" Column="9" EndLine="26" EndColumn="53" Covered="True" />
          <Statement FileIndex="225" Line="27" Column="5" EndLine="27" EndColumn="6" Covered="True" />
        </Method>
      </Type>
      <Type Name="OrderItemValidator" CoveredStatements="8" TotalStatements="8" CoveragePercent="100">
        <Method Name=".ctor():System.Void" CoveredStatements="8" TotalStatements="8" CoveragePercent="100">
          <Statement FileIndex="226" Line="8" Column="5" EndLine="8" EndColumn="32" Covered="True" />
          <Statement FileIndex="226" Line="9" Column="5" EndLine="9" EndColumn="6" Covered="True" />
          <Statement FileIndex="226" Line="10" Column="9" EndLine="12" EndColumn="24" Covered="True" />
          <Statement FileIndex="226" Line="14" Column="9" EndLine="16" EndColumn="24" Covered="True" />
          <Statement FileIndex="226" Line="18" Column="9" EndLine="20" EndColumn="35" Covered="True" />
          <Statement FileIndex="226" Line="22" Column="9" EndLine="26" EndColumn="27" Covered="True" />
          <Statement FileIndex="226" Line="28" Column="9" EndLine="31" EndColumn="29" Covered="True" />
          <Statement FileIndex="226" Line="32" Column="5" EndLine="32" EndColumn="6" Covered="True" />
        </Method>
      </Type>
      <Type Name="OrderResponseValidator" CoveredStatements="8" TotalStatements="8" CoveragePercent="100">
        <Method Name=".ctor():System.Void" CoveredStatements="8" TotalStatements="8" CoveragePercent="100">
          <Statement FileIndex="227" Line="8" Column="5" EndLine="8" EndColumn="36" Covered="True" />
          <Statement FileIndex="227" Line="9" Column="5" EndLine="9" EndColumn="6" Covered="True" />
          <Statement FileIndex="227" Line="10" Column="9" EndLine="12" EndColumn="25" Covered="True" />
          <Statement FileIndex="227" Line="14" Column="9" EndLine="16" EndColumn="25" Covered="True" />
          <Statement FileIndex="227" Line="18" Column="9" EndLine="19" EndColumn="25" Covered="True" />
          <Statement FileIndex="227" Line="21" Column="9" EndLine="23" EndColumn="24" Covered="True" />
          <Statement FileIndex="227" Line="25" Column="9" EndLine="27" EndColumn="53" Covered="True" />
          <Statement FileIndex="227" Line="28" Column="5" EndLine="28" EndColumn="6" Covered="True" />
        </Method>
      </Type>
    </Namespace>
    <Namespace Name="CoffeeSpace.OrderingApi.Controllers" CoveredStatements="48" TotalStatements="48" CoveragePercent="100">
      <Type Name="BuyersController" CoveredStatements="25" TotalStatements="25" CoveragePercent="100">
        <Type Name="&lt;CreateBuyer&gt;d__4" CoveredStatements="5" TotalStatements="5" CoveragePercent="100">
          <Method Name="MoveNext():System.Void" CoveredStatements="5" TotalStatements="5" CoveragePercent="100">
            <Statement FileIndex="228" Line="42" Column="5" EndLine="42" EndColumn="6" Covered="True" />
            <Statement FileIndex="228" Line="43" Column="9" EndLine="43" EndColumn="39" Covered="True" />
            <Statement FileIndex="228" Line="44" Column="9" EndLine="44" EndColumn="82" Covered="True" />
            <Statement FileIndex="228" Line="46" Column="9" EndLine="48" EndColumn="28" Covered="True" />
            <Statement FileIndex="228" Line="49" Column="5" EndLine="49" EndColumn="6" Covered="True" />
          </Method>
        </Type>
        <Type Name="&lt;DeleteBuyerById&gt;d__6" CoveredStatements="4" TotalStatements="4" CoveragePercent="100">
          <Method Name="MoveNext():System.Void" CoveredStatements="4" TotalStatements="4" CoveragePercent="100">
            <Statement FileIndex="228" Line="62" Column="5" EndLine="62" EndColumn="6" Covered="True" />
            <Statement FileIndex="228" Line="63" Column="9" EndLine="63" EndColumn="91" Covered="True" />
            <Statement FileIndex="228" Line="64" Column="9" EndLine="66" EndColumn="26" Covered="True" />
            <Statement FileIndex="228" Line="67" Column="5" EndLine="67" EndColumn="6" Covered="True" />
          </Method>
        </Type>
        <Type Name="&lt;GetBuyerByEmail&gt;d__3" CoveredStatements="4" TotalStatements="4" CoveragePercent="100">
          <Method Name="MoveNext():System.Void" CoveredStatements="4" TotalStatements="4" CoveragePercent="100">
            <Statement FileIndex="228" Line="33" Column="5" EndLine="33" EndColumn="6" Covered="True" />
            <Statement FileIndex="228" Line="34" Column="9" EndLine="34" EndColumn="91" Covered="True" />
            <Statement FileIndex="228" Line="35" Column="9" EndLine="37" EndColumn="26" Covered="True" />
            <Statement FileIndex="228" Line="38" Column="5" EndLine="38" EndColumn="6" Covered="True" />
          </Method>
        </Type>
        <Type Name="&lt;GetBuyerById&gt;d__2" CoveredStatements="4" TotalStatements="4" CoveragePercent="100">
          <Method Name="MoveNext():System.Void" CoveredStatements="4" TotalStatements="4" CoveragePercent="100">
            <Statement FileIndex="228" Line="24" Column="5" EndLine="24" EndColumn="6" Covered="True" />
            <Statement FileIndex="228" Line="25" Column="9" EndLine="25" EndColumn="85" Covered="True" />
            <Statement FileIndex="228" Line="26" Column="9" EndLine="28" EndColumn="26" Covered="True" />
            <Statement FileIndex="228" Line="29" Column="5" EndLine="29" EndColumn="6" Covered="True" />
          </Method>
        </Type>
        <Type Name="&lt;UpdateBuyer&gt;d__5" CoveredStatements="4" TotalStatements="4" CoveragePercent="100">
          <Method Name="MoveNext():System.Void" CoveredStatements="4" TotalStatements="4" CoveragePercent="100">
            <Statement FileIndex="228" Line="53" Column="5" EndLine="53" EndColumn="6" Covered="True" />
            <Statement FileIndex="228" Line="54" Column="9" EndLine="54" EndColumn="100" Covered="True" />
            <Statement FileIndex="228" Line="55" Column="9" EndLine="57" EndColumn="26" Covered="True" />
            <Statement FileIndex="228" Line="58" Column="5" EndLine="58" EndColumn="6" Covered="True" />
          </Method>
        </Type>
        <Method Name=".ctor(CoffeeSpace.OrderingApi.Application.Services.Abstractions.IBuyerService):System.Void" CoveredStatements="4" TotalStatements="4" CoveragePercent="100">
          <Statement FileIndex="228" Line="17" Column="5" EndLine="17" EndColumn="56" Covered="True" />
          <Statement FileIndex="228" Line="18" Column="5" EndLine="18" EndColumn="6" Covered="True" />
          <Statement FileIndex="228" Line="19" Column="9" EndLine="19" EndColumn="38" Covered="True" />
          <Statement FileIndex="228" Line="20" Column="5" EndLine="20" EndColumn="6" Covered="True" />
        </Method>
      </Type>
      <Type Name="OrdersController" CoveredStatements="23" TotalStatements="23" CoveragePercent="100">
        <Type Name="&lt;&gt;c" CoveredStatements="1" TotalStatements="1" CoveragePercent="100">
          <Method Name="&lt;GetAllOrdersByBuyerId&gt;b__2_0(CoffeeSpace.Domain.Ordering.Orders.Order):CoffeeSpace.OrderingApi.Application.Contracts.Responses.Orders.OrderResponse" CoveredStatements="1" TotalStatements="1" CoveragePercent="100">
            <Statement FileIndex="229" Line="27" Column="43" EndLine="27" EndColumn="57" Covered="True" />
          </Method>
        </Type>
        <Type Name="&lt;CreateOrder&gt;d__4" CoveredStatements="5" TotalStatements="5" CoveragePercent="100">
          <Method Name="MoveNext():System.Void" CoveredStatements="5" TotalStatements="5" CoveragePercent="100">
            <Statement FileIndex="229" Line="43" Column="5" EndLine="43" EndColumn="6" Covered="True" />
            <Statement FileIndex="229" Line="44" Column="9" EndLine="44" EndColumn="46" Covered="True" />
            <Statement FileIndex="229" Line="45" Column="9" EndLine="45" EndColumn="82" Covered="True" />
            <Statement FileIndex="229" Line="47" Column="9" EndLine="49" EndColumn="28" Covered="True" />
            <Statement FileIndex="229" Line="50" Column="5" EndLine="50" EndColumn="6" Covered="True" />
          </Method>
        </Type>
        <Type Name="&lt;DeleteOrder&gt;d__5" CoveredStatements="4" TotalStatements="4" CoveragePercent="100">
          <Method Name="MoveNext():System.Void" CoveredStatements="4" TotalStatements="4" CoveragePercent="100">
            <Statement FileIndex="229" Line="54" Column="5" EndLine="54" EndColumn="6" Covered="True" />
            <Statement FileIndex="229" Line="55" Column="9" EndLine="55" EndColumn="108" Covered="True" />
            <Statement FileIndex="229" Line="56" Column="9" EndLine="58" EndColumn="26" Covered="True" />
            <Statement FileIndex="229" Line="59" Column="5" EndLine="59" EndColumn="6" Covered="True" />
          </Method>
        </Type>
        <Type Name="&lt;GetAllOrdersByBuyerId&gt;d__2" CoveredStatements="5" TotalStatements="5" CoveragePercent="100">
          <Method Name="MoveNext():System.Void" CoveredStatements="5" TotalStatements="5" CoveragePercent="100">
            <Statement FileIndex="229" Line="25" Column="5" EndLine="25" EndColumn="6" Covered="True" />
            <Statement FileIndex="229" Line="26" Column="9" EndLine="26" EndColumn="99" Covered="True" />
            <Statement FileIndex="229" Line="27" Column="9" EndLine="27" EndColumn="59" Covered="True" />
            <Statement FileIndex="229" Line="29" Column="9" EndLine="29" EndColumn="29" Covered="True" />
            <Statement FileIndex="229" Line="30" Column="5" EndLine="30" EndColumn="6" Covered="True" />
          </Method>
        </Type>
        <Type Name="&lt;GetOrderByBuyerId&gt;d__3" CoveredStatements="4" TotalStatements="4" CoveragePercent="100">
          <Method Name="MoveNext():System.Void" CoveredStatements="4" TotalStatements="4" CoveragePercent="100">
            <Statement FileIndex="229" Line="34" Column="5" EndLine="34" EndColumn="6" Covered="True" />
            <Statement FileIndex="229" Line="35" Column="9" EndLine="35" EndColumn="102" Covered="True" />
            <Statement FileIndex="229" Line="36" Column="9" EndLine="38" EndColumn="26" Covered="True" />
            <Statement FileIndex="229" Line="39" Column="5" EndLine="39" EndColumn="6" Covered="True" />
          </Method>
        </Type>
        <Method Name=".ctor(CoffeeSpace.OrderingApi.Application.Services.Abstractions.IOrderService):System.Void" CoveredStatements="4" TotalStatements="4" CoveragePercent="100">
          <Statement FileIndex="229" Line="18" Column="5" EndLine="18" EndColumn="56" Covered="True" />
          <Statement FileIndex="229" Line="19" Column="5" EndLine="19" EndColumn="6" Covered="True" />
          <Statement FileIndex="229" Line="20" Column="9" EndLine="20" EndColumn="38" Covered="True" />
          <Statement FileIndex="229" Line="21" Column="5" EndLine="21" EndColumn="6" Covered="True" />
        </Method>
      </Type>
    </Namespace>
    <Type Name="Program" CoveredStatements="67" TotalStatements="67" CoveragePercent="100">
      <Type Name="&lt;&gt;c" CoveredStatements="12" TotalStatements="12" CoveragePercent="100">
        <Method Name="&lt;&lt;Main&gt;$&gt;b__0_0(OpenTelemetry.Logs.OpenTelemetryLoggerOptions):System.Void" CoveredStatements="4" TotalStatements="4" CoveragePercent="100">
          <Statement FileIndex="263" Line="37" Column="1" EndLine="37" EndColumn="2" Covered="True" />
          <Statement FileIndex="263" Line="38" Column="5" EndLine="38" EndColumn="34" Covered="True" />
          <Statement FileIndex="263" Line="39" Column="5" EndLine="39" EndColumn="44" Covered="True" />
          <Statement FileIndex="263" Line="40" Column="1" EndLine="40" EndColumn="2" Covered="True" />
        </Method>
        <Method Name="&lt;&lt;Main&gt;$&gt;b__0_1(Microsoft.Extensions.Hosting.HostBuilderContext,Serilog.LoggerConfiguration):System.Void" CoveredStatements="1" TotalStatements="1" CoveragePercent="100">
          <Statement FileIndex="263" Line="43" Column="5" EndLine="43" EndColumn="64" Covered="True" />
        </Method>
        <Method Name="&lt;&lt;Main&gt;$&gt;b__0_3(Microsoft.AspNetCore.Cors.Infrastructure.CorsOptions):System.Void" CoveredStatements="1" TotalStatements="1" CoveragePercent="100">
          <Statement FileIndex="263" Line="70" Column="37" EndLine="74" EndColumn="51" Covered="True" />
        </Method>
        <Method Name="&lt;&lt;Main&gt;$&gt;b__0_5(Microsoft.AspNetCore.Cors.Infrastructure.CorsPolicyBuilder):System.Void" CoveredStatements="1" TotalStatements="1" CoveragePercent="100">
          <Statement FileIndex="263" Line="71" Column="5" EndLine="74" EndColumn="50" Covered="True" />
        </Method>
        <Method Name="&lt;&lt;Main&gt;$&gt;b__0_7(MassTransit.IEntityFrameworkSagaRepositoryConfigurator&lt;CoffeeSpace.OrderingApi.Application.Messaging.Masstransit.Sagas.OrderStateInstance&gt;):System.Void" CoveredStatements="5" TotalStatements="5" CoveragePercent="100">
          <Statement FileIndex="263" Line="93" Column="13" EndLine="93" EndColumn="14" Covered="True" />
          <Statement FileIndex="263" Line="94" Column="17" EndLine="94" EndColumn="85" Covered="True" />
          <Statement FileIndex="263" Line="95" Column="17" EndLine="95" EndColumn="54" Covered="True" />
          <Statement FileIndex="263" Line="96" Column="17" EndLine="96" EndColumn="85" Covered="True" />
          <Statement FileIndex="263" Line="97" Column="13" EndLine="97" EndColumn="14" Covered="True" />
        </Method>
      </Type>
      <Type Name="&lt;&gt;c__DisplayClass0_0" CoveredStatements="23" TotalStatements="23" CoveragePercent="100">
        <Method Name="&lt;&lt;Main&gt;$&gt;b__2(Microsoft.Extensions.Caching.StackExchangeRedis.RedisCacheOptions):System.Void" CoveredStatements="1" TotalStatements="1" CoveragePercent="100">
          <Statement FileIndex="263" Line="55" Column="56" EndLine="55" EndColumn="127" Covered="True" />
        </Method>
        <Method Name="&lt;&lt;Main&gt;$&gt;b__4(MassTransit.IBusRegistrationConfigurator):System.Void" CoveredStatements="4" TotalStatements="4" CoveragePercent="100">
          <Statement FileIndex="263" Line="77" Column="1" EndLine="77" EndColumn="2" Covered="True" />
          <Statement FileIndex="263" Line="78" Column="5" EndLine="78" EndColumn="23" Covered="True" />
          <Statement FileIndex="263" Line="79" Column="5" EndLine="116" EndColumn="8" Covered="True" />
          <Statement FileIndex="263" Line="117" Column="1" EndLine="117" EndColumn="2" Covered="True" />
        </Method>
        <Method Name="&lt;&lt;Main&gt;$&gt;b__6(MassTransit.IRiderRegistrationConfigurator):System.Void" CoveredStatements="12" TotalStatements="12" CoveragePercent="100">
          <Statement FileIndex="263" Line="80" Column="5" EndLine="80" EndColumn="6" Covered="True" />
          <Statement FileIndex="263" Line="81" Column="9" EndLine="81" EndColumn="58" Covered="True" />
          <Statement FileIndex="263" Line="82" Column="9" EndLine="82" EndColumn="86" Covered="True" />
          <Statement FileIndex="263" Line="84" Column="9" EndLine="84" EndColumn="63" Covered="True" />
          <Statement FileIndex="263" Line="85" Column="9" EndLine="85" EndColumn="78" Covered="True" />
          <Statement FileIndex="263" Line="86" Column="9" EndLine="86" EndColumn="63" Covered="True" />
          <Statement FileIndex="263" Line="87" Column="9" EndLine="87" EndColumn="63" Covered="True" />
          <Statement FileIndex="263" Line="88" Column="9" EndLine="88" EndColumn="80" Covered="True" />
          <Statement FileIndex="263" Line="89" Column="9" EndLine="89" EndColumn="82" Covered="True" />
          <Statement FileIndex="263" Line="91" Column="9" EndLine="97" EndColumn="16" Covered="True" />
          <Statement FileIndex="263" Line="99" Column="9" EndLine="115" EndColumn="12" Covered="True" />
          <Statement FileIndex="263" Line="116" Column="5" EndLine="116" EndColumn="6" Covered="True" />
        </Method>
        <Method Name="&lt;&lt;Main&gt;$&gt;b__8(MassTransit.IRiderRegistrationContext,MassTransit.IKafkaFactoryConfigurator):System.Void" CoveredStatements="6" TotalStatements="6" CoveragePercent="100">
          <Statement FileIndex="263" Line="100" Column="9" EndLine="100" EndColumn="10" Covered="True" />
          <Statement FileIndex="263" Line="101" Column="13" EndLine="101" EndColumn="85" Covered="True" />
          <Statement FileIndex="263" Line="102" Column="13" EndLine="102" EndColumn="47" Covered="True" />
          <Statement FileIndex="263" Line="104" Column="13" EndLine="106" EndColumn="141" Covered="True" />
          <Statement FileIndex="263" Line="108" Column="13" EndLine="113" EndColumn="111" Covered="True" />
          <Statement FileIndex="263" Line="115" Column="9" EndLine="115" EndColumn="10" Covered="True" />
        </Method>
      </Type>
      <Method Name="&lt;Main&gt;$(System.String[]):System.Void" CoveredStatements="32" TotalStatements="32" CoveragePercent="100">
        <Statement FileIndex="263" Line="31" Column="1" EndLine="31" EndColumn="50" Covered="True" />
        <Statement FileIndex="263" Line="33" Column="1" EndLine="33" EndColumn="42" Covered="True" />
        <Statement FileIndex="263" Line="34" Column="1" EndLine="34" EndColumn="45" Covered="True" />
        <Statement FileIndex="263" Line="36" Column="1" EndLine="40" EndColumn="4" Covered="True" />
        <Statement FileIndex="263" Line="42" Column="1" EndLine="43" EndColumn="66" Covered="True" />
        <Statement FileIndex="263" Line="45" Column="1" EndLine="45" EndColumn="49" Covered="True" />
        <Statement FileIndex="263" Line="47" Column="1" EndLine="47" EndColumn="35" Covered="True" />
        <Statement FileIndex="263" Line="48" Column="1" EndLine="48" EndColumn="32" Covered="True" />
        <Statement FileIndex="263" Line="50" Column="1" EndLine="50" EndColumn="81" Covered="True" />
        <Statement FileIndex="263" Line="52" Column="1" EndLine="52" EndColumn="128" Covered="True" />
        <Statement FileIndex="263" Line="53" Column="1" EndLine="53" EndColumn="120" Covered="True" />
        <Statement FileIndex="263" Line="55" Column="1" EndLine="55" EndColumn="129" Covered="True" />
        <Statement FileIndex="263" Line="56" Column="1" EndLine="56" EndColumn="57" Covered="True" />
        <Statement FileIndex="263" Line="58" Column="1" EndLine="58" EndColumn="57" Covered="True" />
        <Statement FileIndex="263" Line="59" Column="1" EndLine="59" EndColumn="57" Covered="True" />
        <Statement FileIndex="263" Line="61" Column="1" EndLine="61" EndColumn="60" Covered="True" />
        <Statement FileIndex="263" Line="62" Column="1" EndLine="62" EndColumn="60" Covered="True" />
        <Statement FileIndex="263" Line="64" Column="1" EndLine="65" EndColumn="115" Covered="True" />
        <Statement FileIndex="263" Line="67" Column="1" EndLine="68" EndColumn="78" Covered="True" />
        <Statement FileIndex="263" Line="70" Column="1" EndLine="74" EndColumn="53" Covered="True" />
        <Statement FileIndex="263" Line="76" Column="1" EndLine="117" EndColumn="4" Covered="True" />
        <Statement FileIndex="263" Line="120" Column="1" EndLine="120" EndColumn="47" Covered="True" />
        <Statement FileIndex="263" Line="122" Column="1" EndLine="122" EndColumn="27" Covered="True" />
        <Statement FileIndex="263" Line="124" Column="1" EndLine="124" EndColumn="32" Covered="True" />
        <Statement FileIndex="263" Line="125" Column="1" EndLine="125" EndColumn="33" Covered="True" />
        <Statement FileIndex="263" Line="127" Column="1" EndLine="127" EndColumn="37" Covered="True" />
        <Statement FileIndex="263" Line="128" Column="1" EndLine="128" EndColumn="15" Covered="True" />
        <Statement FileIndex="263" Line="130" Column="1" EndLine="130" EndColumn="25" Covered="True" />
        <Statement FileIndex="263" Line="131" Column="1" EndLine="131" EndColumn="24" Covered="True" />
        <Statement FileIndex="263" Line="133" Column="1" EndLine="133" EndColumn="22" Covered="True" />
        <Statement FileIndex="263" Line="134" Column="1" EndLine="134" EndColumn="41" Covered="True" />
        <Statement FileIndex="263" Line="136" Column="1" EndLine="136" EndColumn="11" Covered="True" />
      </Method>
    </Type>
  </Assembly>
  <Assembly Name="CoffeeSpace.PaymentService" CoveredStatements="53" TotalStatements="274" CoveragePercent="19">
    <Namespace Name="CoffeeSpace.PaymentService.Application.Contracts.Requests" CoveredStatements="0" TotalStatements="6" CoveragePercent="0">
      <Type Name="CapturePaypalPaymentRequest" CoveredStatements="0" TotalStatements="2" CoveragePercent="0">
        <Method Name="get_Token():System.String" CoveredStatements="0" TotalStatements="1" CoveragePercent="0">
          <Statement FileIndex="39" Line="5" Column="36" EndLine="5" EndColumn="40" Covered="False" />
        </Method>
        <Method Name="set_Token(System.String):System.Void" CoveredStatements="0" TotalStatements="1" CoveragePercent="0">
          <Statement FileIndex="39" Line="5" Column="41" EndLine="5" EndColumn="46" Covered="False" />
        </Method>
      </Type>
      <Type Name="GetPaypalOrderByOrderIdRequest" CoveredStatements="0" TotalStatements="2" CoveragePercent="0">
        <Method Name="get_OrderId():System.Guid" CoveredStatements="0" TotalStatements="1" CoveragePercent="0">
          <Statement FileIndex="40" Line="5" Column="36" EndLine="5" EndColumn="40" Covered="False" />
        </Method>
        <Method Name="set_OrderId(System.Guid):System.Void" CoveredStatements="0" TotalStatements="1" CoveragePercent="0">
          <Statement FileIndex="40" Line="5" Column="41" EndLine="5" EndColumn="46" Covered="False" />
        </Method>
      </Type>
      <Type Name="GetPaypalOrderByPaypalOrderIdRequest" CoveredStatements="0" TotalStatements="2" CoveragePercent="0">
        <Method Name="get_PaypalOrderId():System.String" CoveredStatements="0" TotalStatements="1" CoveragePercent="0">
          <Statement FileIndex="41" Line="5" Column="44" EndLine="5" EndColumn="48" Covered="False" />
        </Method>
        <Method Name="set_PaypalOrderId(System.String):System.Void" CoveredStatements="0" TotalStatements="1" CoveragePercent="0">
          <Statement FileIndex="41" Line="5" Column="49" EndLine="5" EndColumn="54" Covered="False" />
        </Method>
      </Type>
    </Namespace>
    <Namespace Name="CoffeeSpace.PaymentService.Application.Contracts.Responses" CoveredStatements="0" TotalStatements="8" CoveragePercent="0">
      <Type Name="PaypalOrderInformationResponse" CoveredStatements="0" TotalStatements="8" CoveragePercent="0">
        <Method Name="get_ApplicationOrderId():System.Guid" CoveredStatements="0" TotalStatements="1" CoveragePercent="0">
          <Statement FileIndex="42" Line="9" Column="47" EndLine="9" EndColumn="51" Covered="False" />
        </Method>
        <Method Name="get_Id():System.Guid" CoveredStatements="0" TotalStatements="1" CoveragePercent="0">
          <Statement FileIndex="42" Line="7" Column="31" EndLine="7" EndColumn="35" Covered="False" />
        </Method>
        <Method Name="get_PaypalOrder():PayPalCheckoutSdk.Orders.Order" CoveredStatements="0" TotalStatements="1" CoveragePercent="0">
          <Statement FileIndex="42" Line="13" Column="41" EndLine="13" EndColumn="45" Covered="False" />
        </Method>
        <Method Name="get_PaypalOrderId():System.String" CoveredStatements="0" TotalStatements="1" CoveragePercent="0">
          <Statement FileIndex="42" Line="11" Column="44" EndLine="11" EndColumn="48" Covered="False" />
        </Method>
        <Method Name="set_ApplicationOrderId(System.Guid):System.Void" CoveredStatements="0" TotalStatements="1" CoveragePercent="0">
          <Statement FileIndex="42" Line="9" Column="52" EndLine="9" EndColumn="57" Covered="False" />
        </Method>
        <Method Name="set_Id(System.Guid):System.Void" CoveredStatements="0" TotalStatements="1" CoveragePercent="0">
          <Statement FileIndex="42" Line="7" Column="36" EndLine="7" EndColumn="41" Covered="False" />
        </Method>
        <Method Name="set_PaypalOrder(PayPalCheckoutSdk.Orders.Order):System.Void" CoveredStatements="0" TotalStatements="1" CoveragePercent="0">
          <Statement FileIndex="42" Line="13" Column="46" EndLine="13" EndColumn="51" Covered="False" />
        </Method>
        <Method Name="set_PaypalOrderId(System.String):System.Void" CoveredStatements="0" TotalStatements="1" CoveragePercent="0">
          <Statement FileIndex="42" Line="11" Column="49" EndLine="11" EndColumn="54" Covered="False" />
        </Method>
      </Type>
    </Namespace>
    <Namespace Name="CoffeeSpace.PaymentService.Application.Extensions" CoveredStatements="0" TotalStatements="31" CoveragePercent="0">
      <Type Name="HealthChecksExtensions" CoveredStatements="0" TotalStatements="3" CoveragePercent="0">
        <Method Name="AddServiceHealthChecks(Microsoft.Extensions.DependencyInjection.IServiceCollection,Microsoft.AspNetCore.Builder.WebApplicationBuilder):Microsoft.Extensions.DependencyInjection.IHealthChecksBuilder" CoveredStatements="0" TotalStatements="3" CoveragePercent="0">
          <Statement FileIndex="43" Line="6" Column="5" EndLine="6" EndColumn="6" Covered="False" />
          <Statement FileIndex="43" Line="7" Column="9" EndLine="9" EndColumn="112" Covered="False" />
          <Statement FileIndex="43" Line="10" Column="5" EndLine="10" EndColumn="6" Covered="False" />
        </Method>
      </Type>
      <Type Name="PayPalOrderRequestBuilder" CoveredStatements="0" TotalStatements="28" CoveragePercent="0">
        <Type Name="&lt;&gt;c" CoveredStatements="0" TotalStatements="2" CoveragePercent="0">
          <Method Name="&lt;WithPurchaseUnits&gt;b__3_0(CoffeeSpace.Domain.Ordering.Orders.OrderItem):System.Single" CoveredStatements="0" TotalStatements="1" CoveragePercent="0">
            <Statement FileIndex="44" Line="34" Column="60" EndLine="34" EndColumn="75" Covered="False" />
          </Method>
          <Method Name="&lt;WithPurchaseUnits&gt;b__3_1(CoffeeSpace.Domain.Ordering.Orders.OrderItem):PayPalCheckoutSdk.Orders.Item" CoveredStatements="0" TotalStatements="1" CoveragePercent="0">
            <Statement FileIndex="44" Line="54" Column="52" EndLine="65" EndColumn="14" Covered="False" />
          </Method>
        </Type>
        <Method Name=".ctor():System.Void" CoveredStatements="0" TotalStatements="4" CoveragePercent="0">
          <Statement FileIndex="44" Line="12" Column="5" EndLine="12" EndColumn="39" Covered="False" />
          <Statement FileIndex="44" Line="13" Column="5" EndLine="13" EndColumn="6" Covered="False" />
          <Statement FileIndex="44" Line="14" Column="9" EndLine="14" EndColumn="44" Covered="False" />
          <Statement FileIndex="44" Line="15" Column="5" EndLine="15" EndColumn="6" Covered="False" />
        </Method>
        <Method Name="Build():PayPalCheckoutSdk.Orders.OrderRequest" CoveredStatements="0" TotalStatements="3" CoveragePercent="0">
          <Statement FileIndex="44" Line="98" Column="5" EndLine="98" EndColumn="6" Covered="False" />
          <Statement FileIndex="44" Line="99" Column="9" EndLine="99" EndColumn="30" Covered="False" />
          <Statement FileIndex="44" Line="100" Column="5" EndLine="100" EndColumn="6" Covered="False" />
        </Method>
        <Method Name="WithAddress(CoffeeSpace.Domain.Ordering.Orders.Address):CoffeeSpace.PaymentService.Application.Extensions.PayPalOrderRequestBuilder" CoveredStatements="0" TotalStatements="8" CoveragePercent="0">
          <Statement FileIndex="44" Line="73" Column="5" EndLine="73" EndColumn="6" Covered="False" />
          <Statement FileIndex="44" Line="74" Column="9" EndLine="74" EndColumn="61" Covered="False" />
          <Statement FileIndex="44" Line="75" Column="9" EndLine="75" EndColumn="10" Covered="False" />
          <Statement FileIndex="44" Line="76" Column="13" EndLine="76" EndColumn="25" Covered="False" />
          <Statement FileIndex="44" Line="79" Column="9" EndLine="91" EndColumn="11" Covered="False" />
          <Statement FileIndex="44" Line="93" Column="9" EndLine="93" EndColumn="72" Covered="False" />
          <Statement FileIndex="44" Line="94" Column="9" EndLine="94" EndColumn="21" Covered="False" />
          <Statement FileIndex="44" Line="95" Column="5" EndLine="95" EndColumn="6" Covered="False" />
        </Method>
        <Method Name="WithDefaultContext():CoffeeSpace.PaymentService.Application.Extensions.PayPalOrderRequestBuilder" CoveredStatements="0" TotalStatements="5" CoveragePercent="0">
          <Statement FileIndex="44" Line="18" Column="5" EndLine="18" EndColumn="6" Covered="False" />
          <Statement FileIndex="44" Line="19" Column="9" EndLine="19" EndColumn="86" Covered="False" />
          <Statement FileIndex="44" Line="20" Column="9" EndLine="28" EndColumn="11" Covered="False" />
          <Statement FileIndex="44" Line="29" Column="9" EndLine="29" EndColumn="21" Covered="False" />
          <Statement FileIndex="44" Line="30" Column="5" EndLine="30" EndColumn="6" Covered="False" />
        </Method>
        <Method Name="WithPurchaseUnits(System.Collections.Generic.ICollection&lt;CoffeeSpace.Domain.Ordering.Orders.OrderItem&gt;):CoffeeSpace.PaymentService.Application.Extensions.PayPalOrderRequestBuilder" CoveredStatements="0" TotalStatements="6" CoveragePercent="0">
          <Statement FileIndex="44" Line="33" Column="5" EndLine="33" EndColumn="6" Covered="False" />
          <Statement FileIndex="44" Line="34" Column="9" EndLine="34" EndColumn="91" Covered="False" />
          <Statement FileIndex="44" Line="35" Column="9" EndLine="66" EndColumn="11" Covered="False" />
          <Statement FileIndex="44" Line="68" Column="9" EndLine="68" EndColumn="93" Covered="False" />
          <Statement FileIndex="44" Line="69" Column="9" EndLine="69" EndColumn="21" Covered="False" />
          <Statement FileIndex="44" Line="70" Column="5" EndLine="70" EndColumn="6" Covered="False" />
        </Method>
      </Type>
    </Namespace>
    <Namespace Name="CoffeeSpace.PaymentService.Application.Helpers" CoveredStatements="0" TotalStatements="1" CoveragePercent="0">
      <Type Name="CacheKeys" CoveredStatements="0" TotalStatements="1" CoveragePercent="0">
        <Type Name="Payments" CoveredStatements="0" TotalStatements="1" CoveragePercent="0">
          <Method Name="GetById(System.String):System.String" CoveredStatements="0" TotalStatements="1" CoveragePercent="0">
            <Statement FileIndex="46" Line="9" Column="52" EndLine="9" EndColumn="70" Covered="False" />
          </Method>
        </Type>
      </Type>
    </Namespace>
    <Namespace Name="CoffeeSpace.PaymentService.Application.Mappers" CoveredStatements="0" TotalStatements="3" CoveragePercent="0">
      <Type Name="PaypalOrderInformationMapper" CoveredStatements="0" TotalStatements="3" CoveragePercent="0">
        <Method Name="ToPaypalOrderInformation(PayPalCheckoutSdk.Orders.Order,CoffeeSpace.Domain.Ordering.Orders.Order):CoffeeSpace.PaymentService.Application.Models.PaypalOrderInformation" CoveredStatements="0" TotalStatements="3" CoveragePercent="0">
          <Statement FileIndex="48" Line="9" Column="5" EndLine="9" EndColumn="6" Covered="False" />
          <Statement FileIndex="48" Line="10" Column="9" EndLine="17" EndColumn="11" Covered="False" />
          <Statement FileIndex="48" Line="18" Column="5" EndLine="18" EndColumn="6" Covered="False" />
        </Method>
      </Type>
    </Namespace>
    <Namespace Name="CoffeeSpace.PaymentService.Application.Messages.Commands" CoveredStatements="2" TotalStatements="4" CoveragePercent="50">
      <Type Name="CapturePaypalOrderCommand" CoveredStatements="1" TotalStatements="2" CoveragePercent="50">
        <Method Name="get_PaypalPaymentId():System.String" CoveredStatements="0" TotalStatements="1" CoveragePercent="0">
          <Statement FileIndex="49" Line="7" Column="46" EndLine="7" EndColumn="50" Covered="False" />
        </Method>
        <Method Name="set_PaypalPaymentId(System.String):System.Void" CoveredStatements="1" TotalStatements="1" CoveragePercent="100">
          <Statement FileIndex="49" Line="7" Column="51" EndLine="7" EndColumn="56" Covered="True" />
        </Method>
      </Type>
      <Type Name="CreatePaypalOrderCommand" CoveredStatements="1" TotalStatements="2" CoveragePercent="50">
        <Method Name="get_ApplicationOrder():CoffeeSpace.Domain.Ordering.Orders.Order" CoveredStatements="0" TotalStatements="1" CoveragePercent="0">
          <Statement FileIndex="50" Line="8" Column="46" EndLine="8" EndColumn="50" Covered="False" />
        </Method>
        <Method Name="set_ApplicationOrder(CoffeeSpace.Domain.Ordering.Orders.Order):System.Void" CoveredStatements="1" TotalStatements="1" CoveragePercent="100">
          <Statement FileIndex="50" Line="8" Column="51" EndLine="8" EndColumn="56" Covered="True" />
        </Method>
      </Type>
    </Namespace>
    <Namespace Name="CoffeeSpace.PaymentService.Application.Messages.Commands.Handlers" CoveredStatements="0" TotalStatements="36" CoveragePercent="0">
      <Type Name="CapturePaypalOrderCommandHandler" CoveredStatements="0" TotalStatements="18" CoveragePercent="0">
        <Type Name="&lt;Handle&gt;d__2" CoveredStatements="0" TotalStatements="12" CoveragePercent="0">
          <Method Name="MoveNext():System.Void" CoveredStatements="0" TotalStatements="12" CoveragePercent="0">
            <Statement FileIndex="51" Line="23" Column="5" EndLine="23" EndColumn="6" Covered="False" />
            <Statement FileIndex="51" Line="24" Column="9" EndLine="24" EndColumn="73" Covered="False" />
            <Statement FileIndex="51" Line="25" Column="9" EndLine="25" EndColumn="52" Covered="False" />
            <Statement FileIndex="51" Line="27" Column="9" EndLine="27" EndColumn="49" Covered="False" />
            <Statement FileIndex="51" Line="28" Column="9" EndLine="28" EndColumn="42" Covered="False" />
            <Statement FileIndex="51" Line="30" Column="9" EndLine="30" EndColumn="65" Covered="False" />
            <Statement FileIndex="51" Line="31" Column="9" EndLine="31" EndColumn="63" Covered="False" />
            <Statement FileIndex="51" Line="32" Column="9" EndLine="32" EndColumn="10" Covered="False" />
            <Statement FileIndex="51" Line="33" Column="13" EndLine="33" EndColumn="25" Covered="False" />
            <Statement FileIndex="51" Line="36" Column="9" EndLine="36" EndColumn="55" Covered="False" />
            <Statement FileIndex="51" Line="37" Column="9" EndLine="37" EndColumn="31" Covered="False" />
            <Statement FileIndex="51" Line="38" Column="5" EndLine="38" EndColumn="6" Covered="False" />
          </Method>
        </Type>
        <Method Name=".ctor(Microsoft.Extensions.Options.IOptions&lt;CoffeeSpace.PaymentService.Application.Settings.PaypalAuthenticationSettings&gt;):System.Void" CoveredStatements="0" TotalStatements="6" CoveragePercent="0">
          <Statement FileIndex="51" Line="14" Column="5" EndLine="14" EndColumn="97" Covered="False" />
          <Statement FileIndex="51" Line="15" Column="5" EndLine="15" EndColumn="6" Covered="False" />
          <Statement FileIndex="51" Line="16" Column="9" EndLine="16" EndColumn="53" Covered="False" />
          <Statement FileIndex="51" Line="17" Column="9" EndLine="17" EndColumn="119" Covered="False" />
          <Statement FileIndex="51" Line="19" Column="9" EndLine="19" EndColumn="70" Covered="False" />
          <Statement FileIndex="51" Line="20" Column="5" EndLine="20" EndColumn="6" Covered="False" />
        </Method>
      </Type>
      <Type Name="CreatePaypalOrderCommandHandler" CoveredStatements="0" TotalStatements="18" CoveragePercent="0">
        <Type Name="&lt;Handle&gt;d__2" CoveredStatements="0" TotalStatements="12" CoveragePercent="0">
          <Method Name="MoveNext():System.Void" CoveredStatements="0" TotalStatements="12" CoveragePercent="0">
            <Statement FileIndex="52" Line="24" Column="5" EndLine="24" EndColumn="6" Covered="False" />
            <Statement FileIndex="52" Line="25" Column="9" EndLine="25" EndColumn="49" Covered="False" />
            <Statement FileIndex="52" Line="26" Column="9" EndLine="30" EndColumn="22" Covered="False" />
            <Statement FileIndex="52" Line="32" Column="9" EndLine="32" EndColumn="64" Covered="False" />
            <Statement FileIndex="52" Line="33" Column="9" EndLine="33" EndColumn="42" Covered="False" />
            <Statement FileIndex="52" Line="35" Column="9" EndLine="35" EndColumn="65" Covered="False" />
            <Statement FileIndex="52" Line="36" Column="9" EndLine="36" EndColumn="63" Covered="False" />
            <Statement FileIndex="52" Line="37" Column="9" EndLine="37" EndColumn="10" Covered="False" />
            <Statement FileIndex="52" Line="38" Column="13" EndLine="38" EndColumn="25" Covered="False" />
            <Statement FileIndex="52" Line="41" Column="9" EndLine="41" EndColumn="53" Covered="False" />
            <Statement FileIndex="52" Line="42" Column="9" EndLine="42" EndColumn="29" Covered="False" />
            <Statement FileIndex="52" Line="43" Column="5" EndLine="43" EndColumn="6" Covered="False" />
          </Method>
        </Type>
        <Method Name=".ctor(Microsoft.Extensions.Options.IOptions&lt;CoffeeSpace.PaymentService.Application.Settings.PaypalAuthenticationSettings&gt;):System.Void" CoveredStatements="0" TotalStatements="6" CoveragePercent="0">
          <Statement FileIndex="52" Line="15" Column="5" EndLine="15" EndColumn="96" Covered="False" />
          <Statement FileIndex="52" Line="16" Column="5" EndLine="16" EndColumn="6" Covered="False" />
          <Statement FileIndex="52" Line="17" Column="9" EndLine="17" EndColumn="53" Covered="False" />
          <Statement FileIndex="52" Line="18" Column="9" EndLine="18" EndColumn="119" Covered="False" />
          <Statement FileIndex="52" Line="20" Column="9" EndLine="20" EndColumn="70" Covered="False" />
          <Statement FileIndex="52" Line="21" Column="5" EndLine="21" EndColumn="6" Covered="False" />
        </Method>
      </Type>
    </Namespace>
    <Namespace Name="CoffeeSpace.PaymentService.Application.Messages.Consumers" CoveredStatements="10" TotalStatements="15" CoveragePercent="67">
      <Type Name="OrderPaymentValidationConsumer" CoveredStatements="10" TotalStatements="15" CoveragePercent="67">
        <Type Name="&lt;Consume&gt;d__3" CoveredStatements="5" TotalStatements="10" CoveragePercent="50">
          <Method Name="MoveNext():System.Void" CoveredStatements="5" TotalStatements="10" CoveragePercent="50">
            <Statement FileIndex="53" Line="21" Column="5" EndLine="21" EndColumn="6" Covered="True" />
            <Statement FileIndex="53" Line="22" Column="9" EndLine="22" EndColumn="117" Covered="True" />
            <Statement FileIndex="53" Line="23" Column="9" EndLine="23" EndColumn="34" Covered="True" />
            <Statement FileIndex="53" Line="24" Column="9" EndLine="24" EndColumn="10" Covered="False" />
            <Statement FileIndex="53" Line="25" Column="13" EndLine="25" EndColumn="140" Covered="False" />
            <Statement FileIndex="53" Line="26" Column="13" EndLine="29" EndColumn="43" Covered="False" />
            <Statement FileIndex="53" Line="31" Column="13" EndLine="31" EndColumn="20" Covered="False" />
            <Statement FileIndex="53" Line="34" Column="9" EndLine="34" EndColumn="132" Covered="True" />
            <Statement FileIndex="53" Line="35" Column="9" EndLine="40" EndColumn="39" Covered="True" />
            <Statement FileIndex="53" Line="41" Column="5" EndLine="41" EndColumn="6" Covered="False" />
          </Method>
        </Type>
        <Method Name=".ctor(CoffeeSpace.PaymentService.Application.Services.Abstractions.IPaymentService,MassTransit.ITopicProducerProvider):System.Void" CoveredStatements="5" TotalStatements="5" CoveragePercent="100">
          <Statement FileIndex="53" Line="14" Column="5" EndLine="14" EndColumn="120" Covered="True" />
          <Statement FileIndex="53" Line="15" Column="5" EndLine="15" EndColumn="6" Covered="True" />
          <Statement FileIndex="53" Line="16" Column="9" EndLine="16" EndColumn="42" Covered="True" />
          <Statement FileIndex="53" Line="17" Column="9" EndLine="17" EndColumn="56" Covered="True" />
          <Statement FileIndex="53" Line="18" Column="5" EndLine="18" EndColumn="6" Covered="True" />
        </Method>
      </Type>
    </Namespace>
    <Namespace Name="CoffeeSpace.PaymentService.Application.Messages.Notifications" CoveredStatements="0" TotalStatements="2" CoveragePercent="0">
      <Type Name="OrderPaymentCapturedNotification" CoveredStatements="0" TotalStatements="2" CoveragePercent="0">
        <Method Name="get_CapturedPaypalOrderId():System.String" CoveredStatements="0" TotalStatements="1" CoveragePercent="0">
          <Statement FileIndex="55" Line="7" Column="52" EndLine="7" EndColumn="56" Covered="False" />
        </Method>
        <Method Name="set_CapturedPaypalOrderId(System.String):System.Void" CoveredStatements="0" TotalStatements="1" CoveragePercent="0">
          <Statement FileIndex="55" Line="7" Column="57" EndLine="7" EndColumn="62" Covered="False" />
        </Method>
      </Type>
    </Namespace>
    <Namespace Name="CoffeeSpace.PaymentService.Application.Messages.Notifications.Handlers" CoveredStatements="0" TotalStatements="9" CoveragePercent="0">
      <Type Name="OrderPaymentCapturedNotificationHandler" CoveredStatements="0" TotalStatements="9" CoveragePercent="0">
        <Type Name="&lt;Handle&gt;d__3" CoveredStatements="0" TotalStatements="4" CoveragePercent="0">
          <Method Name="MoveNext():System.Void" CoveredStatements="0" TotalStatements="4" CoveragePercent="0">
            <Statement FileIndex="54" Line="23" Column="5" EndLine="23" EndColumn="6" Covered="False" />
            <Statement FileIndex="54" Line="24" Column="9" EndLine="24" EndColumn="151" Covered="False" />
            <Statement FileIndex="54" Line="25" Column="9" EndLine="29" EndColumn="31" Covered="False" />
            <Statement FileIndex="54" Line="30" Column="5" EndLine="30" EndColumn="6" Covered="False" />
          </Method>
        </Type>
        <Method Name=".ctor(MassTransit.ITopicProducer&lt;CoffeeSpace.Messages.Ordering.Responses.OrderPaid&gt;,CoffeeSpace.Shared.Services.Abstractions.ICacheService):System.Void" CoveredStatements="0" TotalStatements="5" CoveragePercent="0">
          <Statement FileIndex="54" Line="16" Column="5" EndLine="16" EndColumn="121" Covered="False" />
          <Statement FileIndex="54" Line="17" Column="5" EndLine="17" EndColumn="6" Covered="False" />
          <Statement FileIndex="54" Line="18" Column="9" EndLine="18" EndColumn="40" Covered="False" />
          <Statement FileIndex="54" Line="19" Column="9" EndLine="19" EndColumn="38" Covered="False" />
          <Statement FileIndex="54" Line="20" Column="5" EndLine="20" EndColumn="6" Covered="False" />
        </Method>
      </Type>
    </Namespace>
    <Namespace Name="CoffeeSpace.PaymentService.Application.Messages.PipelineBehaviours" CoveredStatements="0" TotalStatements="30" CoveragePercent="0">
      <Type Name="CapturePaypalOrderPipelineBehaviour" CoveredStatements="0" TotalStatements="14" CoveragePercent="0">
        <Type Name="&lt;Handle&gt;d__3" CoveredStatements="0" TotalStatements="9" CoveragePercent="0">
          <Method Name="MoveNext():System.Void" CoveredStatements="0" TotalStatements="9" CoveragePercent="0">
            <Statement FileIndex="56" Line="22" Column="5" EndLine="22" EndColumn="6" Covered="False" />
            <Statement FileIndex="56" Line="23" Column="9" EndLine="23" EndColumn="74" Covered="False" />
            <Statement FileIndex="56" Line="24" Column="9" EndLine="24" EndColumn="41" Covered="False" />
            <Statement FileIndex="56" Line="25" Column="9" EndLine="25" EndColumn="10" Covered="False" />
            <Statement FileIndex="56" Line="26" Column="13" EndLine="26" EndColumn="25" Covered="False" />
            <Statement FileIndex="56" Line="29" Column="9" EndLine="29" EndColumn="130" Covered="False" />
            <Statement FileIndex="56" Line="30" Column="9" EndLine="33" EndColumn="31" Covered="False" />
            <Statement FileIndex="56" Line="35" Column="9" EndLine="35" EndColumn="36" Covered="False" />
            <Statement FileIndex="56" Line="36" Column="5" EndLine="36" EndColumn="6" Covered="False" />
          </Method>
        </Type>
        <Method Name=".ctor(CoffeeSpace.PaymentService.Application.Repositories.Abstractions.IPaymentRepository,Mediator.IPublisher):System.Void" CoveredStatements="0" TotalStatements="5" CoveragePercent="0">
          <Statement FileIndex="56" Line="14" Column="5" EndLine="14" EndColumn="107" Covered="False" />
          <Statement FileIndex="56" Line="15" Column="5" EndLine="15" EndColumn="6" Covered="False" />
          <Statement FileIndex="56" Line="16" Column="9" EndLine="16" EndColumn="48" Covered="False" />
          <Statement FileIndex="56" Line="17" Column="9" EndLine="17" EndColumn="32" Covered="False" />
          <Statement FileIndex="56" Line="18" Column="5" EndLine="18" EndColumn="6" Covered="False" />
        </Method>
      </Type>
      <Type Name="CreateOrderInformationPipelineBehaviour" CoveredStatements="0" TotalStatements="16" CoveragePercent="0">
        <Type Name="&lt;Handle&gt;d__3" CoveredStatements="0" TotalStatements="11" CoveragePercent="0">
          <Method Name="MoveNext():System.Void" CoveredStatements="0" TotalStatements="11" CoveragePercent="0">
            <Statement FileIndex="57" Line="24" Column="5" EndLine="24" EndColumn="6" Covered="False" />
            <Statement FileIndex="57" Line="25" Column="9" EndLine="25" EndColumn="73" Covered="False" />
            <Statement FileIndex="57" Line="26" Column="9" EndLine="26" EndColumn="40" Covered="False" />
            <Statement FileIndex="57" Line="27" Column="9" EndLine="27" EndColumn="10" Covered="False" />
            <Statement FileIndex="57" Line="28" Column="13" EndLine="28" EndColumn="25" Covered="False" />
            <Statement FileIndex="57" Line="31" Column="9" EndLine="31" EndColumn="57" Covered="False" />
            <Statement FileIndex="57" Line="32" Column="9" EndLine="32" EndColumn="100" Covered="False" />
            <Statement FileIndex="57" Line="34" Column="9" EndLine="34" EndColumn="155" Covered="False" />
            <Statement FileIndex="57" Line="35" Column="9" EndLine="35" EndColumn="96" Covered="False" />
            <Statement FileIndex="57" Line="37" Column="9" EndLine="37" EndColumn="35" Covered="False" />
            <Statement FileIndex="57" Line="38" Column="5" EndLine="38" EndColumn="6" Covered="False" />
          </Method>
        </Type>
        <Method Name=".ctor(CoffeeSpace.PaymentService.Application.Repositories.Abstractions.IPaymentRepository,CoffeeSpace.Shared.Services.Abstractions.ICacheService):System.Void" CoveredStatements="0" TotalStatements="5" CoveragePercent="0">
          <Statement FileIndex="57" Line="17" Column="5" EndLine="17" EndColumn="117" Covered="False" />
          <Statement FileIndex="57" Line="18" Column="5" EndLine="18" EndColumn="6" Covered="False" />
          <Statement FileIndex="57" Line="19" Column="9" EndLine="19" EndColumn="48" Covered="False" />
          <Statement FileIndex="57" Line="20" Column="9" EndLine="20" EndColumn="38" Covered="False" />
          <Statement FileIndex="57" Line="21" Column="5" EndLine="21" EndColumn="6" Covered="False" />
        </Method>
      </Type>
    </Namespace>
    <Namespace Name="CoffeeSpace.PaymentService.Application.Messages.Queries" CoveredStatements="1" TotalStatements="2" CoveragePercent="50">
      <Type Name="GetPaypalOrderInformationByOrderIdQuery" CoveredStatements="1" TotalStatements="2" CoveragePercent="50">
        <Method Name="get_Id():System.Guid" CoveredStatements="0" TotalStatements="1" CoveragePercent="0">
          <Statement FileIndex="59" Line="8" Column="31" EndLine="8" EndColumn="35" Covered="False" />
        </Method>
        <Method Name="set_Id(System.Guid):System.Void" CoveredStatements="1" TotalStatements="1" CoveragePercent="100">
          <Statement FileIndex="59" Line="8" Column="36" EndLine="8" EndColumn="41" Covered="True" />
        </Method>
      </Type>
    </Namespace>
    <Namespace Name="CoffeeSpace.PaymentService.Application.Messages.Queries.Handlers" CoveredStatements="0" TotalStatements="8" CoveragePercent="0">
      <Type Name="GetPaypalOrderInformationByIdQueryHandler" CoveredStatements="0" TotalStatements="8" CoveragePercent="0">
        <Type Name="&lt;Handle&gt;d__2" CoveredStatements="0" TotalStatements="4" CoveragePercent="0">
          <Method Name="MoveNext():System.Void" CoveredStatements="0" TotalStatements="4" CoveragePercent="0">
            <Statement FileIndex="60" Line="17" Column="5" EndLine="17" EndColumn="6" Covered="False" />
            <Statement FileIndex="60" Line="18" Column="9" EndLine="18" EndColumn="116" Covered="False" />
            <Statement FileIndex="60" Line="19" Column="9" EndLine="19" EndColumn="39" Covered="False" />
            <Statement FileIndex="60" Line="20" Column="5" EndLine="20" EndColumn="6" Covered="False" />
          </Method>
        </Type>
        <Method Name=".ctor(CoffeeSpace.PaymentService.Application.Repositories.Abstractions.IPaymentRepository):System.Void" CoveredStatements="0" TotalStatements="4" CoveragePercent="0">
          <Statement FileIndex="60" Line="11" Column="5" EndLine="11" EndColumn="91" Covered="False" />
          <Statement FileIndex="60" Line="12" Column="5" EndLine="12" EndColumn="6" Covered="False" />
          <Statement FileIndex="60" Line="13" Column="9" EndLine="13" EndColumn="48" Covered="False" />
          <Statement FileIndex="60" Line="14" Column="5" EndLine="14" EndColumn="6" Covered="False" />
        </Method>
      </Type>
    </Namespace>
    <Namespace Name="CoffeeSpace.PaymentService.Application.Models" CoveredStatements="7" TotalStatements="10" CoveragePercent="70">
      <Type Name="PaypalOrderInformation" CoveredStatements="7" TotalStatements="10" CoveragePercent="70">
        <Method Name="get_ApplicationOrderId():System.Guid" CoveredStatements="1" TotalStatements="1" CoveragePercent="100">
          <Statement FileIndex="61" Line="9" Column="47" EndLine="9" EndColumn="51" Covered="True" />
        </Method>
        <Method Name="get_BuyerId():System.Guid" CoveredStatements="0" TotalStatements="1" CoveragePercent="0">
          <Statement FileIndex="61" Line="13" Column="36" EndLine="13" EndColumn="40" Covered="False" />
        </Method>
        <Method Name="get_Id():System.Guid" CoveredStatements="1" TotalStatements="1" CoveragePercent="100">
          <Statement FileIndex="61" Line="7" Column="31" EndLine="7" EndColumn="35" Covered="True" />
        </Method>
        <Method Name="get_PaypalOrder():PayPalCheckoutSdk.Orders.Order" CoveredStatements="0" TotalStatements="1" CoveragePercent="0">
          <Statement FileIndex="61" Line="15" Column="41" EndLine="15" EndColumn="45" Covered="False" />
        </Method>
        <Method Name="get_PaypalOrderId():System.String" CoveredStatements="0" TotalStatements="1" CoveragePercent="0">
          <Statement FileIndex="61" Line="11" Column="44" EndLine="11" EndColumn="48" Covered="False" />
        </Method>
        <Method Name="set_ApplicationOrderId(System.Guid):System.Void" CoveredStatements="1" TotalStatements="1" CoveragePercent="100">
          <Statement FileIndex="61" Line="9" Column="52" EndLine="9" EndColumn="57" Covered="True" />
        </Method>
        <Method Name="set_BuyerId(System.Guid):System.Void" CoveredStatements="1" TotalStatements="1" CoveragePercent="100">
          <Statement FileIndex="61" Line="13" Column="41" EndLine="13" EndColumn="46" Covered="True" />
        </Method>
        <Method Name="set_Id(System.Guid):System.Void" CoveredStatements="1" TotalStatements="1" CoveragePercent="100">
          <Statement FileIndex="61" Line="7" Column="36" EndLine="7" EndColumn="41" Covered="True" />
        </Method>
        <Method Name="set_PaypalOrder(PayPalCheckoutSdk.Orders.Order):System.Void" CoveredStatements="1" TotalStatements="1" CoveragePercent="100">
          <Statement FileIndex="61" Line="15" Column="46" EndLine="15" EndColumn="51" Covered="True" />
        </Method>
        <Method Name="set_PaypalOrderId(System.String):System.Void" CoveredStatements="1" TotalStatements="1" CoveragePercent="100">
          <Statement FileIndex="61" Line="11" Column="49" EndLine="11" EndColumn="54" Covered="True" />
        </Method>
      </Type>
    </Namespace>
    <Namespace Name="CoffeeSpace.PaymentService.Application.Repositories" CoveredStatements="17" TotalStatements="25" CoveragePercent="68">
      <Type Name="PaymentRepository" CoveredStatements="17" TotalStatements="25" CoveragePercent="68">
        <Type Name="&lt;CreatePaymentAsync&gt;d__4" CoveredStatements="5" TotalStatements="5" CoveragePercent="100">
          <Method Name="MoveNext():System.Void" CoveredStatements="5" TotalStatements="5" CoveragePercent="100">
            <Statement FileIndex="63" Line="33" Column="5" EndLine="33" EndColumn="6" Covered="True" />
            <Statement FileIndex="63" Line="34" Column="9" EndLine="34" EndColumn="91" Covered="True" />
            <Statement FileIndex="63" Line="35" Column="9" EndLine="35" EndColumn="75" Covered="True" />
            <Statement FileIndex="63" Line="37" Column="9" EndLine="37" EndColumn="27" Covered="True" />
            <Statement FileIndex="63" Line="38" Column="5" EndLine="38" EndColumn="6" Covered="True" />
          </Method>
        </Type>
        <Type Name="&lt;DeletePaymentByIdAsync&gt;d__6" CoveredStatements="0" TotalStatements="4" CoveragePercent="0">
          <Method Name="MoveNext():System.Void" CoveredStatements="0" TotalStatements="4" CoveragePercent="0">
            <Statement FileIndex="63" Line="50" Column="5" EndLine="50" EndColumn="6" Covered="False" />
            <Statement FileIndex="63" Line="51" Column="9" EndLine="53" EndColumn="52" Covered="False" />
            <Statement FileIndex="63" Line="55" Column="9" EndLine="55" EndColumn="27" Covered="False" />
            <Statement FileIndex="63" Line="56" Column="5" EndLine="56" EndColumn="6" Covered="False" />
          </Method>
        </Type>
        <Type Name="&lt;GetByApplicationOrderIdAsync&gt;d__3" CoveredStatements="4" TotalStatements="4" CoveragePercent="100">
          <Method Name="MoveNext():System.Void" CoveredStatements="4" TotalStatements="4" CoveragePercent="100">
            <Statement FileIndex="63" Line="25" Column="5" EndLine="25" EndColumn="6" Covered="True" />
            <Statement FileIndex="63" Line="26" Column="9" EndLine="27" EndColumn="80" Covered="True" />
            <Statement FileIndex="63" Line="29" Column="9" EndLine="29" EndColumn="39" Covered="True" />
            <Statement FileIndex="63" Line="30" Column="5" EndLine="30" EndColumn="6" Covered="True" />
          </Method>
        </Type>
        <Type Name="&lt;GetPaypalOrderByIdAsync&gt;d__2" CoveredStatements="4" TotalStatements="4" CoveragePercent="100">
          <Method Name="MoveNext():System.Void" CoveredStatements="4" TotalStatements="4" CoveragePercent="100">
            <Statement FileIndex="63" Line="18" Column="5" EndLine="18" EndColumn="6" Covered="True" />
            <Statement FileIndex="63" Line="19" Column="9" EndLine="19" EndColumn="114" Covered="True" />
            <Statement FileIndex="63" Line="20" Column="9" EndLine="20" EndColumn="39" Covered="True" />
            <Statement FileIndex="63" Line="21" Column="5" EndLine="21" EndColumn="6" Covered="True" />
          </Method>
        </Type>
        <Type Name="&lt;UpdatePaymentStatusAsync&gt;d__5" CoveredStatements="0" TotalStatements="4" CoveragePercent="0">
          <Method Name="MoveNext():System.Void" CoveredStatements="0" TotalStatements="4" CoveragePercent="0">
            <Statement FileIndex="63" Line="41" Column="5" EndLine="41" EndColumn="6" Covered="False" />
            <Statement FileIndex="63" Line="42" Column="9" EndLine="44" EndColumn="87" Covered="False" />
            <Statement FileIndex="63" Line="46" Column="9" EndLine="46" EndColumn="27" Covered="False" />
            <Statement FileIndex="63" Line="47" Column="5" EndLine="47" EndColumn="6" Covered="False" />
          </Method>
        </Type>
        <Method Name=".ctor(CoffeeSpace.PaymentService.Persistence.Abstractions.IPaymentDbContext):System.Void" CoveredStatements="4" TotalStatements="4" CoveragePercent="100">
          <Statement FileIndex="63" Line="12" Column="5" EndLine="12" EndColumn="58" Covered="True" />
          <Statement FileIndex="63" Line="13" Column="5" EndLine="13" EndColumn="6" Covered="True" />
          <Statement FileIndex="63" Line="14" Column="9" EndLine="14" EndColumn="32" Covered="True" />
          <Statement FileIndex="63" Line="15" Column="5" EndLine="15" EndColumn="6" Covered="True" />
        </Method>
      </Type>
    </Namespace>
    <Namespace Name="CoffeeSpace.PaymentService.Application.Services" CoveredStatements="16" TotalStatements="16" CoveragePercent="100">
      <Type Name="PaymentService" CoveredStatements="16" TotalStatements="16" CoveragePercent="100">
        <Type Name="&lt;CapturePaypalPaymentAsync&gt;d__3" CoveredStatements="4" TotalStatements="4" CoveragePercent="100">
          <Method Name="MoveNext():System.Void" CoveredStatements="4" TotalStatements="4" CoveragePercent="100">
            <Statement FileIndex="65" Line="31" Column="5" EndLine="31" EndColumn="6" Covered="True" />
            <Statement FileIndex="65" Line="32" Column="9" EndLine="35" EndColumn="31" Covered="True" />
            <Statement FileIndex="65" Line="37" Column="9" EndLine="37" EndColumn="36" Covered="True" />
            <Statement FileIndex="65" Line="38" Column="5" EndLine="38" EndColumn="6" Covered="True" />
          </Method>
        </Type>
        <Type Name="&lt;CreateOrderAsync&gt;d__2" CoveredStatements="4" TotalStatements="4" CoveragePercent="100">
          <Method Name="MoveNext():System.Void" CoveredStatements="4" TotalStatements="4" CoveragePercent="100">
            <Statement FileIndex="65" Line="20" Column="5" EndLine="20" EndColumn="6" Covered="True" />
            <Statement FileIndex="65" Line="21" Column="9" EndLine="24" EndColumn="31" Covered="True" />
            <Statement FileIndex="65" Line="26" Column="9" EndLine="26" EndColumn="35" Covered="True" />
            <Statement FileIndex="65" Line="27" Column="5" EndLine="27" EndColumn="6" Covered="True" />
          </Method>
        </Type>
        <Type Name="&lt;GetOrderPaymentByOrderIdAsync&gt;d__4" CoveredStatements="4" TotalStatements="4" CoveragePercent="100">
          <Method Name="MoveNext():System.Void" CoveredStatements="4" TotalStatements="4" CoveragePercent="100">
            <Statement FileIndex="65" Line="42" Column="5" EndLine="42" EndColumn="6" Covered="True" />
            <Statement FileIndex="65" Line="43" Column="9" EndLine="46" EndColumn="31" Covered="True" />
            <Statement FileIndex="65" Line="48" Column="8" EndLine="48" EndColumn="38" Covered="True" />
            <Statement FileIndex="65" Line="49" Column="5" EndLine="49" EndColumn="6" Covered="True" />
          </Method>
        </Type>
        <Method Name=".ctor(Mediator.ISender):System.Void" CoveredStatements="4" TotalStatements="4" CoveragePercent="100">
          <Statement FileIndex="65" Line="14" Column="5" EndLine="14" EndColumn="42" Covered="True" />
          <Statement FileIndex="65" Line="15" Column="5" EndLine="15" EndColumn="6" Covered="True" />
          <Statement FileIndex="65" Line="16" Column="9" EndLine="16" EndColumn="26" Covered="True" />
          <Statement FileIndex="65" Line="17" Column="5" EndLine="17" EndColumn="6" Covered="True" />
        </Method>
      </Type>
    </Namespace>
    <Namespace Name="CoffeeSpace.PaymentService.Application.Settings" CoveredStatements="0" TotalStatements="4" CoveragePercent="0">
      <Type Name="PaypalAuthenticationSettings" CoveredStatements="0" TotalStatements="4" CoveragePercent="0">
        <Method Name="get_ClientId():System.String" CoveredStatements="0" TotalStatements="1" CoveragePercent="0">
          <Statement FileIndex="66" Line="7" Column="39" EndLine="7" EndColumn="43" Covered="False" />
        </Method>
        <Method Name="get_ClientSecret():System.String" CoveredStatements="0" TotalStatements="1" CoveragePercent="0">
          <Statement FileIndex="66" Line="9" Column="43" EndLine="9" EndColumn="47" Covered="False" />
        </Method>
        <Method Name="set_ClientId(System.String):System.Void" CoveredStatements="0" TotalStatements="1" CoveragePercent="0">
          <Statement FileIndex="66" Line="7" Column="44" EndLine="7" EndColumn="49" Covered="False" />
        </Method>
        <Method Name="set_ClientSecret(System.String):System.Void" CoveredStatements="0" TotalStatements="1" CoveragePercent="0">
          <Statement FileIndex="66" Line="9" Column="48" EndLine="9" EndColumn="53" Covered="False" />
        </Method>
      </Type>
    </Namespace>
    <Namespace Name="CoffeeSpace.PaymentService.Endpoints" CoveredStatements="0" TotalStatements="16" CoveragePercent="0">
      <Type Name="CapturePaypalPaymentEndpoint" CoveredStatements="0" TotalStatements="8" CoveragePercent="0">
        <Type Name="&lt;ExecuteAsync&gt;d__2" CoveredStatements="0" TotalStatements="4" CoveragePercent="0">
          <Method Name="MoveNext():System.Void" CoveredStatements="0" TotalStatements="4" CoveragePercent="0">
            <Statement FileIndex="67" Line="23" Column="5" EndLine="23" EndColumn="6" Covered="False" />
            <Statement FileIndex="67" Line="24" Column="9" EndLine="24" EndColumn="92" Covered="False" />
            <Statement FileIndex="67" Line="25" Column="9" EndLine="27" EndColumn="41" Covered="False" />
            <Statement FileIndex="67" Line="28" Column="5" EndLine="28" EndColumn="6" Covered="False" />
          </Method>
        </Type>
        <Method Name=".ctor(CoffeeSpace.PaymentService.Application.Services.Abstractions.IPaymentService):System.Void" CoveredStatements="0" TotalStatements="4" CoveragePercent="0">
          <Statement FileIndex="67" Line="17" Column="5" EndLine="17" EndColumn="72" Covered="False" />
          <Statement FileIndex="67" Line="18" Column="5" EndLine="18" EndColumn="6" Covered="False" />
          <Statement FileIndex="67" Line="19" Column="9" EndLine="19" EndColumn="42" Covered="False" />
          <Statement FileIndex="67" Line="20" Column="5" EndLine="20" EndColumn="6" Covered="False" />
        </Method>
      </Type>
      <Type Name="GetPaypalOrderByOrderIdEndpoint" CoveredStatements="0" TotalStatements="8" CoveragePercent="0">
        <Type Name="&lt;ExecuteAsync&gt;d__2" CoveredStatements="0" TotalStatements="4" CoveragePercent="0">
          <Method Name="MoveNext():System.Void" CoveredStatements="0" TotalStatements="4" CoveragePercent="0">
            <Statement FileIndex="68" Line="21" Column="5" EndLine="21" EndColumn="6" Covered="False" />
            <Statement FileIndex="68" Line="22" Column="9" EndLine="22" EndColumn="107" Covered="False" />
            <Statement FileIndex="68" Line="23" Column="9" EndLine="25" EndColumn="39" Covered="False" />
            <Statement FileIndex="68" Line="26" Column="5" EndLine="26" EndColumn="6" Covered="False" />
          </Method>
        </Type>
        <Method Name=".ctor(CoffeeSpace.PaymentService.Application.Services.Abstractions.IPaymentService):System.Void" CoveredStatements="0" TotalStatements="4" CoveragePercent="0">
          <Statement FileIndex="68" Line="15" Column="5" EndLine="15" EndColumn="75" Covered="False" />
          <Statement FileIndex="68" Line="16" Column="5" EndLine="16" EndColumn="6" Covered="False" />
          <Statement FileIndex="68" Line="17" Column="9" EndLine="17" EndColumn="42" Covered="False" />
          <Statement FileIndex="68" Line="18" Column="5" EndLine="18" EndColumn="6" Covered="False" />
        </Method>
      </Type>
    </Namespace>
    <Type Name="Program" CoveredStatements="0" TotalStatements="48" CoveragePercent="0">
      <Type Name="&lt;&gt;c" CoveredStatements="0" TotalStatements="23" CoveragePercent="0">
        <Method Name="&lt;&lt;Main&gt;$&gt;b__0_0(OpenTelemetry.Logs.OpenTelemetryLoggerOptions):System.Void" CoveredStatements="0" TotalStatements="4" CoveragePercent="0">
          <Statement FileIndex="86" Line="27" Column="1" EndLine="27" EndColumn="2" Covered="False" />
          <Statement FileIndex="86" Line="28" Column="5" EndLine="28" EndColumn="34" Covered="False" />
          <Statement FileIndex="86" Line="29" Column="5" EndLine="29" EndColumn="44" Covered="False" />
          <Statement FileIndex="86" Line="30" Column="1" EndLine="30" EndColumn="2" Covered="False" />
        </Method>
        <Method Name="&lt;&lt;Main&gt;$&gt;b__0_1(Microsoft.Extensions.Hosting.HostBuilderContext,Serilog.LoggerConfiguration):System.Void" CoveredStatements="0" TotalStatements="1" CoveragePercent="0">
          <Statement FileIndex="86" Line="33" Column="5" EndLine="33" EndColumn="64" Covered="False" />
        </Method>
        <Method Name="&lt;&lt;Main&gt;$&gt;b__0_2(Microsoft.Extensions.Caching.StackExchangeRedis.RedisCacheOptions):System.Void" CoveredStatements="0" TotalStatements="1" CoveragePercent="0">
          <Statement FileIndex="86" Line="46" Column="56" EndLine="46" EndColumn="96" Covered="False" />
        </Method>
        <Method Name="&lt;&lt;Main&gt;$&gt;b__0_3(MassTransit.IBusRegistrationConfigurator):System.Void" CoveredStatements="0" TotalStatements="4" CoveragePercent="0">
          <Statement FileIndex="86" Line="53" Column="1" EndLine="53" EndColumn="2" Covered="False" />
          <Statement FileIndex="86" Line="54" Column="5" EndLine="54" EndColumn="23" Covered="False" />
          <Statement FileIndex="86" Line="55" Column="5" EndLine="71" EndColumn="8" Covered="False" />
          <Statement FileIndex="86" Line="72" Column="1" EndLine="72" EndColumn="2" Covered="False" />
        </Method>
        <Method Name="&lt;&lt;Main&gt;$&gt;b__0_4(MassTransit.IRiderRegistrationConfigurator):System.Void" CoveredStatements="0" TotalStatements="8" CoveragePercent="0">
          <Statement FileIndex="86" Line="56" Column="5" EndLine="56" EndColumn="6" Covered="False" />
          <Statement FileIndex="86" Line="57" Column="9" EndLine="57" EndColumn="58" Covered="False" />
          <Statement FileIndex="86" Line="59" Column="9" EndLine="59" EndColumn="87" Covered="False" />
          <Statement FileIndex="86" Line="60" Column="9" EndLine="60" EndColumn="59" Covered="False" />
          <Statement FileIndex="86" Line="61" Column="9" EndLine="61" EndColumn="86" Covered="False" />
          <Statement FileIndex="86" Line="63" Column="9" EndLine="63" EndColumn="68" Covered="False" />
          <Statement FileIndex="86" Line="64" Column="9" EndLine="70" EndColumn="12" Covered="False" />
          <Statement FileIndex="86" Line="71" Column="5" EndLine="71" EndColumn="6" Covered="False" />
        </Method>
        <Method Name="&lt;&lt;Main&gt;$&gt;b__0_5(MassTransit.IRiderRegistrationContext,MassTransit.IKafkaFactoryConfigurator):System.Void" CoveredStatements="0" TotalStatements="5" CoveragePercent="0">
          <Statement FileIndex="86" Line="65" Column="9" EndLine="65" EndColumn="10" Covered="False" />
          <Statement FileIndex="86" Line="66" Column="13" EndLine="66" EndColumn="54" Covered="False" />
          <Statement FileIndex="86" Line="68" Column="13" EndLine="68" EndColumn="47" Covered="False" />
          <Statement FileIndex="86" Line="69" Column="13" EndLine="69" EndColumn="146" Covered="False" />
          <Statement FileIndex="86" Line="70" Column="9" EndLine="70" EndColumn="10" Covered="False" />
        </Method>
      </Type>
      <Method Name="&lt;Main&gt;$(System.String[]):System.Void" CoveredStatements="0" TotalStatements="25" CoveragePercent="0">
        <Statement FileIndex="86" Line="21" Column="1" EndLine="21" EndColumn="50" Covered="False" />
        <Statement FileIndex="86" Line="23" Column="1" EndLine="23" EndColumn="42" Covered="False" />
        <Statement FileIndex="86" Line="24" Column="1" EndLine="24" EndColumn="45" Covered="False" />
        <Statement FileIndex="86" Line="26" Column="1" EndLine="30" EndColumn="4" Covered="False" />
        <Statement FileIndex="86" Line="32" Column="1" EndLine="33" EndColumn="66" Covered="False" />
        <Statement FileIndex="86" Line="35" Column="1" EndLine="36" EndColumn="83" Covered="False" />
        <Statement FileIndex="86" Line="38" Column="1" EndLine="38" EndColumn="62" Covered="False" />
        <Statement FileIndex="86" Line="39" Column="1" EndLine="39" EndColumn="59" Covered="False" />
        <Statement FileIndex="86" Line="41" Column="1" EndLine="41" EndColumn="32" Covered="False" />
        <Statement FileIndex="86" Line="42" Column="1" EndLine="42" EndColumn="37" Covered="False" />
        <Statement FileIndex="86" Line="44" Column="1" EndLine="44" EndColumn="103" Covered="False" />
        <Statement FileIndex="86" Line="46" Column="1" EndLine="46" EndColumn="98" Covered="False" />
        <Statement FileIndex="86" Line="47" Column="1" EndLine="47" EndColumn="57" Covered="False" />
        <Statement FileIndex="86" Line="49" Column="1" EndLine="50" EndColumn="95" Covered="False" />
        <Statement FileIndex="86" Line="52" Column="1" EndLine="72" EndColumn="4" Covered="False" />
        <Statement FileIndex="86" Line="74" Column="1" EndLine="74" EndColumn="50" Covered="False" />
        <Statement FileIndex="86" Line="75" Column="1" EndLine="75" EndColumn="47" Covered="False" />
        <Statement FileIndex="86" Line="77" Column="1" EndLine="77" EndColumn="27" Covered="False" />
        <Statement FileIndex="86" Line="79" Column="1" EndLine="79" EndColumn="32" Covered="False" />
        <Statement FileIndex="86" Line="80" Column="1" EndLine="80" EndColumn="37" Covered="False" />
        <Statement FileIndex="86" Line="82" Column="1" EndLine="82" EndColumn="33" Covered="False" />
        <Statement FileIndex="86" Line="83" Column="1" EndLine="83" EndColumn="25" Covered="False" />
        <Statement FileIndex="86" Line="84" Column="1" EndLine="84" EndColumn="24" Covered="False" />
        <Statement FileIndex="86" Line="86" Column="1" EndLine="86" EndColumn="24" Covered="False" />
        <Statement FileIndex="86" Line="87" Column="1" EndLine="87" EndColumn="11" Covered="False" />
      </Method>
    </Type>
  </Assembly>
  <Assembly Name="CoffeeSpace.ProductApi" CoveredStatements="259" TotalStatements="289" CoveragePercent="90">
    <Namespace Name="CoffeeSpace.ProductApi.Application.Contracts.Requests" CoveredStatements="28" TotalStatements="32" CoveragePercent="88">
      <Type Name="CreateProductRequest" CoveredStatements="12" TotalStatements="12" CoveragePercent="100">
        <Method Name=".ctor():System.Void" CoveredStatements="1" TotalStatements="1" CoveragePercent="100">
          <Statement FileIndex="1" Line="5" Column="31" EndLine="5" EndColumn="45" Covered="True" />
        </Method>
        <Method Name="get_Description():System.String" CoveredStatements="1" TotalStatements="1" CoveragePercent="100">
          <Statement FileIndex="1" Line="11" Column="42" EndLine="11" EndColumn="46" Covered="True" />
        </Method>
        <Method Name="get_Id():System.Guid" CoveredStatements="1" TotalStatements="1" CoveragePercent="100">
          <Statement FileIndex="1" Line="5" Column="22" EndLine="5" EndColumn="26" Covered="True" />
        </Method>
        <Method Name="get_Image():Microsoft.AspNetCore.Http.IFormFile" CoveredStatements="1" TotalStatements="1" CoveragePercent="100">
          <Statement FileIndex="1" Line="9" Column="39" EndLine="9" EndColumn="43" Covered="True" />
        </Method>
        <Method Name="get_Quantity():System.Int32" CoveredStatements="1" TotalStatements="1" CoveragePercent="100">
          <Statement FileIndex="1" Line="15" Column="37" EndLine="15" EndColumn="41" Covered="True" />
        </Method>
        <Method Name="get_Title():System.String" CoveredStatements="1" TotalStatements="1" CoveragePercent="100">
          <Statement FileIndex="1" Line="7" Column="36" EndLine="7" EndColumn="40" Covered="True" />
        </Method>
        <Method Name="get_UnitPrice():System.Single" CoveredStatements="1" TotalStatements="1" CoveragePercent="100">
          <Statement FileIndex="1" Line="13" Column="39" EndLine="13" EndColumn="43" Covered="True" />
        </Method>
        <Method Name="set_Description(System.String):System.Void" CoveredStatements="1" TotalStatements="1" CoveragePercent="100">
          <Statement FileIndex="1" Line="11" Column="47" EndLine="11" EndColumn="52" Covered="True" />
        </Method>
        <Method Name="set_Image(Microsoft.AspNetCore.Http.IFormFile):System.Void" CoveredStatements="1" TotalStatements="1" CoveragePercent="100">
          <Statement FileIndex="1" Line="9" Column="44" EndLine="9" EndColumn="49" Covered="True" />
        </Method>
        <Method Name="set_Quantity(System.Int32):System.Void" CoveredStatements="1" TotalStatements="1" CoveragePercent="100">
          <Statement FileIndex="1" Line="15" Column="42" EndLine="15" EndColumn="47" Covered="True" />
        </Method>
        <Method Name="set_Title(System.String):System.Void" CoveredStatements="1" TotalStatements="1" CoveragePercent="100">
          <Statement FileIndex="1" Line="7" Column="41" EndLine="7" EndColumn="46" Covered="True" />
        </Method>
        <Method Name="set_UnitPrice(System.Single):System.Void" CoveredStatements="1" TotalStatements="1" CoveragePercent="100">
          <Statement FileIndex="1" Line="13" Column="44" EndLine="13" EndColumn="49" Covered="True" />
        </Method>
      </Type>
      <Type Name="DeleteProductByIdRequest" CoveredStatements="2" TotalStatements="2" CoveragePercent="100">
        <Method Name="get_Id():System.Guid" CoveredStatements="1" TotalStatements="1" CoveragePercent="100">
          <Statement FileIndex="2" Line="5" Column="31" EndLine="5" EndColumn="35" Covered="True" />
        </Method>
        <Method Name="set_Id(System.Guid):System.Void" CoveredStatements="1" TotalStatements="1" CoveragePercent="100">
          <Statement FileIndex="2" Line="5" Column="36" EndLine="5" EndColumn="41" Covered="True" />
        </Method>
      </Type>
      <Type Name="GetPagedProductsRequest" CoveredStatements="0" TotalStatements="4" CoveragePercent="0">
        <Method Name="get_Page():System.Int32" CoveredStatements="0" TotalStatements="1" CoveragePercent="0">
          <Statement FileIndex="3" Line="5" Column="32" EndLine="5" EndColumn="36" Covered="False" />
        </Method>
        <Method Name="get_PageSize():System.Int32" CoveredStatements="0" TotalStatements="1" CoveragePercent="0">
          <Statement FileIndex="3" Line="7" Column="36" EndLine="7" EndColumn="40" Covered="False" />
        </Method>
        <Method Name="set_Page(System.Int32):System.Void" CoveredStatements="0" TotalStatements="1" CoveragePercent="0">
          <Statement FileIndex="3" Line="5" Column="37" EndLine="5" EndColumn="42" Covered="False" />
        </Method>
        <Method Name="set_PageSize(System.Int32):System.Void" CoveredStatements="0" TotalStatements="1" CoveragePercent="0">
          <Statement FileIndex="3" Line="7" Column="41" EndLine="7" EndColumn="46" Covered="False" />
        </Method>
      </Type>
      <Type Name="GetProductByIdRequest" CoveredStatements="2" TotalStatements="2" CoveragePercent="100">
        <Method Name="get_Id():System.Guid" CoveredStatements="1" TotalStatements="1" CoveragePercent="100">
          <Statement FileIndex="4" Line="5" Column="31" EndLine="5" EndColumn="35" Covered="True" />
        </Method>
        <Method Name="set_Id(System.Guid):System.Void" CoveredStatements="1" TotalStatements="1" CoveragePercent="100">
          <Statement FileIndex="4" Line="5" Column="36" EndLine="5" EndColumn="41" Covered="True" />
        </Method>
      </Type>
      <Type Name="UpdateProductRequest" CoveredStatements="12" TotalStatements="12" CoveragePercent="100">
        <Method Name="get_Description():System.String" CoveredStatements="1" TotalStatements="1" CoveragePercent="100">
          <Statement FileIndex="5" Line="11" Column="42" EndLine="11" EndColumn="46" Covered="True" />
        </Method>
        <Method Name="get_Id():System.Guid" CoveredStatements="1" TotalStatements="1" CoveragePercent="100">
          <Statement FileIndex="5" Line="5" Column="22" EndLine="5" EndColumn="26" Covered="True" />
        </Method>
        <Method Name="get_Image():Microsoft.AspNetCore.Http.IFormFile" CoveredStatements="1" TotalStatements="1" CoveragePercent="100">
          <Statement FileIndex="5" Line="9" Column="39" EndLine="9" EndColumn="43" Covered="True" />
        </Method>
        <Method Name="get_Quantity():System.Int32" CoveredStatements="1" TotalStatements="1" CoveragePercent="100">
          <Statement FileIndex="5" Line="15" Column="37" EndLine="15" EndColumn="41" Covered="True" />
        </Method>
        <Method Name="get_Title():System.String" CoveredStatements="1" TotalStatements="1" CoveragePercent="100">
          <Statement FileIndex="5" Line="7" Column="36" EndLine="7" EndColumn="40" Covered="True" />
        </Method>
        <Method Name="get_UnitPrice():System.Single" CoveredStatements="1" TotalStatements="1" CoveragePercent="100">
          <Statement FileIndex="5" Line="13" Column="39" EndLine="13" EndColumn="43" Covered="True" />
        </Method>
        <Method Name="set_Description(System.String):System.Void" CoveredStatements="1" TotalStatements="1" CoveragePercent="100">
          <Statement FileIndex="5" Line="11" Column="47" EndLine="11" EndColumn="52" Covered="True" />
        </Method>
        <Method Name="set_Id(System.Guid):System.Void" CoveredStatements="1" TotalStatements="1" CoveragePercent="100">
          <Statement FileIndex="5" Line="5" Column="27" EndLine="5" EndColumn="40" Covered="True" />
        </Method>
        <Method Name="set_Image(Microsoft.AspNetCore.Http.IFormFile):System.Void" CoveredStatements="1" TotalStatements="1" CoveragePercent="100">
          <Statement FileIndex="5" Line="9" Column="44" EndLine="9" EndColumn="49" Covered="True" />
        </Method>
        <Method Name="set_Quantity(System.Int32):System.Void" CoveredStatements="1" TotalStatements="1" CoveragePercent="100">
          <Statement FileIndex="5" Line="15" Column="42" EndLine="15" EndColumn="47" Covered="True" />
        </Method>
        <Method Name="set_Title(System.String):System.Void" CoveredStatements="1" TotalStatements="1" CoveragePercent="100">
          <Statement FileIndex="5" Line="7" Column="41" EndLine="7" EndColumn="46" Covered="True" />
        </Method>
        <Method Name="set_UnitPrice(System.Single):System.Void" CoveredStatements="1" TotalStatements="1" CoveragePercent="100">
          <Statement FileIndex="5" Line="13" Column="44" EndLine="13" EndColumn="49" Covered="True" />
        </Method>
      </Type>
    </Namespace>
    <Namespace Name="CoffeeSpace.ProductApi.Application.Contracts.Responses" CoveredStatements="12" TotalStatements="12" CoveragePercent="100">
      <Type Name="ProductResponse" CoveredStatements="12" TotalStatements="12" CoveragePercent="100">
        <Method Name="get_Description():System.String" CoveredStatements="1" TotalStatements="1" CoveragePercent="100">
          <Statement FileIndex="6" Line="13" Column="42" EndLine="13" EndColumn="46" Covered="True" />
        </Method>
        <Method Name="get_Id():System.Guid" CoveredStatements="1" TotalStatements="1" CoveragePercent="100">
          <Statement FileIndex="6" Line="7" Column="31" EndLine="7" EndColumn="35" Covered="True" />
        </Method>
        <Method Name="get_Image():CoffeeSpace.Domain.Products.ImageInformation" CoveredStatements="1" TotalStatements="1" CoveragePercent="100">
          <Statement FileIndex="6" Line="9" Column="46" EndLine="9" EndColumn="50" Covered="True" />
        </Method>
        <Method Name="get_Quantity():System.Int32" CoveredStatements="1" TotalStatements="1" CoveragePercent="100">
          <Statement FileIndex="6" Line="17" Column="37" EndLine="17" EndColumn="41" Covered="True" />
        </Method>
        <Method Name="get_Title():System.String" CoveredStatements="1" TotalStatements="1" CoveragePercent="100">
          <Statement FileIndex="6" Line="11" Column="36" EndLine="11" EndColumn="40" Covered="True" />
        </Method>
        <Method Name="get_UnitPrice():System.Single" CoveredStatements="1" TotalStatements="1" CoveragePercent="100">
          <Statement FileIndex="6" Line="15" Column="39" EndLine="15" EndColumn="43" Covered="True" />
        </Method>
        <Method Name="set_Description(System.String):System.Void" CoveredStatements="1" TotalStatements="1" CoveragePercent="100">
          <Statement FileIndex="6" Line="13" Column="47" EndLine="13" EndColumn="52" Covered="True" />
        </Method>
        <Method Name="set_Id(System.Guid):System.Void" CoveredStatements="1" TotalStatements="1" CoveragePercent="100">
          <Statement FileIndex="6" Line="7" Column="36" EndLine="7" EndColumn="41" Covered="True" />
        </Method>
        <Method Name="set_Image(CoffeeSpace.Domain.Products.ImageInformation):System.Void" CoveredStatements="1" TotalStatements="1" CoveragePercent="100">
          <Statement FileIndex="6" Line="9" Column="51" EndLine="9" EndColumn="56" Covered="True" />
        </Method>
        <Method Name="set_Quantity(System.Int32):System.Void" CoveredStatements="1" TotalStatements="1" CoveragePercent="100">
          <Statement FileIndex="6" Line="17" Column="42" EndLine="17" EndColumn="47" Covered="True" />
        </Method>
        <Method Name="set_Title(System.String):System.Void" CoveredStatements="1" TotalStatements="1" CoveragePercent="100">
          <Statement FileIndex="6" Line="11" Column="41" EndLine="11" EndColumn="46" Covered="True" />
        </Method>
        <Method Name="set_UnitPrice(System.Single):System.Void" CoveredStatements="1" TotalStatements="1" CoveragePercent="100">
          <Statement FileIndex="6" Line="15" Column="44" EndLine="15" EndColumn="49" Covered="True" />
        </Method>
      </Type>
    </Namespace>
    <Namespace Name="CoffeeSpace.ProductApi.Application.Extensions" CoveredStatements="9" TotalStatements="12" CoveragePercent="75">
      <Type Name="ApiVersionExtensions" CoveredStatements="9" TotalStatements="9" CoveragePercent="100">
        <Type Name="&lt;&gt;c__DisplayClass0_0" CoveredStatements="6" TotalStatements="6" CoveragePercent="100">
          <Method Name="&lt;AddApiVersioning&gt;b__0(Asp.Versioning.ApiVersioningOptions):System.Void" CoveredStatements="6" TotalStatements="6" CoveragePercent="100">
            <Statement FileIndex="7" Line="10" Column="13" EndLine="10" EndColumn="14" Covered="True" />
            <Statement FileIndex="7" Line="11" Column="17" EndLine="11" EndColumn="45" Covered="True" />
            <Statement FileIndex="7" Line="12" Column="17" EndLine="12" EndColumn="59" Covered="True" />
            <Statement FileIndex="7" Line="13" Column="17" EndLine="13" EndColumn="44" Covered="True" />
            <Statement FileIndex="7" Line="14" Column="17" EndLine="14" EndColumn="78" Covered="True" />
            <Statement FileIndex="7" Line="15" Column="13" EndLine="15" EndColumn="14" Covered="True" />
          </Method>
        </Type>
        <Method Name="AddApiVersioning(Microsoft.Extensions.DependencyInjection.IServiceCollection,Asp.Versioning.IApiVersionReader,System.Boolean):Asp.Versioning.IApiVersioningBuilder" CoveredStatements="3" TotalStatements="3" CoveragePercent="100">
          <Statement FileIndex="7" Line="8" Column="5" EndLine="8" EndColumn="6" Covered="True" />
          <Statement FileIndex="7" Line="9" Column="9" EndLine="16" EndColumn="23" Covered="True" />
          <Statement FileIndex="7" Line="17" Column="5" EndLine="17" EndColumn="6" Covered="True" />
        </Method>
      </Type>
      <Type Name="HealthChecksExtensions" CoveredStatements="0" TotalStatements="3" CoveragePercent="0">
        <Method Name="AddServiceHealthChecks(Microsoft.Extensions.DependencyInjection.IServiceCollection,Microsoft.AspNetCore.Builder.WebApplicationBuilder):Microsoft.Extensions.DependencyInjection.IHealthChecksBuilder" CoveredStatements="0" TotalStatements="3" CoveragePercent="0">
          <Statement FileIndex="8" Line="6" Column="5" EndLine="6" EndColumn="6" Covered="False" />
          <Statement FileIndex="8" Line="7" Column="9" EndLine="9" EndColumn="113" Covered="False" />
          <Statement FileIndex="8" Line="10" Column="5" EndLine="10" EndColumn="6" Covered="False" />
        </Method>
      </Type>
    </Namespace>
    <Namespace Name="CoffeeSpace.ProductApi.Application.Helpers" CoveredStatements="2" TotalStatements="3" CoveragePercent="67">
      <Type Name="CacheKeys" CoveredStatements="2" TotalStatements="3" CoveragePercent="67">
        <Type Name="Products" CoveredStatements="2" TotalStatements="3" CoveragePercent="67">
          <Method Name="get_GetAll():System.String" CoveredStatements="1" TotalStatements="1" CoveragePercent="100">
            <Statement FileIndex="10" Line="9" Column="40" EndLine="9" EndColumn="54" Covered="True" />
          </Method>
          <Method Name="GetById(System.Guid):System.String" CoveredStatements="1" TotalStatements="1" CoveragePercent="100">
            <Statement FileIndex="10" Line="13" Column="50" EndLine="13" EndColumn="66" Covered="True" />
          </Method>
          <Method Name="GetPaged(System.Int32,System.Int32):System.String" CoveredStatements="0" TotalStatements="1" CoveragePercent="0">
            <Statement FileIndex="10" Line="11" Column="66" EndLine="11" EndColumn="109" Covered="False" />
          </Method>
        </Type>
      </Type>
    </Namespace>
    <Namespace Name="CoffeeSpace.ProductApi.Application.Mapping" CoveredStatements="14" TotalStatements="14" CoveragePercent="100">
      <Type Name="ProductMapper" CoveredStatements="14" TotalStatements="14" CoveragePercent="100">
        <Method Name="MapBytesToImage(System.Byte[]):CoffeeSpace.Domain.Products.ImageInformation" CoveredStatements="4" TotalStatements="4" CoveragePercent="100">
          <Statement FileIndex="11" Line="36" Column="5" EndLine="36" EndColumn="6" Covered="True" />
          <Statement FileIndex="11" Line="37" Column="9" EndLine="37" EndColumn="49" Covered="True" />
          <Statement FileIndex="11" Line="38" Column="9" EndLine="42" EndColumn="11" Covered="True" />
          <Statement FileIndex="11" Line="43" Column="5" EndLine="43" EndColumn="6" Covered="True" />
        </Method>
        <Method Name="MapImageToByte(Microsoft.AspNetCore.Http.IFormFile):System.Byte[]" CoveredStatements="6" TotalStatements="6" CoveragePercent="100">
          <Statement FileIndex="11" Line="27" Column="5" EndLine="27" EndColumn="6" Covered="True" />
          <Statement FileIndex="11" Line="28" Column="9" EndLine="28" EndColumn="53" Covered="True" />
          <Statement FileIndex="11" Line="29" Column="9" EndLine="29" EndColumn="61" Covered="True" />
          <Statement FileIndex="11" Line="31" Column="9" EndLine="31" EndColumn="75" Covered="True" />
          <Statement FileIndex="11" Line="32" Column="9" EndLine="32" EndColumn="39" Covered="True" />
          <Statement FileIndex="11" Line="33" Column="5" EndLine="33" EndColumn="6" Covered="True" />
        </Method>
        <Method Name="ToProduct(CoffeeSpace.ProductApi.Application.Contracts.Requests.UpdateProductRequest,System.Guid):CoffeeSpace.Domain.Products.Product" CoveredStatements="4" TotalStatements="4" CoveragePercent="100">
          <Statement FileIndex="11" Line="20" Column="5" EndLine="20" EndColumn="6" Covered="True" />
          <Statement FileIndex="11" Line="21" Column="9" EndLine="21" EndColumn="25" Covered="True" />
          <Statement FileIndex="11" Line="23" Column="9" EndLine="23" EndColumn="36" Covered="True" />
          <Statement FileIndex="11" Line="24" Column="5" EndLine="24" EndColumn="6" Covered="True" />
        </Method>
      </Type>
    </Namespace>
    <Namespace Name="CoffeeSpace.ProductApi.Application.Messages.Consumers" CoveredStatements="0" TotalStatements="22" CoveragePercent="0">
      <Type Name="OrderStockValidationConsumer" CoveredStatements="0" TotalStatements="22" CoveragePercent="0">
        <Type Name="&lt;&gt;c" CoveredStatements="0" TotalStatements="1" CoveragePercent="0">
          <Method Name="&lt;Consume&gt;b__4_0(CoffeeSpace.Domain.Products.Product):System.String" CoveredStatements="0" TotalStatements="1" CoveragePercent="0">
            <Statement FileIndex="12" Line="24" Column="65" EndLine="24" EndColumn="78" Covered="False" />
          </Method>
        </Type>
        <Type Name="&lt;&gt;c__DisplayClass4_0" CoveredStatements="0" TotalStatements="1" CoveragePercent="0">
          <Method Name="&lt;Consume&gt;b__1(System.String):System.Boolean" CoveredStatements="0" TotalStatements="1" CoveragePercent="0">
            <Statement FileIndex="12" Line="25" Column="67" EndLine="25" EndColumn="97" Covered="False" />
          </Method>
        </Type>
        <Type Name="&lt;Consume&gt;d__4" CoveredStatements="0" TotalStatements="14" CoveragePercent="0">
          <Method Name="MoveNext():System.Void" CoveredStatements="0" TotalStatements="14" CoveragePercent="0">
            <Statement FileIndex="12" Line="22" Column="5" EndLine="22" EndColumn="6" Covered="False" />
            <Statement FileIndex="12" Line="23" Column="9" EndLine="23" EndColumn="104" Covered="False" />
            <Statement FileIndex="12" Line="24" Column="9" EndLine="24" EndColumn="80" Covered="False" />
            <Statement FileIndex="12" Line="25" Column="9" EndLine="25" EndColumn="99" Covered="False" />
            <Statement FileIndex="12" Line="27" Column="9" EndLine="27" EndColumn="22" Covered="False" />
            <Statement FileIndex="12" Line="28" Column="9" EndLine="28" EndColumn="10" Covered="False" />
            <Statement FileIndex="12" Line="29" Column="13" EndLine="29" EndColumn="162" Covered="False" />
            <Statement FileIndex="12" Line="30" Column="13" EndLine="30" EndColumn="150" Covered="False" />
            <Statement FileIndex="12" Line="31" Column="13" EndLine="34" EndColumn="43" Covered="False" />
            <Statement FileIndex="12" Line="35" Column="13" EndLine="35" EndColumn="20" Covered="False" />
            <Statement FileIndex="12" Line="38" Column="9" EndLine="38" EndColumn="135" Covered="False" />
            <Statement FileIndex="12" Line="40" Column="9" EndLine="40" EndColumn="125" Covered="False" />
            <Statement FileIndex="12" Line="41" Column="9" EndLine="45" EndColumn="12" Covered="False" />
            <Statement FileIndex="12" Line="46" Column="5" EndLine="46" EndColumn="6" Covered="False" />
          </Method>
        </Type>
        <Method Name=".ctor(CoffeeSpace.ProductApi.Application.Repositories.Abstractions.IProductRepository,Microsoft.Extensions.Logging.ILogger&lt;CoffeeSpace.ProductApi.Application.Messages.Consumers.OrderStockValidationConsumer&gt;,MassTransit.ITopicProducerProvider):System.Void" CoveredStatements="0" TotalStatements="6" CoveragePercent="0">
          <Statement FileIndex="12" Line="14" Column="5" EndLine="14" EndColumn="170" Covered="False" />
          <Statement FileIndex="12" Line="15" Column="5" EndLine="15" EndColumn="6" Covered="False" />
          <Statement FileIndex="12" Line="16" Column="9" EndLine="16" EndColumn="48" Covered="False" />
          <Statement FileIndex="12" Line="17" Column="9" EndLine="17" EndColumn="26" Covered="False" />
          <Statement FileIndex="12" Line="18" Column="9" EndLine="18" EndColumn="56" Covered="False" />
          <Statement FileIndex="12" Line="19" Column="5" EndLine="19" EndColumn="6" Covered="False" />
        </Method>
      </Type>
    </Namespace>
    <Namespace Name="CoffeeSpace.ProductApi.Application.Repositories" CoveredStatements="78" TotalStatements="78" CoveragePercent="100">
      <Type Name="CachedProductRepository" CoveredStatements="48" TotalStatements="48" CoveragePercent="100">
        <Type Name="&lt;&gt;c__DisplayClass4_0" CoveredStatements="4" TotalStatements="4" CoveragePercent="100">
          <Method Name="&lt;GetAllProductsAsync&gt;b__0():System.Threading.Tasks.Task&lt;System.Collections.Generic.IEnumerable&lt;CoffeeSpace.Domain.Products.Product&gt;&gt;" CoveredStatements="4" TotalStatements="4" CoveragePercent="100">
            <Statement FileIndex="14" Line="29" Column="9" EndLine="29" EndColumn="10" Covered="True" />
            <Statement FileIndex="14" Line="30" Column="13" EndLine="30" EndColumn="86" Covered="True" />
            <Statement FileIndex="14" Line="31" Column="13" EndLine="31" EndColumn="29" Covered="True" />
            <Statement FileIndex="14" Line="32" Column="9" EndLine="32" EndColumn="10" Covered="True" />
          </Method>
        </Type>
        <Type Name="&lt;&gt;c__DisplayClass5_0" CoveredStatements="4" TotalStatements="4" CoveragePercent="100">
          <Method Name="&lt;GetProductByIdAsync&gt;b__0():System.Threading.Tasks.Task&lt;CoffeeSpace.Domain.Products.Product&gt;" CoveredStatements="4" TotalStatements="4" CoveragePercent="100">
            <Statement FileIndex="14" Line="38" Column="9" EndLine="38" EndColumn="10" Covered="True" />
            <Statement FileIndex="14" Line="39" Column="13" EndLine="39" EndColumn="89" Covered="True" />
            <Statement FileIndex="14" Line="40" Column="13" EndLine="40" EndColumn="28" Covered="True" />
            <Statement FileIndex="14" Line="41" Column="9" EndLine="41" EndColumn="10" Covered="True" />
          </Method>
        </Type>
        <Type Name="&lt;CreateProductAsync&gt;d__6" CoveredStatements="8" TotalStatements="8" CoveragePercent="100">
          <Method Name="MoveNext():System.Void" CoveredStatements="8" TotalStatements="8" CoveragePercent="100">
            <Statement FileIndex="14" Line="45" Column="5" EndLine="45" EndColumn="6" Covered="True" />
            <Statement FileIndex="14" Line="46" Column="9" EndLine="46" EndColumn="96" Covered="True" />
            <Statement FileIndex="14" Line="47" Column="9" EndLine="47" EndColumn="21" Covered="True" />
            <Statement FileIndex="14" Line="48" Column="9" EndLine="48" EndColumn="10" Covered="True" />
            <Statement FileIndex="14" Line="49" Column="13" EndLine="49" EndColumn="91" Covered="True" />
            <Statement FileIndex="14" Line="50" Column="9" EndLine="50" EndColumn="10" Covered="True" />
            <Statement FileIndex="14" Line="52" Column="9" EndLine="52" EndColumn="24" Covered="True" />
            <Statement FileIndex="14" Line="53" Column="5" EndLine="53" EndColumn="6" Covered="True" />
          </Method>
        </Type>
        <Type Name="&lt;DeleteProductByIdAsync&gt;d__8" CoveredStatements="9" TotalStatements="9" CoveragePercent="100">
          <Method Name="MoveNext():System.Void" CoveredStatements="9" TotalStatements="9" CoveragePercent="100">
            <Statement FileIndex="14" Line="68" Column="5" EndLine="68" EndColumn="6" Covered="True" />
            <Statement FileIndex="14" Line="69" Column="9" EndLine="69" EndColumn="95" Covered="True" />
            <Statement FileIndex="14" Line="70" Column="9" EndLine="70" EndColumn="21" Covered="True" />
            <Statement FileIndex="14" Line="71" Column="9" EndLine="71" EndColumn="10" Covered="True" />
            <Statement FileIndex="14" Line="72" Column="13" EndLine="72" EndColumn="91" Covered="True" />
            <Statement FileIndex="14" Line="73" Column="13" EndLine="73" EndColumn="96" Covered="True" />
            <Statement FileIndex="14" Line="74" Column="9" EndLine="74" EndColumn="10" Covered="True" />
            <Statement FileIndex="14" Line="76" Column="9" EndLine="76" EndColumn="24" Covered="True" />
            <Statement FileIndex="14" Line="77" Column="5" EndLine="77" EndColumn="6" Covered="True" />
          </Method>
        </Type>
        <Type Name="&lt;UpdateProductAsync&gt;d__7" CoveredStatements="9" TotalStatements="9" CoveragePercent="100">
          <Method Name="MoveNext():System.Void" CoveredStatements="9" TotalStatements="9" CoveragePercent="100">
            <Statement FileIndex="14" Line="56" Column="5" EndLine="56" EndColumn="6" Covered="True" />
            <Statement FileIndex="14" Line="57" Column="9" EndLine="57" EndColumn="102" Covered="True" />
            <Statement FileIndex="14" Line="58" Column="9" EndLine="58" EndColumn="40" Covered="True" />
            <Statement FileIndex="14" Line="59" Column="9" EndLine="59" EndColumn="10" Covered="True" />
            <Statement FileIndex="14" Line="60" Column="13" EndLine="60" EndColumn="91" Covered="True" />
            <Statement FileIndex="14" Line="61" Column="13" EndLine="61" EndColumn="111" Covered="True" />
            <Statement FileIndex="14" Line="62" Column="9" EndLine="62" EndColumn="10" Covered="True" />
            <Statement FileIndex="14" Line="64" Column="9" EndLine="64" EndColumn="31" Covered="True" />
            <Statement FileIndex="14" Line="65" Column="5" EndLine="65" EndColumn="6" Covered="True" />
          </Method>
        </Type>
        <Method Name=".ctor(CoffeeSpace.ProductApi.Application.Repositories.Abstractions.IProductRepository,CoffeeSpace.Shared.Services.Abstractions.ICacheService):System.Void" CoveredStatements="5" TotalStatements="5" CoveragePercent="100">
          <Statement FileIndex="14" Line="15" Column="5" EndLine="15" EndColumn="101" Covered="True" />
          <Statement FileIndex="14" Line="16" Column="5" EndLine="16" EndColumn="6" Covered="True" />
          <Statement FileIndex="14" Line="17" Column="9" EndLine="17" EndColumn="48" Covered="True" />
          <Statement FileIndex="14" Line="18" Column="9" EndLine="18" EndColumn="38" Covered="True" />
          <Statement FileIndex="14" Line="19" Column="5" EndLine="19" EndColumn="6" Covered="True" />
        </Method>
        <Method Name="GetAllProductsAsync(System.Threading.CancellationToken):System.Threading.Tasks.Task&lt;System.Collections.Generic.IEnumerable&lt;CoffeeSpace.Domain.Products.Product&gt;&gt;" CoveredStatements="3" TotalStatements="3" CoveragePercent="100">
          <Statement FileIndex="14" Line="27" Column="5" EndLine="27" EndColumn="6" Covered="True" />
          <Statement FileIndex="14" Line="28" Column="9" EndLine="32" EndColumn="31" Covered="True" />
          <Statement FileIndex="14" Line="33" Column="5" EndLine="33" EndColumn="6" Covered="True" />
        </Method>
        <Method Name="GetCountAsync(System.Threading.CancellationToken):System.Threading.Tasks.Task&lt;System.Int32&gt;" CoveredStatements="3" TotalStatements="3" CoveragePercent="100">
          <Statement FileIndex="14" Line="22" Column="5" EndLine="22" EndColumn="6" Covered="True" />
          <Statement FileIndex="14" Line="23" Column="9" EndLine="23" EndColumn="68" Covered="True" />
          <Statement FileIndex="14" Line="24" Column="5" EndLine="24" EndColumn="6" Covered="True" />
        </Method>
        <Method Name="GetProductByIdAsync(System.Guid,System.Threading.CancellationToken):System.Threading.Tasks.Task&lt;CoffeeSpace.Domain.Products.Product&gt;" CoveredStatements="3" TotalStatements="3" CoveragePercent="100">
          <Statement FileIndex="14" Line="36" Column="5" EndLine="36" EndColumn="6" Covered="True" />
          <Statement FileIndex="14" Line="37" Column="9" EndLine="41" EndColumn="31" Covered="True" />
          <Statement FileIndex="14" Line="42" Column="5" EndLine="42" EndColumn="6" Covered="True" />
        </Method>
      </Type>
      <Type Name="ProductRepository" CoveredStatements="30" TotalStatements="30" CoveragePercent="100">
        <Type Name="&lt;CreateProductAsync&gt;d__5" CoveredStatements="5" TotalStatements="5" CoveragePercent="100">
          <Method Name="MoveNext():System.Void" CoveredStatements="5" TotalStatements="5" CoveragePercent="100">
            <Statement FileIndex="15" Line="36" Column="5" EndLine="36" EndColumn="6" Covered="True" />
            <Statement FileIndex="15" Line="37" Column="9" EndLine="37" EndColumn="79" Covered="True" />
            <Statement FileIndex="15" Line="38" Column="9" EndLine="38" EndColumn="82" Covered="True" />
            <Statement FileIndex="15" Line="40" Column="9" EndLine="40" EndColumn="27" Covered="True" />
            <Statement FileIndex="15" Line="41" Column="5" EndLine="41" EndColumn="6" Covered="True" />
          </Method>
        </Type>
        <Type Name="&lt;DeleteProductByIdAsync&gt;d__7" CoveredStatements="4" TotalStatements="4" CoveragePercent="100">
          <Method Name="MoveNext():System.Void" CoveredStatements="4" TotalStatements="4" CoveragePercent="100">
            <Statement FileIndex="15" Line="54" Column="5" EndLine="54" EndColumn="6" Covered="True" />
            <Statement FileIndex="15" Line="55" Column="9" EndLine="57" EndColumn="52" Covered="True" />
            <Statement FileIndex="15" Line="59" Column="9" EndLine="59" EndColumn="27" Covered="True" />
            <Statement FileIndex="15" Line="60" Column="5" EndLine="60" EndColumn="6" Covered="True" />
          </Method>
        </Type>
        <Type Name="&lt;GetAllProductsAsync&gt;d__3" CoveredStatements="4" TotalStatements="4" CoveragePercent="100">
          <Method Name="MoveNext():System.Void" CoveredStatements="4" TotalStatements="4" CoveragePercent="100">
            <Statement FileIndex="15" Line="24" Column="5" EndLine="24" EndColumn="6" Covered="True" />
            <Statement FileIndex="15" Line="25" Column="9" EndLine="25" EndColumn="88" Covered="True" />
            <Statement FileIndex="15" Line="26" Column="9" EndLine="26" EndColumn="25" Covered="True" />
            <Statement FileIndex="15" Line="27" Column="5" EndLine="27" EndColumn="6" Covered="True" />
          </Method>
        </Type>
        <Type Name="&lt;GetProductByIdAsync&gt;d__4" CoveredStatements="4" TotalStatements="4" CoveragePercent="100">
          <Method Name="MoveNext():System.Void" CoveredStatements="4" TotalStatements="4" CoveragePercent="100">
            <Statement FileIndex="15" Line="30" Column="5" EndLine="30" EndColumn="6" Covered="True" />
            <Statement FileIndex="15" Line="31" Column="9" EndLine="31" EndColumn="91" Covered="True" />
            <Statement FileIndex="15" Line="32" Column="9" EndLine="32" EndColumn="24" Covered="True" />
            <Statement FileIndex="15" Line="33" Column="5" EndLine="33" EndColumn="6" Covered="True" />
          </Method>
        </Type>
        <Type Name="&lt;UpdateProductAsync&gt;d__6" CoveredStatements="5" TotalStatements="5" CoveragePercent="100">
          <Method Name="MoveNext():System.Void" CoveredStatements="5" TotalStatements="5" CoveragePercent="100">
            <Statement FileIndex="15" Line="44" Column="5" EndLine="44" EndColumn="6" Covered="True" />
            <Statement FileIndex="15" Line="45" Column="9" EndLine="45" EndColumn="52" Covered="True" />
            <Statement FileIndex="15" Line="46" Column="9" EndLine="46" EndColumn="82" Covered="True" />
            <Statement FileIndex="15" Line="48" Column="9" EndLine="50" EndColumn="20" Covered="True" />
            <Statement FileIndex="15" Line="51" Column="5" EndLine="51" EndColumn="6" Covered="True" />
          </Method>
        </Type>
        <Method Name=".ctor(CoffeeSpace.ProductApi.Persistence.Abstractions.IProductDbContext):System.Void" CoveredStatements="4" TotalStatements="4" CoveragePercent="100">
          <Statement FileIndex="15" Line="12" Column="5" EndLine="12" EndColumn="65" Covered="True" />
          <Statement FileIndex="15" Line="13" Column="5" EndLine="13" EndColumn="6" Covered="True" />
          <Statement FileIndex="15" Line="14" Column="9" EndLine="14" EndColumn="46" Covered="True" />
          <Statement FileIndex="15" Line="15" Column="5" EndLine="15" EndColumn="6" Covered="True" />
        </Method>
        <Method Name="GetCountAsync(System.Threading.CancellationToken):System.Threading.Tasks.Task&lt;System.Int32&gt;" CoveredStatements="4" TotalStatements="4" CoveragePercent="100">
          <Statement FileIndex="15" Line="18" Column="5" EndLine="18" EndColumn="6" Covered="True" />
          <Statement FileIndex="15" Line="19" Column="9" EndLine="19" EndColumn="78" Covered="True" />
          <Statement FileIndex="15" Line="20" Column="9" EndLine="20" EndColumn="22" Covered="True" />
          <Statement FileIndex="15" Line="21" Column="5" EndLine="21" EndColumn="6" Covered="True" />
        </Method>
      </Type>
    </Namespace>
    <Namespace Name="CoffeeSpace.ProductApi.Application.Validators" CoveredStatements="42" TotalStatements="42" CoveragePercent="100">
      <Type Name="CreateProductRequestValidator" CoveredStatements="17" TotalStatements="17" CoveragePercent="100">
        <Type Name="&lt;&gt;c" CoveredStatements="8" TotalStatements="8" CoveragePercent="100">
          <Method Name="&lt;.ctor&gt;b__0_2(Microsoft.AspNetCore.Http.IFormFile):System.Boolean" CoveredStatements="8" TotalStatements="8" CoveragePercent="100">
            <Statement FileIndex="16" Line="20" Column="13" EndLine="20" EndColumn="14" Covered="True" />
            <Statement FileIndex="16" Line="22" Column="17" EndLine="22" EndColumn="18" Covered="True" />
            <Statement FileIndex="16" Line="23" Column="21" EndLine="23" EndColumn="60" Covered="True" />
            <Statement FileIndex="16" Line="24" Column="21" EndLine="24" EndColumn="33" Covered="True" />
            <Statement FileIndex="16" Line="26" Column="17" EndLine="26" EndColumn="34" Covered="True" />
            <Statement FileIndex="16" Line="27" Column="17" EndLine="27" EndColumn="18" Covered="True" />
            <Statement FileIndex="16" Line="28" Column="21" EndLine="28" EndColumn="34" Covered="True" />
            <Statement FileIndex="16" Line="30" Column="13" EndLine="30" EndColumn="14" Covered="True" />
          </Method>
        </Type>
        <Method Name=".ctor():System.Void" CoveredStatements="9" TotalStatements="9" CoveragePercent="100">
          <Statement FileIndex="16" Line="9" Column="5" EndLine="9" EndColumn="43" Covered="True" />
          <Statement FileIndex="16" Line="10" Column="5" EndLine="10" EndColumn="6" Covered="True" />
          <Statement FileIndex="16" Line="12" Column="9" EndLine="15" EndColumn="32" Covered="True" />
          <Statement FileIndex="16" Line="17" Column="9" EndLine="31" EndColumn="68" Covered="True" />
          <Statement FileIndex="16" Line="33" Column="9" EndLine="35" EndColumn="24" Covered="True" />
          <Statement FileIndex="16" Line="37" Column="9" EndLine="39" EndColumn="24" Covered="True" />
          <Statement FileIndex="16" Line="41" Column="9" EndLine="44" EndColumn="27" Covered="True" />
          <Statement FileIndex="16" Line="46" Column="9" EndLine="48" EndColumn="29" Covered="True" />
          <Statement FileIndex="16" Line="49" Column="5" EndLine="49" EndColumn="6" Covered="True" />
        </Method>
      </Type>
      <Type Name="ProductResponseValidator" CoveredStatements="9" TotalStatements="9" CoveragePercent="100">
        <Method Name=".ctor():System.Void" CoveredStatements="9" TotalStatements="9" CoveragePercent="100">
          <Statement FileIndex="17" Line="8" Column="5" EndLine="8" EndColumn="38" Covered="True" />
          <Statement FileIndex="17" Line="9" Column="5" EndLine="9" EndColumn="6" Covered="True" />
          <Statement FileIndex="17" Line="10" Column="9" EndLine="12" EndColumn="24" Covered="True" />
          <Statement FileIndex="17" Line="14" Column="9" EndLine="16" EndColumn="24" Covered="True" />
          <Statement FileIndex="17" Line="18" Column="9" EndLine="19" EndColumn="24" Covered="True" />
          <Statement FileIndex="17" Line="21" Column="9" EndLine="23" EndColumn="24" Covered="True" />
          <Statement FileIndex="17" Line="25" Column="9" EndLine="28" EndColumn="27" Covered="True" />
          <Statement FileIndex="17" Line="30" Column="9" EndLine="32" EndColumn="29" Covered="True" />
          <Statement FileIndex="17" Line="33" Column="5" EndLine="33" EndColumn="6" Covered="True" />
        </Method>
      </Type>
      <Type Name="UpdateProductRequestValidator" CoveredStatements="16" TotalStatements="16" CoveragePercent="100">
        <Type Name="&lt;&gt;c" CoveredStatements="8" TotalStatements="8" CoveragePercent="100">
          <Method Name="&lt;.ctor&gt;b__0_2(Microsoft.AspNetCore.Http.IFormFile):System.Boolean" CoveredStatements="8" TotalStatements="8" CoveragePercent="100">
            <Statement FileIndex="18" Line="18" Column="13" EndLine="18" EndColumn="14" Covered="True" />
            <Statement FileIndex="18" Line="20" Column="17" EndLine="20" EndColumn="18" Covered="True" />
            <Statement FileIndex="18" Line="21" Column="21" EndLine="21" EndColumn="60" Covered="True" />
            <Statement FileIndex="18" Line="22" Column="21" EndLine="22" EndColumn="33" Covered="True" />
            <Statement FileIndex="18" Line="24" Column="17" EndLine="24" EndColumn="34" Covered="True" />
            <Statement FileIndex="18" Line="25" Column="17" EndLine="25" EndColumn="18" Covered="True" />
            <Statement FileIndex="18" Line="26" Column="21" EndLine="26" EndColumn="34" Covered="True" />
            <Statement FileIndex="18" Line="28" Column="13" EndLine="28" EndColumn="14" Covered="True" />
          </Method>
        </Type>
        <Method Name=".ctor():System.Void" CoveredStatements="8" TotalStatements="8" CoveragePercent="100">
          <Statement FileIndex="18" Line="9" Column="5" EndLine="9" EndColumn="43" Covered="True" />
          <Statement FileIndex="18" Line="10" Column="5" EndLine="10" EndColumn="6" Covered="True" />
          <Statement FileIndex="18" Line="11" Column="9" EndLine="13" EndColumn="24" Covered="True" />
          <Statement FileIndex="18" Line="15" Column="9" EndLine="29" EndColumn="68" Covered="True" />
          <Statement FileIndex="18" Line="31" Column="9" EndLine="33" EndColumn="24" Covered="True" />
          <Statement FileIndex="18" Line="35" Column="9" EndLine="38" EndColumn="27" Covered="True" />
          <Statement FileIndex="18" Line="40" Column="9" EndLine="42" EndColumn="29" Covered="True" />
          <Statement FileIndex="18" Line="43" Column="5" EndLine="43" EndColumn="6" Covered="True" />
        </Method>
      </Type>
    </Namespace>
    <Namespace Name="CoffeeSpace.ProductApi.Controllers" CoveredStatements="27" TotalStatements="27" CoveragePercent="100">
      <Type Name="ProductsController" CoveredStatements="27" TotalStatements="27" CoveragePercent="100">
        <Type Name="&lt;&gt;c" CoveredStatements="1" TotalStatements="1" CoveragePercent="100">
          <Method Name="&lt;GetAll&gt;b__2_0(CoffeeSpace.Domain.Products.Product):CoffeeSpace.ProductApi.Application.Contracts.Responses.ProductResponse" CoveredStatements="1" TotalStatements="1" CoveragePercent="100">
            <Statement FileIndex="20" Line="27" Column="52" EndLine="27" EndColumn="72" Covered="True" />
          </Method>
        </Type>
        <Type Name="&lt;Create&gt;d__4" CoveredStatements="5" TotalStatements="5" CoveragePercent="100">
          <Method Name="MoveNext():System.Void" CoveredStatements="5" TotalStatements="5" CoveragePercent="100">
            <Statement FileIndex="20" Line="43" Column="5" EndLine="43" EndColumn="6" Covered="True" />
            <Statement FileIndex="20" Line="44" Column="9" EndLine="44" EndColumn="43" Covered="True" />
            <Statement FileIndex="20" Line="45" Column="9" EndLine="45" EndColumn="96" Covered="True" />
            <Statement FileIndex="20" Line="47" Column="9" EndLine="49" EndColumn="28" Covered="True" />
            <Statement FileIndex="20" Line="50" Column="5" EndLine="50" EndColumn="6" Covered="True" />
          </Method>
        </Type>
        <Type Name="&lt;Delete&gt;d__6" CoveredStatements="4" TotalStatements="4" CoveragePercent="100">
          <Method Name="MoveNext():System.Void" CoveredStatements="4" TotalStatements="4" CoveragePercent="100">
            <Statement FileIndex="20" Line="64" Column="5" EndLine="64" EndColumn="6" Covered="True" />
            <Statement FileIndex="20" Line="65" Column="9" EndLine="65" EndColumn="103" Covered="True" />
            <Statement FileIndex="20" Line="66" Column="9" EndLine="68" EndColumn="26" Covered="True" />
            <Statement FileIndex="20" Line="69" Column="5" EndLine="69" EndColumn="6" Covered="True" />
          </Method>
        </Type>
        <Type Name="&lt;GetAll&gt;d__2" CoveredStatements="5" TotalStatements="5" CoveragePercent="100">
          <Method Name="MoveNext():System.Void" CoveredStatements="5" TotalStatements="5" CoveragePercent="100">
            <Statement FileIndex="20" Line="25" Column="5" EndLine="25" EndColumn="6" Covered="True" />
            <Statement FileIndex="20" Line="26" Column="9" EndLine="26" EndColumn="88" Covered="True" />
            <Statement FileIndex="20" Line="27" Column="9" EndLine="27" EndColumn="74" Covered="True" />
            <Statement FileIndex="20" Line="29" Column="9" EndLine="29" EndColumn="30" Covered="True" />
            <Statement FileIndex="20" Line="30" Column="5" EndLine="30" EndColumn="6" Covered="True" />
          </Method>
        </Type>
        <Type Name="&lt;GetById&gt;d__3" CoveredStatements="4" TotalStatements="4" CoveragePercent="100">
          <Method Name="MoveNext():System.Void" CoveredStatements="4" TotalStatements="4" CoveragePercent="100">
            <Statement FileIndex="20" Line="34" Column="5" EndLine="34" EndColumn="6" Covered="True" />
            <Statement FileIndex="20" Line="35" Column="9" EndLine="35" EndColumn="99" Covered="True" />
            <Statement FileIndex="20" Line="36" Column="9" EndLine="38" EndColumn="26" Covered="True" />
            <Statement FileIndex="20" Line="39" Column="5" EndLine="39" EndColumn="6" Covered="True" />
          </Method>
        </Type>
        <Type Name="&lt;Update&gt;d__5" CoveredStatements="4" TotalStatements="4" CoveragePercent="100">
          <Method Name="MoveNext():System.Void" CoveredStatements="4" TotalStatements="4" CoveragePercent="100">
            <Statement FileIndex="20" Line="54" Column="5" EndLine="54" EndColumn="6" Covered="True" />
            <Statement FileIndex="20" Line="55" Column="9" EndLine="55" EndColumn="116" Covered="True" />
            <Statement FileIndex="20" Line="57" Column="9" EndLine="59" EndColumn="26" Covered="True" />
            <Statement FileIndex="20" Line="60" Column="5" EndLine="60" EndColumn="6" Covered="True" />
          </Method>
        </Type>
        <Method Name=".ctor(CoffeeSpace.ProductApi.Application.Repositories.Abstractions.IProductRepository):System.Void" CoveredStatements="4" TotalStatements="4" CoveragePercent="100">
          <Statement FileIndex="20" Line="18" Column="5" EndLine="18" EndColumn="68" Covered="True" />
          <Statement FileIndex="20" Line="19" Column="5" EndLine="19" EndColumn="6" Covered="True" />
          <Statement FileIndex="20" Line="20" Column="9" EndLine="20" EndColumn="48" Covered="True" />
          <Statement FileIndex="20" Line="21" Column="5" EndLine="21" EndColumn="6" Covered="True" />
        </Method>
      </Type>
    </Namespace>
    <Type Name="Program" CoveredStatements="47" TotalStatements="47" CoveragePercent="100">
      <Type Name="&lt;&gt;c" CoveredStatements="5" TotalStatements="5" CoveragePercent="100">
        <Method Name="&lt;&lt;Main&gt;$&gt;b__0_0(OpenTelemetry.Logs.OpenTelemetryLoggerOptions):System.Void" CoveredStatements="4" TotalStatements="4" CoveragePercent="100">
          <Statement FileIndex="33" Line="26" Column="1" EndLine="26" EndColumn="2" Covered="True" />
          <Statement FileIndex="33" Line="27" Column="5" EndLine="27" EndColumn="34" Covered="True" />
          <Statement FileIndex="33" Line="28" Column="5" EndLine="28" EndColumn="44" Covered="True" />
          <Statement FileIndex="33" Line="29" Column="1" EndLine="29" EndColumn="2" Covered="True" />
        </Method>
        <Method Name="&lt;&lt;Main&gt;$&gt;b__0_1(Microsoft.Extensions.Hosting.HostBuilderContext,Serilog.LoggerConfiguration):System.Void" CoveredStatements="1" TotalStatements="1" CoveragePercent="100">
          <Statement FileIndex="33" Line="32" Column="5" EndLine="32" EndColumn="64" Covered="True" />
        </Method>
      </Type>
      <Type Name="&lt;&gt;c__DisplayClass0_0" CoveredStatements="18" TotalStatements="18" CoveragePercent="100">
        <Method Name="&lt;&lt;Main&gt;$&gt;b__2(Microsoft.Extensions.Caching.StackExchangeRedis.RedisCacheOptions):System.Void" CoveredStatements="1" TotalStatements="1" CoveragePercent="100">
          <Statement FileIndex="33" Line="40" Column="56" EndLine="40" EndColumn="127" Covered="True" />
        </Method>
        <Method Name="&lt;&lt;Main&gt;$&gt;b__3(MassTransit.IBusRegistrationConfigurator):System.Void" CoveredStatements="4" TotalStatements="4" CoveragePercent="100">
          <Statement FileIndex="33" Line="52" Column="1" EndLine="52" EndColumn="2" Covered="True" />
          <Statement FileIndex="33" Line="53" Column="5" EndLine="53" EndColumn="23" Covered="True" />
          <Statement FileIndex="33" Line="54" Column="5" EndLine="71" EndColumn="8" Covered="True" />
          <Statement FileIndex="33" Line="72" Column="1" EndLine="72" EndColumn="2" Covered="True" />
        </Method>
        <Method Name="&lt;&lt;Main&gt;$&gt;b__4(MassTransit.IRiderRegistrationConfigurator):System.Void" CoveredStatements="8" TotalStatements="8" CoveragePercent="100">
          <Statement FileIndex="33" Line="55" Column="5" EndLine="55" EndColumn="6" Covered="True" />
          <Statement FileIndex="33" Line="56" Column="9" EndLine="56" EndColumn="58" Covered="True" />
          <Statement FileIndex="33" Line="57" Column="9" EndLine="57" EndColumn="66" Covered="True" />
          <Statement FileIndex="33" Line="59" Column="9" EndLine="59" EndColumn="80" Covered="True" />
          <Statement FileIndex="33" Line="60" Column="9" EndLine="60" EndColumn="96" Covered="True" />
          <Statement FileIndex="33" Line="62" Column="9" EndLine="62" EndColumn="47" Covered="True" />
          <Statement FileIndex="33" Line="64" Column="9" EndLine="70" EndColumn="12" Covered="True" />
          <Statement FileIndex="33" Line="71" Column="5" EndLine="71" EndColumn="6" Covered="True" />
        </Method>
        <Method Name="&lt;&lt;Main&gt;$&gt;b__5(MassTransit.IRiderRegistrationContext,MassTransit.IKafkaFactoryConfigurator):System.Void" CoveredStatements="5" TotalStatements="5" CoveragePercent="100">
          <Statement FileIndex="33" Line="65" Column="9" EndLine="65" EndColumn="10" Covered="True" />
          <Statement FileIndex="33" Line="66" Column="13" EndLine="66" EndColumn="49" Covered="True" />
          <Statement FileIndex="33" Line="67" Column="13" EndLine="67" EndColumn="87" Covered="True" />
          <Statement FileIndex="33" Line="69" Column="13" EndLine="69" EndColumn="145" Covered="True" />
          <Statement FileIndex="33" Line="70" Column="9" EndLine="70" EndColumn="10" Covered="True" />
        </Method>
      </Type>
      <Method Name="&lt;Main&gt;$(System.String[]):System.Void" CoveredStatements="24" TotalStatements="24" CoveragePercent="100">
        <Statement FileIndex="33" Line="20" Column="1" EndLine="20" EndColumn="50" Covered="True" />
        <Statement FileIndex="33" Line="22" Column="1" EndLine="22" EndColumn="42" Covered="True" />
        <Statement FileIndex="33" Line="23" Column="1" EndLine="23" EndColumn="45" Covered="True" />
        <Statement FileIndex="33" Line="25" Column="1" EndLine="29" EndColumn="4" Covered="True" />
        <Statement FileIndex="33" Line="31" Column="1" EndLine="32" EndColumn="66" Covered="True" />
        <Statement FileIndex="33" Line="34" Column="1" EndLine="34" EndColumn="35" Covered="True" />
        <Statement FileIndex="33" Line="35" Column="1" EndLine="35" EndColumn="81" Covered="True" />
        <Statement FileIndex="33" Line="37" Column="1" EndLine="37" EndColumn="126" Covered="True" />
        <Statement FileIndex="33" Line="38" Column="1" EndLine="38" EndColumn="62" Covered="True" />
        <Statement FileIndex="33" Line="40" Column="1" EndLine="40" EndColumn="129" Covered="True" />
        <Statement FileIndex="33" Line="41" Column="1" EndLine="41" EndColumn="57" Covered="True" />
        <Statement FileIndex="33" Line="43" Column="1" EndLine="43" EndColumn="74" Covered="True" />
        <Statement FileIndex="33" Line="45" Column="1" EndLine="46" EndColumn="128" Covered="True" />
        <Statement FileIndex="33" Line="48" Column="1" EndLine="49" EndColumn="78" Covered="True" />
        <Statement FileIndex="33" Line="51" Column="1" EndLine="72" EndColumn="4" Covered="True" />
        <Statement FileIndex="33" Line="74" Column="1" EndLine="74" EndColumn="47" Covered="True" />
        <Statement FileIndex="33" Line="77" Column="1" EndLine="77" EndColumn="27" Covered="True" />
        <Statement FileIndex="33" Line="79" Column="1" EndLine="79" EndColumn="32" Covered="True" />
        <Statement FileIndex="33" Line="80" Column="1" EndLine="80" EndColumn="37" Covered="True" />
        <Statement FileIndex="33" Line="82" Column="1" EndLine="82" EndColumn="33" Covered="True" />
        <Statement FileIndex="33" Line="84" Column="1" EndLine="84" EndColumn="25" Covered="True" />
        <Statement FileIndex="33" Line="85" Column="1" EndLine="85" EndColumn="24" Covered="True" />
        <Statement FileIndex="33" Line="87" Column="1" EndLine="87" EndColumn="22" Covered="True" />
        <Statement FileIndex="33" Line="89" Column="1" EndLine="89" EndColumn="11" Covered="True" />
      </Method>
    </Type>
  </Assembly>
  <Assembly Name="CoffeeSpace.Shared" CoveredStatements="136" TotalStatements="200" CoveragePercent="68">
    <Namespace Name="CoffeeSpace.Shared.Extensions" CoveredStatements="96" TotalStatements="125" CoveragePercent="77">
      <Type Name="ApplicationDbExtensions" CoveredStatements="12" TotalStatements="14" CoveragePercent="86">
        <Type Name="&lt;&gt;c__0&lt;TDbContext&gt;" CoveredStatements="0" TotalStatements="1" CoveragePercent="0">
          <Method Name="&lt;AddApplicationDb&gt;b__0_0(Npgsql.EntityFrameworkCore.PostgreSQL.Infrastructure.NpgsqlDbContextOptionsBuilder):System.Void" CoveredStatements="0" TotalStatements="1" CoveragePercent="0">
            <Statement FileIndex="129" Line="11" Column="69" EndLine="11" EndColumn="92" Covered="False" />
          </Method>
        </Type>
        <Type Name="&lt;&gt;c__1&lt;TDbInterface,TDbContext&gt;" CoveredStatements="1" TotalStatements="2" CoveragePercent="50">
          <Method Name="&lt;AddApplicationDb&gt;b__1_0(Npgsql.EntityFrameworkCore.PostgreSQL.Infrastructure.NpgsqlDbContextOptionsBuilder):System.Void" CoveredStatements="0" TotalStatements="1" CoveragePercent="0">
            <Statement FileIndex="129" Line="21" Column="69" EndLine="21" EndColumn="92" Covered="False" />
          </Method>
          <Method Name="&lt;AddApplicationDb&gt;b__1_1(Microsoft.Extensions.DependencyInjection.ServiceDescriptor):System.Boolean" CoveredStatements="1" TotalStatements="1" CoveragePercent="100">
            <Statement FileIndex="129" Line="25" Column="13" EndLine="25" EndColumn="55" Covered="True" />
          </Method>
        </Type>
        <Method Name="AddApplicationDb&lt;TDbContext&gt;(Microsoft.Extensions.DependencyInjection.IServiceCollection,System.String):Microsoft.Extensions.DependencyInjection.IServiceCollection" CoveredStatements="5" TotalStatements="5" CoveragePercent="100">
          <Statement FileIndex="129" Line="10" Column="5" EndLine="10" EndColumn="6" Covered="True" />
          <Statement FileIndex="129" Line="11" Column="9" EndLine="11" EndColumn="94" Covered="True" />
          <Statement FileIndex="129" Line="12" Column="9" EndLine="12" EndColumn="74" Covered="True" />
          <Statement FileIndex="129" Line="14" Column="9" EndLine="14" EndColumn="25" Covered="True" />
          <Statement FileIndex="129" Line="15" Column="5" EndLine="15" EndColumn="6" Covered="True" />
        </Method>
        <Method Name="AddApplicationDb&lt;TDbInterface,TDbContext&gt;(Microsoft.Extensions.DependencyInjection.IServiceCollection,System.String):Microsoft.Extensions.DependencyInjection.IServiceCollection" CoveredStatements="6" TotalStatements="6" CoveragePercent="100">
          <Statement FileIndex="129" Line="20" Column="5" EndLine="20" EndColumn="6" Covered="True" />
          <Statement FileIndex="129" Line="21" Column="9" EndLine="21" EndColumn="94" Covered="True" />
          <Statement FileIndex="129" Line="22" Column="9" EndLine="22" EndColumn="74" Covered="True" />
          <Statement FileIndex="129" Line="24" Column="9" EndLine="25" EndColumn="67" Covered="True" />
          <Statement FileIndex="129" Line="26" Column="9" EndLine="26" EndColumn="25" Covered="True" />
          <Statement FileIndex="129" Line="27" Column="5" EndLine="27" EndColumn="6" Covered="True" />
        </Method>
      </Type>
      <Type Name="ApplicationServiceExtensions" CoveredStatements="16" TotalStatements="32" CoveragePercent="50">
        <Type Name="&lt;&gt;c__0&lt;TInterface&gt;" CoveredStatements="3" TotalStatements="3" CoveragePercent="100">
          <Method Name="&lt;AddApplicationService&gt;b__0_1(Scrutor.IImplementationTypeFilter):System.Void" CoveredStatements="3" TotalStatements="3" CoveragePercent="100">
            <Statement FileIndex="130" Line="15" Column="13" EndLine="15" EndColumn="14" Covered="True" />
            <Statement FileIndex="130" Line="16" Column="17" EndLine="17" EndColumn="52" Covered="True" />
            <Statement FileIndex="130" Line="18" Column="13" EndLine="18" EndColumn="14" Covered="True" />
          </Method>
        </Type>
        <Type Name="&lt;&gt;c__1&lt;TImplementation&gt;" CoveredStatements="3" TotalStatements="3" CoveragePercent="100">
          <Method Name="&lt;AddApplicationServiceAsSelf&gt;b__1_1(Scrutor.IImplementationTypeFilter):System.Void" CoveredStatements="3" TotalStatements="3" CoveragePercent="100">
            <Statement FileIndex="130" Line="32" Column="13" EndLine="32" EndColumn="14" Covered="True" />
            <Statement FileIndex="130" Line="33" Column="17" EndLine="34" EndColumn="52" Covered="True" />
            <Statement FileIndex="130" Line="35" Column="13" EndLine="35" EndColumn="14" Covered="True" />
          </Method>
        </Type>
        <Type Name="&lt;&gt;c__DisplayClass0_0&lt;TInterface&gt;" CoveredStatements="1" TotalStatements="1" CoveragePercent="100">
          <Method Name="&lt;AddApplicationService&gt;b__0(Scrutor.ITypeSourceSelector):System.Void" CoveredStatements="1" TotalStatements="1" CoveragePercent="100">
            <Statement FileIndex="130" Line="12" Column="31" EndLine="20" EndColumn="43" Covered="True" />
          </Method>
        </Type>
        <Type Name="&lt;&gt;c__DisplayClass1_0&lt;TImplementation&gt;" CoveredStatements="1" TotalStatements="1" CoveragePercent="100">
          <Method Name="&lt;AddApplicationServiceAsSelf&gt;b__0(Scrutor.ITypeSourceSelector):System.Void" CoveredStatements="1" TotalStatements="1" CoveragePercent="100">
            <Statement FileIndex="130" Line="29" Column="31" EndLine="37" EndColumn="43" Covered="True" />
          </Method>
        </Type>
        <Type Name="&lt;&gt;c__DisplayClass2_0" CoveredStatements="0" TotalStatements="4" CoveragePercent="0">
          <Method Name="&lt;AddApplicationService&gt;b__0(Scrutor.ITypeSourceSelector):System.Void" CoveredStatements="0" TotalStatements="1" CoveragePercent="0">
            <Statement FileIndex="130" Line="47" Column="31" EndLine="55" EndColumn="43" Covered="False" />
          </Method>
          <Method Name="&lt;AddApplicationService&gt;b__1(Scrutor.IImplementationTypeFilter):System.Void" CoveredStatements="0" TotalStatements="3" CoveragePercent="0">
            <Statement FileIndex="130" Line="50" Column="13" EndLine="50" EndColumn="14" Covered="False" />
            <Statement FileIndex="130" Line="51" Column="17" EndLine="52" EndColumn="52" Covered="False" />
            <Statement FileIndex="130" Line="53" Column="13" EndLine="53" EndColumn="14" Covered="False" />
          </Method>
        </Type>
        <Type Name="&lt;&gt;c__DisplayClass3_0" CoveredStatements="0" TotalStatements="4" CoveragePercent="0">
          <Method Name="&lt;AddApplicationService&gt;b__0(Scrutor.ITypeSourceSelector):System.Void" CoveredStatements="0" TotalStatements="1" CoveragePercent="0">
            <Statement FileIndex="130" Line="66" Column="31" EndLine="74" EndColumn="43" Covered="False" />
          </Method>
          <Method Name="&lt;AddApplicationService&gt;b__1(Scrutor.IImplementationTypeFilter):System.Void" CoveredStatements="0" TotalStatements="3" CoveragePercent="0">
            <Statement FileIndex="130" Line="69" Column="13" EndLine="69" EndColumn="14" Covered="False" />
            <Statement FileIndex="130" Line="70" Column="17" EndLine="71" EndColumn="52" Covered="False" />
            <Statement FileIndex="130" Line="72" Column="13" EndLine="72" EndColumn="14" Covered="False" />
          </Method>
        </Type>
        <Method Name="AddApplicationService(Microsoft.Extensions.DependencyInjection.IServiceCollection,System.Type,Microsoft.Extensions.DependencyInjection.ServiceLifetime):Microsoft.Extensions.DependencyInjection.IServiceCollection" CoveredStatements="0" TotalStatements="4" CoveragePercent="0">
          <Statement FileIndex="130" Line="46" Column="5" EndLine="46" EndColumn="6" Covered="False" />
          <Statement FileIndex="130" Line="47" Column="9" EndLine="55" EndColumn="45" Covered="False" />
          <Statement FileIndex="130" Line="57" Column="9" EndLine="57" EndColumn="25" Covered="False" />
          <Statement FileIndex="130" Line="58" Column="5" EndLine="58" EndColumn="6" Covered="False" />
        </Method>
        <Method Name="AddApplicationService(Microsoft.Extensions.DependencyInjection.IServiceCollection,System.Type,System.Type,Microsoft.Extensions.DependencyInjection.ServiceLifetime):Microsoft.Extensions.DependencyInjection.IServiceCollection" CoveredStatements="0" TotalStatements="4" CoveragePercent="0">
          <Statement FileIndex="130" Line="65" Column="5" EndLine="65" EndColumn="6" Covered="False" />
          <Statement FileIndex="130" Line="66" Column="9" EndLine="74" EndColumn="45" Covered="False" />
          <Statement FileIndex="130" Line="76" Column="9" EndLine="76" EndColumn="25" Covered="False" />
          <Statement FileIndex="130" Line="77" Column="5" EndLine="77" EndColumn="6" Covered="False" />
        </Method>
        <Method Name="AddApplicationService&lt;TInterface&gt;(Microsoft.Extensions.DependencyInjection.IServiceCollection,Microsoft.Extensions.DependencyInjection.ServiceLifetime):Microsoft.Extensions.DependencyInjection.IServiceCollection" CoveredStatements="4" TotalStatements="4" CoveragePercent="100">
          <Statement FileIndex="130" Line="11" Column="5" EndLine="11" EndColumn="6" Covered="True" />
          <Statement FileIndex="130" Line="12" Column="9" EndLine="20" EndColumn="45" Covered="True" />
          <Statement FileIndex="130" Line="22" Column="9" EndLine="22" EndColumn="25" Covered="True" />
          <Statement FileIndex="130" Line="23" Column="5" EndLine="23" EndColumn="6" Covered="True" />
        </Method>
        <Method Name="AddApplicationServiceAsSelf&lt;TImplementation&gt;(Microsoft.Extensions.DependencyInjection.IServiceCollection,Microsoft.Extensions.DependencyInjection.ServiceLifetime):Microsoft.Extensions.DependencyInjection.IServiceCollection" CoveredStatements="4" TotalStatements="4" CoveragePercent="100">
          <Statement FileIndex="130" Line="28" Column="5" EndLine="28" EndColumn="6" Covered="True" />
          <Statement FileIndex="130" Line="29" Column="9" EndLine="37" EndColumn="45" Covered="True" />
          <Statement FileIndex="130" Line="39" Column="9" EndLine="39" EndColumn="25" Covered="True" />
          <Statement FileIndex="130" Line="40" Column="5" EndLine="40" EndColumn="6" Covered="True" />
        </Method>
      </Type>
      <Type Name="AzureKeyVaultExtensions" CoveredStatements="5" TotalStatements="6" CoveragePercent="83">
        <Method Name="AddAzureKeyVault(Microsoft.Extensions.Configuration.IConfigurationBuilder):Microsoft.Extensions.Configuration.IConfigurationBuilder" CoveredStatements="5" TotalStatements="6" CoveragePercent="83">
          <Statement FileIndex="131" Line="12" Column="5" EndLine="12" EndColumn="6" Covered="True" />
          <Statement FileIndex="131" Line="13" Column="9" EndLine="13" EndColumn="87" Covered="True" />
          <Statement FileIndex="131" Line="14" Column="9" EndLine="14" EndColumn="10" Covered="True" />
          <Statement FileIndex="131" Line="15" Column="13" EndLine="15" EndColumn="34" Covered="True" />
          <Statement FileIndex="131" Line="18" Column="9" EndLine="21" EndColumn="65" Covered="False" />
          <Statement FileIndex="131" Line="22" Column="5" EndLine="22" EndColumn="6" Covered="True" />
        </Method>
      </Type>
      <Type Name="DbContextSettingsExtensions" CoveredStatements="4" TotalStatements="8" CoveragePercent="50">
        <Type Name="&lt;&gt;c__DisplayClass0_0&lt;TDbContext&gt;" CoveredStatements="0" TotalStatements="4" CoveragePercent="0">
          <Method Name="&lt;AddNpgsqlDbContextOptions&gt;b__0(System.IServiceProvider):Microsoft.Extensions.Options.IOptions&lt;CoffeeSpace.Shared.Settings.PostgresDbContextSettings&lt;TDbContext&gt;&gt;" CoveredStatements="0" TotalStatements="4" CoveragePercent="0">
            <Statement FileIndex="132" Line="15" Column="9" EndLine="15" EndColumn="10" Covered="False" />
            <Statement FileIndex="132" Line="16" Column="13" EndLine="16" EndColumn="79" Covered="False" />
            <Statement FileIndex="132" Line="17" Column="13" EndLine="23" EndColumn="16" Covered="False" />
            <Statement FileIndex="132" Line="24" Column="9" EndLine="24" EndColumn="10" Covered="False" />
          </Method>
        </Type>
        <Method Name="AddNpgsqlDbContextOptions&lt;TDbContext&gt;(Microsoft.Extensions.DependencyInjection.IServiceCollection,System.String):Microsoft.Extensions.DependencyInjection.IServiceCollection" CoveredStatements="4" TotalStatements="4" CoveragePercent="100">
          <Statement FileIndex="132" Line="13" Column="5" EndLine="13" EndColumn="6" Covered="True" />
          <Statement FileIndex="132" Line="14" Column="9" EndLine="24" EndColumn="12" Covered="True" />
          <Statement FileIndex="132" Line="26" Column="9" EndLine="26" EndColumn="25" Covered="True" />
          <Statement FileIndex="132" Line="27" Column="5" EndLine="27" EndColumn="6" Covered="True" />
        </Method>
      </Type>
      <Type Name="JwtBearerExtensions" CoveredStatements="19" TotalStatements="19" CoveragePercent="100">
        <Type Name="&lt;&gt;c" CoveredStatements="12" TotalStatements="12" CoveragePercent="100">
          <Method Name="&lt;AddJwtBearer&gt;b__0_0(Microsoft.AspNetCore.Authorization.AuthorizationOptions):System.Void" CoveredStatements="3" TotalStatements="3" CoveragePercent="100">
            <Statement FileIndex="133" Line="15" Column="13" EndLine="15" EndColumn="14" Covered="True" />
            <Statement FileIndex="133" Line="16" Column="17" EndLine="20" EndColumn="20" Covered="True" />
            <Statement FileIndex="133" Line="21" Column="13" EndLine="21" EndColumn="14" Covered="True" />
          </Method>
          <Method Name="&lt;AddJwtBearer&gt;b__0_1(Microsoft.AspNetCore.Authentication.AuthenticationOptions):System.Void" CoveredStatements="5" TotalStatements="5" CoveragePercent="100">
            <Statement FileIndex="133" Line="23" Column="13" EndLine="23" EndColumn="14" Covered="True" />
            <Statement FileIndex="133" Line="24" Column="17" EndLine="24" EndColumn="89" Covered="True" />
            <Statement FileIndex="133" Line="25" Column="17" EndLine="25" EndColumn="92" Covered="True" />
            <Statement FileIndex="133" Line="26" Column="17" EndLine="26" EndColumn="80" Covered="True" />
            <Statement FileIndex="133" Line="27" Column="13" EndLine="27" EndColumn="14" Covered="True" />
          </Method>
          <Method Name="&lt;AddJwtBearer&gt;b__0_3(Microsoft.AspNetCore.Authorization.AuthorizationPolicyBuilder):System.Void" CoveredStatements="4" TotalStatements="4" CoveragePercent="100">
            <Statement FileIndex="133" Line="17" Column="17" EndLine="17" EndColumn="18" Covered="True" />
            <Statement FileIndex="133" Line="18" Column="21" EndLine="18" EndColumn="100" Covered="True" />
            <Statement FileIndex="133" Line="19" Column="21" EndLine="19" EndColumn="70" Covered="True" />
            <Statement FileIndex="133" Line="20" Column="17" EndLine="20" EndColumn="18" Covered="True" />
          </Method>
        </Type>
        <Type Name="&lt;&gt;c__DisplayClass0_0" CoveredStatements="3" TotalStatements="3" CoveragePercent="100">
          <Method Name="&lt;AddJwtBearer&gt;b__2(Microsoft.AspNetCore.Authentication.JwtBearer.JwtBearerOptions):System.Void" CoveredStatements="3" TotalStatements="3" CoveragePercent="100">
            <Statement FileIndex="133" Line="29" Column="13" EndLine="29" EndColumn="14" Covered="True" />
            <Statement FileIndex="133" Line="30" Column="17" EndLine="41" EndColumn="19" Covered="True" />
            <Statement FileIndex="133" Line="42" Column="13" EndLine="42" EndColumn="14" Covered="True" />
          </Method>
        </Type>
        <Method Name="AddJwtBearer(Microsoft.Extensions.Configuration.IConfigurationBuilder,Microsoft.AspNetCore.Builder.WebApplicationBuilder):Microsoft.Extensions.Configuration.IConfigurationBuilder" CoveredStatements="4" TotalStatements="4" CoveragePercent="100">
          <Statement FileIndex="133" Line="13" Column="5" EndLine="13" EndColumn="6" Covered="True" />
          <Statement FileIndex="133" Line="14" Column="9" EndLine="42" EndColumn="16" Covered="True" />
          <Statement FileIndex="133" Line="44" Column="9" EndLine="44" EndColumn="38" Covered="True" />
          <Statement FileIndex="133" Line="45" Column="5" EndLine="45" EndColumn="6" Covered="True" />
        </Method>
      </Type>
      <Type Name="MasstransitKafkaConfiguratorExtensions" CoveredStatements="22" TotalStatements="22" CoveragePercent="100">
        <Type Name="&lt;&gt;c__DisplayClass0_0&lt;TMessage,TConsumer&gt;" CoveredStatements="7" TotalStatements="7" CoveragePercent="100">
          <Method Name="&lt;AddTopicEndpoint&gt;b__0(MassTransit.IKafkaTopicReceiveEndpointConfigurator&lt;Confluent.Kafka.Ignore,TMessage&gt;):System.Void" CoveredStatements="7" TotalStatements="7" CoveragePercent="100">
            <Statement FileIndex="134" Line="19" Column="9" EndLine="19" EndColumn="10" Covered="True" />
            <Statement FileIndex="134" Line="20" Column="13" EndLine="20" EndColumn="58" Covered="True" />
            <Statement FileIndex="134" Line="22" Column="13" EndLine="22" EndColumn="45" Covered="True" />
            <Statement FileIndex="134" Line="23" Column="13" EndLine="23" EndColumn="47" Covered="True" />
            <Statement FileIndex="134" Line="25" Column="13" EndLine="25" EndColumn="53" Covered="True" />
            <Statement FileIndex="134" Line="26" Column="13" EndLine="26" EndColumn="45" Covered="True" />
            <Statement FileIndex="134" Line="27" Column="9" EndLine="27" EndColumn="10" Covered="True" />
          </Method>
        </Type>
        <Type Name="&lt;&gt;c__DisplayClass1_0&lt;TMessage,TSagaInstance&gt;" CoveredStatements="7" TotalStatements="7" CoveragePercent="100">
          <Method Name="&lt;AddSagaTopicEndpoint&gt;b__0(MassTransit.IKafkaTopicReceiveEndpointConfigurator&lt;Confluent.Kafka.Ignore,TMessage&gt;):System.Void" CoveredStatements="7" TotalStatements="7" CoveragePercent="100">
            <Statement FileIndex="134" Line="41" Column="9" EndLine="41" EndColumn="10" Covered="True" />
            <Statement FileIndex="134" Line="42" Column="13" EndLine="42" EndColumn="58" Covered="True" />
            <Statement FileIndex="134" Line="44" Column="13" EndLine="44" EndColumn="45" Covered="True" />
            <Statement FileIndex="134" Line="45" Column="13" EndLine="45" EndColumn="47" Covered="True" />
            <Statement FileIndex="134" Line="47" Column="13" EndLine="47" EndColumn="53" Covered="True" />
            <Statement FileIndex="134" Line="48" Column="13" EndLine="48" EndColumn="45" Covered="True" />
            <Statement FileIndex="134" Line="49" Column="9" EndLine="49" EndColumn="10" Covered="True" />
          </Method>
        </Type>
        <Method Name="AddSagaTopicEndpoint&lt;TMessage,TSagaInstance&gt;(MassTransit.IKafkaFactoryConfigurator,MassTransit.IRiderRegistrationContext,System.String,System.String,System.Action&lt;MassTransit.KafkaIntegration.KafkaTopicOptions&gt;):MassTransit.IKafkaFactoryConfigurator" CoveredStatements="4" TotalStatements="4" CoveragePercent="100">
          <Statement FileIndex="134" Line="39" Column="5" EndLine="39" EndColumn="6" Covered="True" />
          <Statement FileIndex="134" Line="40" Column="9" EndLine="49" EndColumn="12" Covered="True" />
          <Statement FileIndex="134" Line="51" Column="9" EndLine="51" EndColumn="34" Covered="True" />
          <Statement FileIndex="134" Line="52" Column="5" EndLine="52" EndColumn="6" Covered="True" />
        </Method>
        <Method Name="AddTopicEndpoint&lt;TMessage,TConsumer&gt;(MassTransit.IKafkaFactoryConfigurator,MassTransit.IRiderRegistrationContext,System.String,System.String,System.Action&lt;MassTransit.KafkaIntegration.KafkaTopicOptions&gt;):MassTransit.IKafkaFactoryConfigurator" CoveredStatements="4" TotalStatements="4" CoveragePercent="100">
          <Statement FileIndex="134" Line="17" Column="5" EndLine="17" EndColumn="6" Covered="True" />
          <Statement FileIndex="134" Line="18" Column="9" EndLine="27" EndColumn="12" Covered="True" />
          <Statement FileIndex="134" Line="29" Column="9" EndLine="29" EndColumn="34" Covered="True" />
          <Statement FileIndex="134" Line="30" Column="5" EndLine="30" EndColumn="6" Covered="True" />
        </Method>
      </Type>
      <Type Name="OpenTelemetryExtensions" CoveredStatements="18" TotalStatements="18" CoveragePercent="100">
        <Type Name="&lt;&gt;c" CoveredStatements="10" TotalStatements="10" CoveragePercent="100">
          <Method Name="&lt;AddOpenTelemetryWithInstrumentation&gt;b__0_0(OpenTelemetry.Metrics.MeterProviderBuilder):System.Void" CoveredStatements="3" TotalStatements="3" CoveragePercent="100">
            <Statement FileIndex="135" Line="15" Column="13" EndLine="15" EndColumn="14" Covered="True" />
            <Statement FileIndex="135" Line="16" Column="17" EndLine="17" EndColumn="120" Covered="True" />
            <Statement FileIndex="135" Line="18" Column="13" EndLine="18" EndColumn="14" Covered="True" />
          </Method>
          <Method Name="&lt;AddOpenTelemetryWithInstrumentation&gt;b__0_1(OpenTelemetry.Trace.TracerProviderBuilder):System.Void" CoveredStatements="3" TotalStatements="3" CoveragePercent="100">
            <Statement FileIndex="135" Line="20" Column="13" EndLine="20" EndColumn="14" Covered="True" />
            <Statement FileIndex="135" Line="21" Column="17" EndLine="22" EndColumn="53" Covered="True" />
            <Statement FileIndex="135" Line="23" Column="13" EndLine="23" EndColumn="14" Covered="True" />
          </Method>
          <Method Name="&lt;AddOpenTelemetryWithInstrumentation&gt;b__0_2(OpenTelemetry.Logs.OpenTelemetryLoggerOptions):System.Void" CoveredStatements="1" TotalStatements="1" CoveragePercent="100">
            <Statement FileIndex="135" Line="25" Column="75" EndLine="25" EndColumn="100" Covered="True" />
          </Method>
          <Method Name="&lt;AddOpenTelemetryWithInstrumentation&gt;b__0_3(OpenTelemetry.Metrics.MeterProviderBuilder):System.Void" CoveredStatements="1" TotalStatements="1" CoveragePercent="100">
            <Statement FileIndex="135" Line="26" Column="73" EndLine="26" EndColumn="98" Covered="True" />
          </Method>
          <Method Name="&lt;AddOpenTelemetryWithInstrumentation&gt;b__0_4(OpenTelemetry.Trace.TracerProviderBuilder):System.Void" CoveredStatements="1" TotalStatements="1" CoveragePercent="100">
            <Statement FileIndex="135" Line="27" Column="74" EndLine="27" EndColumn="99" Covered="True" />
          </Method>
          <Method Name="&lt;AddOpenTelemetryWithInstrumentation&gt;b__0_5(OpenTelemetry.Metrics.MeterProviderBuilder):System.Void" CoveredStatements="1" TotalStatements="1" CoveragePercent="100">
            <Statement FileIndex="135" Line="29" Column="76" EndLine="29" EndColumn="115" Covered="True" />
          </Method>
        </Type>
        <Method Name="AddOpenTelemetryWithInstrumentation(Microsoft.AspNetCore.Builder.WebApplicationBuilder):Microsoft.AspNetCore.Builder.WebApplicationBuilder" CoveredStatements="8" TotalStatements="8" CoveragePercent="100">
          <Statement FileIndex="135" Line="12" Column="5" EndLine="12" EndColumn="6" Covered="True" />
          <Statement FileIndex="135" Line="13" Column="9" EndLine="23" EndColumn="16" Covered="True" />
          <Statement FileIndex="135" Line="25" Column="9" EndLine="25" EndColumn="102" Covered="True" />
          <Statement FileIndex="135" Line="26" Column="9" EndLine="26" EndColumn="100" Covered="True" />
          <Statement FileIndex="135" Line="27" Column="9" EndLine="27" EndColumn="101" Covered="True" />
          <Statement FileIndex="135" Line="29" Column="9" EndLine="29" EndColumn="117" Covered="True" />
          <Statement FileIndex="135" Line="31" Column="9" EndLine="31" EndColumn="24" Covered="True" />
          <Statement FileIndex="135" Line="32" Column="5" EndLine="32" EndColumn="6" Covered="True" />
        </Method>
      </Type>
      <Type Name="SerilogExtensions" CoveredStatements="0" TotalStatements="6" CoveragePercent="0">
        <Method Name="AddDatadogLogging(Serilog.LoggerConfiguration,System.String):Serilog.LoggerConfiguration" CoveredStatements="0" TotalStatements="6" CoveragePercent="0">
          <Statement FileIndex="136" Line="11" Column="5" EndLine="11" EndColumn="6" Covered="False" />
          <Statement FileIndex="136" Line="12" Column="9" EndLine="12" EndColumn="87" Covered="False" />
          <Statement FileIndex="136" Line="13" Column="9" EndLine="13" EndColumn="10" Covered="False" />
          <Statement FileIndex="136" Line="14" Column="13" EndLine="14" EndColumn="40" Covered="False" />
          <Statement FileIndex="136" Line="17" Column="9" EndLine="20" EndColumn="106" Covered="False" />
          <Statement FileIndex="136" Line="21" Column="5" EndLine="21" EndColumn="6" Covered="False" />
        </Method>
      </Type>
    </Namespace>
    <Namespace Name="CoffeeSpace.Shared.Managers" CoveredStatements="0" TotalStatements="10" CoveragePercent="0">
      <Type Name="PrefixKeyVaultSecretManager" CoveredStatements="0" TotalStatements="10" CoveragePercent="0">
        <Method Name=".ctor(System.String):System.Void" CoveredStatements="0" TotalStatements="4" CoveragePercent="0">
          <Statement FileIndex="137" Line="11" Column="5" EndLine="11" EndColumn="54" Covered="False" />
          <Statement FileIndex="137" Line="12" Column="5" EndLine="12" EndColumn="6" Covered="False" />
          <Statement FileIndex="137" Line="13" Column="9" EndLine="13" EndColumn="32" Covered="False" />
          <Statement FileIndex="137" Line="14" Column="5" EndLine="14" EndColumn="6" Covered="False" />
        </Method>
        <Method Name="GetKey(Azure.Security.KeyVault.Secrets.KeyVaultSecret):System.String" CoveredStatements="0" TotalStatements="3" CoveragePercent="0">
          <Statement FileIndex="137" Line="22" Column="5" EndLine="22" EndColumn="6" Covered="False" />
          <Statement FileIndex="137" Line="23" Column="9" EndLine="24" EndColumn="60" Covered="False" />
          <Statement FileIndex="137" Line="25" Column="5" EndLine="25" EndColumn="6" Covered="False" />
        </Method>
        <Method Name="Load(Azure.Security.KeyVault.Secrets.SecretProperties):System.Boolean" CoveredStatements="0" TotalStatements="3" CoveragePercent="0">
          <Statement FileIndex="137" Line="17" Column="5" EndLine="17" EndColumn="6" Covered="False" />
          <Statement FileIndex="137" Line="18" Column="9" EndLine="18" EndColumn="48" Covered="False" />
          <Statement FileIndex="137" Line="19" Column="5" EndLine="19" EndColumn="6" Covered="False" />
        </Method>
      </Type>
    </Namespace>
    <Namespace Name="CoffeeSpace.Shared.Services" CoveredStatements="32" TotalStatements="40" CoveragePercent="80">
      <Type Name="CacheService" CoveredStatements="32" TotalStatements="40" CoveragePercent="80">
        <Type Name="&lt;GetAllOrCreateAsync&gt;d__6&lt;TEntity&gt;" CoveredStatements="9" TotalStatements="13" CoveragePercent="69">
          <Method Name="MoveNext():System.Void" CoveredStatements="9" TotalStatements="13" CoveragePercent="69">
            <Statement FileIndex="139" Line="64" Column="5" EndLine="64" EndColumn="6" Covered="True" />
            <Statement FileIndex="139" Line="65" Column="9" EndLine="65" EndColumn="89" Covered="True" />
            <Statement FileIndex="139" Line="66" Column="9" EndLine="66" EndColumn="107" Covered="True" />
            <Statement FileIndex="139" Line="67" Column="9" EndLine="67" EndColumn="10" Covered="False" />
            <Statement FileIndex="139" Line="68" Column="13" EndLine="68" EndColumn="33" Covered="False" />
            <Statement FileIndex="139" Line="71" Column="9" EndLine="71" EndColumn="43" Covered="True" />
            <Statement FileIndex="139" Line="72" Column="9" EndLine="72" EndColumn="70" Covered="True" />
            <Statement FileIndex="139" Line="73" Column="9" EndLine="73" EndColumn="10" Covered="False" />
            <Statement FileIndex="139" Line="74" Column="13" EndLine="74" EndColumn="48" Covered="False" />
            <Statement FileIndex="139" Line="77" Column="9" EndLine="80" EndColumn="12" Covered="True" />
            <Statement FileIndex="139" Line="82" Column="9" EndLine="82" EndColumn="60" Covered="True" />
            <Statement FileIndex="139" Line="83" Column="9" EndLine="83" EndColumn="23" Covered="True" />
            <Statement FileIndex="139" Line="85" Column="5" EndLine="85" EndColumn="6" Covered="True" />
          </Method>
        </Type>
        <Type Name="&lt;GetAsync&gt;d__2&lt;TEntity&gt;" CoveredStatements="4" TotalStatements="4" CoveragePercent="100">
          <Method Name="MoveNext():System.Void" CoveredStatements="4" TotalStatements="4" CoveragePercent="100">
            <Statement FileIndex="139" Line="17" Column="5" EndLine="17" EndColumn="6" Covered="True" />
            <Statement FileIndex="139" Line="18" Column="9" EndLine="18" EndColumn="91" Covered="True" />
            <Statement FileIndex="139" Line="19" Column="9" EndLine="21" EndColumn="68" Covered="True" />
            <Statement FileIndex="139" Line="22" Column="5" EndLine="22" EndColumn="6" Covered="True" />
          </Method>
        </Type>
        <Type Name="&lt;GetOrCreateAsync&gt;d__5&lt;TEntity&gt;" CoveredStatements="9" TotalStatements="13" CoveragePercent="69">
          <Method Name="MoveNext():System.Void" CoveredStatements="9" TotalStatements="13" CoveragePercent="69">
            <Statement FileIndex="139" Line="38" Column="5" EndLine="38" EndColumn="6" Covered="True" />
            <Statement FileIndex="139" Line="39" Column="9" EndLine="39" EndColumn="76" Covered="True" />
            <Statement FileIndex="139" Line="40" Column="9" EndLine="40" EndColumn="38" Covered="True" />
            <Statement FileIndex="139" Line="41" Column="9" EndLine="41" EndColumn="10" Covered="False" />
            <Statement FileIndex="139" Line="42" Column="13" EndLine="42" EndColumn="33" Covered="False" />
            <Statement FileIndex="139" Line="45" Column="9" EndLine="45" EndColumn="43" Covered="True" />
            <Statement FileIndex="139" Line="46" Column="9" EndLine="46" EndColumn="28" Covered="True" />
            <Statement FileIndex="139" Line="47" Column="9" EndLine="47" EndColumn="10" Covered="False" />
            <Statement FileIndex="139" Line="48" Column="13" EndLine="48" EndColumn="25" Covered="False" />
            <Statement FileIndex="139" Line="51" Column="9" EndLine="54" EndColumn="12" Covered="True" />
            <Statement FileIndex="139" Line="56" Column="9" EndLine="56" EndColumn="60" Covered="True" />
            <Statement FileIndex="139" Line="57" Column="9" EndLine="57" EndColumn="23" Covered="True" />
            <Statement FileIndex="139" Line="58" Column="5" EndLine="58" EndColumn="6" Covered="True" />
          </Method>
        </Type>
        <Method Name=".ctor(Microsoft.Extensions.Caching.Distributed.IDistributedCache):System.Void" CoveredStatements="4" TotalStatements="4" CoveragePercent="100">
          <Statement FileIndex="139" Line="11" Column="5" EndLine="11" EndColumn="49" Covered="True" />
          <Statement FileIndex="139" Line="12" Column="5" EndLine="12" EndColumn="6" Covered="True" />
          <Statement FileIndex="139" Line="13" Column="9" EndLine="13" EndColumn="24" Covered="True" />
          <Statement FileIndex="139" Line="14" Column="5" EndLine="14" EndColumn="6" Covered="True" />
        </Method>
        <Method Name="RemoveAsync(System.String,System.Threading.CancellationToken):System.Threading.Tasks.Task" CoveredStatements="3" TotalStatements="3" CoveragePercent="100">
          <Statement FileIndex="139" Line="30" Column="5" EndLine="30" EndColumn="6" Covered="True" />
          <Statement FileIndex="139" Line="31" Column="9" EndLine="31" EndColumn="59" Covered="True" />
          <Statement FileIndex="139" Line="32" Column="5" EndLine="32" EndColumn="6" Covered="True" />
        </Method>
        <Method Name="SetAsync(System.String,System.String,System.Threading.CancellationToken):System.Threading.Tasks.Task" CoveredStatements="3" TotalStatements="3" CoveragePercent="100">
          <Statement FileIndex="139" Line="25" Column="5" EndLine="25" EndColumn="6" Covered="True" />
          <Statement FileIndex="139" Line="26" Column="9" EndLine="26" EndColumn="77" Covered="True" />
          <Statement FileIndex="139" Line="27" Column="5" EndLine="27" EndColumn="6" Covered="True" />
        </Method>
      </Type>
    </Namespace>
    <Namespace Name="CoffeeSpace.Shared.Settings" CoveredStatements="8" TotalStatements="25" CoveragePercent="32">
      <Type Name="AwsMessagingSettings" CoveredStatements="0" TotalStatements="6" CoveragePercent="0">
        <Method Name="get_AccessKey():System.String" CoveredStatements="0" TotalStatements="1" CoveragePercent="0">
          <Statement FileIndex="140" Line="9" Column="40" EndLine="9" EndColumn="44" Covered="False" />
        </Method>
        <Method Name="get_Region():System.String" CoveredStatements="0" TotalStatements="1" CoveragePercent="0">
          <Statement FileIndex="140" Line="7" Column="37" EndLine="7" EndColumn="41" Covered="False" />
        </Method>
        <Method Name="get_SecretKey():System.String" CoveredStatements="0" TotalStatements="1" CoveragePercent="0">
          <Statement FileIndex="140" Line="11" Column="40" EndLine="11" EndColumn="44" Covered="False" />
        </Method>
        <Method Name="set_AccessKey(System.String):System.Void" CoveredStatements="0" TotalStatements="1" CoveragePercent="0">
          <Statement FileIndex="140" Line="9" Column="45" EndLine="9" EndColumn="50" Covered="False" />
        </Method>
        <Method Name="set_Region(System.String):System.Void" CoveredStatements="0" TotalStatements="1" CoveragePercent="0">
          <Statement FileIndex="140" Line="7" Column="42" EndLine="7" EndColumn="47" Covered="False" />
        </Method>
        <Method Name="set_SecretKey(System.String):System.Void" CoveredStatements="0" TotalStatements="1" CoveragePercent="0">
          <Statement FileIndex="140" Line="11" Column="45" EndLine="11" EndColumn="50" Covered="False" />
        </Method>
      </Type>
      <Type Name="CacheSettings" CoveredStatements="0" TotalStatements="3" CoveragePercent="0">
        <Method Name=".ctor():System.Void" CoveredStatements="0" TotalStatements="1" CoveragePercent="0">
          <Statement FileIndex="141" Line="5" Column="48" EndLine="5" EndColumn="72" Covered="False" />
        </Method>
        <Method Name="get_ExpireTime():System.TimeSpan" CoveredStatements="0" TotalStatements="1" CoveragePercent="0">
          <Statement FileIndex="141" Line="5" Column="34" EndLine="5" EndColumn="38" Covered="False" />
        </Method>
        <Method Name="set_ExpireTime(System.TimeSpan):System.Void" CoveredStatements="0" TotalStatements="1" CoveragePercent="0">
          <Statement FileIndex="141" Line="5" Column="39" EndLine="5" EndColumn="43" Covered="False" />
        </Method>
      </Type>
      <Type Name="JwtSettings" CoveredStatements="8" TotalStatements="8" CoveragePercent="100">
        <Method Name="get_Audience():System.String" CoveredStatements="1" TotalStatements="1" CoveragePercent="100">
          <Statement FileIndex="142" Line="7" Column="39" EndLine="7" EndColumn="43" Covered="True" />
        </Method>
        <Method Name="get_Expire():System.Int32" CoveredStatements="1" TotalStatements="1" CoveragePercent="100">
          <Statement FileIndex="142" Line="13" Column="34" EndLine="13" EndColumn="38" Covered="True" />
        </Method>
        <Method Name="get_Issuer():System.String" CoveredStatements="1" TotalStatements="1" CoveragePercent="100">
          <Statement FileIndex="142" Line="9" Column="37" EndLine="9" EndColumn="41" Covered="True" />
        </Method>
        <Method Name="get_Key():System.String" CoveredStatements="1" TotalStatements="1" CoveragePercent="100">
          <Statement FileIndex="142" Line="11" Column="34" EndLine="11" EndColumn="38" Covered="True" />
        </Method>
        <Method Name="set_Audience(System.String):System.Void" CoveredStatements="1" TotalStatements="1" CoveragePercent="100">
          <Statement FileIndex="142" Line="7" Column="44" EndLine="7" EndColumn="49" Covered="True" />
        </Method>
        <Method Name="set_Expire(System.Int32):System.Void" CoveredStatements="1" TotalStatements="1" CoveragePercent="100">
          <Statement FileIndex="142" Line="13" Column="39" EndLine="13" EndColumn="44" Covered="True" />
        </Method>
        <Method Name="set_Issuer(System.String):System.Void" CoveredStatements="1" TotalStatements="1" CoveragePercent="100">
          <Statement FileIndex="142" Line="9" Column="42" EndLine="9" EndColumn="47" Covered="True" />
        </Method>
        <Method Name="set_Key(System.String):System.Void" CoveredStatements="1" TotalStatements="1" CoveragePercent="100">
          <Statement FileIndex="142" Line="11" Column="39" EndLine="11" EndColumn="44" Covered="True" />
        </Method>
      </Type>
      <Type Name="PostgresDbContextSettings&lt;TDbContext&gt;" CoveredStatements="0" TotalStatements="8" CoveragePercent="0">
        <Method Name="get_ConnectionString():System.String" CoveredStatements="0" TotalStatements="1" CoveragePercent="0">
          <Statement FileIndex="143" Line="8" Column="47" EndLine="8" EndColumn="51" Covered="False" />
        </Method>
        <Method Name="get_Database():System.String" CoveredStatements="0" TotalStatements="1" CoveragePercent="0">
          <Statement FileIndex="143" Line="10" Column="39" EndLine="10" EndColumn="43" Covered="False" />
        </Method>
        <Method Name="get_Host():System.String" CoveredStatements="0" TotalStatements="1" CoveragePercent="0">
          <Statement FileIndex="143" Line="12" Column="35" EndLine="12" EndColumn="39" Covered="False" />
        </Method>
        <Method Name="get_Port():System.Int32" CoveredStatements="0" TotalStatements="1" CoveragePercent="0">
          <Statement FileIndex="143" Line="14" Column="32" EndLine="14" EndColumn="36" Covered="False" />
        </Method>
        <Method Name="set_ConnectionString(System.String):System.Void" CoveredStatements="0" TotalStatements="1" CoveragePercent="0">
          <Statement FileIndex="143" Line="8" Column="52" EndLine="8" EndColumn="57" Covered="False" />
        </Method>
        <Method Name="set_Database(System.String):System.Void" CoveredStatements="0" TotalStatements="1" CoveragePercent="0">
          <Statement FileIndex="143" Line="10" Column="44" EndLine="10" EndColumn="49" Covered="False" />
        </Method>
        <Method Name="set_Host(System.String):System.Void" CoveredStatements="0" TotalStatements="1" CoveragePercent="0">
          <Statement FileIndex="143" Line="12" Column="40" EndLine="12" EndColumn="45" Covered="False" />
        </Method>
        <Method Name="set_Port(System.Int32):System.Void" CoveredStatements="0" TotalStatements="1" CoveragePercent="0">
          <Statement FileIndex="143" Line="14" Column="37" EndLine="14" EndColumn="42" Covered="False" />
        </Method>
      </Type>
    </Namespace>
  </Assembly>
  <Assembly Name="CoffeeSpace.ShipmentService" CoveredStatements="0" TotalStatements="37" CoveragePercent="0">
    <Namespace Name="CoffeeSpace.ShipmentService.Consumers" CoveredStatements="0" TotalStatements="10" CoveragePercent="0">
      <Type Name="RequestOrderShipmentConsumer" CoveredStatements="0" TotalStatements="10" CoveragePercent="0">
        <Type Name="&lt;Consume&gt;d__3" CoveredStatements="0" TotalStatements="5" CoveragePercent="0">
          <Method Name="MoveNext():System.Void" CoveredStatements="0" TotalStatements="5" CoveragePercent="0">
            <Statement FileIndex="94" Line="19" Column="5" EndLine="19" EndColumn="6" Covered="False" />
            <Statement FileIndex="94" Line="21" Column="9" EndLine="21" EndColumn="51" Covered="False" />
            <Statement FileIndex="94" Line="23" Column="9" EndLine="23" EndColumn="138" Covered="False" />
            <Statement FileIndex="94" Line="24" Column="9" EndLine="28" EndColumn="12" Covered="False" />
            <Statement FileIndex="94" Line="29" Column="5" EndLine="29" EndColumn="6" Covered="False" />
          </Method>
        </Type>
        <Method Name=".ctor(Microsoft.Extensions.Logging.ILogger&lt;CoffeeSpace.ShipmentService.Consumers.RequestOrderShipmentConsumer&gt;,MassTransit.ITopicProducer&lt;CoffeeSpace.Messages.Shipment.Responses.OrderShipped&gt;):System.Void" CoveredStatements="0" TotalStatements="5" CoveragePercent="0">
          <Statement FileIndex="94" Line="12" Column="5" EndLine="12" EndColumn="130" Covered="False" />
          <Statement FileIndex="94" Line="13" Column="5" EndLine="13" EndColumn="6" Covered="False" />
          <Statement FileIndex="94" Line="14" Column="9" EndLine="14" EndColumn="26" Covered="False" />
          <Statement FileIndex="94" Line="15" Column="9" EndLine="15" EndColumn="40" Covered="False" />
          <Statement FileIndex="94" Line="16" Column="5" EndLine="16" EndColumn="6" Covered="False" />
        </Method>
      </Type>
    </Namespace>
    <Type Name="Program" CoveredStatements="0" TotalStatements="27" CoveragePercent="0">
      <Type Name="&lt;&gt;c" CoveredStatements="0" TotalStatements="16" CoveragePercent="0">
        <Method Name="&lt;&lt;Main&gt;$&gt;b__0_0(Microsoft.Extensions.Hosting.HostBuilderContext,Serilog.LoggerConfiguration):System.Void" CoveredStatements="0" TotalStatements="1" CoveragePercent="0">
          <Statement FileIndex="95" Line="14" Column="5" EndLine="14" EndColumn="64" Covered="False" />
        </Method>
        <Method Name="&lt;&lt;Main&gt;$&gt;b__0_1(MassTransit.IBusRegistrationConfigurator):System.Void" CoveredStatements="0" TotalStatements="4" CoveragePercent="0">
          <Statement FileIndex="95" Line="17" Column="1" EndLine="17" EndColumn="2" Covered="False" />
          <Statement FileIndex="95" Line="18" Column="5" EndLine="18" EndColumn="23" Covered="False" />
          <Statement FileIndex="95" Line="19" Column="5" EndLine="33" EndColumn="8" Covered="False" />
          <Statement FileIndex="95" Line="34" Column="1" EndLine="34" EndColumn="2" Covered="False" />
        </Method>
        <Method Name="&lt;&lt;Main&gt;$&gt;b__0_2(MassTransit.IRiderRegistrationConfigurator):System.Void" CoveredStatements="0" TotalStatements="6" CoveragePercent="0">
          <Statement FileIndex="95" Line="20" Column="5" EndLine="20" EndColumn="6" Covered="False" />
          <Statement FileIndex="95" Line="21" Column="9" EndLine="21" EndColumn="58" Covered="False" />
          <Statement FileIndex="95" Line="22" Column="9" EndLine="22" EndColumn="65" Covered="False" />
          <Statement FileIndex="95" Line="24" Column="9" EndLine="24" EndColumn="66" Covered="False" />
          <Statement FileIndex="95" Line="26" Column="9" EndLine="32" EndColumn="12" Covered="False" />
          <Statement FileIndex="95" Line="33" Column="5" EndLine="33" EndColumn="6" Covered="False" />
        </Method>
        <Method Name="&lt;&lt;Main&gt;$&gt;b__0_3(MassTransit.IRiderRegistrationContext,MassTransit.IKafkaFactoryConfigurator):System.Void" CoveredStatements="0" TotalStatements="5" CoveragePercent="0">
          <Statement FileIndex="95" Line="27" Column="9" EndLine="27" EndColumn="10" Covered="False" />
          <Statement FileIndex="95" Line="28" Column="13" EndLine="28" EndColumn="47" Covered="False" />
          <Statement FileIndex="95" Line="29" Column="13" EndLine="29" EndColumn="54" Covered="False" />
          <Statement FileIndex="95" Line="31" Column="13" EndLine="31" EndColumn="147" Covered="False" />
          <Statement FileIndex="95" Line="32" Column="9" EndLine="32" EndColumn="10" Covered="False" />
        </Method>
      </Type>
      <Method Name="&lt;Main&gt;$(System.String[]):System.Void" CoveredStatements="0" TotalStatements="11" CoveragePercent="0">
        <Statement FileIndex="95" Line="9" Column="1" EndLine="9" EndColumn="50" Covered="False" />
        <Statement FileIndex="95" Line="11" Column="1" EndLine="11" EndColumn="42" Covered="False" />
        <Statement FileIndex="95" Line="13" Column="1" EndLine="14" EndColumn="66" Covered="False" />
        <Statement FileIndex="95" Line="16" Column="1" EndLine="34" EndColumn="4" Covered="False" />
        <Statement FileIndex="95" Line="36" Column="1" EndLine="36" EndColumn="36" Covered="False" />
        <Statement FileIndex="95" Line="37" Column="1" EndLine="37" EndColumn="50" Covered="False" />
        <Statement FileIndex="95" Line="39" Column="1" EndLine="39" EndColumn="27" Covered="False" />
        <Statement FileIndex="95" Line="41" Column="1" EndLine="41" EndColumn="32" Covered="False" />
        <Statement FileIndex="95" Line="42" Column="1" EndLine="42" EndColumn="37" Covered="False" />
        <Statement FileIndex="95" Line="44" Column="1" EndLine="44" EndColumn="33" Covered="False" />
        <Statement FileIndex="95" Line="45" Column="1" EndLine="45" EndColumn="11" Covered="False" />
      </Method>
    </Type>
  </Assembly>
</Root>